[2024-08-01T04:16:15.516+0000] {processor.py:161} INFO - Started process (PID=59) to work on /opt/airflow/dags/welcome_dag.py
[2024-08-01T04:16:15.517+0000] {processor.py:830} INFO - Processing file /opt/airflow/dags/welcome_dag.py for tasks to queue
[2024-08-01T04:16:15.519+0000] {logging_mixin.py:188} INFO - [2024-08-01T04:16:15.518+0000] {dagbag.py:545} INFO - Filling up the DagBag from /opt/airflow/dags/welcome_dag.py
[2024-08-01T04:16:15.551+0000] {processor.py:840} INFO - DAG(s) 'welcome_dag' retrieved from /opt/airflow/dags/welcome_dag.py
[2024-08-01T04:16:15.984+0000] {logging_mixin.py:188} INFO - [2024-08-01T04:16:15.983+0000] {override.py:1858} INFO - Created Permission View: can edit on DAG:welcome_dag
[2024-08-01T04:16:16.001+0000] {logging_mixin.py:188} INFO - [2024-08-01T04:16:16.001+0000] {override.py:1858} INFO - Created Permission View: can delete on DAG:welcome_dag
[2024-08-01T04:16:16.010+0000] {logging_mixin.py:188} INFO - [2024-08-01T04:16:16.010+0000] {override.py:1858} INFO - Created Permission View: can read on DAG:welcome_dag
[2024-08-01T04:16:16.011+0000] {logging_mixin.py:188} INFO - [2024-08-01T04:16:16.011+0000] {dag.py:3089} INFO - Sync 1 DAGs
[2024-08-01T04:16:16.033+0000] {logging_mixin.py:188} INFO - [2024-08-01T04:16:16.033+0000] {dag.py:3111} INFO - Creating ORM DAG for welcome_dag
[2024-08-01T04:16:16.054+0000] {logging_mixin.py:188} INFO - [2024-08-01T04:16:16.054+0000] {dag.py:3947} INFO - Setting next_dagrun for welcome_dag to 2024-07-31 23:00:00+00:00, run_after=2024-08-01 23:00:00+00:00
[2024-08-01T04:16:16.076+0000] {processor.py:183} INFO - Processing /opt/airflow/dags/welcome_dag.py took 0.566 seconds
[2024-08-01T04:16:46.211+0000] {processor.py:161} INFO - Started process (PID=118) to work on /opt/airflow/dags/welcome_dag.py
[2024-08-01T04:16:46.213+0000] {processor.py:830} INFO - Processing file /opt/airflow/dags/welcome_dag.py for tasks to queue
[2024-08-01T04:16:46.216+0000] {logging_mixin.py:188} INFO - [2024-08-01T04:16:46.216+0000] {dagbag.py:545} INFO - Filling up the DagBag from /opt/airflow/dags/welcome_dag.py
[2024-08-01T04:16:46.241+0000] {processor.py:840} INFO - DAG(s) 'welcome_dag' retrieved from /opt/airflow/dags/welcome_dag.py
[2024-08-01T04:16:46.271+0000] {logging_mixin.py:188} INFO - [2024-08-01T04:16:46.271+0000] {dag.py:3089} INFO - Sync 1 DAGs
[2024-08-01T04:16:46.307+0000] {logging_mixin.py:188} INFO - [2024-08-01T04:16:46.307+0000] {dag.py:3947} INFO - Setting next_dagrun for welcome_dag to 2024-07-31 23:00:00+00:00, run_after=2024-08-01 23:00:00+00:00
[2024-08-01T04:16:46.349+0000] {processor.py:183} INFO - Processing /opt/airflow/dags/welcome_dag.py took 0.148 seconds
[2024-08-01T04:17:16.767+0000] {processor.py:161} INFO - Started process (PID=177) to work on /opt/airflow/dags/welcome_dag.py
[2024-08-01T04:17:16.768+0000] {processor.py:830} INFO - Processing file /opt/airflow/dags/welcome_dag.py for tasks to queue
[2024-08-01T04:17:16.772+0000] {logging_mixin.py:188} INFO - [2024-08-01T04:17:16.771+0000] {dagbag.py:545} INFO - Filling up the DagBag from /opt/airflow/dags/welcome_dag.py
[2024-08-01T04:17:16.795+0000] {processor.py:840} INFO - DAG(s) 'welcome_dag' retrieved from /opt/airflow/dags/welcome_dag.py
[2024-08-01T04:17:16.828+0000] {logging_mixin.py:188} INFO - [2024-08-01T04:17:16.828+0000] {dag.py:3089} INFO - Sync 1 DAGs
[2024-08-01T04:17:16.861+0000] {logging_mixin.py:188} INFO - [2024-08-01T04:17:16.860+0000] {dag.py:3947} INFO - Setting next_dagrun for welcome_dag to 2024-07-31 23:00:00+00:00, run_after=2024-08-01 23:00:00+00:00
[2024-08-01T04:17:16.901+0000] {processor.py:183} INFO - Processing /opt/airflow/dags/welcome_dag.py took 0.144 seconds
[2024-08-01T04:17:47.336+0000] {processor.py:161} INFO - Started process (PID=236) to work on /opt/airflow/dags/welcome_dag.py
[2024-08-01T04:17:47.337+0000] {processor.py:830} INFO - Processing file /opt/airflow/dags/welcome_dag.py for tasks to queue
[2024-08-01T04:17:47.340+0000] {logging_mixin.py:188} INFO - [2024-08-01T04:17:47.339+0000] {dagbag.py:545} INFO - Filling up the DagBag from /opt/airflow/dags/welcome_dag.py
[2024-08-01T04:17:47.376+0000] {processor.py:840} INFO - DAG(s) 'welcome_dag' retrieved from /opt/airflow/dags/welcome_dag.py
[2024-08-01T04:17:47.407+0000] {logging_mixin.py:188} INFO - [2024-08-01T04:17:47.407+0000] {dag.py:3089} INFO - Sync 1 DAGs
[2024-08-01T04:17:47.438+0000] {logging_mixin.py:188} INFO - [2024-08-01T04:17:47.438+0000] {dag.py:3947} INFO - Setting next_dagrun for welcome_dag to 2024-07-31 23:00:00+00:00, run_after=2024-08-01 23:00:00+00:00
[2024-08-01T04:17:47.464+0000] {processor.py:183} INFO - Processing /opt/airflow/dags/welcome_dag.py took 0.139 seconds
[2024-08-01T04:18:17.642+0000] {processor.py:161} INFO - Started process (PID=295) to work on /opt/airflow/dags/welcome_dag.py
[2024-08-01T04:18:17.643+0000] {processor.py:830} INFO - Processing file /opt/airflow/dags/welcome_dag.py for tasks to queue
[2024-08-01T04:18:17.646+0000] {logging_mixin.py:188} INFO - [2024-08-01T04:18:17.646+0000] {dagbag.py:545} INFO - Filling up the DagBag from /opt/airflow/dags/welcome_dag.py
[2024-08-01T04:18:17.670+0000] {processor.py:840} INFO - DAG(s) 'welcome_dag' retrieved from /opt/airflow/dags/welcome_dag.py
[2024-08-01T04:18:17.696+0000] {logging_mixin.py:188} INFO - [2024-08-01T04:18:17.695+0000] {dag.py:3089} INFO - Sync 1 DAGs
[2024-08-01T04:18:17.727+0000] {logging_mixin.py:188} INFO - [2024-08-01T04:18:17.727+0000] {dag.py:3947} INFO - Setting next_dagrun for welcome_dag to 2024-07-31 23:00:00+00:00, run_after=2024-08-01 23:00:00+00:00
[2024-08-01T04:18:17.816+0000] {processor.py:183} INFO - Processing /opt/airflow/dags/welcome_dag.py took 0.185 seconds
[2024-08-01T04:18:48.481+0000] {processor.py:161} INFO - Started process (PID=354) to work on /opt/airflow/dags/welcome_dag.py
[2024-08-01T04:18:48.482+0000] {processor.py:830} INFO - Processing file /opt/airflow/dags/welcome_dag.py for tasks to queue
[2024-08-01T04:18:48.485+0000] {logging_mixin.py:188} INFO - [2024-08-01T04:18:48.484+0000] {dagbag.py:545} INFO - Filling up the DagBag from /opt/airflow/dags/welcome_dag.py
[2024-08-01T04:18:48.507+0000] {processor.py:840} INFO - DAG(s) 'welcome_dag' retrieved from /opt/airflow/dags/welcome_dag.py
[2024-08-01T04:18:48.532+0000] {logging_mixin.py:188} INFO - [2024-08-01T04:18:48.532+0000] {dag.py:3089} INFO - Sync 1 DAGs
[2024-08-01T04:18:48.567+0000] {logging_mixin.py:188} INFO - [2024-08-01T04:18:48.566+0000] {dag.py:3947} INFO - Setting next_dagrun for welcome_dag to 2024-07-31 23:00:00+00:00, run_after=2024-08-01 23:00:00+00:00
[2024-08-01T04:18:48.658+0000] {processor.py:183} INFO - Processing /opt/airflow/dags/welcome_dag.py took 0.185 seconds
[2024-08-01T04:19:18.875+0000] {processor.py:161} INFO - Started process (PID=413) to work on /opt/airflow/dags/welcome_dag.py
[2024-08-01T04:19:18.876+0000] {processor.py:830} INFO - Processing file /opt/airflow/dags/welcome_dag.py for tasks to queue
[2024-08-01T04:19:18.878+0000] {logging_mixin.py:188} INFO - [2024-08-01T04:19:18.878+0000] {dagbag.py:545} INFO - Filling up the DagBag from /opt/airflow/dags/welcome_dag.py
[2024-08-01T04:19:18.903+0000] {processor.py:840} INFO - DAG(s) 'welcome_dag' retrieved from /opt/airflow/dags/welcome_dag.py
[2024-08-01T04:19:18.931+0000] {logging_mixin.py:188} INFO - [2024-08-01T04:19:18.931+0000] {dag.py:3089} INFO - Sync 1 DAGs
[2024-08-01T04:19:18.964+0000] {logging_mixin.py:188} INFO - [2024-08-01T04:19:18.963+0000] {dag.py:3947} INFO - Setting next_dagrun for welcome_dag to 2024-07-31 23:00:00+00:00, run_after=2024-08-01 23:00:00+00:00
[2024-08-01T04:19:19.045+0000] {processor.py:183} INFO - Processing /opt/airflow/dags/welcome_dag.py took 0.179 seconds
[2024-08-01T04:20:23.442+0000] {processor.py:161} INFO - Started process (PID=60) to work on /opt/airflow/dags/welcome_dag.py
[2024-08-01T04:20:23.444+0000] {processor.py:830} INFO - Processing file /opt/airflow/dags/welcome_dag.py for tasks to queue
[2024-08-01T04:20:23.447+0000] {logging_mixin.py:188} INFO - [2024-08-01T04:20:23.446+0000] {dagbag.py:545} INFO - Filling up the DagBag from /opt/airflow/dags/welcome_dag.py
[2024-08-01T04:20:23.469+0000] {processor.py:840} INFO - DAG(s) 'welcome_dag' retrieved from /opt/airflow/dags/welcome_dag.py
[2024-08-01T04:20:23.765+0000] {logging_mixin.py:188} INFO - [2024-08-01T04:20:23.764+0000] {dag.py:3089} INFO - Sync 1 DAGs
[2024-08-01T04:20:23.790+0000] {logging_mixin.py:188} INFO - [2024-08-01T04:20:23.790+0000] {dag.py:3947} INFO - Setting next_dagrun for welcome_dag to 2024-07-31 23:00:00+00:00, run_after=2024-08-01 23:00:00+00:00
[2024-08-01T04:20:23.811+0000] {processor.py:183} INFO - Processing /opt/airflow/dags/welcome_dag.py took 0.379 seconds
[2024-08-01T04:20:54.250+0000] {processor.py:161} INFO - Started process (PID=120) to work on /opt/airflow/dags/welcome_dag.py
[2024-08-01T04:20:54.251+0000] {processor.py:830} INFO - Processing file /opt/airflow/dags/welcome_dag.py for tasks to queue
[2024-08-01T04:20:54.254+0000] {logging_mixin.py:188} INFO - [2024-08-01T04:20:54.254+0000] {dagbag.py:545} INFO - Filling up the DagBag from /opt/airflow/dags/welcome_dag.py
[2024-08-01T04:20:54.277+0000] {processor.py:840} INFO - DAG(s) 'welcome_dag' retrieved from /opt/airflow/dags/welcome_dag.py
[2024-08-01T04:20:54.302+0000] {logging_mixin.py:188} INFO - [2024-08-01T04:20:54.301+0000] {dag.py:3089} INFO - Sync 1 DAGs
[2024-08-01T04:20:54.332+0000] {logging_mixin.py:188} INFO - [2024-08-01T04:20:54.331+0000] {dag.py:3947} INFO - Setting next_dagrun for welcome_dag to 2024-07-31 23:00:00+00:00, run_after=2024-08-01 23:00:00+00:00
[2024-08-01T04:20:54.412+0000] {processor.py:183} INFO - Processing /opt/airflow/dags/welcome_dag.py took 0.170 seconds
[2024-08-01T04:21:24.517+0000] {processor.py:161} INFO - Started process (PID=180) to work on /opt/airflow/dags/welcome_dag.py
[2024-08-01T04:21:24.518+0000] {processor.py:830} INFO - Processing file /opt/airflow/dags/welcome_dag.py for tasks to queue
[2024-08-01T04:21:24.522+0000] {logging_mixin.py:188} INFO - [2024-08-01T04:21:24.522+0000] {dagbag.py:545} INFO - Filling up the DagBag from /opt/airflow/dags/welcome_dag.py
[2024-08-01T04:21:24.548+0000] {processor.py:840} INFO - DAG(s) 'welcome_dag' retrieved from /opt/airflow/dags/welcome_dag.py
[2024-08-01T04:21:24.577+0000] {logging_mixin.py:188} INFO - [2024-08-01T04:21:24.576+0000] {dag.py:3089} INFO - Sync 1 DAGs
[2024-08-01T04:21:24.611+0000] {logging_mixin.py:188} INFO - [2024-08-01T04:21:24.610+0000] {dag.py:3947} INFO - Setting next_dagrun for welcome_dag to 2024-07-31 23:00:00+00:00, run_after=2024-08-01 23:00:00+00:00
[2024-08-01T04:21:24.700+0000] {processor.py:183} INFO - Processing /opt/airflow/dags/welcome_dag.py took 0.192 seconds
[2024-08-01T04:21:55.031+0000] {processor.py:161} INFO - Started process (PID=240) to work on /opt/airflow/dags/welcome_dag.py
[2024-08-01T04:21:55.032+0000] {processor.py:830} INFO - Processing file /opt/airflow/dags/welcome_dag.py for tasks to queue
[2024-08-01T04:21:55.035+0000] {logging_mixin.py:188} INFO - [2024-08-01T04:21:55.034+0000] {dagbag.py:545} INFO - Filling up the DagBag from /opt/airflow/dags/welcome_dag.py
[2024-08-01T04:21:55.055+0000] {processor.py:840} INFO - DAG(s) 'welcome_dag' retrieved from /opt/airflow/dags/welcome_dag.py
[2024-08-01T04:21:55.080+0000] {logging_mixin.py:188} INFO - [2024-08-01T04:21:55.079+0000] {dag.py:3089} INFO - Sync 1 DAGs
[2024-08-01T04:21:55.110+0000] {logging_mixin.py:188} INFO - [2024-08-01T04:21:55.110+0000] {dag.py:3947} INFO - Setting next_dagrun for welcome_dag to 2024-07-31 23:00:00+00:00, run_after=2024-08-01 23:00:00+00:00
[2024-08-01T04:21:55.135+0000] {processor.py:183} INFO - Processing /opt/airflow/dags/welcome_dag.py took 0.112 seconds
[2024-08-01T04:22:25.793+0000] {processor.py:161} INFO - Started process (PID=300) to work on /opt/airflow/dags/welcome_dag.py
[2024-08-01T04:22:25.794+0000] {processor.py:830} INFO - Processing file /opt/airflow/dags/welcome_dag.py for tasks to queue
[2024-08-01T04:22:25.797+0000] {logging_mixin.py:188} INFO - [2024-08-01T04:22:25.797+0000] {dagbag.py:545} INFO - Filling up the DagBag from /opt/airflow/dags/welcome_dag.py
[2024-08-01T04:22:25.820+0000] {processor.py:840} INFO - DAG(s) 'welcome_dag' retrieved from /opt/airflow/dags/welcome_dag.py
[2024-08-01T04:22:25.847+0000] {logging_mixin.py:188} INFO - [2024-08-01T04:22:25.847+0000] {dag.py:3089} INFO - Sync 1 DAGs
[2024-08-01T04:22:25.892+0000] {logging_mixin.py:188} INFO - [2024-08-01T04:22:25.891+0000] {dag.py:3947} INFO - Setting next_dagrun for welcome_dag to 2024-07-31 23:00:00+00:00, run_after=2024-08-01 23:00:00+00:00
[2024-08-01T04:22:25.971+0000] {processor.py:183} INFO - Processing /opt/airflow/dags/welcome_dag.py took 0.186 seconds
[2024-08-01T04:22:56.310+0000] {processor.py:161} INFO - Started process (PID=360) to work on /opt/airflow/dags/welcome_dag.py
[2024-08-01T04:22:56.311+0000] {processor.py:830} INFO - Processing file /opt/airflow/dags/welcome_dag.py for tasks to queue
[2024-08-01T04:22:56.313+0000] {logging_mixin.py:188} INFO - [2024-08-01T04:22:56.313+0000] {dagbag.py:545} INFO - Filling up the DagBag from /opt/airflow/dags/welcome_dag.py
[2024-08-01T04:22:56.333+0000] {processor.py:840} INFO - DAG(s) 'welcome_dag' retrieved from /opt/airflow/dags/welcome_dag.py
[2024-08-01T04:22:56.357+0000] {logging_mixin.py:188} INFO - [2024-08-01T04:22:56.357+0000] {dag.py:3089} INFO - Sync 1 DAGs
[2024-08-01T04:22:56.387+0000] {logging_mixin.py:188} INFO - [2024-08-01T04:22:56.386+0000] {dag.py:3947} INFO - Setting next_dagrun for welcome_dag to 2024-07-31 23:00:00+00:00, run_after=2024-08-01 23:00:00+00:00
[2024-08-01T04:22:56.411+0000] {processor.py:183} INFO - Processing /opt/airflow/dags/welcome_dag.py took 0.108 seconds
[2024-08-01T04:23:26.537+0000] {processor.py:161} INFO - Started process (PID=420) to work on /opt/airflow/dags/welcome_dag.py
[2024-08-01T04:23:26.538+0000] {processor.py:830} INFO - Processing file /opt/airflow/dags/welcome_dag.py for tasks to queue
[2024-08-01T04:23:26.540+0000] {logging_mixin.py:188} INFO - [2024-08-01T04:23:26.540+0000] {dagbag.py:545} INFO - Filling up the DagBag from /opt/airflow/dags/welcome_dag.py
[2024-08-01T04:23:26.561+0000] {processor.py:840} INFO - DAG(s) 'welcome_dag' retrieved from /opt/airflow/dags/welcome_dag.py
[2024-08-01T04:23:26.585+0000] {logging_mixin.py:188} INFO - [2024-08-01T04:23:26.585+0000] {dag.py:3089} INFO - Sync 1 DAGs
[2024-08-01T04:23:26.618+0000] {logging_mixin.py:188} INFO - [2024-08-01T04:23:26.618+0000] {dag.py:3947} INFO - Setting next_dagrun for welcome_dag to 2024-07-31 23:00:00+00:00, run_after=2024-08-01 23:00:00+00:00
[2024-08-01T04:23:26.708+0000] {processor.py:183} INFO - Processing /opt/airflow/dags/welcome_dag.py took 0.179 seconds
[2024-08-01T04:25:55.043+0000] {processor.py:161} INFO - Started process (PID=59) to work on /opt/airflow/dags/welcome_dag.py
[2024-08-01T04:25:55.045+0000] {processor.py:830} INFO - Processing file /opt/airflow/dags/welcome_dag.py for tasks to queue
[2024-08-01T04:25:55.049+0000] {logging_mixin.py:188} INFO - [2024-08-01T04:25:55.049+0000] {dagbag.py:545} INFO - Filling up the DagBag from /opt/airflow/dags/welcome_dag.py
[2024-08-01T04:25:55.072+0000] {processor.py:840} INFO - DAG(s) 'welcome_dag' retrieved from /opt/airflow/dags/welcome_dag.py
[2024-08-01T04:25:55.380+0000] {logging_mixin.py:188} INFO - [2024-08-01T04:25:55.379+0000] {dag.py:3089} INFO - Sync 1 DAGs
[2024-08-01T04:25:55.415+0000] {logging_mixin.py:188} INFO - [2024-08-01T04:25:55.415+0000] {dag.py:3947} INFO - Setting next_dagrun for welcome_dag to 2024-07-31 23:00:00+00:00, run_after=2024-08-01 23:00:00+00:00
[2024-08-01T04:25:55.445+0000] {processor.py:183} INFO - Processing /opt/airflow/dags/welcome_dag.py took 0.412 seconds
[2024-08-01T05:24:21.918+0000] {processor.py:161} INFO - Started process (PID=60) to work on /opt/airflow/dags/welcome_dag.py
[2024-08-01T05:24:21.919+0000] {processor.py:830} INFO - Processing file /opt/airflow/dags/welcome_dag.py for tasks to queue
[2024-08-01T05:24:21.921+0000] {logging_mixin.py:188} INFO - [2024-08-01T05:24:21.920+0000] {dagbag.py:545} INFO - Filling up the DagBag from /opt/airflow/dags/welcome_dag.py
[2024-08-01T05:24:21.942+0000] {processor.py:840} INFO - DAG(s) 'welcome_dag' retrieved from /opt/airflow/dags/welcome_dag.py
[2024-08-01T05:24:22.105+0000] {logging_mixin.py:188} INFO - [2024-08-01T05:24:22.104+0000] {dag.py:3089} INFO - Sync 1 DAGs
[2024-08-01T05:24:22.129+0000] {logging_mixin.py:188} INFO - [2024-08-01T05:24:22.129+0000] {dag.py:3947} INFO - Setting next_dagrun for welcome_dag to 2024-07-31 23:00:00+00:00, run_after=2024-08-01 23:00:00+00:00
[2024-08-01T05:24:22.152+0000] {processor.py:183} INFO - Processing /opt/airflow/dags/welcome_dag.py took 0.240 seconds
[2024-08-01T05:24:52.400+0000] {processor.py:161} INFO - Started process (PID=68) to work on /opt/airflow/dags/welcome_dag.py
[2024-08-01T05:24:52.401+0000] {processor.py:830} INFO - Processing file /opt/airflow/dags/welcome_dag.py for tasks to queue
[2024-08-01T05:24:52.406+0000] {logging_mixin.py:188} INFO - [2024-08-01T05:24:52.406+0000] {dagbag.py:545} INFO - Filling up the DagBag from /opt/airflow/dags/welcome_dag.py
[2024-08-01T05:24:52.437+0000] {processor.py:840} INFO - DAG(s) 'welcome_dag' retrieved from /opt/airflow/dags/welcome_dag.py
[2024-08-01T05:24:52.485+0000] {logging_mixin.py:188} INFO - [2024-08-01T05:24:52.485+0000] {dag.py:3089} INFO - Sync 1 DAGs
[2024-08-01T05:24:52.534+0000] {logging_mixin.py:188} INFO - [2024-08-01T05:24:52.534+0000] {dag.py:3947} INFO - Setting next_dagrun for welcome_dag to 2024-07-31 23:00:00+00:00, run_after=2024-08-01 23:00:00+00:00
[2024-08-01T05:24:52.582+0000] {processor.py:183} INFO - Processing /opt/airflow/dags/welcome_dag.py took 0.191 seconds
[2024-08-01T05:25:22.855+0000] {processor.py:161} INFO - Started process (PID=77) to work on /opt/airflow/dags/welcome_dag.py
[2024-08-01T05:25:22.856+0000] {processor.py:830} INFO - Processing file /opt/airflow/dags/welcome_dag.py for tasks to queue
[2024-08-01T05:25:22.859+0000] {logging_mixin.py:188} INFO - [2024-08-01T05:25:22.859+0000] {dagbag.py:545} INFO - Filling up the DagBag from /opt/airflow/dags/welcome_dag.py
[2024-08-01T05:25:22.888+0000] {processor.py:840} INFO - DAG(s) 'welcome_dag' retrieved from /opt/airflow/dags/welcome_dag.py
[2024-08-01T05:25:22.930+0000] {logging_mixin.py:188} INFO - [2024-08-01T05:25:22.929+0000] {dag.py:3089} INFO - Sync 1 DAGs
[2024-08-01T05:25:22.964+0000] {logging_mixin.py:188} INFO - [2024-08-01T05:25:22.963+0000] {dag.py:3947} INFO - Setting next_dagrun for welcome_dag to 2024-07-31 23:00:00+00:00, run_after=2024-08-01 23:00:00+00:00
[2024-08-01T05:25:23.054+0000] {processor.py:183} INFO - Processing /opt/airflow/dags/welcome_dag.py took 0.208 seconds
[2024-08-01T05:25:53.362+0000] {processor.py:161} INFO - Started process (PID=85) to work on /opt/airflow/dags/welcome_dag.py
[2024-08-01T05:25:53.363+0000] {processor.py:830} INFO - Processing file /opt/airflow/dags/welcome_dag.py for tasks to queue
[2024-08-01T05:25:53.366+0000] {logging_mixin.py:188} INFO - [2024-08-01T05:25:53.365+0000] {dagbag.py:545} INFO - Filling up the DagBag from /opt/airflow/dags/welcome_dag.py
[2024-08-01T05:25:53.393+0000] {processor.py:840} INFO - DAG(s) 'welcome_dag' retrieved from /opt/airflow/dags/welcome_dag.py
[2024-08-01T05:25:53.438+0000] {logging_mixin.py:188} INFO - [2024-08-01T05:25:53.438+0000] {dag.py:3089} INFO - Sync 1 DAGs
[2024-08-01T05:25:53.471+0000] {logging_mixin.py:188} INFO - [2024-08-01T05:25:53.471+0000] {dag.py:3947} INFO - Setting next_dagrun for welcome_dag to 2024-07-31 23:00:00+00:00, run_after=2024-08-01 23:00:00+00:00
[2024-08-01T05:25:53.557+0000] {processor.py:183} INFO - Processing /opt/airflow/dags/welcome_dag.py took 0.203 seconds
[2024-08-01T05:26:23.804+0000] {processor.py:161} INFO - Started process (PID=93) to work on /opt/airflow/dags/welcome_dag.py
[2024-08-01T05:26:23.806+0000] {processor.py:830} INFO - Processing file /opt/airflow/dags/welcome_dag.py for tasks to queue
[2024-08-01T05:26:23.809+0000] {logging_mixin.py:188} INFO - [2024-08-01T05:26:23.808+0000] {dagbag.py:545} INFO - Filling up the DagBag from /opt/airflow/dags/welcome_dag.py
[2024-08-01T05:26:23.837+0000] {processor.py:840} INFO - DAG(s) 'welcome_dag' retrieved from /opt/airflow/dags/welcome_dag.py
[2024-08-01T05:26:23.876+0000] {logging_mixin.py:188} INFO - [2024-08-01T05:26:23.876+0000] {dag.py:3089} INFO - Sync 1 DAGs
[2024-08-01T05:26:23.911+0000] {logging_mixin.py:188} INFO - [2024-08-01T05:26:23.910+0000] {dag.py:3947} INFO - Setting next_dagrun for welcome_dag to 2024-07-31 23:00:00+00:00, run_after=2024-08-01 23:00:00+00:00
[2024-08-01T05:26:23.988+0000] {processor.py:183} INFO - Processing /opt/airflow/dags/welcome_dag.py took 0.193 seconds
[2024-08-01T05:26:54.050+0000] {processor.py:161} INFO - Started process (PID=101) to work on /opt/airflow/dags/welcome_dag.py
[2024-08-01T05:26:54.051+0000] {processor.py:830} INFO - Processing file /opt/airflow/dags/welcome_dag.py for tasks to queue
[2024-08-01T05:26:54.053+0000] {logging_mixin.py:188} INFO - [2024-08-01T05:26:54.053+0000] {dagbag.py:545} INFO - Filling up the DagBag from /opt/airflow/dags/welcome_dag.py
[2024-08-01T05:26:54.083+0000] {processor.py:840} INFO - DAG(s) 'welcome_dag' retrieved from /opt/airflow/dags/welcome_dag.py
[2024-08-01T05:26:54.118+0000] {logging_mixin.py:188} INFO - [2024-08-01T05:26:54.117+0000] {dag.py:3089} INFO - Sync 1 DAGs
[2024-08-01T05:26:54.151+0000] {logging_mixin.py:188} INFO - [2024-08-01T05:26:54.150+0000] {dag.py:3947} INFO - Setting next_dagrun for welcome_dag to 2024-07-31 23:00:00+00:00, run_after=2024-08-01 23:00:00+00:00
[2024-08-01T05:26:54.192+0000] {processor.py:183} INFO - Processing /opt/airflow/dags/welcome_dag.py took 0.152 seconds
[2024-08-01T05:27:24.459+0000] {processor.py:161} INFO - Started process (PID=109) to work on /opt/airflow/dags/welcome_dag.py
[2024-08-01T05:27:24.460+0000] {processor.py:830} INFO - Processing file /opt/airflow/dags/welcome_dag.py for tasks to queue
[2024-08-01T05:27:24.462+0000] {logging_mixin.py:188} INFO - [2024-08-01T05:27:24.462+0000] {dagbag.py:545} INFO - Filling up the DagBag from /opt/airflow/dags/welcome_dag.py
[2024-08-01T05:27:24.492+0000] {processor.py:840} INFO - DAG(s) 'welcome_dag' retrieved from /opt/airflow/dags/welcome_dag.py
[2024-08-01T05:27:24.551+0000] {logging_mixin.py:188} INFO - [2024-08-01T05:27:24.551+0000] {dag.py:3089} INFO - Sync 1 DAGs
[2024-08-01T05:27:24.586+0000] {logging_mixin.py:188} INFO - [2024-08-01T05:27:24.585+0000] {dag.py:3947} INFO - Setting next_dagrun for welcome_dag to 2024-07-31 23:00:00+00:00, run_after=2024-08-01 23:00:00+00:00
[2024-08-01T05:27:24.674+0000] {processor.py:183} INFO - Processing /opt/airflow/dags/welcome_dag.py took 0.226 seconds
[2024-08-01T05:27:54.907+0000] {processor.py:161} INFO - Started process (PID=117) to work on /opt/airflow/dags/welcome_dag.py
[2024-08-01T05:27:54.908+0000] {processor.py:830} INFO - Processing file /opt/airflow/dags/welcome_dag.py for tasks to queue
[2024-08-01T05:27:54.911+0000] {logging_mixin.py:188} INFO - [2024-08-01T05:27:54.910+0000] {dagbag.py:545} INFO - Filling up the DagBag from /opt/airflow/dags/welcome_dag.py
[2024-08-01T05:27:54.937+0000] {processor.py:840} INFO - DAG(s) 'welcome_dag' retrieved from /opt/airflow/dags/welcome_dag.py
[2024-08-01T05:27:54.973+0000] {logging_mixin.py:188} INFO - [2024-08-01T05:27:54.972+0000] {dag.py:3089} INFO - Sync 1 DAGs
[2024-08-01T05:27:55.004+0000] {logging_mixin.py:188} INFO - [2024-08-01T05:27:55.003+0000] {dag.py:3947} INFO - Setting next_dagrun for welcome_dag to 2024-07-31 23:00:00+00:00, run_after=2024-08-01 23:00:00+00:00
[2024-08-01T05:27:55.028+0000] {processor.py:183} INFO - Processing /opt/airflow/dags/welcome_dag.py took 0.128 seconds
[2024-08-01T05:28:25.286+0000] {processor.py:161} INFO - Started process (PID=125) to work on /opt/airflow/dags/welcome_dag.py
[2024-08-01T05:28:25.287+0000] {processor.py:830} INFO - Processing file /opt/airflow/dags/welcome_dag.py for tasks to queue
[2024-08-01T05:28:25.289+0000] {logging_mixin.py:188} INFO - [2024-08-01T05:28:25.288+0000] {dagbag.py:545} INFO - Filling up the DagBag from /opt/airflow/dags/welcome_dag.py
[2024-08-01T05:28:25.308+0000] {processor.py:840} INFO - DAG(s) 'welcome_dag' retrieved from /opt/airflow/dags/welcome_dag.py
[2024-08-01T05:28:25.335+0000] {logging_mixin.py:188} INFO - [2024-08-01T05:28:25.334+0000] {dag.py:3089} INFO - Sync 1 DAGs
[2024-08-01T05:28:25.358+0000] {logging_mixin.py:188} INFO - [2024-08-01T05:28:25.358+0000] {dag.py:3947} INFO - Setting next_dagrun for welcome_dag to 2024-07-31 23:00:00+00:00, run_after=2024-08-01 23:00:00+00:00
[2024-08-01T05:28:25.378+0000] {processor.py:183} INFO - Processing /opt/airflow/dags/welcome_dag.py took 0.097 seconds
[2024-08-01T05:28:55.529+0000] {processor.py:161} INFO - Started process (PID=133) to work on /opt/airflow/dags/welcome_dag.py
[2024-08-01T05:28:55.530+0000] {processor.py:830} INFO - Processing file /opt/airflow/dags/welcome_dag.py for tasks to queue
[2024-08-01T05:28:55.532+0000] {logging_mixin.py:188} INFO - [2024-08-01T05:28:55.532+0000] {dagbag.py:545} INFO - Filling up the DagBag from /opt/airflow/dags/welcome_dag.py
[2024-08-01T05:28:55.557+0000] {processor.py:840} INFO - DAG(s) 'welcome_dag' retrieved from /opt/airflow/dags/welcome_dag.py
[2024-08-01T05:28:55.597+0000] {logging_mixin.py:188} INFO - [2024-08-01T05:28:55.597+0000] {dag.py:3089} INFO - Sync 1 DAGs
[2024-08-01T05:28:55.630+0000] {logging_mixin.py:188} INFO - [2024-08-01T05:28:55.630+0000] {dag.py:3947} INFO - Setting next_dagrun for welcome_dag to 2024-07-31 23:00:00+00:00, run_after=2024-08-01 23:00:00+00:00
[2024-08-01T05:28:55.712+0000] {processor.py:183} INFO - Processing /opt/airflow/dags/welcome_dag.py took 0.190 seconds
[2024-08-01T05:29:25.841+0000] {processor.py:161} INFO - Started process (PID=141) to work on /opt/airflow/dags/welcome_dag.py
[2024-08-01T05:29:25.842+0000] {processor.py:830} INFO - Processing file /opt/airflow/dags/welcome_dag.py for tasks to queue
[2024-08-01T05:29:25.844+0000] {logging_mixin.py:188} INFO - [2024-08-01T05:29:25.844+0000] {dagbag.py:545} INFO - Filling up the DagBag from /opt/airflow/dags/welcome_dag.py
[2024-08-01T05:29:25.868+0000] {processor.py:840} INFO - DAG(s) 'welcome_dag' retrieved from /opt/airflow/dags/welcome_dag.py
[2024-08-01T05:29:25.902+0000] {logging_mixin.py:188} INFO - [2024-08-01T05:29:25.902+0000] {dag.py:3089} INFO - Sync 1 DAGs
[2024-08-01T05:29:25.928+0000] {logging_mixin.py:188} INFO - [2024-08-01T05:29:25.928+0000] {dag.py:3947} INFO - Setting next_dagrun for welcome_dag to 2024-07-31 23:00:00+00:00, run_after=2024-08-01 23:00:00+00:00
[2024-08-01T05:29:25.948+0000] {processor.py:183} INFO - Processing /opt/airflow/dags/welcome_dag.py took 0.114 seconds
[2024-08-01T05:29:56.192+0000] {processor.py:161} INFO - Started process (PID=149) to work on /opt/airflow/dags/welcome_dag.py
[2024-08-01T05:29:56.193+0000] {processor.py:830} INFO - Processing file /opt/airflow/dags/welcome_dag.py for tasks to queue
[2024-08-01T05:29:56.196+0000] {logging_mixin.py:188} INFO - [2024-08-01T05:29:56.195+0000] {dagbag.py:545} INFO - Filling up the DagBag from /opt/airflow/dags/welcome_dag.py
[2024-08-01T05:29:56.223+0000] {processor.py:840} INFO - DAG(s) 'welcome_dag' retrieved from /opt/airflow/dags/welcome_dag.py
[2024-08-01T05:29:56.266+0000] {logging_mixin.py:188} INFO - [2024-08-01T05:29:56.266+0000] {dag.py:3089} INFO - Sync 1 DAGs
[2024-08-01T05:29:56.299+0000] {logging_mixin.py:188} INFO - [2024-08-01T05:29:56.298+0000] {dag.py:3947} INFO - Setting next_dagrun for welcome_dag to 2024-07-31 23:00:00+00:00, run_after=2024-08-01 23:00:00+00:00
[2024-08-01T05:29:56.374+0000] {processor.py:183} INFO - Processing /opt/airflow/dags/welcome_dag.py took 0.190 seconds
[2024-08-01T05:30:26.442+0000] {processor.py:161} INFO - Started process (PID=158) to work on /opt/airflow/dags/welcome_dag.py
[2024-08-01T05:30:26.444+0000] {processor.py:830} INFO - Processing file /opt/airflow/dags/welcome_dag.py for tasks to queue
[2024-08-01T05:30:26.449+0000] {logging_mixin.py:188} INFO - [2024-08-01T05:30:26.448+0000] {dagbag.py:545} INFO - Filling up the DagBag from /opt/airflow/dags/welcome_dag.py
[2024-08-01T05:30:26.489+0000] {processor.py:840} INFO - DAG(s) 'welcome_dag' retrieved from /opt/airflow/dags/welcome_dag.py
[2024-08-01T05:30:26.527+0000] {logging_mixin.py:188} INFO - [2024-08-01T05:30:26.527+0000] {dag.py:3089} INFO - Sync 1 DAGs
[2024-08-01T05:30:26.556+0000] {logging_mixin.py:188} INFO - [2024-08-01T05:30:26.556+0000] {dag.py:3947} INFO - Setting next_dagrun for welcome_dag to 2024-07-31 23:00:00+00:00, run_after=2024-08-01 23:00:00+00:00
[2024-08-01T05:30:26.579+0000] {processor.py:183} INFO - Processing /opt/airflow/dags/welcome_dag.py took 0.149 seconds
[2024-08-01T05:30:56.841+0000] {processor.py:161} INFO - Started process (PID=172) to work on /opt/airflow/dags/welcome_dag.py
[2024-08-01T05:30:56.842+0000] {processor.py:830} INFO - Processing file /opt/airflow/dags/welcome_dag.py for tasks to queue
[2024-08-01T05:30:56.844+0000] {logging_mixin.py:188} INFO - [2024-08-01T05:30:56.844+0000] {dagbag.py:545} INFO - Filling up the DagBag from /opt/airflow/dags/welcome_dag.py
[2024-08-01T05:30:56.869+0000] {processor.py:840} INFO - DAG(s) 'welcome_dag' retrieved from /opt/airflow/dags/welcome_dag.py
[2024-08-01T05:30:56.905+0000] {logging_mixin.py:188} INFO - [2024-08-01T05:30:56.904+0000] {dag.py:3089} INFO - Sync 1 DAGs
[2024-08-01T05:30:56.934+0000] {logging_mixin.py:188} INFO - [2024-08-01T05:30:56.933+0000] {dag.py:3947} INFO - Setting next_dagrun for welcome_dag to 2024-07-31 23:00:00+00:00, run_after=2024-08-01 23:00:00+00:00
[2024-08-01T05:30:57.016+0000] {processor.py:183} INFO - Processing /opt/airflow/dags/welcome_dag.py took 0.181 seconds
[2024-08-01T05:31:27.099+0000] {processor.py:161} INFO - Started process (PID=180) to work on /opt/airflow/dags/welcome_dag.py
[2024-08-01T05:31:27.100+0000] {processor.py:830} INFO - Processing file /opt/airflow/dags/welcome_dag.py for tasks to queue
[2024-08-01T05:31:27.103+0000] {logging_mixin.py:188} INFO - [2024-08-01T05:31:27.102+0000] {dagbag.py:545} INFO - Filling up the DagBag from /opt/airflow/dags/welcome_dag.py
[2024-08-01T05:31:27.128+0000] {processor.py:840} INFO - DAG(s) 'welcome_dag' retrieved from /opt/airflow/dags/welcome_dag.py
[2024-08-01T05:31:27.169+0000] {logging_mixin.py:188} INFO - [2024-08-01T05:31:27.169+0000] {dag.py:3089} INFO - Sync 1 DAGs
[2024-08-01T05:31:27.200+0000] {logging_mixin.py:188} INFO - [2024-08-01T05:31:27.199+0000] {dag.py:3947} INFO - Setting next_dagrun for welcome_dag to 2024-07-31 23:00:00+00:00, run_after=2024-08-01 23:00:00+00:00
[2024-08-01T05:31:27.226+0000] {processor.py:183} INFO - Processing /opt/airflow/dags/welcome_dag.py took 0.134 seconds
[2024-08-01T05:31:57.491+0000] {processor.py:161} INFO - Started process (PID=188) to work on /opt/airflow/dags/welcome_dag.py
[2024-08-01T05:31:57.492+0000] {processor.py:830} INFO - Processing file /opt/airflow/dags/welcome_dag.py for tasks to queue
[2024-08-01T05:31:57.495+0000] {logging_mixin.py:188} INFO - [2024-08-01T05:31:57.495+0000] {dagbag.py:545} INFO - Filling up the DagBag from /opt/airflow/dags/welcome_dag.py
[2024-08-01T05:31:57.524+0000] {processor.py:840} INFO - DAG(s) 'welcome_dag' retrieved from /opt/airflow/dags/welcome_dag.py
[2024-08-01T05:31:57.561+0000] {logging_mixin.py:188} INFO - [2024-08-01T05:31:57.561+0000] {dag.py:3089} INFO - Sync 1 DAGs
[2024-08-01T05:31:57.599+0000] {logging_mixin.py:188} INFO - [2024-08-01T05:31:57.598+0000] {dag.py:3947} INFO - Setting next_dagrun for welcome_dag to 2024-07-31 23:00:00+00:00, run_after=2024-08-01 23:00:00+00:00
[2024-08-01T05:31:57.677+0000] {processor.py:183} INFO - Processing /opt/airflow/dags/welcome_dag.py took 0.194 seconds
[2024-08-01T05:32:27.923+0000] {processor.py:161} INFO - Started process (PID=196) to work on /opt/airflow/dags/welcome_dag.py
[2024-08-01T05:32:27.924+0000] {processor.py:830} INFO - Processing file /opt/airflow/dags/welcome_dag.py for tasks to queue
[2024-08-01T05:32:27.927+0000] {logging_mixin.py:188} INFO - [2024-08-01T05:32:27.926+0000] {dagbag.py:545} INFO - Filling up the DagBag from /opt/airflow/dags/welcome_dag.py
[2024-08-01T05:32:27.957+0000] {processor.py:840} INFO - DAG(s) 'welcome_dag' retrieved from /opt/airflow/dags/welcome_dag.py
[2024-08-01T05:32:27.998+0000] {logging_mixin.py:188} INFO - [2024-08-01T05:32:27.998+0000] {dag.py:3089} INFO - Sync 1 DAGs
[2024-08-01T05:32:28.032+0000] {logging_mixin.py:188} INFO - [2024-08-01T05:32:28.032+0000] {dag.py:3947} INFO - Setting next_dagrun for welcome_dag to 2024-07-31 23:00:00+00:00, run_after=2024-08-01 23:00:00+00:00
[2024-08-01T05:32:28.056+0000] {processor.py:183} INFO - Processing /opt/airflow/dags/welcome_dag.py took 0.141 seconds
[2024-08-01T05:33:38.175+0000] {processor.py:161} INFO - Started process (PID=204) to work on /opt/airflow/dags/welcome_dag.py
[2024-08-01T05:33:38.176+0000] {processor.py:830} INFO - Processing file /opt/airflow/dags/welcome_dag.py for tasks to queue
[2024-08-01T05:33:38.178+0000] {logging_mixin.py:188} INFO - [2024-08-01T05:33:38.178+0000] {dagbag.py:545} INFO - Filling up the DagBag from /opt/airflow/dags/welcome_dag.py
[2024-08-01T05:33:38.196+0000] {processor.py:840} INFO - DAG(s) 'welcome_dag' retrieved from /opt/airflow/dags/welcome_dag.py
[2024-08-01T05:33:38.224+0000] {logging_mixin.py:188} INFO - [2024-08-01T05:33:38.224+0000] {dag.py:3089} INFO - Sync 1 DAGs
[2024-08-01T05:33:38.244+0000] {logging_mixin.py:188} INFO - [2024-08-01T05:33:38.244+0000] {dag.py:3947} INFO - Setting next_dagrun for welcome_dag to 2024-07-31 23:00:00+00:00, run_after=2024-08-01 23:00:00+00:00
[2024-08-01T05:33:38.262+0000] {processor.py:183} INFO - Processing /opt/airflow/dags/welcome_dag.py took 0.093 seconds
