[2024-08-01T04:16:23.695+0000] {processor.py:161} INFO - Started process (PID=111) to work on /home/airflow/.local/lib/python3.12/site-packages/airflow/example_dags/example_python_operator.py
[2024-08-01T04:16:23.697+0000] {processor.py:830} INFO - Processing file /home/airflow/.local/lib/python3.12/site-packages/airflow/example_dags/example_python_operator.py for tasks to queue
[2024-08-01T04:16:23.701+0000] {logging_mixin.py:188} INFO - [2024-08-01T04:16:23.700+0000] {dagbag.py:545} INFO - Filling up the DagBag from /home/airflow/.local/lib/python3.12/site-packages/airflow/example_dags/example_python_operator.py
[2024-08-01T04:16:23.726+0000] {processor.py:840} INFO - DAG(s) 'example_python_operator' retrieved from /home/airflow/.local/lib/python3.12/site-packages/airflow/example_dags/example_python_operator.py
[2024-08-01T04:16:23.907+0000] {logging_mixin.py:188} INFO - [2024-08-01T04:16:23.907+0000] {override.py:1858} INFO - Created Permission View: can edit on DAG:example_python_operator
[2024-08-01T04:16:23.921+0000] {logging_mixin.py:188} INFO - [2024-08-01T04:16:23.921+0000] {override.py:1858} INFO - Created Permission View: can delete on DAG:example_python_operator
[2024-08-01T04:16:23.931+0000] {logging_mixin.py:188} INFO - [2024-08-01T04:16:23.930+0000] {override.py:1858} INFO - Created Permission View: can read on DAG:example_python_operator
[2024-08-01T04:16:23.931+0000] {logging_mixin.py:188} INFO - [2024-08-01T04:16:23.931+0000] {dag.py:3089} INFO - Sync 1 DAGs
[2024-08-01T04:16:23.946+0000] {logging_mixin.py:188} INFO - [2024-08-01T04:16:23.946+0000] {dag.py:3111} INFO - Creating ORM DAG for example_python_operator
[2024-08-01T04:16:23.947+0000] {logging_mixin.py:188} INFO - [2024-08-01T04:16:23.947+0000] {dag.py:3947} INFO - Setting next_dagrun for example_python_operator to None, run_after=None
[2024-08-01T04:16:23.970+0000] {processor.py:183} INFO - Processing /home/airflow/.local/lib/python3.12/site-packages/airflow/example_dags/example_python_operator.py took 0.285 seconds
[2024-08-01T04:16:54.317+0000] {processor.py:161} INFO - Started process (PID=170) to work on /home/airflow/.local/lib/python3.12/site-packages/airflow/example_dags/example_python_operator.py
[2024-08-01T04:16:54.318+0000] {processor.py:830} INFO - Processing file /home/airflow/.local/lib/python3.12/site-packages/airflow/example_dags/example_python_operator.py for tasks to queue
[2024-08-01T04:16:54.322+0000] {logging_mixin.py:188} INFO - [2024-08-01T04:16:54.321+0000] {dagbag.py:545} INFO - Filling up the DagBag from /home/airflow/.local/lib/python3.12/site-packages/airflow/example_dags/example_python_operator.py
[2024-08-01T04:16:54.339+0000] {processor.py:840} INFO - DAG(s) 'example_python_operator' retrieved from /home/airflow/.local/lib/python3.12/site-packages/airflow/example_dags/example_python_operator.py
[2024-08-01T04:16:54.372+0000] {logging_mixin.py:188} INFO - [2024-08-01T04:16:54.372+0000] {dag.py:3089} INFO - Sync 1 DAGs
[2024-08-01T04:16:54.390+0000] {logging_mixin.py:188} INFO - [2024-08-01T04:16:54.390+0000] {dag.py:3947} INFO - Setting next_dagrun for example_python_operator to None, run_after=None
[2024-08-01T04:16:54.479+0000] {processor.py:183} INFO - Processing /home/airflow/.local/lib/python3.12/site-packages/airflow/example_dags/example_python_operator.py took 0.172 seconds
[2024-08-01T04:17:24.804+0000] {processor.py:161} INFO - Started process (PID=229) to work on /home/airflow/.local/lib/python3.12/site-packages/airflow/example_dags/example_python_operator.py
[2024-08-01T04:17:24.805+0000] {processor.py:830} INFO - Processing file /home/airflow/.local/lib/python3.12/site-packages/airflow/example_dags/example_python_operator.py for tasks to queue
[2024-08-01T04:17:24.808+0000] {logging_mixin.py:188} INFO - [2024-08-01T04:17:24.807+0000] {dagbag.py:545} INFO - Filling up the DagBag from /home/airflow/.local/lib/python3.12/site-packages/airflow/example_dags/example_python_operator.py
[2024-08-01T04:17:24.822+0000] {processor.py:840} INFO - DAG(s) 'example_python_operator' retrieved from /home/airflow/.local/lib/python3.12/site-packages/airflow/example_dags/example_python_operator.py
[2024-08-01T04:17:24.855+0000] {logging_mixin.py:188} INFO - [2024-08-01T04:17:24.855+0000] {dag.py:3089} INFO - Sync 1 DAGs
[2024-08-01T04:17:24.874+0000] {logging_mixin.py:188} INFO - [2024-08-01T04:17:24.874+0000] {dag.py:3947} INFO - Setting next_dagrun for example_python_operator to None, run_after=None
[2024-08-01T04:17:24.962+0000] {processor.py:183} INFO - Processing /home/airflow/.local/lib/python3.12/site-packages/airflow/example_dags/example_python_operator.py took 0.165 seconds
[2024-08-01T04:17:55.024+0000] {processor.py:161} INFO - Started process (PID=287) to work on /home/airflow/.local/lib/python3.12/site-packages/airflow/example_dags/example_python_operator.py
[2024-08-01T04:17:55.026+0000] {processor.py:830} INFO - Processing file /home/airflow/.local/lib/python3.12/site-packages/airflow/example_dags/example_python_operator.py for tasks to queue
[2024-08-01T04:17:55.029+0000] {logging_mixin.py:188} INFO - [2024-08-01T04:17:55.029+0000] {dagbag.py:545} INFO - Filling up the DagBag from /home/airflow/.local/lib/python3.12/site-packages/airflow/example_dags/example_python_operator.py
[2024-08-01T04:17:55.042+0000] {processor.py:840} INFO - DAG(s) 'example_python_operator' retrieved from /home/airflow/.local/lib/python3.12/site-packages/airflow/example_dags/example_python_operator.py
[2024-08-01T04:17:55.074+0000] {logging_mixin.py:188} INFO - [2024-08-01T04:17:55.074+0000] {dag.py:3089} INFO - Sync 1 DAGs
[2024-08-01T04:17:55.093+0000] {logging_mixin.py:188} INFO - [2024-08-01T04:17:55.093+0000] {dag.py:3947} INFO - Setting next_dagrun for example_python_operator to None, run_after=None
[2024-08-01T04:17:55.121+0000] {processor.py:183} INFO - Processing /home/airflow/.local/lib/python3.12/site-packages/airflow/example_dags/example_python_operator.py took 0.104 seconds
[2024-08-01T04:18:26.215+0000] {processor.py:161} INFO - Started process (PID=347) to work on /home/airflow/.local/lib/python3.12/site-packages/airflow/example_dags/example_python_operator.py
[2024-08-01T04:18:26.217+0000] {processor.py:830} INFO - Processing file /home/airflow/.local/lib/python3.12/site-packages/airflow/example_dags/example_python_operator.py for tasks to queue
[2024-08-01T04:18:26.220+0000] {logging_mixin.py:188} INFO - [2024-08-01T04:18:26.219+0000] {dagbag.py:545} INFO - Filling up the DagBag from /home/airflow/.local/lib/python3.12/site-packages/airflow/example_dags/example_python_operator.py
[2024-08-01T04:18:26.236+0000] {processor.py:840} INFO - DAG(s) 'example_python_operator' retrieved from /home/airflow/.local/lib/python3.12/site-packages/airflow/example_dags/example_python_operator.py
[2024-08-01T04:18:26.269+0000] {logging_mixin.py:188} INFO - [2024-08-01T04:18:26.268+0000] {dag.py:3089} INFO - Sync 1 DAGs
[2024-08-01T04:18:26.285+0000] {logging_mixin.py:188} INFO - [2024-08-01T04:18:26.285+0000] {dag.py:3947} INFO - Setting next_dagrun for example_python_operator to None, run_after=None
[2024-08-01T04:18:26.357+0000] {processor.py:183} INFO - Processing /home/airflow/.local/lib/python3.12/site-packages/airflow/example_dags/example_python_operator.py took 0.151 seconds
[2024-08-01T04:18:57.016+0000] {processor.py:161} INFO - Started process (PID=406) to work on /home/airflow/.local/lib/python3.12/site-packages/airflow/example_dags/example_python_operator.py
[2024-08-01T04:18:57.017+0000] {processor.py:830} INFO - Processing file /home/airflow/.local/lib/python3.12/site-packages/airflow/example_dags/example_python_operator.py for tasks to queue
[2024-08-01T04:18:57.020+0000] {logging_mixin.py:188} INFO - [2024-08-01T04:18:57.019+0000] {dagbag.py:545} INFO - Filling up the DagBag from /home/airflow/.local/lib/python3.12/site-packages/airflow/example_dags/example_python_operator.py
[2024-08-01T04:18:57.034+0000] {processor.py:840} INFO - DAG(s) 'example_python_operator' retrieved from /home/airflow/.local/lib/python3.12/site-packages/airflow/example_dags/example_python_operator.py
[2024-08-01T04:18:57.062+0000] {logging_mixin.py:188} INFO - [2024-08-01T04:18:57.062+0000] {dag.py:3089} INFO - Sync 1 DAGs
[2024-08-01T04:18:57.080+0000] {logging_mixin.py:188} INFO - [2024-08-01T04:18:57.080+0000] {dag.py:3947} INFO - Setting next_dagrun for example_python_operator to None, run_after=None
[2024-08-01T04:18:57.178+0000] {processor.py:183} INFO - Processing /home/airflow/.local/lib/python3.12/site-packages/airflow/example_dags/example_python_operator.py took 0.170 seconds
[2024-08-01T04:20:30.676+0000] {processor.py:161} INFO - Started process (PID=106) to work on /home/airflow/.local/lib/python3.12/site-packages/airflow/example_dags/example_python_operator.py
[2024-08-01T04:20:30.677+0000] {processor.py:830} INFO - Processing file /home/airflow/.local/lib/python3.12/site-packages/airflow/example_dags/example_python_operator.py for tasks to queue
[2024-08-01T04:20:30.679+0000] {logging_mixin.py:188} INFO - [2024-08-01T04:20:30.679+0000] {dagbag.py:545} INFO - Filling up the DagBag from /home/airflow/.local/lib/python3.12/site-packages/airflow/example_dags/example_python_operator.py
[2024-08-01T04:20:30.691+0000] {processor.py:840} INFO - DAG(s) 'example_python_operator' retrieved from /home/airflow/.local/lib/python3.12/site-packages/airflow/example_dags/example_python_operator.py
[2024-08-01T04:20:30.802+0000] {logging_mixin.py:188} INFO - [2024-08-01T04:20:30.801+0000] {dag.py:3089} INFO - Sync 1 DAGs
[2024-08-01T04:20:30.814+0000] {logging_mixin.py:188} INFO - [2024-08-01T04:20:30.814+0000] {dag.py:3947} INFO - Setting next_dagrun for example_python_operator to None, run_after=None
[2024-08-01T04:20:30.892+0000] {processor.py:183} INFO - Processing /home/airflow/.local/lib/python3.12/site-packages/airflow/example_dags/example_python_operator.py took 0.222 seconds
[2024-08-01T04:21:01.079+0000] {processor.py:161} INFO - Started process (PID=166) to work on /home/airflow/.local/lib/python3.12/site-packages/airflow/example_dags/example_python_operator.py
[2024-08-01T04:21:01.080+0000] {processor.py:830} INFO - Processing file /home/airflow/.local/lib/python3.12/site-packages/airflow/example_dags/example_python_operator.py for tasks to queue
[2024-08-01T04:21:01.082+0000] {logging_mixin.py:188} INFO - [2024-08-01T04:21:01.082+0000] {dagbag.py:545} INFO - Filling up the DagBag from /home/airflow/.local/lib/python3.12/site-packages/airflow/example_dags/example_python_operator.py
[2024-08-01T04:21:01.095+0000] {processor.py:840} INFO - DAG(s) 'example_python_operator' retrieved from /home/airflow/.local/lib/python3.12/site-packages/airflow/example_dags/example_python_operator.py
[2024-08-01T04:21:01.122+0000] {logging_mixin.py:188} INFO - [2024-08-01T04:21:01.122+0000] {dag.py:3089} INFO - Sync 1 DAGs
[2024-08-01T04:21:01.144+0000] {logging_mixin.py:188} INFO - [2024-08-01T04:21:01.144+0000] {dag.py:3947} INFO - Setting next_dagrun for example_python_operator to None, run_after=None
[2024-08-01T04:21:01.169+0000] {processor.py:183} INFO - Processing /home/airflow/.local/lib/python3.12/site-packages/airflow/example_dags/example_python_operator.py took 0.097 seconds
[2024-08-01T04:21:31.825+0000] {processor.py:161} INFO - Started process (PID=226) to work on /home/airflow/.local/lib/python3.12/site-packages/airflow/example_dags/example_python_operator.py
[2024-08-01T04:21:31.826+0000] {processor.py:830} INFO - Processing file /home/airflow/.local/lib/python3.12/site-packages/airflow/example_dags/example_python_operator.py for tasks to queue
[2024-08-01T04:21:31.828+0000] {logging_mixin.py:188} INFO - [2024-08-01T04:21:31.828+0000] {dagbag.py:545} INFO - Filling up the DagBag from /home/airflow/.local/lib/python3.12/site-packages/airflow/example_dags/example_python_operator.py
[2024-08-01T04:21:31.841+0000] {processor.py:840} INFO - DAG(s) 'example_python_operator' retrieved from /home/airflow/.local/lib/python3.12/site-packages/airflow/example_dags/example_python_operator.py
[2024-08-01T04:21:31.871+0000] {logging_mixin.py:188} INFO - [2024-08-01T04:21:31.871+0000] {dag.py:3089} INFO - Sync 1 DAGs
[2024-08-01T04:21:31.888+0000] {logging_mixin.py:188} INFO - [2024-08-01T04:21:31.888+0000] {dag.py:3947} INFO - Setting next_dagrun for example_python_operator to None, run_after=None
[2024-08-01T04:21:31.912+0000] {processor.py:183} INFO - Processing /home/airflow/.local/lib/python3.12/site-packages/airflow/example_dags/example_python_operator.py took 0.094 seconds
[2024-08-01T04:22:02.723+0000] {processor.py:161} INFO - Started process (PID=286) to work on /home/airflow/.local/lib/python3.12/site-packages/airflow/example_dags/example_python_operator.py
[2024-08-01T04:22:02.725+0000] {processor.py:830} INFO - Processing file /home/airflow/.local/lib/python3.12/site-packages/airflow/example_dags/example_python_operator.py for tasks to queue
[2024-08-01T04:22:02.727+0000] {logging_mixin.py:188} INFO - [2024-08-01T04:22:02.727+0000] {dagbag.py:545} INFO - Filling up the DagBag from /home/airflow/.local/lib/python3.12/site-packages/airflow/example_dags/example_python_operator.py
[2024-08-01T04:22:02.740+0000] {processor.py:840} INFO - DAG(s) 'example_python_operator' retrieved from /home/airflow/.local/lib/python3.12/site-packages/airflow/example_dags/example_python_operator.py
[2024-08-01T04:22:02.769+0000] {logging_mixin.py:188} INFO - [2024-08-01T04:22:02.769+0000] {dag.py:3089} INFO - Sync 1 DAGs
[2024-08-01T04:22:02.789+0000] {logging_mixin.py:188} INFO - [2024-08-01T04:22:02.788+0000] {dag.py:3947} INFO - Setting next_dagrun for example_python_operator to None, run_after=None
[2024-08-01T04:22:02.814+0000] {processor.py:183} INFO - Processing /home/airflow/.local/lib/python3.12/site-packages/airflow/example_dags/example_python_operator.py took 0.098 seconds
[2024-08-01T04:22:33.909+0000] {processor.py:161} INFO - Started process (PID=346) to work on /home/airflow/.local/lib/python3.12/site-packages/airflow/example_dags/example_python_operator.py
[2024-08-01T04:22:33.910+0000] {processor.py:830} INFO - Processing file /home/airflow/.local/lib/python3.12/site-packages/airflow/example_dags/example_python_operator.py for tasks to queue
[2024-08-01T04:22:33.912+0000] {logging_mixin.py:188} INFO - [2024-08-01T04:22:33.912+0000] {dagbag.py:545} INFO - Filling up the DagBag from /home/airflow/.local/lib/python3.12/site-packages/airflow/example_dags/example_python_operator.py
[2024-08-01T04:22:33.923+0000] {processor.py:840} INFO - DAG(s) 'example_python_operator' retrieved from /home/airflow/.local/lib/python3.12/site-packages/airflow/example_dags/example_python_operator.py
[2024-08-01T04:22:33.947+0000] {logging_mixin.py:188} INFO - [2024-08-01T04:22:33.946+0000] {dag.py:3089} INFO - Sync 1 DAGs
[2024-08-01T04:22:33.961+0000] {logging_mixin.py:188} INFO - [2024-08-01T04:22:33.961+0000] {dag.py:3947} INFO - Setting next_dagrun for example_python_operator to None, run_after=None
[2024-08-01T04:22:33.985+0000] {processor.py:183} INFO - Processing /home/airflow/.local/lib/python3.12/site-packages/airflow/example_dags/example_python_operator.py took 0.081 seconds
[2024-08-01T04:23:04.447+0000] {processor.py:161} INFO - Started process (PID=406) to work on /home/airflow/.local/lib/python3.12/site-packages/airflow/example_dags/example_python_operator.py
[2024-08-01T04:23:04.448+0000] {processor.py:830} INFO - Processing file /home/airflow/.local/lib/python3.12/site-packages/airflow/example_dags/example_python_operator.py for tasks to queue
[2024-08-01T04:23:04.451+0000] {logging_mixin.py:188} INFO - [2024-08-01T04:23:04.450+0000] {dagbag.py:545} INFO - Filling up the DagBag from /home/airflow/.local/lib/python3.12/site-packages/airflow/example_dags/example_python_operator.py
[2024-08-01T04:23:04.468+0000] {processor.py:840} INFO - DAG(s) 'example_python_operator' retrieved from /home/airflow/.local/lib/python3.12/site-packages/airflow/example_dags/example_python_operator.py
[2024-08-01T04:23:04.513+0000] {logging_mixin.py:188} INFO - [2024-08-01T04:23:04.513+0000] {dag.py:3089} INFO - Sync 1 DAGs
[2024-08-01T04:23:04.533+0000] {logging_mixin.py:188} INFO - [2024-08-01T04:23:04.533+0000] {dag.py:3947} INFO - Setting next_dagrun for example_python_operator to None, run_after=None
[2024-08-01T04:23:04.574+0000] {processor.py:183} INFO - Processing /home/airflow/.local/lib/python3.12/site-packages/airflow/example_dags/example_python_operator.py took 0.136 seconds
[2024-08-01T04:23:35.483+0000] {processor.py:161} INFO - Started process (PID=466) to work on /home/airflow/.local/lib/python3.12/site-packages/airflow/example_dags/example_python_operator.py
[2024-08-01T04:23:35.484+0000] {processor.py:830} INFO - Processing file /home/airflow/.local/lib/python3.12/site-packages/airflow/example_dags/example_python_operator.py for tasks to queue
[2024-08-01T04:23:35.486+0000] {logging_mixin.py:188} INFO - [2024-08-01T04:23:35.486+0000] {dagbag.py:545} INFO - Filling up the DagBag from /home/airflow/.local/lib/python3.12/site-packages/airflow/example_dags/example_python_operator.py
[2024-08-01T04:23:35.500+0000] {processor.py:840} INFO - DAG(s) 'example_python_operator' retrieved from /home/airflow/.local/lib/python3.12/site-packages/airflow/example_dags/example_python_operator.py
[2024-08-01T04:23:35.530+0000] {logging_mixin.py:188} INFO - [2024-08-01T04:23:35.529+0000] {dag.py:3089} INFO - Sync 1 DAGs
[2024-08-01T04:23:35.547+0000] {logging_mixin.py:188} INFO - [2024-08-01T04:23:35.547+0000] {dag.py:3947} INFO - Setting next_dagrun for example_python_operator to None, run_after=None
[2024-08-01T04:23:35.627+0000] {processor.py:183} INFO - Processing /home/airflow/.local/lib/python3.12/site-packages/airflow/example_dags/example_python_operator.py took 0.154 seconds
