[2024-08-01T04:16:19.261+0000] {processor.py:161} INFO - Started process (PID=80) to work on /home/airflow/.local/lib/python3.12/site-packages/airflow/example_dags/example_kubernetes_executor.py
[2024-08-01T04:16:19.263+0000] {processor.py:830} INFO - Processing file /home/airflow/.local/lib/python3.12/site-packages/airflow/example_dags/example_kubernetes_executor.py for tasks to queue
[2024-08-01T04:16:19.265+0000] {logging_mixin.py:188} INFO - [2024-08-01T04:16:19.265+0000] {dagbag.py:545} INFO - Filling up the DagBag from /home/airflow/.local/lib/python3.12/site-packages/airflow/example_dags/example_kubernetes_executor.py
[2024-08-01T04:16:19.286+0000] {processor.py:840} INFO - DAG(s) 'example_kubernetes_executor' retrieved from /home/airflow/.local/lib/python3.12/site-packages/airflow/example_dags/example_kubernetes_executor.py
[2024-08-01T04:16:19.482+0000] {logging_mixin.py:188} INFO - [2024-08-01T04:16:19.481+0000] {override.py:1858} INFO - Created Permission View: can edit on DAG:example_kubernetes_executor
[2024-08-01T04:16:19.498+0000] {logging_mixin.py:188} INFO - [2024-08-01T04:16:19.498+0000] {override.py:1858} INFO - Created Permission View: can delete on DAG:example_kubernetes_executor
[2024-08-01T04:16:19.508+0000] {logging_mixin.py:188} INFO - [2024-08-01T04:16:19.507+0000] {override.py:1858} INFO - Created Permission View: can read on DAG:example_kubernetes_executor
[2024-08-01T04:16:19.508+0000] {logging_mixin.py:188} INFO - [2024-08-01T04:16:19.508+0000] {dag.py:3089} INFO - Sync 1 DAGs
[2024-08-01T04:16:19.524+0000] {logging_mixin.py:188} INFO - [2024-08-01T04:16:19.524+0000] {dag.py:3111} INFO - Creating ORM DAG for example_kubernetes_executor
[2024-08-01T04:16:19.525+0000] {logging_mixin.py:188} INFO - [2024-08-01T04:16:19.525+0000] {dag.py:3947} INFO - Setting next_dagrun for example_kubernetes_executor to None, run_after=None
[2024-08-01T04:16:19.551+0000] {processor.py:183} INFO - Processing /home/airflow/.local/lib/python3.12/site-packages/airflow/example_dags/example_kubernetes_executor.py took 0.297 seconds
[2024-08-01T04:16:49.852+0000] {processor.py:161} INFO - Started process (PID=145) to work on /home/airflow/.local/lib/python3.12/site-packages/airflow/example_dags/example_kubernetes_executor.py
[2024-08-01T04:16:49.854+0000] {processor.py:830} INFO - Processing file /home/airflow/.local/lib/python3.12/site-packages/airflow/example_dags/example_kubernetes_executor.py for tasks to queue
[2024-08-01T04:16:49.856+0000] {logging_mixin.py:188} INFO - [2024-08-01T04:16:49.856+0000] {dagbag.py:545} INFO - Filling up the DagBag from /home/airflow/.local/lib/python3.12/site-packages/airflow/example_dags/example_kubernetes_executor.py
[2024-08-01T04:16:49.878+0000] {processor.py:840} INFO - DAG(s) 'example_kubernetes_executor' retrieved from /home/airflow/.local/lib/python3.12/site-packages/airflow/example_dags/example_kubernetes_executor.py
[2024-08-01T04:16:49.936+0000] {logging_mixin.py:188} INFO - [2024-08-01T04:16:49.936+0000] {dag.py:3089} INFO - Sync 1 DAGs
[2024-08-01T04:16:49.957+0000] {logging_mixin.py:188} INFO - [2024-08-01T04:16:49.957+0000] {dag.py:3947} INFO - Setting next_dagrun for example_kubernetes_executor to None, run_after=None
[2024-08-01T04:16:49.987+0000] {processor.py:183} INFO - Processing /home/airflow/.local/lib/python3.12/site-packages/airflow/example_dags/example_kubernetes_executor.py took 0.145 seconds
[2024-08-01T04:17:20.993+0000] {processor.py:161} INFO - Started process (PID=204) to work on /home/airflow/.local/lib/python3.12/site-packages/airflow/example_dags/example_kubernetes_executor.py
[2024-08-01T04:17:20.995+0000] {processor.py:830} INFO - Processing file /home/airflow/.local/lib/python3.12/site-packages/airflow/example_dags/example_kubernetes_executor.py for tasks to queue
[2024-08-01T04:17:20.998+0000] {logging_mixin.py:188} INFO - [2024-08-01T04:17:20.997+0000] {dagbag.py:545} INFO - Filling up the DagBag from /home/airflow/.local/lib/python3.12/site-packages/airflow/example_dags/example_kubernetes_executor.py
[2024-08-01T04:17:21.022+0000] {processor.py:840} INFO - DAG(s) 'example_kubernetes_executor' retrieved from /home/airflow/.local/lib/python3.12/site-packages/airflow/example_dags/example_kubernetes_executor.py
[2024-08-01T04:17:21.078+0000] {logging_mixin.py:188} INFO - [2024-08-01T04:17:21.078+0000] {dag.py:3089} INFO - Sync 1 DAGs
[2024-08-01T04:17:21.096+0000] {logging_mixin.py:188} INFO - [2024-08-01T04:17:21.096+0000] {dag.py:3947} INFO - Setting next_dagrun for example_kubernetes_executor to None, run_after=None
[2024-08-01T04:17:21.173+0000] {processor.py:183} INFO - Processing /home/airflow/.local/lib/python3.12/site-packages/airflow/example_dags/example_kubernetes_executor.py took 0.189 seconds
[2024-08-01T04:17:51.602+0000] {processor.py:161} INFO - Started process (PID=263) to work on /home/airflow/.local/lib/python3.12/site-packages/airflow/example_dags/example_kubernetes_executor.py
[2024-08-01T04:17:51.604+0000] {processor.py:830} INFO - Processing file /home/airflow/.local/lib/python3.12/site-packages/airflow/example_dags/example_kubernetes_executor.py for tasks to queue
[2024-08-01T04:17:51.606+0000] {logging_mixin.py:188} INFO - [2024-08-01T04:17:51.606+0000] {dagbag.py:545} INFO - Filling up the DagBag from /home/airflow/.local/lib/python3.12/site-packages/airflow/example_dags/example_kubernetes_executor.py
[2024-08-01T04:17:51.627+0000] {processor.py:840} INFO - DAG(s) 'example_kubernetes_executor' retrieved from /home/airflow/.local/lib/python3.12/site-packages/airflow/example_dags/example_kubernetes_executor.py
[2024-08-01T04:17:51.693+0000] {logging_mixin.py:188} INFO - [2024-08-01T04:17:51.692+0000] {dag.py:3089} INFO - Sync 1 DAGs
[2024-08-01T04:17:51.716+0000] {logging_mixin.py:188} INFO - [2024-08-01T04:17:51.715+0000] {dag.py:3947} INFO - Setting next_dagrun for example_kubernetes_executor to None, run_after=None
[2024-08-01T04:17:51.784+0000] {processor.py:183} INFO - Processing /home/airflow/.local/lib/python3.12/site-packages/airflow/example_dags/example_kubernetes_executor.py took 0.190 seconds
[2024-08-01T04:18:21.858+0000] {processor.py:161} INFO - Started process (PID=322) to work on /home/airflow/.local/lib/python3.12/site-packages/airflow/example_dags/example_kubernetes_executor.py
[2024-08-01T04:18:21.859+0000] {processor.py:830} INFO - Processing file /home/airflow/.local/lib/python3.12/site-packages/airflow/example_dags/example_kubernetes_executor.py for tasks to queue
[2024-08-01T04:18:21.862+0000] {logging_mixin.py:188} INFO - [2024-08-01T04:18:21.861+0000] {dagbag.py:545} INFO - Filling up the DagBag from /home/airflow/.local/lib/python3.12/site-packages/airflow/example_dags/example_kubernetes_executor.py
[2024-08-01T04:18:21.878+0000] {processor.py:840} INFO - DAG(s) 'example_kubernetes_executor' retrieved from /home/airflow/.local/lib/python3.12/site-packages/airflow/example_dags/example_kubernetes_executor.py
[2024-08-01T04:18:21.935+0000] {logging_mixin.py:188} INFO - [2024-08-01T04:18:21.935+0000] {dag.py:3089} INFO - Sync 1 DAGs
[2024-08-01T04:18:21.956+0000] {logging_mixin.py:188} INFO - [2024-08-01T04:18:21.955+0000] {dag.py:3947} INFO - Setting next_dagrun for example_kubernetes_executor to None, run_after=None
[2024-08-01T04:18:22.029+0000] {processor.py:183} INFO - Processing /home/airflow/.local/lib/python3.12/site-packages/airflow/example_dags/example_kubernetes_executor.py took 0.179 seconds
[2024-08-01T04:18:52.595+0000] {processor.py:161} INFO - Started process (PID=381) to work on /home/airflow/.local/lib/python3.12/site-packages/airflow/example_dags/example_kubernetes_executor.py
[2024-08-01T04:18:52.596+0000] {processor.py:830} INFO - Processing file /home/airflow/.local/lib/python3.12/site-packages/airflow/example_dags/example_kubernetes_executor.py for tasks to queue
[2024-08-01T04:18:52.598+0000] {logging_mixin.py:188} INFO - [2024-08-01T04:18:52.597+0000] {dagbag.py:545} INFO - Filling up the DagBag from /home/airflow/.local/lib/python3.12/site-packages/airflow/example_dags/example_kubernetes_executor.py
[2024-08-01T04:18:52.615+0000] {processor.py:840} INFO - DAG(s) 'example_kubernetes_executor' retrieved from /home/airflow/.local/lib/python3.12/site-packages/airflow/example_dags/example_kubernetes_executor.py
[2024-08-01T04:18:52.672+0000] {logging_mixin.py:188} INFO - [2024-08-01T04:18:52.672+0000] {dag.py:3089} INFO - Sync 1 DAGs
[2024-08-01T04:18:52.691+0000] {logging_mixin.py:188} INFO - [2024-08-01T04:18:52.691+0000] {dag.py:3947} INFO - Setting next_dagrun for example_kubernetes_executor to None, run_after=None
[2024-08-01T04:18:52.722+0000] {processor.py:183} INFO - Processing /home/airflow/.local/lib/python3.12/site-packages/airflow/example_dags/example_kubernetes_executor.py took 0.135 seconds
[2024-08-01T04:19:22.993+0000] {processor.py:161} INFO - Started process (PID=440) to work on /home/airflow/.local/lib/python3.12/site-packages/airflow/example_dags/example_kubernetes_executor.py
[2024-08-01T04:19:22.995+0000] {processor.py:830} INFO - Processing file /home/airflow/.local/lib/python3.12/site-packages/airflow/example_dags/example_kubernetes_executor.py for tasks to queue
[2024-08-01T04:19:22.997+0000] {logging_mixin.py:188} INFO - [2024-08-01T04:19:22.997+0000] {dagbag.py:545} INFO - Filling up the DagBag from /home/airflow/.local/lib/python3.12/site-packages/airflow/example_dags/example_kubernetes_executor.py
[2024-08-01T04:19:23.014+0000] {processor.py:840} INFO - DAG(s) 'example_kubernetes_executor' retrieved from /home/airflow/.local/lib/python3.12/site-packages/airflow/example_dags/example_kubernetes_executor.py
[2024-08-01T04:19:23.092+0000] {logging_mixin.py:188} INFO - [2024-08-01T04:19:23.092+0000] {dag.py:3089} INFO - Sync 1 DAGs
[2024-08-01T04:19:23.152+0000] {logging_mixin.py:188} INFO - [2024-08-01T04:19:23.151+0000] {dag.py:3947} INFO - Setting next_dagrun for example_kubernetes_executor to None, run_after=None
[2024-08-01T04:19:23.208+0000] {processor.py:183} INFO - Processing /home/airflow/.local/lib/python3.12/site-packages/airflow/example_dags/example_kubernetes_executor.py took 0.223 seconds
[2024-08-01T04:20:26.817+0000] {processor.py:161} INFO - Started process (PID=81) to work on /home/airflow/.local/lib/python3.12/site-packages/airflow/example_dags/example_kubernetes_executor.py
[2024-08-01T04:20:26.818+0000] {processor.py:830} INFO - Processing file /home/airflow/.local/lib/python3.12/site-packages/airflow/example_dags/example_kubernetes_executor.py for tasks to queue
[2024-08-01T04:20:26.820+0000] {logging_mixin.py:188} INFO - [2024-08-01T04:20:26.820+0000] {dagbag.py:545} INFO - Filling up the DagBag from /home/airflow/.local/lib/python3.12/site-packages/airflow/example_dags/example_kubernetes_executor.py
[2024-08-01T04:20:26.835+0000] {processor.py:840} INFO - DAG(s) 'example_kubernetes_executor' retrieved from /home/airflow/.local/lib/python3.12/site-packages/airflow/example_dags/example_kubernetes_executor.py
[2024-08-01T04:20:26.975+0000] {logging_mixin.py:188} INFO - [2024-08-01T04:20:26.975+0000] {dag.py:3089} INFO - Sync 1 DAGs
[2024-08-01T04:20:26.988+0000] {logging_mixin.py:188} INFO - [2024-08-01T04:20:26.988+0000] {dag.py:3947} INFO - Setting next_dagrun for example_kubernetes_executor to None, run_after=None
[2024-08-01T04:20:27.053+0000] {processor.py:183} INFO - Processing /home/airflow/.local/lib/python3.12/site-packages/airflow/example_dags/example_kubernetes_executor.py took 0.241 seconds
[2024-08-01T04:20:58.020+0000] {processor.py:161} INFO - Started process (PID=141) to work on /home/airflow/.local/lib/python3.12/site-packages/airflow/example_dags/example_kubernetes_executor.py
[2024-08-01T04:20:58.021+0000] {processor.py:830} INFO - Processing file /home/airflow/.local/lib/python3.12/site-packages/airflow/example_dags/example_kubernetes_executor.py for tasks to queue
[2024-08-01T04:20:58.023+0000] {logging_mixin.py:188} INFO - [2024-08-01T04:20:58.023+0000] {dagbag.py:545} INFO - Filling up the DagBag from /home/airflow/.local/lib/python3.12/site-packages/airflow/example_dags/example_kubernetes_executor.py
[2024-08-01T04:20:58.040+0000] {processor.py:840} INFO - DAG(s) 'example_kubernetes_executor' retrieved from /home/airflow/.local/lib/python3.12/site-packages/airflow/example_dags/example_kubernetes_executor.py
[2024-08-01T04:20:58.091+0000] {logging_mixin.py:188} INFO - [2024-08-01T04:20:58.091+0000] {dag.py:3089} INFO - Sync 1 DAGs
[2024-08-01T04:20:58.109+0000] {logging_mixin.py:188} INFO - [2024-08-01T04:20:58.109+0000] {dag.py:3947} INFO - Setting next_dagrun for example_kubernetes_executor to None, run_after=None
[2024-08-01T04:20:58.201+0000] {processor.py:183} INFO - Processing /home/airflow/.local/lib/python3.12/site-packages/airflow/example_dags/example_kubernetes_executor.py took 0.190 seconds
[2024-08-01T04:21:28.437+0000] {processor.py:161} INFO - Started process (PID=201) to work on /home/airflow/.local/lib/python3.12/site-packages/airflow/example_dags/example_kubernetes_executor.py
[2024-08-01T04:21:28.438+0000] {processor.py:830} INFO - Processing file /home/airflow/.local/lib/python3.12/site-packages/airflow/example_dags/example_kubernetes_executor.py for tasks to queue
[2024-08-01T04:21:28.441+0000] {logging_mixin.py:188} INFO - [2024-08-01T04:21:28.440+0000] {dagbag.py:545} INFO - Filling up the DagBag from /home/airflow/.local/lib/python3.12/site-packages/airflow/example_dags/example_kubernetes_executor.py
[2024-08-01T04:21:28.459+0000] {processor.py:840} INFO - DAG(s) 'example_kubernetes_executor' retrieved from /home/airflow/.local/lib/python3.12/site-packages/airflow/example_dags/example_kubernetes_executor.py
[2024-08-01T04:21:28.515+0000] {logging_mixin.py:188} INFO - [2024-08-01T04:21:28.514+0000] {dag.py:3089} INFO - Sync 1 DAGs
[2024-08-01T04:21:28.535+0000] {logging_mixin.py:188} INFO - [2024-08-01T04:21:28.535+0000] {dag.py:3947} INFO - Setting next_dagrun for example_kubernetes_executor to None, run_after=None
[2024-08-01T04:21:28.611+0000] {processor.py:183} INFO - Processing /home/airflow/.local/lib/python3.12/site-packages/airflow/example_dags/example_kubernetes_executor.py took 0.180 seconds
[2024-08-01T04:21:58.768+0000] {processor.py:161} INFO - Started process (PID=261) to work on /home/airflow/.local/lib/python3.12/site-packages/airflow/example_dags/example_kubernetes_executor.py
[2024-08-01T04:21:58.769+0000] {processor.py:830} INFO - Processing file /home/airflow/.local/lib/python3.12/site-packages/airflow/example_dags/example_kubernetes_executor.py for tasks to queue
[2024-08-01T04:21:58.771+0000] {logging_mixin.py:188} INFO - [2024-08-01T04:21:58.771+0000] {dagbag.py:545} INFO - Filling up the DagBag from /home/airflow/.local/lib/python3.12/site-packages/airflow/example_dags/example_kubernetes_executor.py
[2024-08-01T04:21:58.791+0000] {processor.py:840} INFO - DAG(s) 'example_kubernetes_executor' retrieved from /home/airflow/.local/lib/python3.12/site-packages/airflow/example_dags/example_kubernetes_executor.py
[2024-08-01T04:21:58.851+0000] {logging_mixin.py:188} INFO - [2024-08-01T04:21:58.851+0000] {dag.py:3089} INFO - Sync 1 DAGs
[2024-08-01T04:21:58.869+0000] {logging_mixin.py:188} INFO - [2024-08-01T04:21:58.869+0000] {dag.py:3947} INFO - Setting next_dagrun for example_kubernetes_executor to None, run_after=None
[2024-08-01T04:21:58.929+0000] {processor.py:183} INFO - Processing /home/airflow/.local/lib/python3.12/site-packages/airflow/example_dags/example_kubernetes_executor.py took 0.169 seconds
[2024-08-01T04:22:29.855+0000] {processor.py:161} INFO - Started process (PID=321) to work on /home/airflow/.local/lib/python3.12/site-packages/airflow/example_dags/example_kubernetes_executor.py
[2024-08-01T04:22:29.856+0000] {processor.py:830} INFO - Processing file /home/airflow/.local/lib/python3.12/site-packages/airflow/example_dags/example_kubernetes_executor.py for tasks to queue
[2024-08-01T04:22:29.859+0000] {logging_mixin.py:188} INFO - [2024-08-01T04:22:29.858+0000] {dagbag.py:545} INFO - Filling up the DagBag from /home/airflow/.local/lib/python3.12/site-packages/airflow/example_dags/example_kubernetes_executor.py
[2024-08-01T04:22:29.875+0000] {processor.py:840} INFO - DAG(s) 'example_kubernetes_executor' retrieved from /home/airflow/.local/lib/python3.12/site-packages/airflow/example_dags/example_kubernetes_executor.py
[2024-08-01T04:22:29.931+0000] {logging_mixin.py:188} INFO - [2024-08-01T04:22:29.931+0000] {dag.py:3089} INFO - Sync 1 DAGs
[2024-08-01T04:22:29.952+0000] {logging_mixin.py:188} INFO - [2024-08-01T04:22:29.951+0000] {dag.py:3947} INFO - Setting next_dagrun for example_kubernetes_executor to None, run_after=None
[2024-08-01T04:22:30.019+0000] {processor.py:183} INFO - Processing /home/airflow/.local/lib/python3.12/site-packages/airflow/example_dags/example_kubernetes_executor.py took 0.172 seconds
[2024-08-01T04:23:00.545+0000] {processor.py:161} INFO - Started process (PID=381) to work on /home/airflow/.local/lib/python3.12/site-packages/airflow/example_dags/example_kubernetes_executor.py
[2024-08-01T04:23:00.546+0000] {processor.py:830} INFO - Processing file /home/airflow/.local/lib/python3.12/site-packages/airflow/example_dags/example_kubernetes_executor.py for tasks to queue
[2024-08-01T04:23:00.548+0000] {logging_mixin.py:188} INFO - [2024-08-01T04:23:00.548+0000] {dagbag.py:545} INFO - Filling up the DagBag from /home/airflow/.local/lib/python3.12/site-packages/airflow/example_dags/example_kubernetes_executor.py
[2024-08-01T04:23:00.566+0000] {processor.py:840} INFO - DAG(s) 'example_kubernetes_executor' retrieved from /home/airflow/.local/lib/python3.12/site-packages/airflow/example_dags/example_kubernetes_executor.py
[2024-08-01T04:23:00.622+0000] {logging_mixin.py:188} INFO - [2024-08-01T04:23:00.622+0000] {dag.py:3089} INFO - Sync 1 DAGs
[2024-08-01T04:23:00.643+0000] {logging_mixin.py:188} INFO - [2024-08-01T04:23:00.643+0000] {dag.py:3947} INFO - Setting next_dagrun for example_kubernetes_executor to None, run_after=None
[2024-08-01T04:23:00.688+0000] {processor.py:183} INFO - Processing /home/airflow/.local/lib/python3.12/site-packages/airflow/example_dags/example_kubernetes_executor.py took 0.151 seconds
[2024-08-01T04:23:30.831+0000] {processor.py:161} INFO - Started process (PID=441) to work on /home/airflow/.local/lib/python3.12/site-packages/airflow/example_dags/example_kubernetes_executor.py
[2024-08-01T04:23:30.832+0000] {processor.py:830} INFO - Processing file /home/airflow/.local/lib/python3.12/site-packages/airflow/example_dags/example_kubernetes_executor.py for tasks to queue
[2024-08-01T04:23:30.835+0000] {logging_mixin.py:188} INFO - [2024-08-01T04:23:30.834+0000] {dagbag.py:545} INFO - Filling up the DagBag from /home/airflow/.local/lib/python3.12/site-packages/airflow/example_dags/example_kubernetes_executor.py
[2024-08-01T04:23:30.850+0000] {processor.py:840} INFO - DAG(s) 'example_kubernetes_executor' retrieved from /home/airflow/.local/lib/python3.12/site-packages/airflow/example_dags/example_kubernetes_executor.py
[2024-08-01T04:23:30.905+0000] {logging_mixin.py:188} INFO - [2024-08-01T04:23:30.904+0000] {dag.py:3089} INFO - Sync 1 DAGs
[2024-08-01T04:23:30.924+0000] {logging_mixin.py:188} INFO - [2024-08-01T04:23:30.924+0000] {dag.py:3947} INFO - Setting next_dagrun for example_kubernetes_executor to None, run_after=None
[2024-08-01T04:23:30.965+0000] {processor.py:183} INFO - Processing /home/airflow/.local/lib/python3.12/site-packages/airflow/example_dags/example_kubernetes_executor.py took 0.140 seconds
