[2024-08-01T04:16:18.490+0000] {processor.py:161} INFO - Started process (PID=74) to work on /home/airflow/.local/lib/python3.12/site-packages/airflow/example_dags/example_complex.py
[2024-08-01T04:16:18.491+0000] {processor.py:830} INFO - Processing file /home/airflow/.local/lib/python3.12/site-packages/airflow/example_dags/example_complex.py for tasks to queue
[2024-08-01T04:16:18.492+0000] {logging_mixin.py:188} INFO - [2024-08-01T04:16:18.492+0000] {dagbag.py:545} INFO - Filling up the DagBag from /home/airflow/.local/lib/python3.12/site-packages/airflow/example_dags/example_complex.py
[2024-08-01T04:16:18.506+0000] {processor.py:840} INFO - DAG(s) 'example_complex' retrieved from /home/airflow/.local/lib/python3.12/site-packages/airflow/example_dags/example_complex.py
[2024-08-01T04:16:18.648+0000] {logging_mixin.py:188} INFO - [2024-08-01T04:16:18.647+0000] {override.py:1858} INFO - Created Permission View: can edit on DAG:example_complex
[2024-08-01T04:16:18.657+0000] {logging_mixin.py:188} INFO - [2024-08-01T04:16:18.657+0000] {override.py:1858} INFO - Created Permission View: can delete on DAG:example_complex
[2024-08-01T04:16:18.663+0000] {logging_mixin.py:188} INFO - [2024-08-01T04:16:18.663+0000] {override.py:1858} INFO - Created Permission View: can read on DAG:example_complex
[2024-08-01T04:16:18.664+0000] {logging_mixin.py:188} INFO - [2024-08-01T04:16:18.664+0000] {dag.py:3089} INFO - Sync 1 DAGs
[2024-08-01T04:16:18.677+0000] {logging_mixin.py:188} INFO - [2024-08-01T04:16:18.677+0000] {dag.py:3111} INFO - Creating ORM DAG for example_complex
[2024-08-01T04:16:18.678+0000] {logging_mixin.py:188} INFO - [2024-08-01T04:16:18.678+0000] {dag.py:3947} INFO - Setting next_dagrun for example_complex to None, run_after=None
[2024-08-01T04:16:18.696+0000] {processor.py:183} INFO - Processing /home/airflow/.local/lib/python3.12/site-packages/airflow/example_dags/example_complex.py took 0.211 seconds
[2024-08-01T04:16:48.829+0000] {processor.py:161} INFO - Started process (PID=133) to work on /home/airflow/.local/lib/python3.12/site-packages/airflow/example_dags/example_complex.py
[2024-08-01T04:16:48.831+0000] {processor.py:830} INFO - Processing file /home/airflow/.local/lib/python3.12/site-packages/airflow/example_dags/example_complex.py for tasks to queue
[2024-08-01T04:16:48.833+0000] {logging_mixin.py:188} INFO - [2024-08-01T04:16:48.833+0000] {dagbag.py:545} INFO - Filling up the DagBag from /home/airflow/.local/lib/python3.12/site-packages/airflow/example_dags/example_complex.py
[2024-08-01T04:16:48.855+0000] {processor.py:840} INFO - DAG(s) 'example_complex' retrieved from /home/airflow/.local/lib/python3.12/site-packages/airflow/example_dags/example_complex.py
[2024-08-01T04:16:48.909+0000] {logging_mixin.py:188} INFO - [2024-08-01T04:16:48.908+0000] {dag.py:3089} INFO - Sync 1 DAGs
[2024-08-01T04:16:48.930+0000] {logging_mixin.py:188} INFO - [2024-08-01T04:16:48.930+0000] {dag.py:3947} INFO - Setting next_dagrun for example_complex to None, run_after=None
[2024-08-01T04:16:49.002+0000] {processor.py:183} INFO - Processing /home/airflow/.local/lib/python3.12/site-packages/airflow/example_dags/example_complex.py took 0.180 seconds
[2024-08-01T04:17:19.350+0000] {processor.py:161} INFO - Started process (PID=192) to work on /home/airflow/.local/lib/python3.12/site-packages/airflow/example_dags/example_complex.py
[2024-08-01T04:17:19.350+0000] {processor.py:830} INFO - Processing file /home/airflow/.local/lib/python3.12/site-packages/airflow/example_dags/example_complex.py for tasks to queue
[2024-08-01T04:17:19.352+0000] {logging_mixin.py:188} INFO - [2024-08-01T04:17:19.352+0000] {dagbag.py:545} INFO - Filling up the DagBag from /home/airflow/.local/lib/python3.12/site-packages/airflow/example_dags/example_complex.py
[2024-08-01T04:17:19.365+0000] {processor.py:840} INFO - DAG(s) 'example_complex' retrieved from /home/airflow/.local/lib/python3.12/site-packages/airflow/example_dags/example_complex.py
[2024-08-01T04:17:19.412+0000] {logging_mixin.py:188} INFO - [2024-08-01T04:17:19.412+0000] {dag.py:3089} INFO - Sync 1 DAGs
[2024-08-01T04:17:19.427+0000] {logging_mixin.py:188} INFO - [2024-08-01T04:17:19.427+0000] {dag.py:3947} INFO - Setting next_dagrun for example_complex to None, run_after=None
[2024-08-01T04:17:19.448+0000] {processor.py:183} INFO - Processing /home/airflow/.local/lib/python3.12/site-packages/airflow/example_dags/example_complex.py took 0.103 seconds
[2024-08-01T04:17:49.769+0000] {processor.py:161} INFO - Started process (PID=257) to work on /home/airflow/.local/lib/python3.12/site-packages/airflow/example_dags/example_complex.py
[2024-08-01T04:17:49.771+0000] {processor.py:830} INFO - Processing file /home/airflow/.local/lib/python3.12/site-packages/airflow/example_dags/example_complex.py for tasks to queue
[2024-08-01T04:17:49.774+0000] {logging_mixin.py:188} INFO - [2024-08-01T04:17:49.774+0000] {dagbag.py:545} INFO - Filling up the DagBag from /home/airflow/.local/lib/python3.12/site-packages/airflow/example_dags/example_complex.py
[2024-08-01T04:17:49.790+0000] {processor.py:840} INFO - DAG(s) 'example_complex' retrieved from /home/airflow/.local/lib/python3.12/site-packages/airflow/example_dags/example_complex.py
[2024-08-01T04:17:49.833+0000] {logging_mixin.py:188} INFO - [2024-08-01T04:17:49.833+0000] {dag.py:3089} INFO - Sync 1 DAGs
[2024-08-01T04:17:49.850+0000] {logging_mixin.py:188} INFO - [2024-08-01T04:17:49.850+0000] {dag.py:3947} INFO - Setting next_dagrun for example_complex to None, run_after=None
[2024-08-01T04:17:49.941+0000] {processor.py:183} INFO - Processing /home/airflow/.local/lib/python3.12/site-packages/airflow/example_dags/example_complex.py took 0.179 seconds
[2024-08-01T04:18:20.016+0000] {processor.py:161} INFO - Started process (PID=316) to work on /home/airflow/.local/lib/python3.12/site-packages/airflow/example_dags/example_complex.py
[2024-08-01T04:18:20.017+0000] {processor.py:830} INFO - Processing file /home/airflow/.local/lib/python3.12/site-packages/airflow/example_dags/example_complex.py for tasks to queue
[2024-08-01T04:18:20.019+0000] {logging_mixin.py:188} INFO - [2024-08-01T04:18:20.019+0000] {dagbag.py:545} INFO - Filling up the DagBag from /home/airflow/.local/lib/python3.12/site-packages/airflow/example_dags/example_complex.py
[2024-08-01T04:18:20.038+0000] {processor.py:840} INFO - DAG(s) 'example_complex' retrieved from /home/airflow/.local/lib/python3.12/site-packages/airflow/example_dags/example_complex.py
[2024-08-01T04:18:20.092+0000] {logging_mixin.py:188} INFO - [2024-08-01T04:18:20.092+0000] {dag.py:3089} INFO - Sync 1 DAGs
[2024-08-01T04:18:20.112+0000] {logging_mixin.py:188} INFO - [2024-08-01T04:18:20.112+0000] {dag.py:3947} INFO - Setting next_dagrun for example_complex to None, run_after=None
[2024-08-01T04:18:20.207+0000] {processor.py:183} INFO - Processing /home/airflow/.local/lib/python3.12/site-packages/airflow/example_dags/example_complex.py took 0.200 seconds
[2024-08-01T04:18:50.995+0000] {processor.py:161} INFO - Started process (PID=375) to work on /home/airflow/.local/lib/python3.12/site-packages/airflow/example_dags/example_complex.py
[2024-08-01T04:18:50.996+0000] {processor.py:830} INFO - Processing file /home/airflow/.local/lib/python3.12/site-packages/airflow/example_dags/example_complex.py for tasks to queue
[2024-08-01T04:18:50.999+0000] {logging_mixin.py:188} INFO - [2024-08-01T04:18:50.999+0000] {dagbag.py:545} INFO - Filling up the DagBag from /home/airflow/.local/lib/python3.12/site-packages/airflow/example_dags/example_complex.py
[2024-08-01T04:18:51.019+0000] {processor.py:840} INFO - DAG(s) 'example_complex' retrieved from /home/airflow/.local/lib/python3.12/site-packages/airflow/example_dags/example_complex.py
[2024-08-01T04:18:51.082+0000] {logging_mixin.py:188} INFO - [2024-08-01T04:18:51.082+0000] {dag.py:3089} INFO - Sync 1 DAGs
[2024-08-01T04:18:51.104+0000] {logging_mixin.py:188} INFO - [2024-08-01T04:18:51.104+0000] {dag.py:3947} INFO - Setting next_dagrun for example_complex to None, run_after=None
[2024-08-01T04:18:51.134+0000] {processor.py:183} INFO - Processing /home/airflow/.local/lib/python3.12/site-packages/airflow/example_dags/example_complex.py took 0.148 seconds
[2024-08-01T04:19:21.249+0000] {processor.py:161} INFO - Started process (PID=434) to work on /home/airflow/.local/lib/python3.12/site-packages/airflow/example_dags/example_complex.py
[2024-08-01T04:19:21.250+0000] {processor.py:830} INFO - Processing file /home/airflow/.local/lib/python3.12/site-packages/airflow/example_dags/example_complex.py for tasks to queue
[2024-08-01T04:19:21.252+0000] {logging_mixin.py:188} INFO - [2024-08-01T04:19:21.251+0000] {dagbag.py:545} INFO - Filling up the DagBag from /home/airflow/.local/lib/python3.12/site-packages/airflow/example_dags/example_complex.py
[2024-08-01T04:19:21.265+0000] {processor.py:840} INFO - DAG(s) 'example_complex' retrieved from /home/airflow/.local/lib/python3.12/site-packages/airflow/example_dags/example_complex.py
[2024-08-01T04:19:21.319+0000] {logging_mixin.py:188} INFO - [2024-08-01T04:19:21.318+0000] {dag.py:3089} INFO - Sync 1 DAGs
[2024-08-01T04:19:21.341+0000] {logging_mixin.py:188} INFO - [2024-08-01T04:19:21.340+0000] {dag.py:3947} INFO - Setting next_dagrun for example_complex to None, run_after=None
[2024-08-01T04:19:21.371+0000] {processor.py:183} INFO - Processing /home/airflow/.local/lib/python3.12/site-packages/airflow/example_dags/example_complex.py took 0.129 seconds
[2024-08-01T04:20:26.051+0000] {processor.py:161} INFO - Started process (PID=75) to work on /home/airflow/.local/lib/python3.12/site-packages/airflow/example_dags/example_complex.py
[2024-08-01T04:20:26.052+0000] {processor.py:830} INFO - Processing file /home/airflow/.local/lib/python3.12/site-packages/airflow/example_dags/example_complex.py for tasks to queue
[2024-08-01T04:20:26.054+0000] {logging_mixin.py:188} INFO - [2024-08-01T04:20:26.053+0000] {dagbag.py:545} INFO - Filling up the DagBag from /home/airflow/.local/lib/python3.12/site-packages/airflow/example_dags/example_complex.py
[2024-08-01T04:20:26.067+0000] {processor.py:840} INFO - DAG(s) 'example_complex' retrieved from /home/airflow/.local/lib/python3.12/site-packages/airflow/example_dags/example_complex.py
[2024-08-01T04:20:26.195+0000] {logging_mixin.py:188} INFO - [2024-08-01T04:20:26.195+0000] {dag.py:3089} INFO - Sync 1 DAGs
[2024-08-01T04:20:26.207+0000] {logging_mixin.py:188} INFO - [2024-08-01T04:20:26.207+0000] {dag.py:3947} INFO - Setting next_dagrun for example_complex to None, run_after=None
[2024-08-01T04:20:26.299+0000] {processor.py:183} INFO - Processing /home/airflow/.local/lib/python3.12/site-packages/airflow/example_dags/example_complex.py took 0.254 seconds
[2024-08-01T04:20:56.360+0000] {processor.py:161} INFO - Started process (PID=135) to work on /home/airflow/.local/lib/python3.12/site-packages/airflow/example_dags/example_complex.py
[2024-08-01T04:20:56.362+0000] {processor.py:830} INFO - Processing file /home/airflow/.local/lib/python3.12/site-packages/airflow/example_dags/example_complex.py for tasks to queue
[2024-08-01T04:20:56.365+0000] {logging_mixin.py:188} INFO - [2024-08-01T04:20:56.364+0000] {dagbag.py:545} INFO - Filling up the DagBag from /home/airflow/.local/lib/python3.12/site-packages/airflow/example_dags/example_complex.py
[2024-08-01T04:20:56.379+0000] {processor.py:840} INFO - DAG(s) 'example_complex' retrieved from /home/airflow/.local/lib/python3.12/site-packages/airflow/example_dags/example_complex.py
[2024-08-01T04:20:56.426+0000] {logging_mixin.py:188} INFO - [2024-08-01T04:20:56.425+0000] {dag.py:3089} INFO - Sync 1 DAGs
[2024-08-01T04:20:56.445+0000] {logging_mixin.py:188} INFO - [2024-08-01T04:20:56.445+0000] {dag.py:3947} INFO - Setting next_dagrun for example_complex to None, run_after=None
[2024-08-01T04:20:56.475+0000] {processor.py:183} INFO - Processing /home/airflow/.local/lib/python3.12/site-packages/airflow/example_dags/example_complex.py took 0.122 seconds
[2024-08-01T04:21:26.850+0000] {processor.py:161} INFO - Started process (PID=195) to work on /home/airflow/.local/lib/python3.12/site-packages/airflow/example_dags/example_complex.py
[2024-08-01T04:21:26.851+0000] {processor.py:830} INFO - Processing file /home/airflow/.local/lib/python3.12/site-packages/airflow/example_dags/example_complex.py for tasks to queue
[2024-08-01T04:21:26.852+0000] {logging_mixin.py:188} INFO - [2024-08-01T04:21:26.852+0000] {dagbag.py:545} INFO - Filling up the DagBag from /home/airflow/.local/lib/python3.12/site-packages/airflow/example_dags/example_complex.py
[2024-08-01T04:21:26.863+0000] {processor.py:840} INFO - DAG(s) 'example_complex' retrieved from /home/airflow/.local/lib/python3.12/site-packages/airflow/example_dags/example_complex.py
[2024-08-01T04:21:26.901+0000] {logging_mixin.py:188} INFO - [2024-08-01T04:21:26.900+0000] {dag.py:3089} INFO - Sync 1 DAGs
[2024-08-01T04:21:26.914+0000] {logging_mixin.py:188} INFO - [2024-08-01T04:21:26.913+0000] {dag.py:3947} INFO - Setting next_dagrun for example_complex to None, run_after=None
[2024-08-01T04:21:27.006+0000] {processor.py:183} INFO - Processing /home/airflow/.local/lib/python3.12/site-packages/airflow/example_dags/example_complex.py took 0.163 seconds
[2024-08-01T04:21:57.126+0000] {processor.py:161} INFO - Started process (PID=255) to work on /home/airflow/.local/lib/python3.12/site-packages/airflow/example_dags/example_complex.py
[2024-08-01T04:21:57.128+0000] {processor.py:830} INFO - Processing file /home/airflow/.local/lib/python3.12/site-packages/airflow/example_dags/example_complex.py for tasks to queue
[2024-08-01T04:21:57.130+0000] {logging_mixin.py:188} INFO - [2024-08-01T04:21:57.130+0000] {dagbag.py:545} INFO - Filling up the DagBag from /home/airflow/.local/lib/python3.12/site-packages/airflow/example_dags/example_complex.py
[2024-08-01T04:21:57.144+0000] {processor.py:840} INFO - DAG(s) 'example_complex' retrieved from /home/airflow/.local/lib/python3.12/site-packages/airflow/example_dags/example_complex.py
[2024-08-01T04:21:57.189+0000] {logging_mixin.py:188} INFO - [2024-08-01T04:21:57.189+0000] {dag.py:3089} INFO - Sync 1 DAGs
[2024-08-01T04:21:57.206+0000] {logging_mixin.py:188} INFO - [2024-08-01T04:21:57.206+0000] {dag.py:3947} INFO - Setting next_dagrun for example_complex to None, run_after=None
[2024-08-01T04:21:57.293+0000] {processor.py:183} INFO - Processing /home/airflow/.local/lib/python3.12/site-packages/airflow/example_dags/example_complex.py took 0.174 seconds
[2024-08-01T04:22:28.150+0000] {processor.py:161} INFO - Started process (PID=315) to work on /home/airflow/.local/lib/python3.12/site-packages/airflow/example_dags/example_complex.py
[2024-08-01T04:22:28.151+0000] {processor.py:830} INFO - Processing file /home/airflow/.local/lib/python3.12/site-packages/airflow/example_dags/example_complex.py for tasks to queue
[2024-08-01T04:22:28.154+0000] {logging_mixin.py:188} INFO - [2024-08-01T04:22:28.153+0000] {dagbag.py:545} INFO - Filling up the DagBag from /home/airflow/.local/lib/python3.12/site-packages/airflow/example_dags/example_complex.py
[2024-08-01T04:22:28.167+0000] {processor.py:840} INFO - DAG(s) 'example_complex' retrieved from /home/airflow/.local/lib/python3.12/site-packages/airflow/example_dags/example_complex.py
[2024-08-01T04:22:28.209+0000] {logging_mixin.py:188} INFO - [2024-08-01T04:22:28.209+0000] {dag.py:3089} INFO - Sync 1 DAGs
[2024-08-01T04:22:28.226+0000] {logging_mixin.py:188} INFO - [2024-08-01T04:22:28.226+0000] {dag.py:3947} INFO - Setting next_dagrun for example_complex to None, run_after=None
[2024-08-01T04:22:28.310+0000] {processor.py:183} INFO - Processing /home/airflow/.local/lib/python3.12/site-packages/airflow/example_dags/example_complex.py took 0.167 seconds
[2024-08-01T04:22:59.004+0000] {processor.py:161} INFO - Started process (PID=375) to work on /home/airflow/.local/lib/python3.12/site-packages/airflow/example_dags/example_complex.py
[2024-08-01T04:22:59.006+0000] {processor.py:830} INFO - Processing file /home/airflow/.local/lib/python3.12/site-packages/airflow/example_dags/example_complex.py for tasks to queue
[2024-08-01T04:22:59.008+0000] {logging_mixin.py:188} INFO - [2024-08-01T04:22:59.007+0000] {dagbag.py:545} INFO - Filling up the DagBag from /home/airflow/.local/lib/python3.12/site-packages/airflow/example_dags/example_complex.py
[2024-08-01T04:22:59.025+0000] {processor.py:840} INFO - DAG(s) 'example_complex' retrieved from /home/airflow/.local/lib/python3.12/site-packages/airflow/example_dags/example_complex.py
[2024-08-01T04:22:59.069+0000] {logging_mixin.py:188} INFO - [2024-08-01T04:22:59.069+0000] {dag.py:3089} INFO - Sync 1 DAGs
[2024-08-01T04:22:59.089+0000] {logging_mixin.py:188} INFO - [2024-08-01T04:22:59.088+0000] {dag.py:3947} INFO - Setting next_dagrun for example_complex to None, run_after=None
[2024-08-01T04:22:59.115+0000] {processor.py:183} INFO - Processing /home/airflow/.local/lib/python3.12/site-packages/airflow/example_dags/example_complex.py took 0.118 seconds
[2024-08-01T04:23:29.375+0000] {processor.py:161} INFO - Started process (PID=435) to work on /home/airflow/.local/lib/python3.12/site-packages/airflow/example_dags/example_complex.py
[2024-08-01T04:23:29.376+0000] {processor.py:830} INFO - Processing file /home/airflow/.local/lib/python3.12/site-packages/airflow/example_dags/example_complex.py for tasks to queue
[2024-08-01T04:23:29.379+0000] {logging_mixin.py:188} INFO - [2024-08-01T04:23:29.378+0000] {dagbag.py:545} INFO - Filling up the DagBag from /home/airflow/.local/lib/python3.12/site-packages/airflow/example_dags/example_complex.py
[2024-08-01T04:23:29.393+0000] {processor.py:840} INFO - DAG(s) 'example_complex' retrieved from /home/airflow/.local/lib/python3.12/site-packages/airflow/example_dags/example_complex.py
[2024-08-01T04:23:29.437+0000] {logging_mixin.py:188} INFO - [2024-08-01T04:23:29.436+0000] {dag.py:3089} INFO - Sync 1 DAGs
[2024-08-01T04:23:29.458+0000] {logging_mixin.py:188} INFO - [2024-08-01T04:23:29.458+0000] {dag.py:3947} INFO - Setting next_dagrun for example_complex to None, run_after=None
[2024-08-01T04:23:29.535+0000] {processor.py:183} INFO - Processing /home/airflow/.local/lib/python3.12/site-packages/airflow/example_dags/example_complex.py took 0.166 seconds
