[2024-08-01T04:16:16.410+0000] {processor.py:161} INFO - Started process (PID=62) to work on /home/airflow/.local/lib/python3.12/site-packages/airflow/example_dags/example_skip_dag.py
[2024-08-01T04:16:16.411+0000] {processor.py:830} INFO - Processing file /home/airflow/.local/lib/python3.12/site-packages/airflow/example_dags/example_skip_dag.py for tasks to queue
[2024-08-01T04:16:16.414+0000] {logging_mixin.py:188} INFO - [2024-08-01T04:16:16.413+0000] {dagbag.py:545} INFO - Filling up the DagBag from /home/airflow/.local/lib/python3.12/site-packages/airflow/example_dags/example_skip_dag.py
[2024-08-01T04:16:16.425+0000] {processor.py:840} INFO - DAG(s) 'example_skip_dag' retrieved from /home/airflow/.local/lib/python3.12/site-packages/airflow/example_dags/example_skip_dag.py
[2024-08-01T04:16:16.612+0000] {logging_mixin.py:188} INFO - [2024-08-01T04:16:16.612+0000] {override.py:1858} INFO - Created Permission View: can edit on DAG:example_skip_dag
[2024-08-01T04:16:16.624+0000] {logging_mixin.py:188} INFO - [2024-08-01T04:16:16.624+0000] {override.py:1858} INFO - Created Permission View: can delete on DAG:example_skip_dag
[2024-08-01T04:16:16.633+0000] {logging_mixin.py:188} INFO - [2024-08-01T04:16:16.632+0000] {override.py:1858} INFO - Created Permission View: can read on DAG:example_skip_dag
[2024-08-01T04:16:16.634+0000] {logging_mixin.py:188} INFO - [2024-08-01T04:16:16.633+0000] {dag.py:3089} INFO - Sync 1 DAGs
[2024-08-01T04:16:16.650+0000] {logging_mixin.py:188} INFO - [2024-08-01T04:16:16.649+0000] {dag.py:3111} INFO - Creating ORM DAG for example_skip_dag
[2024-08-01T04:16:16.663+0000] {logging_mixin.py:188} INFO - [2024-08-01T04:16:16.663+0000] {dag.py:3947} INFO - Setting next_dagrun for example_skip_dag to 2024-07-31 00:00:00+00:00, run_after=2024-08-01 00:00:00+00:00
[2024-08-01T04:16:16.700+0000] {processor.py:183} INFO - Processing /home/airflow/.local/lib/python3.12/site-packages/airflow/example_dags/example_skip_dag.py took 0.297 seconds
[2024-08-01T04:16:47.431+0000] {processor.py:161} INFO - Started process (PID=121) to work on /home/airflow/.local/lib/python3.12/site-packages/airflow/example_dags/example_skip_dag.py
[2024-08-01T04:16:47.433+0000] {processor.py:830} INFO - Processing file /home/airflow/.local/lib/python3.12/site-packages/airflow/example_dags/example_skip_dag.py for tasks to queue
[2024-08-01T04:16:47.436+0000] {logging_mixin.py:188} INFO - [2024-08-01T04:16:47.435+0000] {dagbag.py:545} INFO - Filling up the DagBag from /home/airflow/.local/lib/python3.12/site-packages/airflow/example_dags/example_skip_dag.py
[2024-08-01T04:16:47.444+0000] {processor.py:840} INFO - DAG(s) 'example_skip_dag' retrieved from /home/airflow/.local/lib/python3.12/site-packages/airflow/example_dags/example_skip_dag.py
[2024-08-01T04:16:47.472+0000] {logging_mixin.py:188} INFO - [2024-08-01T04:16:47.471+0000] {dag.py:3089} INFO - Sync 1 DAGs
[2024-08-01T04:16:47.503+0000] {logging_mixin.py:188} INFO - [2024-08-01T04:16:47.503+0000] {dag.py:3947} INFO - Setting next_dagrun for example_skip_dag to 2024-07-31 00:00:00+00:00, run_after=2024-08-01 00:00:00+00:00
[2024-08-01T04:16:47.596+0000] {processor.py:183} INFO - Processing /home/airflow/.local/lib/python3.12/site-packages/airflow/example_dags/example_skip_dag.py took 0.172 seconds
[2024-08-01T04:17:17.972+0000] {processor.py:161} INFO - Started process (PID=180) to work on /home/airflow/.local/lib/python3.12/site-packages/airflow/example_dags/example_skip_dag.py
[2024-08-01T04:17:17.974+0000] {processor.py:830} INFO - Processing file /home/airflow/.local/lib/python3.12/site-packages/airflow/example_dags/example_skip_dag.py for tasks to queue
[2024-08-01T04:17:17.978+0000] {logging_mixin.py:188} INFO - [2024-08-01T04:17:17.978+0000] {dagbag.py:545} INFO - Filling up the DagBag from /home/airflow/.local/lib/python3.12/site-packages/airflow/example_dags/example_skip_dag.py
[2024-08-01T04:17:17.989+0000] {processor.py:840} INFO - DAG(s) 'example_skip_dag' retrieved from /home/airflow/.local/lib/python3.12/site-packages/airflow/example_dags/example_skip_dag.py
[2024-08-01T04:17:18.031+0000] {logging_mixin.py:188} INFO - [2024-08-01T04:17:18.030+0000] {dag.py:3089} INFO - Sync 1 DAGs
[2024-08-01T04:17:18.062+0000] {logging_mixin.py:188} INFO - [2024-08-01T04:17:18.062+0000] {dag.py:3947} INFO - Setting next_dagrun for example_skip_dag to 2024-07-31 00:00:00+00:00, run_after=2024-08-01 00:00:00+00:00
[2024-08-01T04:17:18.154+0000] {processor.py:183} INFO - Processing /home/airflow/.local/lib/python3.12/site-packages/airflow/example_dags/example_skip_dag.py took 0.191 seconds
[2024-08-01T04:17:48.531+0000] {processor.py:161} INFO - Started process (PID=239) to work on /home/airflow/.local/lib/python3.12/site-packages/airflow/example_dags/example_skip_dag.py
[2024-08-01T04:17:48.532+0000] {processor.py:830} INFO - Processing file /home/airflow/.local/lib/python3.12/site-packages/airflow/example_dags/example_skip_dag.py for tasks to queue
[2024-08-01T04:17:48.537+0000] {logging_mixin.py:188} INFO - [2024-08-01T04:17:48.536+0000] {dagbag.py:545} INFO - Filling up the DagBag from /home/airflow/.local/lib/python3.12/site-packages/airflow/example_dags/example_skip_dag.py
[2024-08-01T04:17:48.544+0000] {processor.py:840} INFO - DAG(s) 'example_skip_dag' retrieved from /home/airflow/.local/lib/python3.12/site-packages/airflow/example_dags/example_skip_dag.py
[2024-08-01T04:17:48.576+0000] {logging_mixin.py:188} INFO - [2024-08-01T04:17:48.576+0000] {dag.py:3089} INFO - Sync 1 DAGs
[2024-08-01T04:17:48.613+0000] {logging_mixin.py:188} INFO - [2024-08-01T04:17:48.612+0000] {dag.py:3947} INFO - Setting next_dagrun for example_skip_dag to 2024-07-31 00:00:00+00:00, run_after=2024-08-01 00:00:00+00:00
[2024-08-01T04:17:48.706+0000] {processor.py:183} INFO - Processing /home/airflow/.local/lib/python3.12/site-packages/airflow/example_dags/example_skip_dag.py took 0.185 seconds
[2024-08-01T04:18:18.880+0000] {processor.py:161} INFO - Started process (PID=298) to work on /home/airflow/.local/lib/python3.12/site-packages/airflow/example_dags/example_skip_dag.py
[2024-08-01T04:18:18.881+0000] {processor.py:830} INFO - Processing file /home/airflow/.local/lib/python3.12/site-packages/airflow/example_dags/example_skip_dag.py for tasks to queue
[2024-08-01T04:18:18.884+0000] {logging_mixin.py:188} INFO - [2024-08-01T04:18:18.883+0000] {dagbag.py:545} INFO - Filling up the DagBag from /home/airflow/.local/lib/python3.12/site-packages/airflow/example_dags/example_skip_dag.py
[2024-08-01T04:18:18.892+0000] {processor.py:840} INFO - DAG(s) 'example_skip_dag' retrieved from /home/airflow/.local/lib/python3.12/site-packages/airflow/example_dags/example_skip_dag.py
[2024-08-01T04:18:18.922+0000] {logging_mixin.py:188} INFO - [2024-08-01T04:18:18.922+0000] {dag.py:3089} INFO - Sync 1 DAGs
[2024-08-01T04:18:18.955+0000] {logging_mixin.py:188} INFO - [2024-08-01T04:18:18.954+0000] {dag.py:3947} INFO - Setting next_dagrun for example_skip_dag to 2024-07-31 00:00:00+00:00, run_after=2024-08-01 00:00:00+00:00
[2024-08-01T04:18:19.048+0000] {processor.py:183} INFO - Processing /home/airflow/.local/lib/python3.12/site-packages/airflow/example_dags/example_skip_dag.py took 0.176 seconds
[2024-08-01T04:18:49.725+0000] {processor.py:161} INFO - Started process (PID=357) to work on /home/airflow/.local/lib/python3.12/site-packages/airflow/example_dags/example_skip_dag.py
[2024-08-01T04:18:49.729+0000] {processor.py:830} INFO - Processing file /home/airflow/.local/lib/python3.12/site-packages/airflow/example_dags/example_skip_dag.py for tasks to queue
[2024-08-01T04:18:49.732+0000] {logging_mixin.py:188} INFO - [2024-08-01T04:18:49.732+0000] {dagbag.py:545} INFO - Filling up the DagBag from /home/airflow/.local/lib/python3.12/site-packages/airflow/example_dags/example_skip_dag.py
[2024-08-01T04:18:49.741+0000] {processor.py:840} INFO - DAG(s) 'example_skip_dag' retrieved from /home/airflow/.local/lib/python3.12/site-packages/airflow/example_dags/example_skip_dag.py
[2024-08-01T04:18:49.773+0000] {logging_mixin.py:188} INFO - [2024-08-01T04:18:49.772+0000] {dag.py:3089} INFO - Sync 1 DAGs
[2024-08-01T04:18:49.804+0000] {logging_mixin.py:188} INFO - [2024-08-01T04:18:49.804+0000] {dag.py:3947} INFO - Setting next_dagrun for example_skip_dag to 2024-07-31 00:00:00+00:00, run_after=2024-08-01 00:00:00+00:00
[2024-08-01T04:18:49.832+0000] {processor.py:183} INFO - Processing /home/airflow/.local/lib/python3.12/site-packages/airflow/example_dags/example_skip_dag.py took 0.116 seconds
[2024-08-01T04:19:20.108+0000] {processor.py:161} INFO - Started process (PID=422) to work on /home/airflow/.local/lib/python3.12/site-packages/airflow/example_dags/example_skip_dag.py
[2024-08-01T04:19:20.109+0000] {processor.py:830} INFO - Processing file /home/airflow/.local/lib/python3.12/site-packages/airflow/example_dags/example_skip_dag.py for tasks to queue
[2024-08-01T04:19:20.112+0000] {logging_mixin.py:188} INFO - [2024-08-01T04:19:20.111+0000] {dagbag.py:545} INFO - Filling up the DagBag from /home/airflow/.local/lib/python3.12/site-packages/airflow/example_dags/example_skip_dag.py
[2024-08-01T04:19:20.119+0000] {processor.py:840} INFO - DAG(s) 'example_skip_dag' retrieved from /home/airflow/.local/lib/python3.12/site-packages/airflow/example_dags/example_skip_dag.py
[2024-08-01T04:19:20.146+0000] {logging_mixin.py:188} INFO - [2024-08-01T04:19:20.146+0000] {dag.py:3089} INFO - Sync 1 DAGs
[2024-08-01T04:19:20.173+0000] {logging_mixin.py:188} INFO - [2024-08-01T04:19:20.173+0000] {dag.py:3947} INFO - Setting next_dagrun for example_skip_dag to 2024-07-31 00:00:00+00:00, run_after=2024-08-01 00:00:00+00:00
[2024-08-01T04:19:20.267+0000] {processor.py:183} INFO - Processing /home/airflow/.local/lib/python3.12/site-packages/airflow/example_dags/example_skip_dag.py took 0.166 seconds
[2024-08-01T04:20:24.145+0000] {processor.py:161} INFO - Started process (PID=63) to work on /home/airflow/.local/lib/python3.12/site-packages/airflow/example_dags/example_skip_dag.py
[2024-08-01T04:20:24.146+0000] {processor.py:830} INFO - Processing file /home/airflow/.local/lib/python3.12/site-packages/airflow/example_dags/example_skip_dag.py for tasks to queue
[2024-08-01T04:20:24.148+0000] {logging_mixin.py:188} INFO - [2024-08-01T04:20:24.147+0000] {dagbag.py:545} INFO - Filling up the DagBag from /home/airflow/.local/lib/python3.12/site-packages/airflow/example_dags/example_skip_dag.py
[2024-08-01T04:20:24.160+0000] {processor.py:840} INFO - DAG(s) 'example_skip_dag' retrieved from /home/airflow/.local/lib/python3.12/site-packages/airflow/example_dags/example_skip_dag.py
[2024-08-01T04:20:24.311+0000] {logging_mixin.py:188} INFO - [2024-08-01T04:20:24.311+0000] {dag.py:3089} INFO - Sync 1 DAGs
[2024-08-01T04:20:24.334+0000] {logging_mixin.py:188} INFO - [2024-08-01T04:20:24.334+0000] {dag.py:3947} INFO - Setting next_dagrun for example_skip_dag to 2024-07-31 00:00:00+00:00, run_after=2024-08-01 00:00:00+00:00
[2024-08-01T04:20:24.398+0000] {processor.py:183} INFO - Processing /home/airflow/.local/lib/python3.12/site-packages/airflow/example_dags/example_skip_dag.py took 0.259 seconds
[2024-08-01T04:20:54.610+0000] {processor.py:161} INFO - Started process (PID=123) to work on /home/airflow/.local/lib/python3.12/site-packages/airflow/example_dags/example_skip_dag.py
[2024-08-01T04:20:54.611+0000] {processor.py:830} INFO - Processing file /home/airflow/.local/lib/python3.12/site-packages/airflow/example_dags/example_skip_dag.py for tasks to queue
[2024-08-01T04:20:54.614+0000] {logging_mixin.py:188} INFO - [2024-08-01T04:20:54.613+0000] {dagbag.py:545} INFO - Filling up the DagBag from /home/airflow/.local/lib/python3.12/site-packages/airflow/example_dags/example_skip_dag.py
[2024-08-01T04:20:54.623+0000] {processor.py:840} INFO - DAG(s) 'example_skip_dag' retrieved from /home/airflow/.local/lib/python3.12/site-packages/airflow/example_dags/example_skip_dag.py
[2024-08-01T04:20:54.653+0000] {logging_mixin.py:188} INFO - [2024-08-01T04:20:54.653+0000] {dag.py:3089} INFO - Sync 1 DAGs
[2024-08-01T04:20:54.689+0000] {logging_mixin.py:188} INFO - [2024-08-01T04:20:54.688+0000] {dag.py:3947} INFO - Setting next_dagrun for example_skip_dag to 2024-07-31 00:00:00+00:00, run_after=2024-08-01 00:00:00+00:00
[2024-08-01T04:20:54.759+0000] {processor.py:183} INFO - Processing /home/airflow/.local/lib/python3.12/site-packages/airflow/example_dags/example_skip_dag.py took 0.157 seconds
[2024-08-01T04:21:24.968+0000] {processor.py:161} INFO - Started process (PID=183) to work on /home/airflow/.local/lib/python3.12/site-packages/airflow/example_dags/example_skip_dag.py
[2024-08-01T04:21:24.969+0000] {processor.py:830} INFO - Processing file /home/airflow/.local/lib/python3.12/site-packages/airflow/example_dags/example_skip_dag.py for tasks to queue
[2024-08-01T04:21:24.973+0000] {logging_mixin.py:188} INFO - [2024-08-01T04:21:24.973+0000] {dagbag.py:545} INFO - Filling up the DagBag from /home/airflow/.local/lib/python3.12/site-packages/airflow/example_dags/example_skip_dag.py
[2024-08-01T04:21:24.983+0000] {processor.py:840} INFO - DAG(s) 'example_skip_dag' retrieved from /home/airflow/.local/lib/python3.12/site-packages/airflow/example_dags/example_skip_dag.py
[2024-08-01T04:21:25.018+0000] {logging_mixin.py:188} INFO - [2024-08-01T04:21:25.017+0000] {dag.py:3089} INFO - Sync 1 DAGs
[2024-08-01T04:21:25.055+0000] {logging_mixin.py:188} INFO - [2024-08-01T04:21:25.054+0000] {dag.py:3947} INFO - Setting next_dagrun for example_skip_dag to 2024-07-31 00:00:00+00:00, run_after=2024-08-01 00:00:00+00:00
[2024-08-01T04:21:25.085+0000] {processor.py:183} INFO - Processing /home/airflow/.local/lib/python3.12/site-packages/airflow/example_dags/example_skip_dag.py took 0.126 seconds
[2024-08-01T04:21:55.372+0000] {processor.py:161} INFO - Started process (PID=243) to work on /home/airflow/.local/lib/python3.12/site-packages/airflow/example_dags/example_skip_dag.py
[2024-08-01T04:21:55.373+0000] {processor.py:830} INFO - Processing file /home/airflow/.local/lib/python3.12/site-packages/airflow/example_dags/example_skip_dag.py for tasks to queue
[2024-08-01T04:21:55.376+0000] {logging_mixin.py:188} INFO - [2024-08-01T04:21:55.376+0000] {dagbag.py:545} INFO - Filling up the DagBag from /home/airflow/.local/lib/python3.12/site-packages/airflow/example_dags/example_skip_dag.py
[2024-08-01T04:21:55.384+0000] {processor.py:840} INFO - DAG(s) 'example_skip_dag' retrieved from /home/airflow/.local/lib/python3.12/site-packages/airflow/example_dags/example_skip_dag.py
[2024-08-01T04:21:55.412+0000] {logging_mixin.py:188} INFO - [2024-08-01T04:21:55.411+0000] {dag.py:3089} INFO - Sync 1 DAGs
[2024-08-01T04:21:55.440+0000] {logging_mixin.py:188} INFO - [2024-08-01T04:21:55.440+0000] {dag.py:3947} INFO - Setting next_dagrun for example_skip_dag to 2024-07-31 00:00:00+00:00, run_after=2024-08-01 00:00:00+00:00
[2024-08-01T04:21:55.528+0000] {processor.py:183} INFO - Processing /home/airflow/.local/lib/python3.12/site-packages/airflow/example_dags/example_skip_dag.py took 0.162 seconds
[2024-08-01T04:22:26.227+0000] {processor.py:161} INFO - Started process (PID=303) to work on /home/airflow/.local/lib/python3.12/site-packages/airflow/example_dags/example_skip_dag.py
[2024-08-01T04:22:26.228+0000] {processor.py:830} INFO - Processing file /home/airflow/.local/lib/python3.12/site-packages/airflow/example_dags/example_skip_dag.py for tasks to queue
[2024-08-01T04:22:26.231+0000] {logging_mixin.py:188} INFO - [2024-08-01T04:22:26.230+0000] {dagbag.py:545} INFO - Filling up the DagBag from /home/airflow/.local/lib/python3.12/site-packages/airflow/example_dags/example_skip_dag.py
[2024-08-01T04:22:26.238+0000] {processor.py:840} INFO - DAG(s) 'example_skip_dag' retrieved from /home/airflow/.local/lib/python3.12/site-packages/airflow/example_dags/example_skip_dag.py
[2024-08-01T04:22:26.264+0000] {logging_mixin.py:188} INFO - [2024-08-01T04:22:26.264+0000] {dag.py:3089} INFO - Sync 1 DAGs
[2024-08-01T04:22:26.294+0000] {logging_mixin.py:188} INFO - [2024-08-01T04:22:26.294+0000] {dag.py:3947} INFO - Setting next_dagrun for example_skip_dag to 2024-07-31 00:00:00+00:00, run_after=2024-08-01 00:00:00+00:00
[2024-08-01T04:22:26.321+0000] {processor.py:183} INFO - Processing /home/airflow/.local/lib/python3.12/site-packages/airflow/example_dags/example_skip_dag.py took 0.101 seconds
[2024-08-01T04:22:56.651+0000] {processor.py:161} INFO - Started process (PID=363) to work on /home/airflow/.local/lib/python3.12/site-packages/airflow/example_dags/example_skip_dag.py
[2024-08-01T04:22:56.652+0000] {processor.py:830} INFO - Processing file /home/airflow/.local/lib/python3.12/site-packages/airflow/example_dags/example_skip_dag.py for tasks to queue
[2024-08-01T04:22:56.655+0000] {logging_mixin.py:188} INFO - [2024-08-01T04:22:56.655+0000] {dagbag.py:545} INFO - Filling up the DagBag from /home/airflow/.local/lib/python3.12/site-packages/airflow/example_dags/example_skip_dag.py
[2024-08-01T04:22:56.663+0000] {processor.py:840} INFO - DAG(s) 'example_skip_dag' retrieved from /home/airflow/.local/lib/python3.12/site-packages/airflow/example_dags/example_skip_dag.py
[2024-08-01T04:22:56.690+0000] {logging_mixin.py:188} INFO - [2024-08-01T04:22:56.690+0000] {dag.py:3089} INFO - Sync 1 DAGs
[2024-08-01T04:22:56.720+0000] {logging_mixin.py:188} INFO - [2024-08-01T04:22:56.719+0000] {dag.py:3947} INFO - Setting next_dagrun for example_skip_dag to 2024-07-31 00:00:00+00:00, run_after=2024-08-01 00:00:00+00:00
[2024-08-01T04:22:56.806+0000] {processor.py:183} INFO - Processing /home/airflow/.local/lib/python3.12/site-packages/airflow/example_dags/example_skip_dag.py took 0.162 seconds
[2024-08-01T04:23:26.948+0000] {processor.py:161} INFO - Started process (PID=423) to work on /home/airflow/.local/lib/python3.12/site-packages/airflow/example_dags/example_skip_dag.py
[2024-08-01T04:23:26.949+0000] {processor.py:830} INFO - Processing file /home/airflow/.local/lib/python3.12/site-packages/airflow/example_dags/example_skip_dag.py for tasks to queue
[2024-08-01T04:23:26.951+0000] {logging_mixin.py:188} INFO - [2024-08-01T04:23:26.951+0000] {dagbag.py:545} INFO - Filling up the DagBag from /home/airflow/.local/lib/python3.12/site-packages/airflow/example_dags/example_skip_dag.py
[2024-08-01T04:23:26.959+0000] {processor.py:840} INFO - DAG(s) 'example_skip_dag' retrieved from /home/airflow/.local/lib/python3.12/site-packages/airflow/example_dags/example_skip_dag.py
[2024-08-01T04:23:26.991+0000] {logging_mixin.py:188} INFO - [2024-08-01T04:23:26.990+0000] {dag.py:3089} INFO - Sync 1 DAGs
[2024-08-01T04:23:27.023+0000] {logging_mixin.py:188} INFO - [2024-08-01T04:23:27.023+0000] {dag.py:3947} INFO - Setting next_dagrun for example_skip_dag to 2024-07-31 00:00:00+00:00, run_after=2024-08-01 00:00:00+00:00
[2024-08-01T04:23:27.110+0000] {processor.py:183} INFO - Processing /home/airflow/.local/lib/python3.12/site-packages/airflow/example_dags/example_skip_dag.py took 0.169 seconds
