[2024-08-01T04:16:22.948+0000] {processor.py:161} INFO - Started process (PID=107) to work on /home/airflow/.local/lib/python3.12/site-packages/airflow/example_dags/example_bash_operator.py
[2024-08-01T04:16:22.949+0000] {processor.py:830} INFO - Processing file /home/airflow/.local/lib/python3.12/site-packages/airflow/example_dags/example_bash_operator.py for tasks to queue
[2024-08-01T04:16:22.951+0000] {logging_mixin.py:188} INFO - [2024-08-01T04:16:22.951+0000] {dagbag.py:545} INFO - Filling up the DagBag from /home/airflow/.local/lib/python3.12/site-packages/airflow/example_dags/example_bash_operator.py
[2024-08-01T04:16:22.964+0000] {processor.py:840} INFO - DAG(s) 'example_bash_operator' retrieved from /home/airflow/.local/lib/python3.12/site-packages/airflow/example_dags/example_bash_operator.py
[2024-08-01T04:16:23.097+0000] {logging_mixin.py:188} INFO - [2024-08-01T04:16:23.096+0000] {override.py:1858} INFO - Created Permission View: can edit on DAG:example_bash_operator
[2024-08-01T04:16:23.111+0000] {logging_mixin.py:188} INFO - [2024-08-01T04:16:23.110+0000] {override.py:1858} INFO - Created Permission View: can delete on DAG:example_bash_operator
[2024-08-01T04:16:23.119+0000] {logging_mixin.py:188} INFO - [2024-08-01T04:16:23.119+0000] {override.py:1858} INFO - Created Permission View: can read on DAG:example_bash_operator
[2024-08-01T04:16:23.120+0000] {logging_mixin.py:188} INFO - [2024-08-01T04:16:23.120+0000] {dag.py:3089} INFO - Sync 1 DAGs
[2024-08-01T04:16:23.134+0000] {logging_mixin.py:188} INFO - [2024-08-01T04:16:23.134+0000] {dag.py:3111} INFO - Creating ORM DAG for example_bash_operator
[2024-08-01T04:16:23.148+0000] {logging_mixin.py:188} INFO - [2024-08-01T04:16:23.148+0000] {dag.py:3947} INFO - Setting next_dagrun for example_bash_operator to 2024-07-31 00:00:00+00:00, run_after=2024-08-01 00:00:00+00:00
[2024-08-01T04:16:23.170+0000] {processor.py:183} INFO - Processing /home/airflow/.local/lib/python3.12/site-packages/airflow/example_dags/example_bash_operator.py took 0.227 seconds
[2024-08-01T04:16:53.676+0000] {processor.py:161} INFO - Started process (PID=166) to work on /home/airflow/.local/lib/python3.12/site-packages/airflow/example_dags/example_bash_operator.py
[2024-08-01T04:16:53.677+0000] {processor.py:830} INFO - Processing file /home/airflow/.local/lib/python3.12/site-packages/airflow/example_dags/example_bash_operator.py for tasks to queue
[2024-08-01T04:16:53.680+0000] {logging_mixin.py:188} INFO - [2024-08-01T04:16:53.679+0000] {dagbag.py:545} INFO - Filling up the DagBag from /home/airflow/.local/lib/python3.12/site-packages/airflow/example_dags/example_bash_operator.py
[2024-08-01T04:16:53.697+0000] {processor.py:840} INFO - DAG(s) 'example_bash_operator' retrieved from /home/airflow/.local/lib/python3.12/site-packages/airflow/example_dags/example_bash_operator.py
[2024-08-01T04:16:53.743+0000] {logging_mixin.py:188} INFO - [2024-08-01T04:16:53.742+0000] {dag.py:3089} INFO - Sync 1 DAGs
[2024-08-01T04:16:53.781+0000] {logging_mixin.py:188} INFO - [2024-08-01T04:16:53.781+0000] {dag.py:3947} INFO - Setting next_dagrun for example_bash_operator to 2024-07-31 00:00:00+00:00, run_after=2024-08-01 00:00:00+00:00
[2024-08-01T04:16:53.810+0000] {processor.py:183} INFO - Processing /home/airflow/.local/lib/python3.12/site-packages/airflow/example_dags/example_bash_operator.py took 0.142 seconds
[2024-08-01T04:17:24.476+0000] {processor.py:161} INFO - Started process (PID=225) to work on /home/airflow/.local/lib/python3.12/site-packages/airflow/example_dags/example_bash_operator.py
[2024-08-01T04:17:24.477+0000] {processor.py:830} INFO - Processing file /home/airflow/.local/lib/python3.12/site-packages/airflow/example_dags/example_bash_operator.py for tasks to queue
[2024-08-01T04:17:24.480+0000] {logging_mixin.py:188} INFO - [2024-08-01T04:17:24.479+0000] {dagbag.py:545} INFO - Filling up the DagBag from /home/airflow/.local/lib/python3.12/site-packages/airflow/example_dags/example_bash_operator.py
[2024-08-01T04:17:24.493+0000] {processor.py:840} INFO - DAG(s) 'example_bash_operator' retrieved from /home/airflow/.local/lib/python3.12/site-packages/airflow/example_dags/example_bash_operator.py
[2024-08-01T04:17:24.532+0000] {logging_mixin.py:188} INFO - [2024-08-01T04:17:24.531+0000] {dag.py:3089} INFO - Sync 1 DAGs
[2024-08-01T04:17:24.562+0000] {logging_mixin.py:188} INFO - [2024-08-01T04:17:24.561+0000] {dag.py:3947} INFO - Setting next_dagrun for example_bash_operator to 2024-07-31 00:00:00+00:00, run_after=2024-08-01 00:00:00+00:00
[2024-08-01T04:17:24.633+0000] {processor.py:183} INFO - Processing /home/airflow/.local/lib/python3.12/site-packages/airflow/example_dags/example_bash_operator.py took 0.164 seconds
[2024-08-01T04:17:54.730+0000] {processor.py:161} INFO - Started process (PID=284) to work on /home/airflow/.local/lib/python3.12/site-packages/airflow/example_dags/example_bash_operator.py
[2024-08-01T04:17:54.731+0000] {processor.py:830} INFO - Processing file /home/airflow/.local/lib/python3.12/site-packages/airflow/example_dags/example_bash_operator.py for tasks to queue
[2024-08-01T04:17:54.733+0000] {logging_mixin.py:188} INFO - [2024-08-01T04:17:54.733+0000] {dagbag.py:545} INFO - Filling up the DagBag from /home/airflow/.local/lib/python3.12/site-packages/airflow/example_dags/example_bash_operator.py
[2024-08-01T04:17:54.748+0000] {processor.py:840} INFO - DAG(s) 'example_bash_operator' retrieved from /home/airflow/.local/lib/python3.12/site-packages/airflow/example_dags/example_bash_operator.py
[2024-08-01T04:17:54.785+0000] {logging_mixin.py:188} INFO - [2024-08-01T04:17:54.785+0000] {dag.py:3089} INFO - Sync 1 DAGs
[2024-08-01T04:17:54.816+0000] {logging_mixin.py:188} INFO - [2024-08-01T04:17:54.815+0000] {dag.py:3947} INFO - Setting next_dagrun for example_bash_operator to 2024-07-31 00:00:00+00:00, run_after=2024-08-01 00:00:00+00:00
[2024-08-01T04:17:54.841+0000] {processor.py:183} INFO - Processing /home/airflow/.local/lib/python3.12/site-packages/airflow/example_dags/example_bash_operator.py took 0.121 seconds
[2024-08-01T04:18:25.751+0000] {processor.py:161} INFO - Started process (PID=343) to work on /home/airflow/.local/lib/python3.12/site-packages/airflow/example_dags/example_bash_operator.py
[2024-08-01T04:18:25.753+0000] {processor.py:830} INFO - Processing file /home/airflow/.local/lib/python3.12/site-packages/airflow/example_dags/example_bash_operator.py for tasks to queue
[2024-08-01T04:18:25.755+0000] {logging_mixin.py:188} INFO - [2024-08-01T04:18:25.754+0000] {dagbag.py:545} INFO - Filling up the DagBag from /home/airflow/.local/lib/python3.12/site-packages/airflow/example_dags/example_bash_operator.py
[2024-08-01T04:18:25.771+0000] {processor.py:840} INFO - DAG(s) 'example_bash_operator' retrieved from /home/airflow/.local/lib/python3.12/site-packages/airflow/example_dags/example_bash_operator.py
[2024-08-01T04:18:25.811+0000] {logging_mixin.py:188} INFO - [2024-08-01T04:18:25.811+0000] {dag.py:3089} INFO - Sync 1 DAGs
[2024-08-01T04:18:25.855+0000] {logging_mixin.py:188} INFO - [2024-08-01T04:18:25.854+0000] {dag.py:3947} INFO - Setting next_dagrun for example_bash_operator to 2024-07-31 00:00:00+00:00, run_after=2024-08-01 00:00:00+00:00
[2024-08-01T04:18:25.916+0000] {processor.py:183} INFO - Processing /home/airflow/.local/lib/python3.12/site-packages/airflow/example_dags/example_bash_operator.py took 0.172 seconds
[2024-08-01T04:18:56.677+0000] {processor.py:161} INFO - Started process (PID=402) to work on /home/airflow/.local/lib/python3.12/site-packages/airflow/example_dags/example_bash_operator.py
[2024-08-01T04:18:56.678+0000] {processor.py:830} INFO - Processing file /home/airflow/.local/lib/python3.12/site-packages/airflow/example_dags/example_bash_operator.py for tasks to queue
[2024-08-01T04:18:56.681+0000] {logging_mixin.py:188} INFO - [2024-08-01T04:18:56.681+0000] {dagbag.py:545} INFO - Filling up the DagBag from /home/airflow/.local/lib/python3.12/site-packages/airflow/example_dags/example_bash_operator.py
[2024-08-01T04:18:56.696+0000] {processor.py:840} INFO - DAG(s) 'example_bash_operator' retrieved from /home/airflow/.local/lib/python3.12/site-packages/airflow/example_dags/example_bash_operator.py
[2024-08-01T04:18:56.735+0000] {logging_mixin.py:188} INFO - [2024-08-01T04:18:56.734+0000] {dag.py:3089} INFO - Sync 1 DAGs
[2024-08-01T04:18:56.766+0000] {logging_mixin.py:188} INFO - [2024-08-01T04:18:56.766+0000] {dag.py:3947} INFO - Setting next_dagrun for example_bash_operator to 2024-07-31 00:00:00+00:00, run_after=2024-08-01 00:00:00+00:00
[2024-08-01T04:18:56.793+0000] {processor.py:183} INFO - Processing /home/airflow/.local/lib/python3.12/site-packages/airflow/example_dags/example_bash_operator.py took 0.125 seconds
[2024-08-01T04:20:30.052+0000] {processor.py:161} INFO - Started process (PID=102) to work on /home/airflow/.local/lib/python3.12/site-packages/airflow/example_dags/example_bash_operator.py
[2024-08-01T04:20:30.053+0000] {processor.py:830} INFO - Processing file /home/airflow/.local/lib/python3.12/site-packages/airflow/example_dags/example_bash_operator.py for tasks to queue
[2024-08-01T04:20:30.054+0000] {logging_mixin.py:188} INFO - [2024-08-01T04:20:30.054+0000] {dagbag.py:545} INFO - Filling up the DagBag from /home/airflow/.local/lib/python3.12/site-packages/airflow/example_dags/example_bash_operator.py
[2024-08-01T04:20:30.065+0000] {processor.py:840} INFO - DAG(s) 'example_bash_operator' retrieved from /home/airflow/.local/lib/python3.12/site-packages/airflow/example_dags/example_bash_operator.py
[2024-08-01T04:20:30.182+0000] {logging_mixin.py:188} INFO - [2024-08-01T04:20:30.181+0000] {dag.py:3089} INFO - Sync 1 DAGs
[2024-08-01T04:20:30.206+0000] {logging_mixin.py:188} INFO - [2024-08-01T04:20:30.206+0000] {dag.py:3947} INFO - Setting next_dagrun for example_bash_operator to 2024-07-31 00:00:00+00:00, run_after=2024-08-01 00:00:00+00:00
[2024-08-01T04:20:30.269+0000] {processor.py:183} INFO - Processing /home/airflow/.local/lib/python3.12/site-packages/airflow/example_dags/example_bash_operator.py took 0.221 seconds
[2024-08-01T04:21:00.553+0000] {processor.py:161} INFO - Started process (PID=162) to work on /home/airflow/.local/lib/python3.12/site-packages/airflow/example_dags/example_bash_operator.py
[2024-08-01T04:21:00.555+0000] {processor.py:830} INFO - Processing file /home/airflow/.local/lib/python3.12/site-packages/airflow/example_dags/example_bash_operator.py for tasks to queue
[2024-08-01T04:21:00.558+0000] {logging_mixin.py:188} INFO - [2024-08-01T04:21:00.558+0000] {dagbag.py:545} INFO - Filling up the DagBag from /home/airflow/.local/lib/python3.12/site-packages/airflow/example_dags/example_bash_operator.py
[2024-08-01T04:21:00.579+0000] {processor.py:840} INFO - DAG(s) 'example_bash_operator' retrieved from /home/airflow/.local/lib/python3.12/site-packages/airflow/example_dags/example_bash_operator.py
[2024-08-01T04:21:00.623+0000] {logging_mixin.py:188} INFO - [2024-08-01T04:21:00.623+0000] {dag.py:3089} INFO - Sync 1 DAGs
[2024-08-01T04:21:00.666+0000] {logging_mixin.py:188} INFO - [2024-08-01T04:21:00.666+0000] {dag.py:3947} INFO - Setting next_dagrun for example_bash_operator to 2024-07-31 00:00:00+00:00, run_after=2024-08-01 00:00:00+00:00
[2024-08-01T04:21:00.698+0000] {processor.py:183} INFO - Processing /home/airflow/.local/lib/python3.12/site-packages/airflow/example_dags/example_bash_operator.py took 0.155 seconds
[2024-08-01T04:21:31.188+0000] {processor.py:161} INFO - Started process (PID=222) to work on /home/airflow/.local/lib/python3.12/site-packages/airflow/example_dags/example_bash_operator.py
[2024-08-01T04:21:31.189+0000] {processor.py:830} INFO - Processing file /home/airflow/.local/lib/python3.12/site-packages/airflow/example_dags/example_bash_operator.py for tasks to queue
[2024-08-01T04:21:31.192+0000] {logging_mixin.py:188} INFO - [2024-08-01T04:21:31.192+0000] {dagbag.py:545} INFO - Filling up the DagBag from /home/airflow/.local/lib/python3.12/site-packages/airflow/example_dags/example_bash_operator.py
[2024-08-01T04:21:31.210+0000] {processor.py:840} INFO - DAG(s) 'example_bash_operator' retrieved from /home/airflow/.local/lib/python3.12/site-packages/airflow/example_dags/example_bash_operator.py
[2024-08-01T04:21:31.251+0000] {logging_mixin.py:188} INFO - [2024-08-01T04:21:31.251+0000] {dag.py:3089} INFO - Sync 1 DAGs
[2024-08-01T04:21:31.288+0000] {logging_mixin.py:188} INFO - [2024-08-01T04:21:31.288+0000] {dag.py:3947} INFO - Setting next_dagrun for example_bash_operator to 2024-07-31 00:00:00+00:00, run_after=2024-08-01 00:00:00+00:00
[2024-08-01T04:21:31.376+0000] {processor.py:183} INFO - Processing /home/airflow/.local/lib/python3.12/site-packages/airflow/example_dags/example_bash_operator.py took 0.196 seconds
[2024-08-01T04:22:02.234+0000] {processor.py:161} INFO - Started process (PID=282) to work on /home/airflow/.local/lib/python3.12/site-packages/airflow/example_dags/example_bash_operator.py
[2024-08-01T04:22:02.236+0000] {processor.py:830} INFO - Processing file /home/airflow/.local/lib/python3.12/site-packages/airflow/example_dags/example_bash_operator.py for tasks to queue
[2024-08-01T04:22:02.238+0000] {logging_mixin.py:188} INFO - [2024-08-01T04:22:02.238+0000] {dagbag.py:545} INFO - Filling up the DagBag from /home/airflow/.local/lib/python3.12/site-packages/airflow/example_dags/example_bash_operator.py
[2024-08-01T04:22:02.253+0000] {processor.py:840} INFO - DAG(s) 'example_bash_operator' retrieved from /home/airflow/.local/lib/python3.12/site-packages/airflow/example_dags/example_bash_operator.py
[2024-08-01T04:22:02.299+0000] {logging_mixin.py:188} INFO - [2024-08-01T04:22:02.299+0000] {dag.py:3089} INFO - Sync 1 DAGs
[2024-08-01T04:22:02.332+0000] {logging_mixin.py:188} INFO - [2024-08-01T04:22:02.331+0000] {dag.py:3947} INFO - Setting next_dagrun for example_bash_operator to 2024-07-31 00:00:00+00:00, run_after=2024-08-01 00:00:00+00:00
[2024-08-01T04:22:02.421+0000] {processor.py:183} INFO - Processing /home/airflow/.local/lib/python3.12/site-packages/airflow/example_dags/example_bash_operator.py took 0.194 seconds
[2024-08-01T04:22:33.584+0000] {processor.py:161} INFO - Started process (PID=342) to work on /home/airflow/.local/lib/python3.12/site-packages/airflow/example_dags/example_bash_operator.py
[2024-08-01T04:22:33.585+0000] {processor.py:830} INFO - Processing file /home/airflow/.local/lib/python3.12/site-packages/airflow/example_dags/example_bash_operator.py for tasks to queue
[2024-08-01T04:22:33.588+0000] {logging_mixin.py:188} INFO - [2024-08-01T04:22:33.587+0000] {dagbag.py:545} INFO - Filling up the DagBag from /home/airflow/.local/lib/python3.12/site-packages/airflow/example_dags/example_bash_operator.py
[2024-08-01T04:22:33.601+0000] {processor.py:840} INFO - DAG(s) 'example_bash_operator' retrieved from /home/airflow/.local/lib/python3.12/site-packages/airflow/example_dags/example_bash_operator.py
[2024-08-01T04:22:33.633+0000] {logging_mixin.py:188} INFO - [2024-08-01T04:22:33.633+0000] {dag.py:3089} INFO - Sync 1 DAGs
[2024-08-01T04:22:33.660+0000] {logging_mixin.py:188} INFO - [2024-08-01T04:22:33.660+0000] {dag.py:3947} INFO - Setting next_dagrun for example_bash_operator to 2024-07-31 00:00:00+00:00, run_after=2024-08-01 00:00:00+00:00
[2024-08-01T04:22:33.680+0000] {processor.py:183} INFO - Processing /home/airflow/.local/lib/python3.12/site-packages/airflow/example_dags/example_bash_operator.py took 0.103 seconds
[2024-08-01T04:23:03.746+0000] {processor.py:161} INFO - Started process (PID=402) to work on /home/airflow/.local/lib/python3.12/site-packages/airflow/example_dags/example_bash_operator.py
[2024-08-01T04:23:03.747+0000] {processor.py:830} INFO - Processing file /home/airflow/.local/lib/python3.12/site-packages/airflow/example_dags/example_bash_operator.py for tasks to queue
[2024-08-01T04:23:03.749+0000] {logging_mixin.py:188} INFO - [2024-08-01T04:23:03.748+0000] {dagbag.py:545} INFO - Filling up the DagBag from /home/airflow/.local/lib/python3.12/site-packages/airflow/example_dags/example_bash_operator.py
[2024-08-01T04:23:03.762+0000] {processor.py:840} INFO - DAG(s) 'example_bash_operator' retrieved from /home/airflow/.local/lib/python3.12/site-packages/airflow/example_dags/example_bash_operator.py
[2024-08-01T04:23:03.804+0000] {logging_mixin.py:188} INFO - [2024-08-01T04:23:03.803+0000] {dag.py:3089} INFO - Sync 1 DAGs
[2024-08-01T04:23:03.841+0000] {logging_mixin.py:188} INFO - [2024-08-01T04:23:03.841+0000] {dag.py:3947} INFO - Setting next_dagrun for example_bash_operator to 2024-07-31 00:00:00+00:00, run_after=2024-08-01 00:00:00+00:00
[2024-08-01T04:23:03.933+0000] {processor.py:183} INFO - Processing /home/airflow/.local/lib/python3.12/site-packages/airflow/example_dags/example_bash_operator.py took 0.194 seconds
[2024-08-01T04:23:34.184+0000] {processor.py:161} INFO - Started process (PID=462) to work on /home/airflow/.local/lib/python3.12/site-packages/airflow/example_dags/example_bash_operator.py
[2024-08-01T04:23:34.185+0000] {processor.py:830} INFO - Processing file /home/airflow/.local/lib/python3.12/site-packages/airflow/example_dags/example_bash_operator.py for tasks to queue
[2024-08-01T04:23:34.187+0000] {logging_mixin.py:188} INFO - [2024-08-01T04:23:34.187+0000] {dagbag.py:545} INFO - Filling up the DagBag from /home/airflow/.local/lib/python3.12/site-packages/airflow/example_dags/example_bash_operator.py
[2024-08-01T04:23:34.203+0000] {processor.py:840} INFO - DAG(s) 'example_bash_operator' retrieved from /home/airflow/.local/lib/python3.12/site-packages/airflow/example_dags/example_bash_operator.py
[2024-08-01T04:23:34.241+0000] {logging_mixin.py:188} INFO - [2024-08-01T04:23:34.241+0000] {dag.py:3089} INFO - Sync 1 DAGs
[2024-08-01T04:23:34.271+0000] {logging_mixin.py:188} INFO - [2024-08-01T04:23:34.271+0000] {dag.py:3947} INFO - Setting next_dagrun for example_bash_operator to 2024-07-31 00:00:00+00:00, run_after=2024-08-01 00:00:00+00:00
[2024-08-01T04:23:34.295+0000] {processor.py:183} INFO - Processing /home/airflow/.local/lib/python3.12/site-packages/airflow/example_dags/example_bash_operator.py took 0.119 seconds
