[2024-08-01T04:16:19.966+0000] {processor.py:161} INFO - Started process (PID=90) to work on /home/airflow/.local/lib/python3.12/site-packages/airflow/example_dags/example_dag_decorator.py
[2024-08-01T04:16:19.967+0000] {processor.py:830} INFO - Processing file /home/airflow/.local/lib/python3.12/site-packages/airflow/example_dags/example_dag_decorator.py for tasks to queue
[2024-08-01T04:16:19.970+0000] {logging_mixin.py:188} INFO - [2024-08-01T04:16:19.969+0000] {dagbag.py:545} INFO - Filling up the DagBag from /home/airflow/.local/lib/python3.12/site-packages/airflow/example_dags/example_dag_decorator.py
[2024-08-01T04:16:20.504+0000] {processor.py:840} INFO - DAG(s) 'example_dag_decorator' retrieved from /home/airflow/.local/lib/python3.12/site-packages/airflow/example_dags/example_dag_decorator.py
[2024-08-01T04:16:20.661+0000] {logging_mixin.py:188} INFO - [2024-08-01T04:16:20.660+0000] {override.py:1858} INFO - Created Permission View: can edit on DAG:example_dag_decorator
[2024-08-01T04:16:20.674+0000] {logging_mixin.py:188} INFO - [2024-08-01T04:16:20.673+0000] {override.py:1858} INFO - Created Permission View: can delete on DAG:example_dag_decorator
[2024-08-01T04:16:20.683+0000] {logging_mixin.py:188} INFO - [2024-08-01T04:16:20.683+0000] {override.py:1858} INFO - Created Permission View: can read on DAG:example_dag_decorator
[2024-08-01T04:16:20.684+0000] {logging_mixin.py:188} INFO - [2024-08-01T04:16:20.684+0000] {dag.py:3089} INFO - Sync 1 DAGs
[2024-08-01T04:16:20.700+0000] {logging_mixin.py:188} INFO - [2024-08-01T04:16:20.699+0000] {dag.py:3111} INFO - Creating ORM DAG for example_dag_decorator
[2024-08-01T04:16:20.701+0000] {logging_mixin.py:188} INFO - [2024-08-01T04:16:20.701+0000] {dag.py:3947} INFO - Setting next_dagrun for example_dag_decorator to None, run_after=None
[2024-08-01T04:16:20.724+0000] {processor.py:183} INFO - Processing /home/airflow/.local/lib/python3.12/site-packages/airflow/example_dags/example_dag_decorator.py took 0.765 seconds
[2024-08-01T04:16:51.251+0000] {processor.py:161} INFO - Started process (PID=149) to work on /home/airflow/.local/lib/python3.12/site-packages/airflow/example_dags/example_dag_decorator.py
[2024-08-01T04:16:51.252+0000] {processor.py:830} INFO - Processing file /home/airflow/.local/lib/python3.12/site-packages/airflow/example_dags/example_dag_decorator.py for tasks to queue
[2024-08-01T04:16:51.254+0000] {logging_mixin.py:188} INFO - [2024-08-01T04:16:51.254+0000] {dagbag.py:545} INFO - Filling up the DagBag from /home/airflow/.local/lib/python3.12/site-packages/airflow/example_dags/example_dag_decorator.py
[2024-08-01T04:16:51.380+0000] {processor.py:840} INFO - DAG(s) 'example_dag_decorator' retrieved from /home/airflow/.local/lib/python3.12/site-packages/airflow/example_dags/example_dag_decorator.py
[2024-08-01T04:16:51.407+0000] {logging_mixin.py:188} INFO - [2024-08-01T04:16:51.407+0000] {dag.py:3089} INFO - Sync 1 DAGs
[2024-08-01T04:16:51.426+0000] {logging_mixin.py:188} INFO - [2024-08-01T04:16:51.426+0000] {dag.py:3947} INFO - Setting next_dagrun for example_dag_decorator to None, run_after=None
[2024-08-01T04:16:51.453+0000] {processor.py:183} INFO - Processing /home/airflow/.local/lib/python3.12/site-packages/airflow/example_dags/example_dag_decorator.py took 0.208 seconds
[2024-08-01T04:17:21.573+0000] {processor.py:161} INFO - Started process (PID=208) to work on /home/airflow/.local/lib/python3.12/site-packages/airflow/example_dags/example_dag_decorator.py
[2024-08-01T04:17:21.575+0000] {processor.py:830} INFO - Processing file /home/airflow/.local/lib/python3.12/site-packages/airflow/example_dags/example_dag_decorator.py for tasks to queue
[2024-08-01T04:17:21.579+0000] {logging_mixin.py:188} INFO - [2024-08-01T04:17:21.578+0000] {dagbag.py:545} INFO - Filling up the DagBag from /home/airflow/.local/lib/python3.12/site-packages/airflow/example_dags/example_dag_decorator.py
[2024-08-01T04:17:21.727+0000] {processor.py:840} INFO - DAG(s) 'example_dag_decorator' retrieved from /home/airflow/.local/lib/python3.12/site-packages/airflow/example_dags/example_dag_decorator.py
[2024-08-01T04:17:21.897+0000] {logging_mixin.py:188} INFO - [2024-08-01T04:17:21.897+0000] {dag.py:3089} INFO - Sync 1 DAGs
[2024-08-01T04:17:21.912+0000] {logging_mixin.py:188} INFO - [2024-08-01T04:17:21.912+0000] {dag.py:3947} INFO - Setting next_dagrun for example_dag_decorator to None, run_after=None
[2024-08-01T04:17:21.946+0000] {processor.py:183} INFO - Processing /home/airflow/.local/lib/python3.12/site-packages/airflow/example_dags/example_dag_decorator.py took 0.380 seconds
[2024-08-01T04:17:52.121+0000] {processor.py:161} INFO - Started process (PID=267) to work on /home/airflow/.local/lib/python3.12/site-packages/airflow/example_dags/example_dag_decorator.py
[2024-08-01T04:17:52.122+0000] {processor.py:830} INFO - Processing file /home/airflow/.local/lib/python3.12/site-packages/airflow/example_dags/example_dag_decorator.py for tasks to queue
[2024-08-01T04:17:52.124+0000] {logging_mixin.py:188} INFO - [2024-08-01T04:17:52.124+0000] {dagbag.py:545} INFO - Filling up the DagBag from /home/airflow/.local/lib/python3.12/site-packages/airflow/example_dags/example_dag_decorator.py
[2024-08-01T04:17:52.270+0000] {processor.py:840} INFO - DAG(s) 'example_dag_decorator' retrieved from /home/airflow/.local/lib/python3.12/site-packages/airflow/example_dags/example_dag_decorator.py
[2024-08-01T04:17:52.422+0000] {logging_mixin.py:188} INFO - [2024-08-01T04:17:52.422+0000] {dag.py:3089} INFO - Sync 1 DAGs
[2024-08-01T04:17:52.435+0000] {logging_mixin.py:188} INFO - [2024-08-01T04:17:52.435+0000] {dag.py:3947} INFO - Setting next_dagrun for example_dag_decorator to None, run_after=None
[2024-08-01T04:17:52.462+0000] {processor.py:183} INFO - Processing /home/airflow/.local/lib/python3.12/site-packages/airflow/example_dags/example_dag_decorator.py took 0.349 seconds
[2024-08-01T04:18:22.686+0000] {processor.py:161} INFO - Started process (PID=328) to work on /home/airflow/.local/lib/python3.12/site-packages/airflow/example_dags/example_dag_decorator.py
[2024-08-01T04:18:22.687+0000] {processor.py:830} INFO - Processing file /home/airflow/.local/lib/python3.12/site-packages/airflow/example_dags/example_dag_decorator.py for tasks to queue
[2024-08-01T04:18:22.689+0000] {logging_mixin.py:188} INFO - [2024-08-01T04:18:22.689+0000] {dagbag.py:545} INFO - Filling up the DagBag from /home/airflow/.local/lib/python3.12/site-packages/airflow/example_dags/example_dag_decorator.py
[2024-08-01T04:18:22.828+0000] {processor.py:840} INFO - DAG(s) 'example_dag_decorator' retrieved from /home/airflow/.local/lib/python3.12/site-packages/airflow/example_dags/example_dag_decorator.py
[2024-08-01T04:18:22.982+0000] {logging_mixin.py:188} INFO - [2024-08-01T04:18:22.982+0000] {dag.py:3089} INFO - Sync 1 DAGs
[2024-08-01T04:18:23.000+0000] {logging_mixin.py:188} INFO - [2024-08-01T04:18:23.000+0000] {dag.py:3947} INFO - Setting next_dagrun for example_dag_decorator to None, run_after=None
[2024-08-01T04:18:23.090+0000] {processor.py:183} INFO - Processing /home/airflow/.local/lib/python3.12/site-packages/airflow/example_dags/example_dag_decorator.py took 0.411 seconds
[2024-08-01T04:18:53.934+0000] {processor.py:161} INFO - Started process (PID=387) to work on /home/airflow/.local/lib/python3.12/site-packages/airflow/example_dags/example_dag_decorator.py
[2024-08-01T04:18:53.936+0000] {processor.py:830} INFO - Processing file /home/airflow/.local/lib/python3.12/site-packages/airflow/example_dags/example_dag_decorator.py for tasks to queue
[2024-08-01T04:18:53.938+0000] {logging_mixin.py:188} INFO - [2024-08-01T04:18:53.938+0000] {dagbag.py:545} INFO - Filling up the DagBag from /home/airflow/.local/lib/python3.12/site-packages/airflow/example_dags/example_dag_decorator.py
[2024-08-01T04:18:54.091+0000] {processor.py:840} INFO - DAG(s) 'example_dag_decorator' retrieved from /home/airflow/.local/lib/python3.12/site-packages/airflow/example_dags/example_dag_decorator.py
[2024-08-01T04:18:54.245+0000] {logging_mixin.py:188} INFO - [2024-08-01T04:18:54.245+0000] {dag.py:3089} INFO - Sync 1 DAGs
[2024-08-01T04:18:54.261+0000] {logging_mixin.py:188} INFO - [2024-08-01T04:18:54.261+0000] {dag.py:3947} INFO - Setting next_dagrun for example_dag_decorator to None, run_after=None
[2024-08-01T04:18:54.318+0000] {processor.py:183} INFO - Processing /home/airflow/.local/lib/python3.12/site-packages/airflow/example_dags/example_dag_decorator.py took 0.393 seconds
[2024-08-01T04:20:27.604+0000] {processor.py:161} INFO - Started process (PID=85) to work on /home/airflow/.local/lib/python3.12/site-packages/airflow/example_dags/example_dag_decorator.py
[2024-08-01T04:20:27.605+0000] {processor.py:830} INFO - Processing file /home/airflow/.local/lib/python3.12/site-packages/airflow/example_dags/example_dag_decorator.py for tasks to queue
[2024-08-01T04:20:27.607+0000] {logging_mixin.py:188} INFO - [2024-08-01T04:20:27.606+0000] {dagbag.py:545} INFO - Filling up the DagBag from /home/airflow/.local/lib/python3.12/site-packages/airflow/example_dags/example_dag_decorator.py
[2024-08-01T04:20:28.022+0000] {processor.py:840} INFO - DAG(s) 'example_dag_decorator' retrieved from /home/airflow/.local/lib/python3.12/site-packages/airflow/example_dags/example_dag_decorator.py
[2024-08-01T04:20:28.152+0000] {logging_mixin.py:188} INFO - [2024-08-01T04:20:28.151+0000] {dag.py:3089} INFO - Sync 1 DAGs
[2024-08-01T04:20:28.164+0000] {logging_mixin.py:188} INFO - [2024-08-01T04:20:28.164+0000] {dag.py:3947} INFO - Setting next_dagrun for example_dag_decorator to None, run_after=None
[2024-08-01T04:20:28.190+0000] {processor.py:183} INFO - Processing /home/airflow/.local/lib/python3.12/site-packages/airflow/example_dags/example_dag_decorator.py took 0.593 seconds
[2024-08-01T04:20:58.469+0000] {processor.py:161} INFO - Started process (PID=145) to work on /home/airflow/.local/lib/python3.12/site-packages/airflow/example_dags/example_dag_decorator.py
[2024-08-01T04:20:58.470+0000] {processor.py:830} INFO - Processing file /home/airflow/.local/lib/python3.12/site-packages/airflow/example_dags/example_dag_decorator.py for tasks to queue
[2024-08-01T04:20:58.472+0000] {logging_mixin.py:188} INFO - [2024-08-01T04:20:58.471+0000] {dagbag.py:545} INFO - Filling up the DagBag from /home/airflow/.local/lib/python3.12/site-packages/airflow/example_dags/example_dag_decorator.py
[2024-08-01T04:20:58.655+0000] {processor.py:840} INFO - DAG(s) 'example_dag_decorator' retrieved from /home/airflow/.local/lib/python3.12/site-packages/airflow/example_dags/example_dag_decorator.py
[2024-08-01T04:20:58.829+0000] {logging_mixin.py:188} INFO - [2024-08-01T04:20:58.829+0000] {dag.py:3089} INFO - Sync 1 DAGs
[2024-08-01T04:20:58.843+0000] {logging_mixin.py:188} INFO - [2024-08-01T04:20:58.843+0000] {dag.py:3947} INFO - Setting next_dagrun for example_dag_decorator to None, run_after=None
[2024-08-01T04:20:58.871+0000] {processor.py:183} INFO - Processing /home/airflow/.local/lib/python3.12/site-packages/airflow/example_dags/example_dag_decorator.py took 0.411 seconds
[2024-08-01T04:21:29.107+0000] {processor.py:161} INFO - Started process (PID=205) to work on /home/airflow/.local/lib/python3.12/site-packages/airflow/example_dags/example_dag_decorator.py
[2024-08-01T04:21:29.108+0000] {processor.py:830} INFO - Processing file /home/airflow/.local/lib/python3.12/site-packages/airflow/example_dags/example_dag_decorator.py for tasks to queue
[2024-08-01T04:21:29.111+0000] {logging_mixin.py:188} INFO - [2024-08-01T04:21:29.110+0000] {dagbag.py:545} INFO - Filling up the DagBag from /home/airflow/.local/lib/python3.12/site-packages/airflow/example_dags/example_dag_decorator.py
[2024-08-01T04:21:29.248+0000] {processor.py:840} INFO - DAG(s) 'example_dag_decorator' retrieved from /home/airflow/.local/lib/python3.12/site-packages/airflow/example_dags/example_dag_decorator.py
[2024-08-01T04:21:29.395+0000] {logging_mixin.py:188} INFO - [2024-08-01T04:21:29.395+0000] {dag.py:3089} INFO - Sync 1 DAGs
[2024-08-01T04:21:29.410+0000] {logging_mixin.py:188} INFO - [2024-08-01T04:21:29.410+0000] {dag.py:3947} INFO - Setting next_dagrun for example_dag_decorator to None, run_after=None
[2024-08-01T04:21:29.434+0000] {processor.py:183} INFO - Processing /home/airflow/.local/lib/python3.12/site-packages/airflow/example_dags/example_dag_decorator.py took 0.335 seconds
[2024-08-01T04:22:00.194+0000] {processor.py:161} INFO - Started process (PID=265) to work on /home/airflow/.local/lib/python3.12/site-packages/airflow/example_dags/example_dag_decorator.py
[2024-08-01T04:22:00.196+0000] {processor.py:830} INFO - Processing file /home/airflow/.local/lib/python3.12/site-packages/airflow/example_dags/example_dag_decorator.py for tasks to queue
[2024-08-01T04:22:00.198+0000] {logging_mixin.py:188} INFO - [2024-08-01T04:22:00.197+0000] {dagbag.py:545} INFO - Filling up the DagBag from /home/airflow/.local/lib/python3.12/site-packages/airflow/example_dags/example_dag_decorator.py
[2024-08-01T04:22:00.313+0000] {processor.py:840} INFO - DAG(s) 'example_dag_decorator' retrieved from /home/airflow/.local/lib/python3.12/site-packages/airflow/example_dags/example_dag_decorator.py
[2024-08-01T04:22:00.439+0000] {logging_mixin.py:188} INFO - [2024-08-01T04:22:00.439+0000] {dag.py:3089} INFO - Sync 1 DAGs
[2024-08-01T04:22:00.453+0000] {logging_mixin.py:188} INFO - [2024-08-01T04:22:00.453+0000] {dag.py:3947} INFO - Setting next_dagrun for example_dag_decorator to None, run_after=None
[2024-08-01T04:22:00.475+0000] {processor.py:183} INFO - Processing /home/airflow/.local/lib/python3.12/site-packages/airflow/example_dags/example_dag_decorator.py took 0.288 seconds
[2024-08-01T04:22:31.239+0000] {processor.py:161} INFO - Started process (PID=325) to work on /home/airflow/.local/lib/python3.12/site-packages/airflow/example_dags/example_dag_decorator.py
[2024-08-01T04:22:31.240+0000] {processor.py:830} INFO - Processing file /home/airflow/.local/lib/python3.12/site-packages/airflow/example_dags/example_dag_decorator.py for tasks to queue
[2024-08-01T04:22:31.243+0000] {logging_mixin.py:188} INFO - [2024-08-01T04:22:31.242+0000] {dagbag.py:545} INFO - Filling up the DagBag from /home/airflow/.local/lib/python3.12/site-packages/airflow/example_dags/example_dag_decorator.py
[2024-08-01T04:22:31.442+0000] {processor.py:840} INFO - DAG(s) 'example_dag_decorator' retrieved from /home/airflow/.local/lib/python3.12/site-packages/airflow/example_dags/example_dag_decorator.py
[2024-08-01T04:22:31.618+0000] {logging_mixin.py:188} INFO - [2024-08-01T04:22:31.618+0000] {dag.py:3089} INFO - Sync 1 DAGs
[2024-08-01T04:22:31.637+0000] {logging_mixin.py:188} INFO - [2024-08-01T04:22:31.637+0000] {dag.py:3947} INFO - Setting next_dagrun for example_dag_decorator to None, run_after=None
[2024-08-01T04:22:31.669+0000] {processor.py:183} INFO - Processing /home/airflow/.local/lib/python3.12/site-packages/airflow/example_dags/example_dag_decorator.py took 0.439 seconds
[2024-08-01T04:23:01.971+0000] {processor.py:161} INFO - Started process (PID=385) to work on /home/airflow/.local/lib/python3.12/site-packages/airflow/example_dags/example_dag_decorator.py
[2024-08-01T04:23:01.972+0000] {processor.py:830} INFO - Processing file /home/airflow/.local/lib/python3.12/site-packages/airflow/example_dags/example_dag_decorator.py for tasks to queue
[2024-08-01T04:23:01.974+0000] {logging_mixin.py:188} INFO - [2024-08-01T04:23:01.974+0000] {dagbag.py:545} INFO - Filling up the DagBag from /home/airflow/.local/lib/python3.12/site-packages/airflow/example_dags/example_dag_decorator.py
[2024-08-01T04:23:02.127+0000] {processor.py:840} INFO - DAG(s) 'example_dag_decorator' retrieved from /home/airflow/.local/lib/python3.12/site-packages/airflow/example_dags/example_dag_decorator.py
[2024-08-01T04:23:02.269+0000] {logging_mixin.py:188} INFO - [2024-08-01T04:23:02.269+0000] {dag.py:3089} INFO - Sync 1 DAGs
[2024-08-01T04:23:02.284+0000] {logging_mixin.py:188} INFO - [2024-08-01T04:23:02.284+0000] {dag.py:3947} INFO - Setting next_dagrun for example_dag_decorator to None, run_after=None
[2024-08-01T04:23:02.372+0000] {processor.py:183} INFO - Processing /home/airflow/.local/lib/python3.12/site-packages/airflow/example_dags/example_dag_decorator.py took 0.409 seconds
[2024-08-01T04:23:32.445+0000] {processor.py:161} INFO - Started process (PID=446) to work on /home/airflow/.local/lib/python3.12/site-packages/airflow/example_dags/example_dag_decorator.py
[2024-08-01T04:23:32.447+0000] {processor.py:830} INFO - Processing file /home/airflow/.local/lib/python3.12/site-packages/airflow/example_dags/example_dag_decorator.py for tasks to queue
[2024-08-01T04:23:32.451+0000] {logging_mixin.py:188} INFO - [2024-08-01T04:23:32.450+0000] {dagbag.py:545} INFO - Filling up the DagBag from /home/airflow/.local/lib/python3.12/site-packages/airflow/example_dags/example_dag_decorator.py
[2024-08-01T04:23:32.589+0000] {processor.py:840} INFO - DAG(s) 'example_dag_decorator' retrieved from /home/airflow/.local/lib/python3.12/site-packages/airflow/example_dags/example_dag_decorator.py
[2024-08-01T04:23:32.741+0000] {logging_mixin.py:188} INFO - [2024-08-01T04:23:32.741+0000] {dag.py:3089} INFO - Sync 1 DAGs
[2024-08-01T04:23:32.756+0000] {logging_mixin.py:188} INFO - [2024-08-01T04:23:32.756+0000] {dag.py:3947} INFO - Setting next_dagrun for example_dag_decorator to None, run_after=None
[2024-08-01T04:23:32.846+0000] {processor.py:183} INFO - Processing /home/airflow/.local/lib/python3.12/site-packages/airflow/example_dags/example_dag_decorator.py took 0.408 seconds
