[2024-08-01T04:16:16.132+0000] {processor.py:161} INFO - Started process (PID=61) to work on /home/airflow/.local/lib/python3.12/site-packages/airflow/example_dags/example_time_delta_sensor_async.py
[2024-08-01T04:16:16.134+0000] {processor.py:830} INFO - Processing file /home/airflow/.local/lib/python3.12/site-packages/airflow/example_dags/example_time_delta_sensor_async.py for tasks to queue
[2024-08-01T04:16:16.141+0000] {logging_mixin.py:188} INFO - [2024-08-01T04:16:16.140+0000] {dagbag.py:545} INFO - Filling up the DagBag from /home/airflow/.local/lib/python3.12/site-packages/airflow/example_dags/example_time_delta_sensor_async.py
[2024-08-01T04:16:16.151+0000] {processor.py:840} INFO - DAG(s) 'example_time_delta_sensor_async' retrieved from /home/airflow/.local/lib/python3.12/site-packages/airflow/example_dags/example_time_delta_sensor_async.py
[2024-08-01T04:16:16.308+0000] {logging_mixin.py:188} INFO - [2024-08-01T04:16:16.307+0000] {override.py:1858} INFO - Created Permission View: can edit on DAG:example_time_delta_sensor_async
[2024-08-01T04:16:16.323+0000] {logging_mixin.py:188} INFO - [2024-08-01T04:16:16.322+0000] {override.py:1858} INFO - Created Permission View: can delete on DAG:example_time_delta_sensor_async
[2024-08-01T04:16:16.332+0000] {logging_mixin.py:188} INFO - [2024-08-01T04:16:16.331+0000] {override.py:1858} INFO - Created Permission View: can read on DAG:example_time_delta_sensor_async
[2024-08-01T04:16:16.332+0000] {logging_mixin.py:188} INFO - [2024-08-01T04:16:16.332+0000] {dag.py:3089} INFO - Sync 1 DAGs
[2024-08-01T04:16:16.344+0000] {logging_mixin.py:188} INFO - [2024-08-01T04:16:16.344+0000] {dag.py:3111} INFO - Creating ORM DAG for example_time_delta_sensor_async
[2024-08-01T04:16:16.345+0000] {logging_mixin.py:188} INFO - [2024-08-01T04:16:16.345+0000] {dag.py:3947} INFO - Setting next_dagrun for example_time_delta_sensor_async to None, run_after=None
[2024-08-01T04:16:16.367+0000] {processor.py:183} INFO - Processing /home/airflow/.local/lib/python3.12/site-packages/airflow/example_dags/example_time_delta_sensor_async.py took 0.243 seconds
[2024-08-01T04:16:46.423+0000] {processor.py:161} INFO - Started process (PID=120) to work on /home/airflow/.local/lib/python3.12/site-packages/airflow/example_dags/example_time_delta_sensor_async.py
[2024-08-01T04:16:46.424+0000] {processor.py:830} INFO - Processing file /home/airflow/.local/lib/python3.12/site-packages/airflow/example_dags/example_time_delta_sensor_async.py for tasks to queue
[2024-08-01T04:16:46.427+0000] {logging_mixin.py:188} INFO - [2024-08-01T04:16:46.426+0000] {dagbag.py:545} INFO - Filling up the DagBag from /home/airflow/.local/lib/python3.12/site-packages/airflow/example_dags/example_time_delta_sensor_async.py
[2024-08-01T04:16:46.433+0000] {processor.py:840} INFO - DAG(s) 'example_time_delta_sensor_async' retrieved from /home/airflow/.local/lib/python3.12/site-packages/airflow/example_dags/example_time_delta_sensor_async.py
[2024-08-01T04:16:46.462+0000] {logging_mixin.py:188} INFO - [2024-08-01T04:16:46.462+0000] {dag.py:3089} INFO - Sync 1 DAGs
[2024-08-01T04:16:46.482+0000] {logging_mixin.py:188} INFO - [2024-08-01T04:16:46.481+0000] {dag.py:3947} INFO - Setting next_dagrun for example_time_delta_sensor_async to None, run_after=None
[2024-08-01T04:16:46.511+0000] {processor.py:183} INFO - Processing /home/airflow/.local/lib/python3.12/site-packages/airflow/example_dags/example_time_delta_sensor_async.py took 0.095 seconds
[2024-08-01T04:17:16.959+0000] {processor.py:161} INFO - Started process (PID=179) to work on /home/airflow/.local/lib/python3.12/site-packages/airflow/example_dags/example_time_delta_sensor_async.py
[2024-08-01T04:17:16.961+0000] {processor.py:830} INFO - Processing file /home/airflow/.local/lib/python3.12/site-packages/airflow/example_dags/example_time_delta_sensor_async.py for tasks to queue
[2024-08-01T04:17:16.965+0000] {logging_mixin.py:188} INFO - [2024-08-01T04:17:16.964+0000] {dagbag.py:545} INFO - Filling up the DagBag from /home/airflow/.local/lib/python3.12/site-packages/airflow/example_dags/example_time_delta_sensor_async.py
[2024-08-01T04:17:16.970+0000] {processor.py:840} INFO - DAG(s) 'example_time_delta_sensor_async' retrieved from /home/airflow/.local/lib/python3.12/site-packages/airflow/example_dags/example_time_delta_sensor_async.py
[2024-08-01T04:17:16.999+0000] {logging_mixin.py:188} INFO - [2024-08-01T04:17:16.999+0000] {dag.py:3089} INFO - Sync 1 DAGs
[2024-08-01T04:17:17.017+0000] {logging_mixin.py:188} INFO - [2024-08-01T04:17:17.017+0000] {dag.py:3947} INFO - Setting next_dagrun for example_time_delta_sensor_async to None, run_after=None
[2024-08-01T04:17:17.043+0000] {processor.py:183} INFO - Processing /home/airflow/.local/lib/python3.12/site-packages/airflow/example_dags/example_time_delta_sensor_async.py took 0.094 seconds
[2024-08-01T04:17:47.505+0000] {processor.py:161} INFO - Started process (PID=238) to work on /home/airflow/.local/lib/python3.12/site-packages/airflow/example_dags/example_time_delta_sensor_async.py
[2024-08-01T04:17:47.506+0000] {processor.py:830} INFO - Processing file /home/airflow/.local/lib/python3.12/site-packages/airflow/example_dags/example_time_delta_sensor_async.py for tasks to queue
[2024-08-01T04:17:47.509+0000] {logging_mixin.py:188} INFO - [2024-08-01T04:17:47.509+0000] {dagbag.py:545} INFO - Filling up the DagBag from /home/airflow/.local/lib/python3.12/site-packages/airflow/example_dags/example_time_delta_sensor_async.py
[2024-08-01T04:17:47.515+0000] {processor.py:840} INFO - DAG(s) 'example_time_delta_sensor_async' retrieved from /home/airflow/.local/lib/python3.12/site-packages/airflow/example_dags/example_time_delta_sensor_async.py
[2024-08-01T04:17:47.541+0000] {logging_mixin.py:188} INFO - [2024-08-01T04:17:47.541+0000] {dag.py:3089} INFO - Sync 1 DAGs
[2024-08-01T04:17:47.560+0000] {logging_mixin.py:188} INFO - [2024-08-01T04:17:47.559+0000] {dag.py:3947} INFO - Setting next_dagrun for example_time_delta_sensor_async to None, run_after=None
[2024-08-01T04:17:47.652+0000] {processor.py:183} INFO - Processing /home/airflow/.local/lib/python3.12/site-packages/airflow/example_dags/example_time_delta_sensor_async.py took 0.155 seconds
[2024-08-01T04:18:17.866+0000] {processor.py:161} INFO - Started process (PID=297) to work on /home/airflow/.local/lib/python3.12/site-packages/airflow/example_dags/example_time_delta_sensor_async.py
[2024-08-01T04:18:17.867+0000] {processor.py:830} INFO - Processing file /home/airflow/.local/lib/python3.12/site-packages/airflow/example_dags/example_time_delta_sensor_async.py for tasks to queue
[2024-08-01T04:18:17.869+0000] {logging_mixin.py:188} INFO - [2024-08-01T04:18:17.868+0000] {dagbag.py:545} INFO - Filling up the DagBag from /home/airflow/.local/lib/python3.12/site-packages/airflow/example_dags/example_time_delta_sensor_async.py
[2024-08-01T04:18:17.874+0000] {processor.py:840} INFO - DAG(s) 'example_time_delta_sensor_async' retrieved from /home/airflow/.local/lib/python3.12/site-packages/airflow/example_dags/example_time_delta_sensor_async.py
[2024-08-01T04:18:17.898+0000] {logging_mixin.py:188} INFO - [2024-08-01T04:18:17.898+0000] {dag.py:3089} INFO - Sync 1 DAGs
[2024-08-01T04:18:17.917+0000] {logging_mixin.py:188} INFO - [2024-08-01T04:18:17.916+0000] {dag.py:3947} INFO - Setting next_dagrun for example_time_delta_sensor_async to None, run_after=None
[2024-08-01T04:18:18.011+0000] {processor.py:183} INFO - Processing /home/airflow/.local/lib/python3.12/site-packages/airflow/example_dags/example_time_delta_sensor_async.py took 0.153 seconds
[2024-08-01T04:18:48.703+0000] {processor.py:161} INFO - Started process (PID=356) to work on /home/airflow/.local/lib/python3.12/site-packages/airflow/example_dags/example_time_delta_sensor_async.py
[2024-08-01T04:18:48.704+0000] {processor.py:830} INFO - Processing file /home/airflow/.local/lib/python3.12/site-packages/airflow/example_dags/example_time_delta_sensor_async.py for tasks to queue
[2024-08-01T04:18:48.706+0000] {logging_mixin.py:188} INFO - [2024-08-01T04:18:48.706+0000] {dagbag.py:545} INFO - Filling up the DagBag from /home/airflow/.local/lib/python3.12/site-packages/airflow/example_dags/example_time_delta_sensor_async.py
[2024-08-01T04:18:48.712+0000] {processor.py:840} INFO - DAG(s) 'example_time_delta_sensor_async' retrieved from /home/airflow/.local/lib/python3.12/site-packages/airflow/example_dags/example_time_delta_sensor_async.py
[2024-08-01T04:18:48.737+0000] {logging_mixin.py:188} INFO - [2024-08-01T04:18:48.737+0000] {dag.py:3089} INFO - Sync 1 DAGs
[2024-08-01T04:18:48.754+0000] {logging_mixin.py:188} INFO - [2024-08-01T04:18:48.754+0000] {dag.py:3947} INFO - Setting next_dagrun for example_time_delta_sensor_async to None, run_after=None
[2024-08-01T04:18:48.840+0000] {processor.py:183} INFO - Processing /home/airflow/.local/lib/python3.12/site-packages/airflow/example_dags/example_time_delta_sensor_async.py took 0.145 seconds
[2024-08-01T04:19:19.095+0000] {processor.py:161} INFO - Started process (PID=415) to work on /home/airflow/.local/lib/python3.12/site-packages/airflow/example_dags/example_time_delta_sensor_async.py
[2024-08-01T04:19:19.096+0000] {processor.py:830} INFO - Processing file /home/airflow/.local/lib/python3.12/site-packages/airflow/example_dags/example_time_delta_sensor_async.py for tasks to queue
[2024-08-01T04:19:19.098+0000] {logging_mixin.py:188} INFO - [2024-08-01T04:19:19.098+0000] {dagbag.py:545} INFO - Filling up the DagBag from /home/airflow/.local/lib/python3.12/site-packages/airflow/example_dags/example_time_delta_sensor_async.py
[2024-08-01T04:19:19.104+0000] {processor.py:840} INFO - DAG(s) 'example_time_delta_sensor_async' retrieved from /home/airflow/.local/lib/python3.12/site-packages/airflow/example_dags/example_time_delta_sensor_async.py
[2024-08-01T04:19:19.129+0000] {logging_mixin.py:188} INFO - [2024-08-01T04:19:19.128+0000] {dag.py:3089} INFO - Sync 1 DAGs
[2024-08-01T04:19:19.146+0000] {logging_mixin.py:188} INFO - [2024-08-01T04:19:19.146+0000] {dag.py:3947} INFO - Setting next_dagrun for example_time_delta_sensor_async to None, run_after=None
[2024-08-01T04:19:19.234+0000] {processor.py:183} INFO - Processing /home/airflow/.local/lib/python3.12/site-packages/airflow/example_dags/example_time_delta_sensor_async.py took 0.146 seconds
[2024-08-01T04:20:24.144+0000] {processor.py:161} INFO - Started process (PID=62) to work on /home/airflow/.local/lib/python3.12/site-packages/airflow/example_dags/example_time_delta_sensor_async.py
[2024-08-01T04:20:24.145+0000] {processor.py:830} INFO - Processing file /home/airflow/.local/lib/python3.12/site-packages/airflow/example_dags/example_time_delta_sensor_async.py for tasks to queue
[2024-08-01T04:20:24.147+0000] {logging_mixin.py:188} INFO - [2024-08-01T04:20:24.147+0000] {dagbag.py:545} INFO - Filling up the DagBag from /home/airflow/.local/lib/python3.12/site-packages/airflow/example_dags/example_time_delta_sensor_async.py
[2024-08-01T04:20:24.155+0000] {processor.py:840} INFO - DAG(s) 'example_time_delta_sensor_async' retrieved from /home/airflow/.local/lib/python3.12/site-packages/airflow/example_dags/example_time_delta_sensor_async.py
[2024-08-01T04:20:24.300+0000] {logging_mixin.py:188} INFO - [2024-08-01T04:20:24.300+0000] {dag.py:3089} INFO - Sync 1 DAGs
[2024-08-01T04:20:24.312+0000] {logging_mixin.py:188} INFO - [2024-08-01T04:20:24.312+0000] {dag.py:3947} INFO - Setting next_dagrun for example_time_delta_sensor_async to None, run_after=None
[2024-08-01T04:20:24.398+0000] {processor.py:183} INFO - Processing /home/airflow/.local/lib/python3.12/site-packages/airflow/example_dags/example_time_delta_sensor_async.py took 0.261 seconds
[2024-08-01T04:20:54.608+0000] {processor.py:161} INFO - Started process (PID=122) to work on /home/airflow/.local/lib/python3.12/site-packages/airflow/example_dags/example_time_delta_sensor_async.py
[2024-08-01T04:20:54.610+0000] {processor.py:830} INFO - Processing file /home/airflow/.local/lib/python3.12/site-packages/airflow/example_dags/example_time_delta_sensor_async.py for tasks to queue
[2024-08-01T04:20:54.612+0000] {logging_mixin.py:188} INFO - [2024-08-01T04:20:54.612+0000] {dagbag.py:545} INFO - Filling up the DagBag from /home/airflow/.local/lib/python3.12/site-packages/airflow/example_dags/example_time_delta_sensor_async.py
[2024-08-01T04:20:54.618+0000] {processor.py:840} INFO - DAG(s) 'example_time_delta_sensor_async' retrieved from /home/airflow/.local/lib/python3.12/site-packages/airflow/example_dags/example_time_delta_sensor_async.py
[2024-08-01T04:20:54.646+0000] {logging_mixin.py:188} INFO - [2024-08-01T04:20:54.645+0000] {dag.py:3089} INFO - Sync 1 DAGs
[2024-08-01T04:20:54.665+0000] {logging_mixin.py:188} INFO - [2024-08-01T04:20:54.665+0000] {dag.py:3947} INFO - Setting next_dagrun for example_time_delta_sensor_async to None, run_after=None
[2024-08-01T04:20:54.758+0000] {processor.py:183} INFO - Processing /home/airflow/.local/lib/python3.12/site-packages/airflow/example_dags/example_time_delta_sensor_async.py took 0.157 seconds
[2024-08-01T04:21:24.965+0000] {processor.py:161} INFO - Started process (PID=182) to work on /home/airflow/.local/lib/python3.12/site-packages/airflow/example_dags/example_time_delta_sensor_async.py
[2024-08-01T04:21:24.966+0000] {processor.py:830} INFO - Processing file /home/airflow/.local/lib/python3.12/site-packages/airflow/example_dags/example_time_delta_sensor_async.py for tasks to queue
[2024-08-01T04:21:24.969+0000] {logging_mixin.py:188} INFO - [2024-08-01T04:21:24.969+0000] {dagbag.py:545} INFO - Filling up the DagBag from /home/airflow/.local/lib/python3.12/site-packages/airflow/example_dags/example_time_delta_sensor_async.py
[2024-08-01T04:21:24.975+0000] {processor.py:840} INFO - DAG(s) 'example_time_delta_sensor_async' retrieved from /home/airflow/.local/lib/python3.12/site-packages/airflow/example_dags/example_time_delta_sensor_async.py
[2024-08-01T04:21:25.010+0000] {logging_mixin.py:188} INFO - [2024-08-01T04:21:25.010+0000] {dag.py:3089} INFO - Sync 1 DAGs
[2024-08-01T04:21:25.031+0000] {logging_mixin.py:188} INFO - [2024-08-01T04:21:25.030+0000] {dag.py:3947} INFO - Setting next_dagrun for example_time_delta_sensor_async to None, run_after=None
[2024-08-01T04:21:25.061+0000] {processor.py:183} INFO - Processing /home/airflow/.local/lib/python3.12/site-packages/airflow/example_dags/example_time_delta_sensor_async.py took 0.105 seconds
[2024-08-01T04:21:55.179+0000] {processor.py:161} INFO - Started process (PID=242) to work on /home/airflow/.local/lib/python3.12/site-packages/airflow/example_dags/example_time_delta_sensor_async.py
[2024-08-01T04:21:55.181+0000] {processor.py:830} INFO - Processing file /home/airflow/.local/lib/python3.12/site-packages/airflow/example_dags/example_time_delta_sensor_async.py for tasks to queue
[2024-08-01T04:21:55.183+0000] {logging_mixin.py:188} INFO - [2024-08-01T04:21:55.183+0000] {dagbag.py:545} INFO - Filling up the DagBag from /home/airflow/.local/lib/python3.12/site-packages/airflow/example_dags/example_time_delta_sensor_async.py
[2024-08-01T04:21:55.189+0000] {processor.py:840} INFO - DAG(s) 'example_time_delta_sensor_async' retrieved from /home/airflow/.local/lib/python3.12/site-packages/airflow/example_dags/example_time_delta_sensor_async.py
[2024-08-01T04:21:55.213+0000] {logging_mixin.py:188} INFO - [2024-08-01T04:21:55.213+0000] {dag.py:3089} INFO - Sync 1 DAGs
[2024-08-01T04:21:55.234+0000] {logging_mixin.py:188} INFO - [2024-08-01T04:21:55.233+0000] {dag.py:3947} INFO - Setting next_dagrun for example_time_delta_sensor_async to None, run_after=None
[2024-08-01T04:21:55.322+0000] {processor.py:183} INFO - Processing /home/airflow/.local/lib/python3.12/site-packages/airflow/example_dags/example_time_delta_sensor_async.py took 0.149 seconds
[2024-08-01T04:22:26.226+0000] {processor.py:161} INFO - Started process (PID=302) to work on /home/airflow/.local/lib/python3.12/site-packages/airflow/example_dags/example_time_delta_sensor_async.py
[2024-08-01T04:22:26.228+0000] {processor.py:830} INFO - Processing file /home/airflow/.local/lib/python3.12/site-packages/airflow/example_dags/example_time_delta_sensor_async.py for tasks to queue
[2024-08-01T04:22:26.230+0000] {logging_mixin.py:188} INFO - [2024-08-01T04:22:26.229+0000] {dagbag.py:545} INFO - Filling up the DagBag from /home/airflow/.local/lib/python3.12/site-packages/airflow/example_dags/example_time_delta_sensor_async.py
[2024-08-01T04:22:26.235+0000] {processor.py:840} INFO - DAG(s) 'example_time_delta_sensor_async' retrieved from /home/airflow/.local/lib/python3.12/site-packages/airflow/example_dags/example_time_delta_sensor_async.py
[2024-08-01T04:22:26.262+0000] {logging_mixin.py:188} INFO - [2024-08-01T04:22:26.261+0000] {dag.py:3089} INFO - Sync 1 DAGs
[2024-08-01T04:22:26.281+0000] {logging_mixin.py:188} INFO - [2024-08-01T04:22:26.280+0000] {dag.py:3947} INFO - Setting next_dagrun for example_time_delta_sensor_async to None, run_after=None
[2024-08-01T04:22:26.307+0000] {processor.py:183} INFO - Processing /home/airflow/.local/lib/python3.12/site-packages/airflow/example_dags/example_time_delta_sensor_async.py took 0.088 seconds
[2024-08-01T04:22:56.458+0000] {processor.py:161} INFO - Started process (PID=362) to work on /home/airflow/.local/lib/python3.12/site-packages/airflow/example_dags/example_time_delta_sensor_async.py
[2024-08-01T04:22:56.460+0000] {processor.py:830} INFO - Processing file /home/airflow/.local/lib/python3.12/site-packages/airflow/example_dags/example_time_delta_sensor_async.py for tasks to queue
[2024-08-01T04:22:56.463+0000] {logging_mixin.py:188} INFO - [2024-08-01T04:22:56.462+0000] {dagbag.py:545} INFO - Filling up the DagBag from /home/airflow/.local/lib/python3.12/site-packages/airflow/example_dags/example_time_delta_sensor_async.py
[2024-08-01T04:22:56.468+0000] {processor.py:840} INFO - DAG(s) 'example_time_delta_sensor_async' retrieved from /home/airflow/.local/lib/python3.12/site-packages/airflow/example_dags/example_time_delta_sensor_async.py
[2024-08-01T04:22:56.494+0000] {logging_mixin.py:188} INFO - [2024-08-01T04:22:56.494+0000] {dag.py:3089} INFO - Sync 1 DAGs
[2024-08-01T04:22:56.513+0000] {logging_mixin.py:188} INFO - [2024-08-01T04:22:56.513+0000] {dag.py:3947} INFO - Setting next_dagrun for example_time_delta_sensor_async to None, run_after=None
[2024-08-01T04:22:56.606+0000] {processor.py:183} INFO - Processing /home/airflow/.local/lib/python3.12/site-packages/airflow/example_dags/example_time_delta_sensor_async.py took 0.156 seconds
[2024-08-01T04:23:26.756+0000] {processor.py:161} INFO - Started process (PID=422) to work on /home/airflow/.local/lib/python3.12/site-packages/airflow/example_dags/example_time_delta_sensor_async.py
[2024-08-01T04:23:26.758+0000] {processor.py:830} INFO - Processing file /home/airflow/.local/lib/python3.12/site-packages/airflow/example_dags/example_time_delta_sensor_async.py for tasks to queue
[2024-08-01T04:23:26.759+0000] {logging_mixin.py:188} INFO - [2024-08-01T04:23:26.759+0000] {dagbag.py:545} INFO - Filling up the DagBag from /home/airflow/.local/lib/python3.12/site-packages/airflow/example_dags/example_time_delta_sensor_async.py
[2024-08-01T04:23:26.765+0000] {processor.py:840} INFO - DAG(s) 'example_time_delta_sensor_async' retrieved from /home/airflow/.local/lib/python3.12/site-packages/airflow/example_dags/example_time_delta_sensor_async.py
[2024-08-01T04:23:26.790+0000] {logging_mixin.py:188} INFO - [2024-08-01T04:23:26.790+0000] {dag.py:3089} INFO - Sync 1 DAGs
[2024-08-01T04:23:26.808+0000] {logging_mixin.py:188} INFO - [2024-08-01T04:23:26.808+0000] {dag.py:3947} INFO - Setting next_dagrun for example_time_delta_sensor_async to None, run_after=None
[2024-08-01T04:23:26.897+0000] {processor.py:183} INFO - Processing /home/airflow/.local/lib/python3.12/site-packages/airflow/example_dags/example_time_delta_sensor_async.py took 0.148 seconds
