[2024-08-01T04:16:19.812+0000] {processor.py:161} INFO - Started process (PID=89) to work on /home/airflow/.local/lib/python3.12/site-packages/airflow/example_dags/example_bash_decorator.py
[2024-08-01T04:16:19.813+0000] {processor.py:830} INFO - Processing file /home/airflow/.local/lib/python3.12/site-packages/airflow/example_dags/example_bash_decorator.py for tasks to queue
[2024-08-01T04:16:19.815+0000] {logging_mixin.py:188} INFO - [2024-08-01T04:16:19.815+0000] {dagbag.py:545} INFO - Filling up the DagBag from /home/airflow/.local/lib/python3.12/site-packages/airflow/example_dags/example_bash_decorator.py
[2024-08-01T04:16:19.833+0000] {processor.py:840} INFO - DAG(s) 'example_bash_decorator' retrieved from /home/airflow/.local/lib/python3.12/site-packages/airflow/example_dags/example_bash_decorator.py
[2024-08-01T04:16:20.004+0000] {logging_mixin.py:188} INFO - [2024-08-01T04:16:20.003+0000] {override.py:1858} INFO - Created Permission View: can edit on DAG:example_bash_decorator
[2024-08-01T04:16:20.017+0000] {logging_mixin.py:188} INFO - [2024-08-01T04:16:20.017+0000] {override.py:1858} INFO - Created Permission View: can delete on DAG:example_bash_decorator
[2024-08-01T04:16:20.026+0000] {logging_mixin.py:188} INFO - [2024-08-01T04:16:20.026+0000] {override.py:1858} INFO - Created Permission View: can read on DAG:example_bash_decorator
[2024-08-01T04:16:20.027+0000] {logging_mixin.py:188} INFO - [2024-08-01T04:16:20.027+0000] {dag.py:3089} INFO - Sync 1 DAGs
[2024-08-01T04:16:20.044+0000] {logging_mixin.py:188} INFO - [2024-08-01T04:16:20.044+0000] {dag.py:3111} INFO - Creating ORM DAG for example_bash_decorator
[2024-08-01T04:16:20.045+0000] {logging_mixin.py:188} INFO - [2024-08-01T04:16:20.045+0000] {dag.py:3947} INFO - Setting next_dagrun for example_bash_decorator to None, run_after=None
[2024-08-01T04:16:20.066+0000] {processor.py:183} INFO - Processing /home/airflow/.local/lib/python3.12/site-packages/airflow/example_dags/example_bash_decorator.py took 0.264 seconds
[2024-08-01T04:16:50.245+0000] {processor.py:161} INFO - Started process (PID=148) to work on /home/airflow/.local/lib/python3.12/site-packages/airflow/example_dags/example_bash_decorator.py
[2024-08-01T04:16:50.246+0000] {processor.py:830} INFO - Processing file /home/airflow/.local/lib/python3.12/site-packages/airflow/example_dags/example_bash_decorator.py for tasks to queue
[2024-08-01T04:16:50.249+0000] {logging_mixin.py:188} INFO - [2024-08-01T04:16:50.249+0000] {dagbag.py:545} INFO - Filling up the DagBag from /home/airflow/.local/lib/python3.12/site-packages/airflow/example_dags/example_bash_decorator.py
[2024-08-01T04:16:50.269+0000] {processor.py:840} INFO - DAG(s) 'example_bash_decorator' retrieved from /home/airflow/.local/lib/python3.12/site-packages/airflow/example_dags/example_bash_decorator.py
[2024-08-01T04:16:50.314+0000] {logging_mixin.py:188} INFO - [2024-08-01T04:16:50.313+0000] {dag.py:3089} INFO - Sync 1 DAGs
[2024-08-01T04:16:50.334+0000] {logging_mixin.py:188} INFO - [2024-08-01T04:16:50.334+0000] {dag.py:3947} INFO - Setting next_dagrun for example_bash_decorator to None, run_after=None
[2024-08-01T04:16:50.364+0000] {processor.py:183} INFO - Processing /home/airflow/.local/lib/python3.12/site-packages/airflow/example_dags/example_bash_decorator.py took 0.129 seconds
[2024-08-01T04:17:21.365+0000] {processor.py:161} INFO - Started process (PID=207) to work on /home/airflow/.local/lib/python3.12/site-packages/airflow/example_dags/example_bash_decorator.py
[2024-08-01T04:17:21.366+0000] {processor.py:830} INFO - Processing file /home/airflow/.local/lib/python3.12/site-packages/airflow/example_dags/example_bash_decorator.py for tasks to queue
[2024-08-01T04:17:21.368+0000] {logging_mixin.py:188} INFO - [2024-08-01T04:17:21.368+0000] {dagbag.py:545} INFO - Filling up the DagBag from /home/airflow/.local/lib/python3.12/site-packages/airflow/example_dags/example_bash_decorator.py
[2024-08-01T04:17:21.383+0000] {processor.py:840} INFO - DAG(s) 'example_bash_decorator' retrieved from /home/airflow/.local/lib/python3.12/site-packages/airflow/example_dags/example_bash_decorator.py
[2024-08-01T04:17:21.414+0000] {logging_mixin.py:188} INFO - [2024-08-01T04:17:21.413+0000] {dag.py:3089} INFO - Sync 1 DAGs
[2024-08-01T04:17:21.430+0000] {logging_mixin.py:188} INFO - [2024-08-01T04:17:21.430+0000] {dag.py:3947} INFO - Setting next_dagrun for example_bash_decorator to None, run_after=None
[2024-08-01T04:17:21.522+0000] {processor.py:183} INFO - Processing /home/airflow/.local/lib/python3.12/site-packages/airflow/example_dags/example_bash_decorator.py took 0.164 seconds
[2024-08-01T04:17:51.984+0000] {processor.py:161} INFO - Started process (PID=266) to work on /home/airflow/.local/lib/python3.12/site-packages/airflow/example_dags/example_bash_decorator.py
[2024-08-01T04:17:51.985+0000] {processor.py:830} INFO - Processing file /home/airflow/.local/lib/python3.12/site-packages/airflow/example_dags/example_bash_decorator.py for tasks to queue
[2024-08-01T04:17:51.987+0000] {logging_mixin.py:188} INFO - [2024-08-01T04:17:51.986+0000] {dagbag.py:545} INFO - Filling up the DagBag from /home/airflow/.local/lib/python3.12/site-packages/airflow/example_dags/example_bash_decorator.py
[2024-08-01T04:17:52.003+0000] {processor.py:840} INFO - DAG(s) 'example_bash_decorator' retrieved from /home/airflow/.local/lib/python3.12/site-packages/airflow/example_dags/example_bash_decorator.py
[2024-08-01T04:17:52.034+0000] {logging_mixin.py:188} INFO - [2024-08-01T04:17:52.033+0000] {dag.py:3089} INFO - Sync 1 DAGs
[2024-08-01T04:17:52.050+0000] {logging_mixin.py:188} INFO - [2024-08-01T04:17:52.049+0000] {dag.py:3947} INFO - Setting next_dagrun for example_bash_decorator to None, run_after=None
[2024-08-01T04:17:52.074+0000] {processor.py:183} INFO - Processing /home/airflow/.local/lib/python3.12/site-packages/airflow/example_dags/example_bash_decorator.py took 0.097 seconds
[2024-08-01T04:18:22.293+0000] {processor.py:161} INFO - Started process (PID=325) to work on /home/airflow/.local/lib/python3.12/site-packages/airflow/example_dags/example_bash_decorator.py
[2024-08-01T04:18:22.295+0000] {processor.py:830} INFO - Processing file /home/airflow/.local/lib/python3.12/site-packages/airflow/example_dags/example_bash_decorator.py for tasks to queue
[2024-08-01T04:18:22.299+0000] {logging_mixin.py:188} INFO - [2024-08-01T04:18:22.299+0000] {dagbag.py:545} INFO - Filling up the DagBag from /home/airflow/.local/lib/python3.12/site-packages/airflow/example_dags/example_bash_decorator.py
[2024-08-01T04:18:22.319+0000] {processor.py:840} INFO - DAG(s) 'example_bash_decorator' retrieved from /home/airflow/.local/lib/python3.12/site-packages/airflow/example_dags/example_bash_decorator.py
[2024-08-01T04:18:22.367+0000] {logging_mixin.py:188} INFO - [2024-08-01T04:18:22.367+0000] {dag.py:3089} INFO - Sync 1 DAGs
[2024-08-01T04:18:22.414+0000] {logging_mixin.py:188} INFO - [2024-08-01T04:18:22.407+0000] {dag.py:3947} INFO - Setting next_dagrun for example_bash_decorator to None, run_after=None
[2024-08-01T04:18:22.449+0000] {processor.py:183} INFO - Processing /home/airflow/.local/lib/python3.12/site-packages/airflow/example_dags/example_bash_decorator.py took 0.164 seconds
[2024-08-01T04:18:52.769+0000] {processor.py:161} INFO - Started process (PID=384) to work on /home/airflow/.local/lib/python3.12/site-packages/airflow/example_dags/example_bash_decorator.py
[2024-08-01T04:18:52.770+0000] {processor.py:830} INFO - Processing file /home/airflow/.local/lib/python3.12/site-packages/airflow/example_dags/example_bash_decorator.py for tasks to queue
[2024-08-01T04:18:52.772+0000] {logging_mixin.py:188} INFO - [2024-08-01T04:18:52.772+0000] {dagbag.py:545} INFO - Filling up the DagBag from /home/airflow/.local/lib/python3.12/site-packages/airflow/example_dags/example_bash_decorator.py
[2024-08-01T04:18:52.790+0000] {processor.py:840} INFO - DAG(s) 'example_bash_decorator' retrieved from /home/airflow/.local/lib/python3.12/site-packages/airflow/example_dags/example_bash_decorator.py
[2024-08-01T04:18:52.824+0000] {logging_mixin.py:188} INFO - [2024-08-01T04:18:52.823+0000] {dag.py:3089} INFO - Sync 1 DAGs
[2024-08-01T04:18:52.843+0000] {logging_mixin.py:188} INFO - [2024-08-01T04:18:52.843+0000] {dag.py:3947} INFO - Setting next_dagrun for example_bash_decorator to None, run_after=None
[2024-08-01T04:18:52.870+0000] {processor.py:183} INFO - Processing /home/airflow/.local/lib/python3.12/site-packages/airflow/example_dags/example_bash_decorator.py took 0.109 seconds
[2024-08-01T04:19:23.443+0000] {processor.py:161} INFO - Started process (PID=443) to work on /home/airflow/.local/lib/python3.12/site-packages/airflow/example_dags/example_bash_decorator.py
[2024-08-01T04:19:23.444+0000] {processor.py:830} INFO - Processing file /home/airflow/.local/lib/python3.12/site-packages/airflow/example_dags/example_bash_decorator.py for tasks to queue
[2024-08-01T04:19:23.447+0000] {logging_mixin.py:188} INFO - [2024-08-01T04:19:23.446+0000] {dagbag.py:545} INFO - Filling up the DagBag from /home/airflow/.local/lib/python3.12/site-packages/airflow/example_dags/example_bash_decorator.py
[2024-08-01T04:19:23.466+0000] {processor.py:840} INFO - DAG(s) 'example_bash_decorator' retrieved from /home/airflow/.local/lib/python3.12/site-packages/airflow/example_dags/example_bash_decorator.py
[2024-08-01T04:19:23.501+0000] {logging_mixin.py:188} INFO - [2024-08-01T04:19:23.501+0000] {dag.py:3089} INFO - Sync 1 DAGs
[2024-08-01T04:19:23.518+0000] {logging_mixin.py:188} INFO - [2024-08-01T04:19:23.518+0000] {dag.py:3947} INFO - Setting next_dagrun for example_bash_decorator to None, run_after=None
[2024-08-01T04:19:23.611+0000] {processor.py:183} INFO - Processing /home/airflow/.local/lib/python3.12/site-packages/airflow/example_dags/example_bash_decorator.py took 0.177 seconds
[2024-08-01T04:20:27.388+0000] {processor.py:161} INFO - Started process (PID=84) to work on /home/airflow/.local/lib/python3.12/site-packages/airflow/example_dags/example_bash_decorator.py
[2024-08-01T04:20:27.388+0000] {processor.py:830} INFO - Processing file /home/airflow/.local/lib/python3.12/site-packages/airflow/example_dags/example_bash_decorator.py for tasks to queue
[2024-08-01T04:20:27.390+0000] {logging_mixin.py:188} INFO - [2024-08-01T04:20:27.390+0000] {dagbag.py:545} INFO - Filling up the DagBag from /home/airflow/.local/lib/python3.12/site-packages/airflow/example_dags/example_bash_decorator.py
[2024-08-01T04:20:27.404+0000] {processor.py:840} INFO - DAG(s) 'example_bash_decorator' retrieved from /home/airflow/.local/lib/python3.12/site-packages/airflow/example_dags/example_bash_decorator.py
[2024-08-01T04:20:27.527+0000] {logging_mixin.py:188} INFO - [2024-08-01T04:20:27.527+0000] {dag.py:3089} INFO - Sync 1 DAGs
[2024-08-01T04:20:27.541+0000] {logging_mixin.py:188} INFO - [2024-08-01T04:20:27.540+0000] {dag.py:3947} INFO - Setting next_dagrun for example_bash_decorator to None, run_after=None
[2024-08-01T04:20:27.563+0000] {processor.py:183} INFO - Processing /home/airflow/.local/lib/python3.12/site-packages/airflow/example_dags/example_bash_decorator.py took 0.180 seconds
[2024-08-01T04:20:58.467+0000] {processor.py:161} INFO - Started process (PID=144) to work on /home/airflow/.local/lib/python3.12/site-packages/airflow/example_dags/example_bash_decorator.py
[2024-08-01T04:20:58.468+0000] {processor.py:830} INFO - Processing file /home/airflow/.local/lib/python3.12/site-packages/airflow/example_dags/example_bash_decorator.py for tasks to queue
[2024-08-01T04:20:58.471+0000] {logging_mixin.py:188} INFO - [2024-08-01T04:20:58.471+0000] {dagbag.py:545} INFO - Filling up the DagBag from /home/airflow/.local/lib/python3.12/site-packages/airflow/example_dags/example_bash_decorator.py
[2024-08-01T04:20:58.488+0000] {processor.py:840} INFO - DAG(s) 'example_bash_decorator' retrieved from /home/airflow/.local/lib/python3.12/site-packages/airflow/example_dags/example_bash_decorator.py
[2024-08-01T04:20:58.531+0000] {logging_mixin.py:188} INFO - [2024-08-01T04:20:58.531+0000] {dag.py:3089} INFO - Sync 1 DAGs
[2024-08-01T04:20:58.552+0000] {logging_mixin.py:188} INFO - [2024-08-01T04:20:58.551+0000] {dag.py:3947} INFO - Setting next_dagrun for example_bash_decorator to None, run_after=None
[2024-08-01T04:20:58.579+0000] {processor.py:183} INFO - Processing /home/airflow/.local/lib/python3.12/site-packages/airflow/example_dags/example_bash_decorator.py took 0.120 seconds
[2024-08-01T04:21:28.898+0000] {processor.py:161} INFO - Started process (PID=204) to work on /home/airflow/.local/lib/python3.12/site-packages/airflow/example_dags/example_bash_decorator.py
[2024-08-01T04:21:28.899+0000] {processor.py:830} INFO - Processing file /home/airflow/.local/lib/python3.12/site-packages/airflow/example_dags/example_bash_decorator.py for tasks to queue
[2024-08-01T04:21:28.902+0000] {logging_mixin.py:188} INFO - [2024-08-01T04:21:28.901+0000] {dagbag.py:545} INFO - Filling up the DagBag from /home/airflow/.local/lib/python3.12/site-packages/airflow/example_dags/example_bash_decorator.py
[2024-08-01T04:21:28.918+0000] {processor.py:840} INFO - DAG(s) 'example_bash_decorator' retrieved from /home/airflow/.local/lib/python3.12/site-packages/airflow/example_dags/example_bash_decorator.py
[2024-08-01T04:21:28.947+0000] {logging_mixin.py:188} INFO - [2024-08-01T04:21:28.947+0000] {dag.py:3089} INFO - Sync 1 DAGs
[2024-08-01T04:21:28.964+0000] {logging_mixin.py:188} INFO - [2024-08-01T04:21:28.963+0000] {dag.py:3947} INFO - Setting next_dagrun for example_bash_decorator to None, run_after=None
[2024-08-01T04:21:29.052+0000] {processor.py:183} INFO - Processing /home/airflow/.local/lib/python3.12/site-packages/airflow/example_dags/example_bash_decorator.py took 0.160 seconds
[2024-08-01T04:21:59.185+0000] {processor.py:161} INFO - Started process (PID=264) to work on /home/airflow/.local/lib/python3.12/site-packages/airflow/example_dags/example_bash_decorator.py
[2024-08-01T04:21:59.186+0000] {processor.py:830} INFO - Processing file /home/airflow/.local/lib/python3.12/site-packages/airflow/example_dags/example_bash_decorator.py for tasks to queue
[2024-08-01T04:21:59.189+0000] {logging_mixin.py:188} INFO - [2024-08-01T04:21:59.189+0000] {dagbag.py:545} INFO - Filling up the DagBag from /home/airflow/.local/lib/python3.12/site-packages/airflow/example_dags/example_bash_decorator.py
[2024-08-01T04:21:59.210+0000] {processor.py:840} INFO - DAG(s) 'example_bash_decorator' retrieved from /home/airflow/.local/lib/python3.12/site-packages/airflow/example_dags/example_bash_decorator.py
[2024-08-01T04:21:59.250+0000] {logging_mixin.py:188} INFO - [2024-08-01T04:21:59.250+0000] {dag.py:3089} INFO - Sync 1 DAGs
[2024-08-01T04:21:59.267+0000] {logging_mixin.py:188} INFO - [2024-08-01T04:21:59.267+0000] {dag.py:3947} INFO - Setting next_dagrun for example_bash_decorator to None, run_after=None
[2024-08-01T04:21:59.355+0000] {processor.py:183} INFO - Processing /home/airflow/.local/lib/python3.12/site-packages/airflow/example_dags/example_bash_decorator.py took 0.180 seconds
[2024-08-01T04:22:30.219+0000] {processor.py:161} INFO - Started process (PID=324) to work on /home/airflow/.local/lib/python3.12/site-packages/airflow/example_dags/example_bash_decorator.py
[2024-08-01T04:22:30.220+0000] {processor.py:830} INFO - Processing file /home/airflow/.local/lib/python3.12/site-packages/airflow/example_dags/example_bash_decorator.py for tasks to queue
[2024-08-01T04:22:30.222+0000] {logging_mixin.py:188} INFO - [2024-08-01T04:22:30.222+0000] {dagbag.py:545} INFO - Filling up the DagBag from /home/airflow/.local/lib/python3.12/site-packages/airflow/example_dags/example_bash_decorator.py
[2024-08-01T04:22:30.239+0000] {processor.py:840} INFO - DAG(s) 'example_bash_decorator' retrieved from /home/airflow/.local/lib/python3.12/site-packages/airflow/example_dags/example_bash_decorator.py
[2024-08-01T04:22:30.270+0000] {logging_mixin.py:188} INFO - [2024-08-01T04:22:30.269+0000] {dag.py:3089} INFO - Sync 1 DAGs
[2024-08-01T04:22:30.288+0000] {logging_mixin.py:188} INFO - [2024-08-01T04:22:30.288+0000] {dag.py:3947} INFO - Setting next_dagrun for example_bash_decorator to None, run_after=None
[2024-08-01T04:22:30.311+0000] {processor.py:183} INFO - Processing /home/airflow/.local/lib/python3.12/site-packages/airflow/example_dags/example_bash_decorator.py took 0.099 seconds
[2024-08-01T04:23:00.954+0000] {processor.py:161} INFO - Started process (PID=384) to work on /home/airflow/.local/lib/python3.12/site-packages/airflow/example_dags/example_bash_decorator.py
[2024-08-01T04:23:00.955+0000] {processor.py:830} INFO - Processing file /home/airflow/.local/lib/python3.12/site-packages/airflow/example_dags/example_bash_decorator.py for tasks to queue
[2024-08-01T04:23:00.957+0000] {logging_mixin.py:188} INFO - [2024-08-01T04:23:00.957+0000] {dagbag.py:545} INFO - Filling up the DagBag from /home/airflow/.local/lib/python3.12/site-packages/airflow/example_dags/example_bash_decorator.py
[2024-08-01T04:23:00.973+0000] {processor.py:840} INFO - DAG(s) 'example_bash_decorator' retrieved from /home/airflow/.local/lib/python3.12/site-packages/airflow/example_dags/example_bash_decorator.py
[2024-08-01T04:23:01.007+0000] {logging_mixin.py:188} INFO - [2024-08-01T04:23:01.006+0000] {dag.py:3089} INFO - Sync 1 DAGs
[2024-08-01T04:23:01.025+0000] {logging_mixin.py:188} INFO - [2024-08-01T04:23:01.024+0000] {dag.py:3947} INFO - Setting next_dagrun for example_bash_decorator to None, run_after=None
[2024-08-01T04:23:01.110+0000] {processor.py:183} INFO - Processing /home/airflow/.local/lib/python3.12/site-packages/airflow/example_dags/example_bash_decorator.py took 0.164 seconds
[2024-08-01T04:23:31.224+0000] {processor.py:161} INFO - Started process (PID=444) to work on /home/airflow/.local/lib/python3.12/site-packages/airflow/example_dags/example_bash_decorator.py
[2024-08-01T04:23:31.225+0000] {processor.py:830} INFO - Processing file /home/airflow/.local/lib/python3.12/site-packages/airflow/example_dags/example_bash_decorator.py for tasks to queue
[2024-08-01T04:23:31.227+0000] {logging_mixin.py:188} INFO - [2024-08-01T04:23:31.226+0000] {dagbag.py:545} INFO - Filling up the DagBag from /home/airflow/.local/lib/python3.12/site-packages/airflow/example_dags/example_bash_decorator.py
[2024-08-01T04:23:31.246+0000] {processor.py:840} INFO - DAG(s) 'example_bash_decorator' retrieved from /home/airflow/.local/lib/python3.12/site-packages/airflow/example_dags/example_bash_decorator.py
[2024-08-01T04:23:31.277+0000] {logging_mixin.py:188} INFO - [2024-08-01T04:23:31.276+0000] {dag.py:3089} INFO - Sync 1 DAGs
[2024-08-01T04:23:31.294+0000] {logging_mixin.py:188} INFO - [2024-08-01T04:23:31.293+0000] {dag.py:3947} INFO - Setting next_dagrun for example_bash_decorator to None, run_after=None
[2024-08-01T04:23:31.381+0000] {processor.py:183} INFO - Processing /home/airflow/.local/lib/python3.12/site-packages/airflow/example_dags/example_bash_decorator.py took 0.164 seconds
