[2024-08-01T04:16:21.430+0000] {processor.py:161} INFO - Started process (PID=98) to work on /home/airflow/.local/lib/python3.12/site-packages/airflow/example_dags/example_xcomargs.py
[2024-08-01T04:16:21.432+0000] {processor.py:830} INFO - Processing file /home/airflow/.local/lib/python3.12/site-packages/airflow/example_dags/example_xcomargs.py for tasks to queue
[2024-08-01T04:16:21.434+0000] {logging_mixin.py:188} INFO - [2024-08-01T04:16:21.433+0000] {dagbag.py:545} INFO - Filling up the DagBag from /home/airflow/.local/lib/python3.12/site-packages/airflow/example_dags/example_xcomargs.py
[2024-08-01T04:16:21.448+0000] {processor.py:840} INFO - DAG(s) 'example_xcom_args', 'example_xcom_args_with_operators' retrieved from /home/airflow/.local/lib/python3.12/site-packages/airflow/example_dags/example_xcomargs.py
[2024-08-01T04:16:21.603+0000] {logging_mixin.py:188} INFO - [2024-08-01T04:16:21.602+0000] {override.py:1858} INFO - Created Permission View: can edit on DAG:example_xcom_args
[2024-08-01T04:16:21.618+0000] {logging_mixin.py:188} INFO - [2024-08-01T04:16:21.617+0000] {override.py:1858} INFO - Created Permission View: can delete on DAG:example_xcom_args
[2024-08-01T04:16:21.628+0000] {logging_mixin.py:188} INFO - [2024-08-01T04:16:21.628+0000] {override.py:1858} INFO - Created Permission View: can read on DAG:example_xcom_args
[2024-08-01T04:16:21.650+0000] {logging_mixin.py:188} INFO - [2024-08-01T04:16:21.650+0000] {override.py:1858} INFO - Created Permission View: can edit on DAG:example_xcom_args_with_operators
[2024-08-01T04:16:21.661+0000] {logging_mixin.py:188} INFO - [2024-08-01T04:16:21.660+0000] {override.py:1858} INFO - Created Permission View: can delete on DAG:example_xcom_args_with_operators
[2024-08-01T04:16:21.671+0000] {logging_mixin.py:188} INFO - [2024-08-01T04:16:21.671+0000] {override.py:1858} INFO - Created Permission View: can read on DAG:example_xcom_args_with_operators
[2024-08-01T04:16:21.672+0000] {logging_mixin.py:188} INFO - [2024-08-01T04:16:21.672+0000] {dag.py:3089} INFO - Sync 2 DAGs
[2024-08-01T04:16:21.692+0000] {logging_mixin.py:188} INFO - [2024-08-01T04:16:21.692+0000] {dag.py:3111} INFO - Creating ORM DAG for example_xcom_args_with_operators
[2024-08-01T04:16:21.694+0000] {logging_mixin.py:188} INFO - [2024-08-01T04:16:21.693+0000] {dag.py:3111} INFO - Creating ORM DAG for example_xcom_args
[2024-08-01T04:16:21.695+0000] {logging_mixin.py:188} INFO - [2024-08-01T04:16:21.695+0000] {dag.py:3947} INFO - Setting next_dagrun for example_xcom_args to None, run_after=None
[2024-08-01T04:16:21.696+0000] {logging_mixin.py:188} INFO - [2024-08-01T04:16:21.696+0000] {dag.py:3947} INFO - Setting next_dagrun for example_xcom_args_with_operators to None, run_after=None
[2024-08-01T04:16:21.724+0000] {processor.py:183} INFO - Processing /home/airflow/.local/lib/python3.12/site-packages/airflow/example_dags/example_xcomargs.py took 0.301 seconds
[2024-08-01T04:16:51.808+0000] {processor.py:161} INFO - Started process (PID=157) to work on /home/airflow/.local/lib/python3.12/site-packages/airflow/example_dags/example_xcomargs.py
[2024-08-01T04:16:51.809+0000] {processor.py:830} INFO - Processing file /home/airflow/.local/lib/python3.12/site-packages/airflow/example_dags/example_xcomargs.py for tasks to queue
[2024-08-01T04:16:51.811+0000] {logging_mixin.py:188} INFO - [2024-08-01T04:16:51.811+0000] {dagbag.py:545} INFO - Filling up the DagBag from /home/airflow/.local/lib/python3.12/site-packages/airflow/example_dags/example_xcomargs.py
[2024-08-01T04:16:51.819+0000] {processor.py:840} INFO - DAG(s) 'example_xcom_args_with_operators', 'example_xcom_args' retrieved from /home/airflow/.local/lib/python3.12/site-packages/airflow/example_dags/example_xcomargs.py
[2024-08-01T04:16:51.844+0000] {logging_mixin.py:188} INFO - [2024-08-01T04:16:51.844+0000] {dag.py:3089} INFO - Sync 2 DAGs
[2024-08-01T04:16:51.860+0000] {logging_mixin.py:188} INFO - [2024-08-01T04:16:51.859+0000] {dag.py:3947} INFO - Setting next_dagrun for example_xcom_args to None, run_after=None
[2024-08-01T04:16:51.865+0000] {logging_mixin.py:188} INFO - [2024-08-01T04:16:51.864+0000] {dag.py:3947} INFO - Setting next_dagrun for example_xcom_args_with_operators to None, run_after=None
[2024-08-01T04:16:51.883+0000] {processor.py:183} INFO - Processing /home/airflow/.local/lib/python3.12/site-packages/airflow/example_dags/example_xcomargs.py took 0.080 seconds
[2024-08-01T04:17:22.491+0000] {processor.py:161} INFO - Started process (PID=216) to work on /home/airflow/.local/lib/python3.12/site-packages/airflow/example_dags/example_xcomargs.py
[2024-08-01T04:17:22.492+0000] {processor.py:830} INFO - Processing file /home/airflow/.local/lib/python3.12/site-packages/airflow/example_dags/example_xcomargs.py for tasks to queue
[2024-08-01T04:17:22.494+0000] {logging_mixin.py:188} INFO - [2024-08-01T04:17:22.494+0000] {dagbag.py:545} INFO - Filling up the DagBag from /home/airflow/.local/lib/python3.12/site-packages/airflow/example_dags/example_xcomargs.py
[2024-08-01T04:17:22.508+0000] {processor.py:840} INFO - DAG(s) 'example_xcom_args', 'example_xcom_args_with_operators' retrieved from /home/airflow/.local/lib/python3.12/site-packages/airflow/example_dags/example_xcomargs.py
[2024-08-01T04:17:22.544+0000] {logging_mixin.py:188} INFO - [2024-08-01T04:17:22.544+0000] {dag.py:3089} INFO - Sync 2 DAGs
[2024-08-01T04:17:22.565+0000] {logging_mixin.py:188} INFO - [2024-08-01T04:17:22.564+0000] {dag.py:3947} INFO - Setting next_dagrun for example_xcom_args to None, run_after=None
[2024-08-01T04:17:22.570+0000] {logging_mixin.py:188} INFO - [2024-08-01T04:17:22.570+0000] {dag.py:3947} INFO - Setting next_dagrun for example_xcom_args_with_operators to None, run_after=None
[2024-08-01T04:17:22.660+0000] {processor.py:183} INFO - Processing /home/airflow/.local/lib/python3.12/site-packages/airflow/example_dags/example_xcomargs.py took 0.176 seconds
[2024-08-01T04:17:52.998+0000] {processor.py:161} INFO - Started process (PID=275) to work on /home/airflow/.local/lib/python3.12/site-packages/airflow/example_dags/example_xcomargs.py
[2024-08-01T04:17:52.999+0000] {processor.py:830} INFO - Processing file /home/airflow/.local/lib/python3.12/site-packages/airflow/example_dags/example_xcomargs.py for tasks to queue
[2024-08-01T04:17:53.001+0000] {logging_mixin.py:188} INFO - [2024-08-01T04:17:53.001+0000] {dagbag.py:545} INFO - Filling up the DagBag from /home/airflow/.local/lib/python3.12/site-packages/airflow/example_dags/example_xcomargs.py
[2024-08-01T04:17:53.011+0000] {processor.py:840} INFO - DAG(s) 'example_xcom_args_with_operators', 'example_xcom_args' retrieved from /home/airflow/.local/lib/python3.12/site-packages/airflow/example_dags/example_xcomargs.py
[2024-08-01T04:17:53.037+0000] {logging_mixin.py:188} INFO - [2024-08-01T04:17:53.037+0000] {dag.py:3089} INFO - Sync 2 DAGs
[2024-08-01T04:17:53.051+0000] {logging_mixin.py:188} INFO - [2024-08-01T04:17:53.051+0000] {dag.py:3947} INFO - Setting next_dagrun for example_xcom_args to None, run_after=None
[2024-08-01T04:17:53.056+0000] {logging_mixin.py:188} INFO - [2024-08-01T04:17:53.055+0000] {dag.py:3947} INFO - Setting next_dagrun for example_xcom_args_with_operators to None, run_after=None
[2024-08-01T04:17:53.138+0000] {processor.py:183} INFO - Processing /home/airflow/.local/lib/python3.12/site-packages/airflow/example_dags/example_xcomargs.py took 0.145 seconds
[2024-08-01T04:18:23.782+0000] {processor.py:161} INFO - Started process (PID=334) to work on /home/airflow/.local/lib/python3.12/site-packages/airflow/example_dags/example_xcomargs.py
[2024-08-01T04:18:23.783+0000] {processor.py:830} INFO - Processing file /home/airflow/.local/lib/python3.12/site-packages/airflow/example_dags/example_xcomargs.py for tasks to queue
[2024-08-01T04:18:23.786+0000] {logging_mixin.py:188} INFO - [2024-08-01T04:18:23.786+0000] {dagbag.py:545} INFO - Filling up the DagBag from /home/airflow/.local/lib/python3.12/site-packages/airflow/example_dags/example_xcomargs.py
[2024-08-01T04:18:23.801+0000] {processor.py:840} INFO - DAG(s) 'example_xcom_args', 'example_xcom_args_with_operators' retrieved from /home/airflow/.local/lib/python3.12/site-packages/airflow/example_dags/example_xcomargs.py
[2024-08-01T04:18:23.836+0000] {logging_mixin.py:188} INFO - [2024-08-01T04:18:23.836+0000] {dag.py:3089} INFO - Sync 2 DAGs
[2024-08-01T04:18:23.857+0000] {logging_mixin.py:188} INFO - [2024-08-01T04:18:23.857+0000] {dag.py:3947} INFO - Setting next_dagrun for example_xcom_args to None, run_after=None
[2024-08-01T04:18:23.863+0000] {logging_mixin.py:188} INFO - [2024-08-01T04:18:23.863+0000] {dag.py:3947} INFO - Setting next_dagrun for example_xcom_args_with_operators to None, run_after=None
[2024-08-01T04:18:23.963+0000] {processor.py:183} INFO - Processing /home/airflow/.local/lib/python3.12/site-packages/airflow/example_dags/example_xcomargs.py took 0.189 seconds
[2024-08-01T04:18:54.775+0000] {processor.py:161} INFO - Started process (PID=393) to work on /home/airflow/.local/lib/python3.12/site-packages/airflow/example_dags/example_xcomargs.py
[2024-08-01T04:18:54.776+0000] {processor.py:830} INFO - Processing file /home/airflow/.local/lib/python3.12/site-packages/airflow/example_dags/example_xcomargs.py for tasks to queue
[2024-08-01T04:18:54.778+0000] {logging_mixin.py:188} INFO - [2024-08-01T04:18:54.778+0000] {dagbag.py:545} INFO - Filling up the DagBag from /home/airflow/.local/lib/python3.12/site-packages/airflow/example_dags/example_xcomargs.py
[2024-08-01T04:18:54.788+0000] {processor.py:840} INFO - DAG(s) 'example_xcom_args', 'example_xcom_args_with_operators' retrieved from /home/airflow/.local/lib/python3.12/site-packages/airflow/example_dags/example_xcomargs.py
[2024-08-01T04:18:54.820+0000] {logging_mixin.py:188} INFO - [2024-08-01T04:18:54.820+0000] {dag.py:3089} INFO - Sync 2 DAGs
[2024-08-01T04:18:54.839+0000] {logging_mixin.py:188} INFO - [2024-08-01T04:18:54.839+0000] {dag.py:3947} INFO - Setting next_dagrun for example_xcom_args to None, run_after=None
[2024-08-01T04:18:54.845+0000] {logging_mixin.py:188} INFO - [2024-08-01T04:18:54.844+0000] {dag.py:3947} INFO - Setting next_dagrun for example_xcom_args_with_operators to None, run_after=None
[2024-08-01T04:18:54.931+0000] {processor.py:183} INFO - Processing /home/airflow/.local/lib/python3.12/site-packages/airflow/example_dags/example_xcomargs.py took 0.163 seconds
[2024-08-01T04:20:28.781+0000] {processor.py:161} INFO - Started process (PID=93) to work on /home/airflow/.local/lib/python3.12/site-packages/airflow/example_dags/example_xcomargs.py
[2024-08-01T04:20:28.782+0000] {processor.py:830} INFO - Processing file /home/airflow/.local/lib/python3.12/site-packages/airflow/example_dags/example_xcomargs.py for tasks to queue
[2024-08-01T04:20:28.784+0000] {logging_mixin.py:188} INFO - [2024-08-01T04:20:28.783+0000] {dagbag.py:545} INFO - Filling up the DagBag from /home/airflow/.local/lib/python3.12/site-packages/airflow/example_dags/example_xcomargs.py
[2024-08-01T04:20:28.792+0000] {processor.py:840} INFO - DAG(s) 'example_xcom_args', 'example_xcom_args_with_operators' retrieved from /home/airflow/.local/lib/python3.12/site-packages/airflow/example_dags/example_xcomargs.py
[2024-08-01T04:20:28.920+0000] {logging_mixin.py:188} INFO - [2024-08-01T04:20:28.919+0000] {dag.py:3089} INFO - Sync 2 DAGs
[2024-08-01T04:20:28.937+0000] {logging_mixin.py:188} INFO - [2024-08-01T04:20:28.937+0000] {dag.py:3947} INFO - Setting next_dagrun for example_xcom_args to None, run_after=None
[2024-08-01T04:20:28.941+0000] {logging_mixin.py:188} INFO - [2024-08-01T04:20:28.941+0000] {dag.py:3947} INFO - Setting next_dagrun for example_xcom_args_with_operators to None, run_after=None
[2024-08-01T04:20:29.002+0000] {processor.py:183} INFO - Processing /home/airflow/.local/lib/python3.12/site-packages/airflow/example_dags/example_xcomargs.py took 0.226 seconds
[2024-08-01T04:20:59.251+0000] {processor.py:161} INFO - Started process (PID=153) to work on /home/airflow/.local/lib/python3.12/site-packages/airflow/example_dags/example_xcomargs.py
[2024-08-01T04:20:59.252+0000] {processor.py:830} INFO - Processing file /home/airflow/.local/lib/python3.12/site-packages/airflow/example_dags/example_xcomargs.py for tasks to queue
[2024-08-01T04:20:59.254+0000] {logging_mixin.py:188} INFO - [2024-08-01T04:20:59.254+0000] {dagbag.py:545} INFO - Filling up the DagBag from /home/airflow/.local/lib/python3.12/site-packages/airflow/example_dags/example_xcomargs.py
[2024-08-01T04:20:59.264+0000] {processor.py:840} INFO - DAG(s) 'example_xcom_args', 'example_xcom_args_with_operators' retrieved from /home/airflow/.local/lib/python3.12/site-packages/airflow/example_dags/example_xcomargs.py
[2024-08-01T04:20:59.296+0000] {logging_mixin.py:188} INFO - [2024-08-01T04:20:59.296+0000] {dag.py:3089} INFO - Sync 2 DAGs
[2024-08-01T04:20:59.313+0000] {logging_mixin.py:188} INFO - [2024-08-01T04:20:59.313+0000] {dag.py:3947} INFO - Setting next_dagrun for example_xcom_args to None, run_after=None
[2024-08-01T04:20:59.318+0000] {logging_mixin.py:188} INFO - [2024-08-01T04:20:59.318+0000] {dag.py:3947} INFO - Setting next_dagrun for example_xcom_args_with_operators to None, run_after=None
[2024-08-01T04:20:59.341+0000] {processor.py:183} INFO - Processing /home/airflow/.local/lib/python3.12/site-packages/airflow/example_dags/example_xcomargs.py took 0.098 seconds
[2024-08-01T04:21:30.247+0000] {processor.py:161} INFO - Started process (PID=213) to work on /home/airflow/.local/lib/python3.12/site-packages/airflow/example_dags/example_xcomargs.py
[2024-08-01T04:21:30.248+0000] {processor.py:830} INFO - Processing file /home/airflow/.local/lib/python3.12/site-packages/airflow/example_dags/example_xcomargs.py for tasks to queue
[2024-08-01T04:21:30.250+0000] {logging_mixin.py:188} INFO - [2024-08-01T04:21:30.250+0000] {dagbag.py:545} INFO - Filling up the DagBag from /home/airflow/.local/lib/python3.12/site-packages/airflow/example_dags/example_xcomargs.py
[2024-08-01T04:21:30.262+0000] {processor.py:840} INFO - DAG(s) 'example_xcom_args_with_operators', 'example_xcom_args' retrieved from /home/airflow/.local/lib/python3.12/site-packages/airflow/example_dags/example_xcomargs.py
[2024-08-01T04:21:30.292+0000] {logging_mixin.py:188} INFO - [2024-08-01T04:21:30.292+0000] {dag.py:3089} INFO - Sync 2 DAGs
[2024-08-01T04:21:30.311+0000] {logging_mixin.py:188} INFO - [2024-08-01T04:21:30.311+0000] {dag.py:3947} INFO - Setting next_dagrun for example_xcom_args to None, run_after=None
[2024-08-01T04:21:30.316+0000] {logging_mixin.py:188} INFO - [2024-08-01T04:21:30.316+0000] {dag.py:3947} INFO - Setting next_dagrun for example_xcom_args_with_operators to None, run_after=None
[2024-08-01T04:21:30.337+0000] {processor.py:183} INFO - Processing /home/airflow/.local/lib/python3.12/site-packages/airflow/example_dags/example_xcomargs.py took 0.097 seconds
[2024-08-01T04:22:00.741+0000] {processor.py:161} INFO - Started process (PID=273) to work on /home/airflow/.local/lib/python3.12/site-packages/airflow/example_dags/example_xcomargs.py
[2024-08-01T04:22:00.742+0000] {processor.py:830} INFO - Processing file /home/airflow/.local/lib/python3.12/site-packages/airflow/example_dags/example_xcomargs.py for tasks to queue
[2024-08-01T04:22:00.744+0000] {logging_mixin.py:188} INFO - [2024-08-01T04:22:00.744+0000] {dagbag.py:545} INFO - Filling up the DagBag from /home/airflow/.local/lib/python3.12/site-packages/airflow/example_dags/example_xcomargs.py
[2024-08-01T04:22:00.753+0000] {processor.py:840} INFO - DAG(s) 'example_xcom_args_with_operators', 'example_xcom_args' retrieved from /home/airflow/.local/lib/python3.12/site-packages/airflow/example_dags/example_xcomargs.py
[2024-08-01T04:22:00.777+0000] {logging_mixin.py:188} INFO - [2024-08-01T04:22:00.777+0000] {dag.py:3089} INFO - Sync 2 DAGs
[2024-08-01T04:22:00.793+0000] {logging_mixin.py:188} INFO - [2024-08-01T04:22:00.792+0000] {dag.py:3947} INFO - Setting next_dagrun for example_xcom_args to None, run_after=None
[2024-08-01T04:22:00.798+0000] {logging_mixin.py:188} INFO - [2024-08-01T04:22:00.797+0000] {dag.py:3947} INFO - Setting next_dagrun for example_xcom_args_with_operators to None, run_after=None
[2024-08-01T04:22:00.817+0000] {processor.py:183} INFO - Processing /home/airflow/.local/lib/python3.12/site-packages/airflow/example_dags/example_xcomargs.py took 0.082 seconds
[2024-08-01T04:22:32.329+0000] {processor.py:161} INFO - Started process (PID=333) to work on /home/airflow/.local/lib/python3.12/site-packages/airflow/example_dags/example_xcomargs.py
[2024-08-01T04:22:32.330+0000] {processor.py:830} INFO - Processing file /home/airflow/.local/lib/python3.12/site-packages/airflow/example_dags/example_xcomargs.py for tasks to queue
[2024-08-01T04:22:32.333+0000] {logging_mixin.py:188} INFO - [2024-08-01T04:22:32.333+0000] {dagbag.py:545} INFO - Filling up the DagBag from /home/airflow/.local/lib/python3.12/site-packages/airflow/example_dags/example_xcomargs.py
[2024-08-01T04:22:32.344+0000] {processor.py:840} INFO - DAG(s) 'example_xcom_args', 'example_xcom_args_with_operators' retrieved from /home/airflow/.local/lib/python3.12/site-packages/airflow/example_dags/example_xcomargs.py
[2024-08-01T04:22:32.377+0000] {logging_mixin.py:188} INFO - [2024-08-01T04:22:32.377+0000] {dag.py:3089} INFO - Sync 2 DAGs
[2024-08-01T04:22:32.396+0000] {logging_mixin.py:188} INFO - [2024-08-01T04:22:32.396+0000] {dag.py:3947} INFO - Setting next_dagrun for example_xcom_args to None, run_after=None
[2024-08-01T04:22:32.402+0000] {logging_mixin.py:188} INFO - [2024-08-01T04:22:32.402+0000] {dag.py:3947} INFO - Setting next_dagrun for example_xcom_args_with_operators to None, run_after=None
[2024-08-01T04:22:32.488+0000] {processor.py:183} INFO - Processing /home/airflow/.local/lib/python3.12/site-packages/airflow/example_dags/example_xcomargs.py took 0.169 seconds
[2024-08-01T04:23:02.972+0000] {processor.py:161} INFO - Started process (PID=393) to work on /home/airflow/.local/lib/python3.12/site-packages/airflow/example_dags/example_xcomargs.py
[2024-08-01T04:23:02.974+0000] {processor.py:830} INFO - Processing file /home/airflow/.local/lib/python3.12/site-packages/airflow/example_dags/example_xcomargs.py for tasks to queue
[2024-08-01T04:23:02.976+0000] {logging_mixin.py:188} INFO - [2024-08-01T04:23:02.975+0000] {dagbag.py:545} INFO - Filling up the DagBag from /home/airflow/.local/lib/python3.12/site-packages/airflow/example_dags/example_xcomargs.py
[2024-08-01T04:23:02.987+0000] {processor.py:840} INFO - DAG(s) 'example_xcom_args', 'example_xcom_args_with_operators' retrieved from /home/airflow/.local/lib/python3.12/site-packages/airflow/example_dags/example_xcomargs.py
[2024-08-01T04:23:03.018+0000] {logging_mixin.py:188} INFO - [2024-08-01T04:23:03.018+0000] {dag.py:3089} INFO - Sync 2 DAGs
[2024-08-01T04:23:03.035+0000] {logging_mixin.py:188} INFO - [2024-08-01T04:23:03.035+0000] {dag.py:3947} INFO - Setting next_dagrun for example_xcom_args to None, run_after=None
[2024-08-01T04:23:03.040+0000] {logging_mixin.py:188} INFO - [2024-08-01T04:23:03.040+0000] {dag.py:3947} INFO - Setting next_dagrun for example_xcom_args_with_operators to None, run_after=None
[2024-08-01T04:23:03.062+0000] {processor.py:183} INFO - Processing /home/airflow/.local/lib/python3.12/site-packages/airflow/example_dags/example_xcomargs.py took 0.097 seconds
[2024-08-01T04:23:33.469+0000] {processor.py:161} INFO - Started process (PID=453) to work on /home/airflow/.local/lib/python3.12/site-packages/airflow/example_dags/example_xcomargs.py
[2024-08-01T04:23:33.471+0000] {processor.py:830} INFO - Processing file /home/airflow/.local/lib/python3.12/site-packages/airflow/example_dags/example_xcomargs.py for tasks to queue
[2024-08-01T04:23:33.473+0000] {logging_mixin.py:188} INFO - [2024-08-01T04:23:33.472+0000] {dagbag.py:545} INFO - Filling up the DagBag from /home/airflow/.local/lib/python3.12/site-packages/airflow/example_dags/example_xcomargs.py
[2024-08-01T04:23:33.483+0000] {processor.py:840} INFO - DAG(s) 'example_xcom_args', 'example_xcom_args_with_operators' retrieved from /home/airflow/.local/lib/python3.12/site-packages/airflow/example_dags/example_xcomargs.py
[2024-08-01T04:23:33.512+0000] {logging_mixin.py:188} INFO - [2024-08-01T04:23:33.512+0000] {dag.py:3089} INFO - Sync 2 DAGs
[2024-08-01T04:23:33.531+0000] {logging_mixin.py:188} INFO - [2024-08-01T04:23:33.531+0000] {dag.py:3947} INFO - Setting next_dagrun for example_xcom_args to None, run_after=None
[2024-08-01T04:23:33.537+0000] {logging_mixin.py:188} INFO - [2024-08-01T04:23:33.537+0000] {dag.py:3947} INFO - Setting next_dagrun for example_xcom_args_with_operators to None, run_after=None
[2024-08-01T04:23:33.560+0000] {processor.py:183} INFO - Processing /home/airflow/.local/lib/python3.12/site-packages/airflow/example_dags/example_xcomargs.py took 0.098 seconds
