[2024-08-01T04:16:21.100+0000] {processor.py:161} INFO - Started process (PID=96) to work on /home/airflow/.local/lib/python3.12/site-packages/airflow/example_dags/example_branch_python_dop_operator_3.py
[2024-08-01T04:16:21.101+0000] {processor.py:830} INFO - Processing file /home/airflow/.local/lib/python3.12/site-packages/airflow/example_dags/example_branch_python_dop_operator_3.py for tasks to queue
[2024-08-01T04:16:21.104+0000] {logging_mixin.py:188} INFO - [2024-08-01T04:16:21.103+0000] {dagbag.py:545} INFO - Filling up the DagBag from /home/airflow/.local/lib/python3.12/site-packages/airflow/example_dags/example_branch_python_dop_operator_3.py
[2024-08-01T04:16:21.121+0000] {processor.py:840} INFO - DAG(s) 'example_branch_dop_operator_v3' retrieved from /home/airflow/.local/lib/python3.12/site-packages/airflow/example_dags/example_branch_python_dop_operator_3.py
[2024-08-01T04:16:21.307+0000] {logging_mixin.py:188} INFO - [2024-08-01T04:16:21.306+0000] {override.py:1858} INFO - Created Permission View: can edit on DAG:example_branch_dop_operator_v3
[2024-08-01T04:16:21.321+0000] {logging_mixin.py:188} INFO - [2024-08-01T04:16:21.321+0000] {override.py:1858} INFO - Created Permission View: can delete on DAG:example_branch_dop_operator_v3
[2024-08-01T04:16:21.329+0000] {logging_mixin.py:188} INFO - [2024-08-01T04:16:21.329+0000] {override.py:1858} INFO - Created Permission View: can read on DAG:example_branch_dop_operator_v3
[2024-08-01T04:16:21.330+0000] {logging_mixin.py:188} INFO - [2024-08-01T04:16:21.330+0000] {dag.py:3089} INFO - Sync 1 DAGs
[2024-08-01T04:16:21.348+0000] {logging_mixin.py:188} INFO - [2024-08-01T04:16:21.347+0000] {dag.py:3111} INFO - Creating ORM DAG for example_branch_dop_operator_v3
[2024-08-01T04:16:21.367+0000] {logging_mixin.py:188} INFO - [2024-08-01T04:16:21.367+0000] {dag.py:3947} INFO - Setting next_dagrun for example_branch_dop_operator_v3 to 2024-08-01 04:15:00+00:00, run_after=2024-08-01 04:16:00+00:00
[2024-08-01T04:16:21.389+0000] {processor.py:183} INFO - Processing /home/airflow/.local/lib/python3.12/site-packages/airflow/example_dags/example_branch_python_dop_operator_3.py took 0.298 seconds
[2024-08-01T04:16:51.694+0000] {processor.py:161} INFO - Started process (PID=155) to work on /home/airflow/.local/lib/python3.12/site-packages/airflow/example_dags/example_branch_python_dop_operator_3.py
[2024-08-01T04:16:51.695+0000] {processor.py:830} INFO - Processing file /home/airflow/.local/lib/python3.12/site-packages/airflow/example_dags/example_branch_python_dop_operator_3.py for tasks to queue
[2024-08-01T04:16:51.697+0000] {logging_mixin.py:188} INFO - [2024-08-01T04:16:51.697+0000] {dagbag.py:545} INFO - Filling up the DagBag from /home/airflow/.local/lib/python3.12/site-packages/airflow/example_dags/example_branch_python_dop_operator_3.py
[2024-08-01T04:16:51.707+0000] {processor.py:840} INFO - DAG(s) 'example_branch_dop_operator_v3' retrieved from /home/airflow/.local/lib/python3.12/site-packages/airflow/example_dags/example_branch_python_dop_operator_3.py
[2024-08-01T04:16:51.728+0000] {logging_mixin.py:188} INFO - [2024-08-01T04:16:51.728+0000] {dag.py:3089} INFO - Sync 1 DAGs
[2024-08-01T04:16:51.756+0000] {logging_mixin.py:188} INFO - [2024-08-01T04:16:51.756+0000] {dag.py:3947} INFO - Setting next_dagrun for example_branch_dop_operator_v3 to 2024-08-01 04:15:00+00:00, run_after=2024-08-01 04:16:00+00:00
[2024-08-01T04:16:51.776+0000] {processor.py:183} INFO - Processing /home/airflow/.local/lib/python3.12/site-packages/airflow/example_dags/example_branch_python_dop_operator_3.py took 0.089 seconds
[2024-08-01T04:17:22.340+0000] {processor.py:161} INFO - Started process (PID=214) to work on /home/airflow/.local/lib/python3.12/site-packages/airflow/example_dags/example_branch_python_dop_operator_3.py
[2024-08-01T04:17:22.341+0000] {processor.py:830} INFO - Processing file /home/airflow/.local/lib/python3.12/site-packages/airflow/example_dags/example_branch_python_dop_operator_3.py for tasks to queue
[2024-08-01T04:17:22.344+0000] {logging_mixin.py:188} INFO - [2024-08-01T04:17:22.343+0000] {dagbag.py:545} INFO - Filling up the DagBag from /home/airflow/.local/lib/python3.12/site-packages/airflow/example_dags/example_branch_python_dop_operator_3.py
[2024-08-01T04:17:22.354+0000] {processor.py:840} INFO - DAG(s) 'example_branch_dop_operator_v3' retrieved from /home/airflow/.local/lib/python3.12/site-packages/airflow/example_dags/example_branch_python_dop_operator_3.py
[2024-08-01T04:17:22.380+0000] {logging_mixin.py:188} INFO - [2024-08-01T04:17:22.379+0000] {dag.py:3089} INFO - Sync 1 DAGs
[2024-08-01T04:17:22.417+0000] {logging_mixin.py:188} INFO - [2024-08-01T04:17:22.417+0000] {dag.py:3947} INFO - Setting next_dagrun for example_branch_dop_operator_v3 to 2024-08-01 04:16:00+00:00, run_after=2024-08-01 04:17:00+00:00
[2024-08-01T04:17:22.444+0000] {processor.py:183} INFO - Processing /home/airflow/.local/lib/python3.12/site-packages/airflow/example_dags/example_branch_python_dop_operator_3.py took 0.109 seconds
[2024-08-01T04:17:52.872+0000] {processor.py:161} INFO - Started process (PID=273) to work on /home/airflow/.local/lib/python3.12/site-packages/airflow/example_dags/example_branch_python_dop_operator_3.py
[2024-08-01T04:17:52.873+0000] {processor.py:830} INFO - Processing file /home/airflow/.local/lib/python3.12/site-packages/airflow/example_dags/example_branch_python_dop_operator_3.py for tasks to queue
[2024-08-01T04:17:52.876+0000] {logging_mixin.py:188} INFO - [2024-08-01T04:17:52.875+0000] {dagbag.py:545} INFO - Filling up the DagBag from /home/airflow/.local/lib/python3.12/site-packages/airflow/example_dags/example_branch_python_dop_operator_3.py
[2024-08-01T04:17:52.885+0000] {processor.py:840} INFO - DAG(s) 'example_branch_dop_operator_v3' retrieved from /home/airflow/.local/lib/python3.12/site-packages/airflow/example_dags/example_branch_python_dop_operator_3.py
[2024-08-01T04:17:52.907+0000] {logging_mixin.py:188} INFO - [2024-08-01T04:17:52.907+0000] {dag.py:3089} INFO - Sync 1 DAGs
[2024-08-01T04:17:52.936+0000] {logging_mixin.py:188} INFO - [2024-08-01T04:17:52.935+0000] {dag.py:3947} INFO - Setting next_dagrun for example_branch_dop_operator_v3 to 2024-08-01 04:16:00+00:00, run_after=2024-08-01 04:17:00+00:00
[2024-08-01T04:17:52.958+0000] {processor.py:183} INFO - Processing /home/airflow/.local/lib/python3.12/site-packages/airflow/example_dags/example_branch_python_dop_operator_3.py took 0.092 seconds
[2024-08-01T04:18:23.563+0000] {processor.py:161} INFO - Started process (PID=332) to work on /home/airflow/.local/lib/python3.12/site-packages/airflow/example_dags/example_branch_python_dop_operator_3.py
[2024-08-01T04:18:23.564+0000] {processor.py:830} INFO - Processing file /home/airflow/.local/lib/python3.12/site-packages/airflow/example_dags/example_branch_python_dop_operator_3.py for tasks to queue
[2024-08-01T04:18:23.566+0000] {logging_mixin.py:188} INFO - [2024-08-01T04:18:23.566+0000] {dagbag.py:545} INFO - Filling up the DagBag from /home/airflow/.local/lib/python3.12/site-packages/airflow/example_dags/example_branch_python_dop_operator_3.py
[2024-08-01T04:18:23.578+0000] {processor.py:840} INFO - DAG(s) 'example_branch_dop_operator_v3' retrieved from /home/airflow/.local/lib/python3.12/site-packages/airflow/example_dags/example_branch_python_dop_operator_3.py
[2024-08-01T04:18:23.606+0000] {logging_mixin.py:188} INFO - [2024-08-01T04:18:23.605+0000] {dag.py:3089} INFO - Sync 1 DAGs
[2024-08-01T04:18:23.641+0000] {logging_mixin.py:188} INFO - [2024-08-01T04:18:23.641+0000] {dag.py:3947} INFO - Setting next_dagrun for example_branch_dop_operator_v3 to 2024-08-01 04:17:00+00:00, run_after=2024-08-01 04:18:00+00:00
[2024-08-01T04:18:23.732+0000] {processor.py:183} INFO - Processing /home/airflow/.local/lib/python3.12/site-packages/airflow/example_dags/example_branch_python_dop_operator_3.py took 0.176 seconds
[2024-08-01T04:18:54.562+0000] {processor.py:161} INFO - Started process (PID=391) to work on /home/airflow/.local/lib/python3.12/site-packages/airflow/example_dags/example_branch_python_dop_operator_3.py
[2024-08-01T04:18:54.564+0000] {processor.py:830} INFO - Processing file /home/airflow/.local/lib/python3.12/site-packages/airflow/example_dags/example_branch_python_dop_operator_3.py for tasks to queue
[2024-08-01T04:18:54.566+0000] {logging_mixin.py:188} INFO - [2024-08-01T04:18:54.566+0000] {dagbag.py:545} INFO - Filling up the DagBag from /home/airflow/.local/lib/python3.12/site-packages/airflow/example_dags/example_branch_python_dop_operator_3.py
[2024-08-01T04:18:54.578+0000] {processor.py:840} INFO - DAG(s) 'example_branch_dop_operator_v3' retrieved from /home/airflow/.local/lib/python3.12/site-packages/airflow/example_dags/example_branch_python_dop_operator_3.py
[2024-08-01T04:18:54.604+0000] {logging_mixin.py:188} INFO - [2024-08-01T04:18:54.603+0000] {dag.py:3089} INFO - Sync 1 DAGs
[2024-08-01T04:18:54.638+0000] {logging_mixin.py:188} INFO - [2024-08-01T04:18:54.638+0000] {dag.py:3947} INFO - Setting next_dagrun for example_branch_dop_operator_v3 to 2024-08-01 04:17:00+00:00, run_after=2024-08-01 04:18:00+00:00
[2024-08-01T04:18:54.725+0000] {processor.py:183} INFO - Processing /home/airflow/.local/lib/python3.12/site-packages/airflow/example_dags/example_branch_python_dop_operator_3.py took 0.169 seconds
[2024-08-01T04:20:28.536+0000] {processor.py:161} INFO - Started process (PID=91) to work on /home/airflow/.local/lib/python3.12/site-packages/airflow/example_dags/example_branch_python_dop_operator_3.py
[2024-08-01T04:20:28.537+0000] {processor.py:830} INFO - Processing file /home/airflow/.local/lib/python3.12/site-packages/airflow/example_dags/example_branch_python_dop_operator_3.py for tasks to queue
[2024-08-01T04:20:28.540+0000] {logging_mixin.py:188} INFO - [2024-08-01T04:20:28.539+0000] {dagbag.py:545} INFO - Filling up the DagBag from /home/airflow/.local/lib/python3.12/site-packages/airflow/example_dags/example_branch_python_dop_operator_3.py
[2024-08-01T04:20:28.555+0000] {processor.py:840} INFO - DAG(s) 'example_branch_dop_operator_v3' retrieved from /home/airflow/.local/lib/python3.12/site-packages/airflow/example_dags/example_branch_python_dop_operator_3.py
[2024-08-01T04:20:28.685+0000] {logging_mixin.py:188} INFO - [2024-08-01T04:20:28.685+0000] {dag.py:3089} INFO - Sync 1 DAGs
[2024-08-01T04:20:28.712+0000] {logging_mixin.py:188} INFO - [2024-08-01T04:20:28.712+0000] {dag.py:3947} INFO - Setting next_dagrun for example_branch_dop_operator_v3 to 2024-08-01 04:19:00+00:00, run_after=2024-08-01 04:20:00+00:00
[2024-08-01T04:20:28.751+0000] {processor.py:183} INFO - Processing /home/airflow/.local/lib/python3.12/site-packages/airflow/example_dags/example_branch_python_dop_operator_3.py took 0.222 seconds
[2024-08-01T04:20:59.103+0000] {processor.py:161} INFO - Started process (PID=151) to work on /home/airflow/.local/lib/python3.12/site-packages/airflow/example_dags/example_branch_python_dop_operator_3.py
[2024-08-01T04:20:59.104+0000] {processor.py:830} INFO - Processing file /home/airflow/.local/lib/python3.12/site-packages/airflow/example_dags/example_branch_python_dop_operator_3.py for tasks to queue
[2024-08-01T04:20:59.107+0000] {logging_mixin.py:188} INFO - [2024-08-01T04:20:59.107+0000] {dagbag.py:545} INFO - Filling up the DagBag from /home/airflow/.local/lib/python3.12/site-packages/airflow/example_dags/example_branch_python_dop_operator_3.py
[2024-08-01T04:20:59.118+0000] {processor.py:840} INFO - DAG(s) 'example_branch_dop_operator_v3' retrieved from /home/airflow/.local/lib/python3.12/site-packages/airflow/example_dags/example_branch_python_dop_operator_3.py
[2024-08-01T04:20:59.144+0000] {logging_mixin.py:188} INFO - [2024-08-01T04:20:59.144+0000] {dag.py:3089} INFO - Sync 1 DAGs
[2024-08-01T04:20:59.181+0000] {logging_mixin.py:188} INFO - [2024-08-01T04:20:59.180+0000] {dag.py:3947} INFO - Setting next_dagrun for example_branch_dop_operator_v3 to 2024-08-01 04:19:00+00:00, run_after=2024-08-01 04:20:00+00:00
[2024-08-01T04:20:59.209+0000] {processor.py:183} INFO - Processing /home/airflow/.local/lib/python3.12/site-packages/airflow/example_dags/example_branch_python_dop_operator_3.py took 0.114 seconds
[2024-08-01T04:21:30.111+0000] {processor.py:161} INFO - Started process (PID=211) to work on /home/airflow/.local/lib/python3.12/site-packages/airflow/example_dags/example_branch_python_dop_operator_3.py
[2024-08-01T04:21:30.112+0000] {processor.py:830} INFO - Processing file /home/airflow/.local/lib/python3.12/site-packages/airflow/example_dags/example_branch_python_dop_operator_3.py for tasks to queue
[2024-08-01T04:21:30.114+0000] {logging_mixin.py:188} INFO - [2024-08-01T04:21:30.114+0000] {dagbag.py:545} INFO - Filling up the DagBag from /home/airflow/.local/lib/python3.12/site-packages/airflow/example_dags/example_branch_python_dop_operator_3.py
[2024-08-01T04:21:30.125+0000] {processor.py:840} INFO - DAG(s) 'example_branch_dop_operator_v3' retrieved from /home/airflow/.local/lib/python3.12/site-packages/airflow/example_dags/example_branch_python_dop_operator_3.py
[2024-08-01T04:21:30.151+0000] {logging_mixin.py:188} INFO - [2024-08-01T04:21:30.151+0000] {dag.py:3089} INFO - Sync 1 DAGs
[2024-08-01T04:21:30.185+0000] {logging_mixin.py:188} INFO - [2024-08-01T04:21:30.184+0000] {dag.py:3947} INFO - Setting next_dagrun for example_branch_dop_operator_v3 to 2024-08-01 04:20:00+00:00, run_after=2024-08-01 04:21:00+00:00
[2024-08-01T04:21:30.209+0000] {processor.py:183} INFO - Processing /home/airflow/.local/lib/python3.12/site-packages/airflow/example_dags/example_branch_python_dop_operator_3.py took 0.105 seconds
[2024-08-01T04:22:00.632+0000] {processor.py:161} INFO - Started process (PID=271) to work on /home/airflow/.local/lib/python3.12/site-packages/airflow/example_dags/example_branch_python_dop_operator_3.py
[2024-08-01T04:22:00.633+0000] {processor.py:830} INFO - Processing file /home/airflow/.local/lib/python3.12/site-packages/airflow/example_dags/example_branch_python_dop_operator_3.py for tasks to queue
[2024-08-01T04:22:00.634+0000] {logging_mixin.py:188} INFO - [2024-08-01T04:22:00.634+0000] {dagbag.py:545} INFO - Filling up the DagBag from /home/airflow/.local/lib/python3.12/site-packages/airflow/example_dags/example_branch_python_dop_operator_3.py
[2024-08-01T04:22:00.642+0000] {processor.py:840} INFO - DAG(s) 'example_branch_dop_operator_v3' retrieved from /home/airflow/.local/lib/python3.12/site-packages/airflow/example_dags/example_branch_python_dop_operator_3.py
[2024-08-01T04:22:00.661+0000] {logging_mixin.py:188} INFO - [2024-08-01T04:22:00.661+0000] {dag.py:3089} INFO - Sync 1 DAGs
[2024-08-01T04:22:00.687+0000] {logging_mixin.py:188} INFO - [2024-08-01T04:22:00.687+0000] {dag.py:3947} INFO - Setting next_dagrun for example_branch_dop_operator_v3 to 2024-08-01 04:21:00+00:00, run_after=2024-08-01 04:22:00+00:00
[2024-08-01T04:22:00.707+0000] {processor.py:183} INFO - Processing /home/airflow/.local/lib/python3.12/site-packages/airflow/example_dags/example_branch_python_dop_operator_3.py took 0.080 seconds
[2024-08-01T04:22:32.108+0000] {processor.py:161} INFO - Started process (PID=331) to work on /home/airflow/.local/lib/python3.12/site-packages/airflow/example_dags/example_branch_python_dop_operator_3.py
[2024-08-01T04:22:32.109+0000] {processor.py:830} INFO - Processing file /home/airflow/.local/lib/python3.12/site-packages/airflow/example_dags/example_branch_python_dop_operator_3.py for tasks to queue
[2024-08-01T04:22:32.112+0000] {logging_mixin.py:188} INFO - [2024-08-01T04:22:32.112+0000] {dagbag.py:545} INFO - Filling up the DagBag from /home/airflow/.local/lib/python3.12/site-packages/airflow/example_dags/example_branch_python_dop_operator_3.py
[2024-08-01T04:22:32.129+0000] {processor.py:840} INFO - DAG(s) 'example_branch_dop_operator_v3' retrieved from /home/airflow/.local/lib/python3.12/site-packages/airflow/example_dags/example_branch_python_dop_operator_3.py
[2024-08-01T04:22:32.155+0000] {logging_mixin.py:188} INFO - [2024-08-01T04:22:32.155+0000] {dag.py:3089} INFO - Sync 1 DAGs
[2024-08-01T04:22:32.189+0000] {logging_mixin.py:188} INFO - [2024-08-01T04:22:32.189+0000] {dag.py:3947} INFO - Setting next_dagrun for example_branch_dop_operator_v3 to 2024-08-01 04:21:00+00:00, run_after=2024-08-01 04:22:00+00:00
[2024-08-01T04:22:32.278+0000] {processor.py:183} INFO - Processing /home/airflow/.local/lib/python3.12/site-packages/airflow/example_dags/example_branch_python_dop_operator_3.py took 0.180 seconds
[2024-08-01T04:23:02.825+0000] {processor.py:161} INFO - Started process (PID=391) to work on /home/airflow/.local/lib/python3.12/site-packages/airflow/example_dags/example_branch_python_dop_operator_3.py
[2024-08-01T04:23:02.826+0000] {processor.py:830} INFO - Processing file /home/airflow/.local/lib/python3.12/site-packages/airflow/example_dags/example_branch_python_dop_operator_3.py for tasks to queue
[2024-08-01T04:23:02.828+0000] {logging_mixin.py:188} INFO - [2024-08-01T04:23:02.828+0000] {dagbag.py:545} INFO - Filling up the DagBag from /home/airflow/.local/lib/python3.12/site-packages/airflow/example_dags/example_branch_python_dop_operator_3.py
[2024-08-01T04:23:02.839+0000] {processor.py:840} INFO - DAG(s) 'example_branch_dop_operator_v3' retrieved from /home/airflow/.local/lib/python3.12/site-packages/airflow/example_dags/example_branch_python_dop_operator_3.py
[2024-08-01T04:23:02.866+0000] {logging_mixin.py:188} INFO - [2024-08-01T04:23:02.865+0000] {dag.py:3089} INFO - Sync 1 DAGs
[2024-08-01T04:23:02.904+0000] {logging_mixin.py:188} INFO - [2024-08-01T04:23:02.903+0000] {dag.py:3947} INFO - Setting next_dagrun for example_branch_dop_operator_v3 to 2024-08-01 04:22:00+00:00, run_after=2024-08-01 04:23:00+00:00
[2024-08-01T04:23:02.930+0000] {processor.py:183} INFO - Processing /home/airflow/.local/lib/python3.12/site-packages/airflow/example_dags/example_branch_python_dop_operator_3.py took 0.114 seconds
[2024-08-01T04:23:33.255+0000] {processor.py:161} INFO - Started process (PID=451) to work on /home/airflow/.local/lib/python3.12/site-packages/airflow/example_dags/example_branch_python_dop_operator_3.py
[2024-08-01T04:23:33.256+0000] {processor.py:830} INFO - Processing file /home/airflow/.local/lib/python3.12/site-packages/airflow/example_dags/example_branch_python_dop_operator_3.py for tasks to queue
[2024-08-01T04:23:33.259+0000] {logging_mixin.py:188} INFO - [2024-08-01T04:23:33.258+0000] {dagbag.py:545} INFO - Filling up the DagBag from /home/airflow/.local/lib/python3.12/site-packages/airflow/example_dags/example_branch_python_dop_operator_3.py
[2024-08-01T04:23:33.273+0000] {processor.py:840} INFO - DAG(s) 'example_branch_dop_operator_v3' retrieved from /home/airflow/.local/lib/python3.12/site-packages/airflow/example_dags/example_branch_python_dop_operator_3.py
[2024-08-01T04:23:33.301+0000] {logging_mixin.py:188} INFO - [2024-08-01T04:23:33.300+0000] {dag.py:3089} INFO - Sync 1 DAGs
[2024-08-01T04:23:33.341+0000] {logging_mixin.py:188} INFO - [2024-08-01T04:23:33.341+0000] {dag.py:3947} INFO - Setting next_dagrun for example_branch_dop_operator_v3 to 2024-08-01 04:22:00+00:00, run_after=2024-08-01 04:23:00+00:00
[2024-08-01T04:23:33.418+0000] {processor.py:183} INFO - Processing /home/airflow/.local/lib/python3.12/site-packages/airflow/example_dags/example_branch_python_dop_operator_3.py took 0.172 seconds
