[2024-08-01T04:16:18.874+0000] {processor.py:161} INFO - Started process (PID=77) to work on /home/airflow/.local/lib/python3.12/site-packages/airflow/example_dags/example_latest_only_with_trigger.py
[2024-08-01T04:16:18.875+0000] {processor.py:830} INFO - Processing file /home/airflow/.local/lib/python3.12/site-packages/airflow/example_dags/example_latest_only_with_trigger.py for tasks to queue
[2024-08-01T04:16:18.877+0000] {logging_mixin.py:188} INFO - [2024-08-01T04:16:18.876+0000] {dagbag.py:545} INFO - Filling up the DagBag from /home/airflow/.local/lib/python3.12/site-packages/airflow/example_dags/example_latest_only_with_trigger.py
[2024-08-01T04:16:18.884+0000] {processor.py:840} INFO - DAG(s) 'latest_only_with_trigger' retrieved from /home/airflow/.local/lib/python3.12/site-packages/airflow/example_dags/example_latest_only_with_trigger.py
[2024-08-01T04:16:19.000+0000] {logging_mixin.py:188} INFO - [2024-08-01T04:16:18.999+0000] {override.py:1858} INFO - Created Permission View: can edit on DAG:latest_only_with_trigger
[2024-08-01T04:16:19.011+0000] {logging_mixin.py:188} INFO - [2024-08-01T04:16:19.011+0000] {override.py:1858} INFO - Created Permission View: can delete on DAG:latest_only_with_trigger
[2024-08-01T04:16:19.019+0000] {logging_mixin.py:188} INFO - [2024-08-01T04:16:19.019+0000] {override.py:1858} INFO - Created Permission View: can read on DAG:latest_only_with_trigger
[2024-08-01T04:16:19.020+0000] {logging_mixin.py:188} INFO - [2024-08-01T04:16:19.020+0000] {dag.py:3089} INFO - Sync 1 DAGs
[2024-08-01T04:16:19.037+0000] {logging_mixin.py:188} INFO - [2024-08-01T04:16:19.036+0000] {dag.py:3111} INFO - Creating ORM DAG for latest_only_with_trigger
[2024-08-01T04:16:19.054+0000] {logging_mixin.py:188} INFO - [2024-08-01T04:16:19.054+0000] {dag.py:3947} INFO - Setting next_dagrun for latest_only_with_trigger to 2024-08-01 00:00:00+00:00, run_after=2024-08-01 04:00:00+00:00
[2024-08-01T04:16:19.085+0000] {processor.py:183} INFO - Processing /home/airflow/.local/lib/python3.12/site-packages/airflow/example_dags/example_latest_only_with_trigger.py took 0.216 seconds
[2024-08-01T04:16:49.494+0000] {processor.py:161} INFO - Started process (PID=136) to work on /home/airflow/.local/lib/python3.12/site-packages/airflow/example_dags/example_latest_only_with_trigger.py
[2024-08-01T04:16:49.495+0000] {processor.py:830} INFO - Processing file /home/airflow/.local/lib/python3.12/site-packages/airflow/example_dags/example_latest_only_with_trigger.py for tasks to queue
[2024-08-01T04:16:49.498+0000] {logging_mixin.py:188} INFO - [2024-08-01T04:16:49.498+0000] {dagbag.py:545} INFO - Filling up the DagBag from /home/airflow/.local/lib/python3.12/site-packages/airflow/example_dags/example_latest_only_with_trigger.py
[2024-08-01T04:16:49.507+0000] {processor.py:840} INFO - DAG(s) 'latest_only_with_trigger' retrieved from /home/airflow/.local/lib/python3.12/site-packages/airflow/example_dags/example_latest_only_with_trigger.py
[2024-08-01T04:16:49.540+0000] {logging_mixin.py:188} INFO - [2024-08-01T04:16:49.539+0000] {dag.py:3089} INFO - Sync 1 DAGs
[2024-08-01T04:16:49.573+0000] {logging_mixin.py:188} INFO - [2024-08-01T04:16:49.573+0000] {dag.py:3947} INFO - Setting next_dagrun for latest_only_with_trigger to 2024-08-01 00:00:00+00:00, run_after=2024-08-01 04:00:00+00:00
[2024-08-01T04:16:49.606+0000] {processor.py:183} INFO - Processing /home/airflow/.local/lib/python3.12/site-packages/airflow/example_dags/example_latest_only_with_trigger.py took 0.120 seconds
[2024-08-01T04:17:20.614+0000] {processor.py:161} INFO - Started process (PID=201) to work on /home/airflow/.local/lib/python3.12/site-packages/airflow/example_dags/example_latest_only_with_trigger.py
[2024-08-01T04:17:20.615+0000] {processor.py:830} INFO - Processing file /home/airflow/.local/lib/python3.12/site-packages/airflow/example_dags/example_latest_only_with_trigger.py for tasks to queue
[2024-08-01T04:17:20.617+0000] {logging_mixin.py:188} INFO - [2024-08-01T04:17:20.617+0000] {dagbag.py:545} INFO - Filling up the DagBag from /home/airflow/.local/lib/python3.12/site-packages/airflow/example_dags/example_latest_only_with_trigger.py
[2024-08-01T04:17:20.624+0000] {processor.py:840} INFO - DAG(s) 'latest_only_with_trigger' retrieved from /home/airflow/.local/lib/python3.12/site-packages/airflow/example_dags/example_latest_only_with_trigger.py
[2024-08-01T04:17:20.655+0000] {logging_mixin.py:188} INFO - [2024-08-01T04:17:20.654+0000] {dag.py:3089} INFO - Sync 1 DAGs
[2024-08-01T04:17:20.685+0000] {logging_mixin.py:188} INFO - [2024-08-01T04:17:20.685+0000] {dag.py:3947} INFO - Setting next_dagrun for latest_only_with_trigger to 2024-08-01 00:00:00+00:00, run_after=2024-08-01 04:00:00+00:00
[2024-08-01T04:17:20.713+0000] {processor.py:183} INFO - Processing /home/airflow/.local/lib/python3.12/site-packages/airflow/example_dags/example_latest_only_with_trigger.py took 0.106 seconds
[2024-08-01T04:17:51.157+0000] {processor.py:161} INFO - Started process (PID=260) to work on /home/airflow/.local/lib/python3.12/site-packages/airflow/example_dags/example_latest_only_with_trigger.py
[2024-08-01T04:17:51.158+0000] {processor.py:830} INFO - Processing file /home/airflow/.local/lib/python3.12/site-packages/airflow/example_dags/example_latest_only_with_trigger.py for tasks to queue
[2024-08-01T04:17:51.160+0000] {logging_mixin.py:188} INFO - [2024-08-01T04:17:51.160+0000] {dagbag.py:545} INFO - Filling up the DagBag from /home/airflow/.local/lib/python3.12/site-packages/airflow/example_dags/example_latest_only_with_trigger.py
[2024-08-01T04:17:51.168+0000] {processor.py:840} INFO - DAG(s) 'latest_only_with_trigger' retrieved from /home/airflow/.local/lib/python3.12/site-packages/airflow/example_dags/example_latest_only_with_trigger.py
[2024-08-01T04:17:51.210+0000] {logging_mixin.py:188} INFO - [2024-08-01T04:17:51.210+0000] {dag.py:3089} INFO - Sync 1 DAGs
[2024-08-01T04:17:51.248+0000] {logging_mixin.py:188} INFO - [2024-08-01T04:17:51.247+0000] {dag.py:3947} INFO - Setting next_dagrun for latest_only_with_trigger to 2024-08-01 00:00:00+00:00, run_after=2024-08-01 04:00:00+00:00
[2024-08-01T04:17:51.339+0000] {processor.py:183} INFO - Processing /home/airflow/.local/lib/python3.12/site-packages/airflow/example_dags/example_latest_only_with_trigger.py took 0.191 seconds
[2024-08-01T04:18:21.489+0000] {processor.py:161} INFO - Started process (PID=319) to work on /home/airflow/.local/lib/python3.12/site-packages/airflow/example_dags/example_latest_only_with_trigger.py
[2024-08-01T04:18:21.491+0000] {processor.py:830} INFO - Processing file /home/airflow/.local/lib/python3.12/site-packages/airflow/example_dags/example_latest_only_with_trigger.py for tasks to queue
[2024-08-01T04:18:21.493+0000] {logging_mixin.py:188} INFO - [2024-08-01T04:18:21.493+0000] {dagbag.py:545} INFO - Filling up the DagBag from /home/airflow/.local/lib/python3.12/site-packages/airflow/example_dags/example_latest_only_with_trigger.py
[2024-08-01T04:18:21.500+0000] {processor.py:840} INFO - DAG(s) 'latest_only_with_trigger' retrieved from /home/airflow/.local/lib/python3.12/site-packages/airflow/example_dags/example_latest_only_with_trigger.py
[2024-08-01T04:18:21.536+0000] {logging_mixin.py:188} INFO - [2024-08-01T04:18:21.535+0000] {dag.py:3089} INFO - Sync 1 DAGs
[2024-08-01T04:18:21.568+0000] {logging_mixin.py:188} INFO - [2024-08-01T04:18:21.567+0000] {dag.py:3947} INFO - Setting next_dagrun for latest_only_with_trigger to 2024-08-01 00:00:00+00:00, run_after=2024-08-01 04:00:00+00:00
[2024-08-01T04:18:21.594+0000] {processor.py:183} INFO - Processing /home/airflow/.local/lib/python3.12/site-packages/airflow/example_dags/example_latest_only_with_trigger.py took 0.114 seconds
[2024-08-01T04:18:52.233+0000] {processor.py:161} INFO - Started process (PID=378) to work on /home/airflow/.local/lib/python3.12/site-packages/airflow/example_dags/example_latest_only_with_trigger.py
[2024-08-01T04:18:52.238+0000] {processor.py:830} INFO - Processing file /home/airflow/.local/lib/python3.12/site-packages/airflow/example_dags/example_latest_only_with_trigger.py for tasks to queue
[2024-08-01T04:18:52.245+0000] {logging_mixin.py:188} INFO - [2024-08-01T04:18:52.244+0000] {dagbag.py:545} INFO - Filling up the DagBag from /home/airflow/.local/lib/python3.12/site-packages/airflow/example_dags/example_latest_only_with_trigger.py
[2024-08-01T04:18:52.254+0000] {processor.py:840} INFO - DAG(s) 'latest_only_with_trigger' retrieved from /home/airflow/.local/lib/python3.12/site-packages/airflow/example_dags/example_latest_only_with_trigger.py
[2024-08-01T04:18:52.289+0000] {logging_mixin.py:188} INFO - [2024-08-01T04:18:52.289+0000] {dag.py:3089} INFO - Sync 1 DAGs
[2024-08-01T04:18:52.327+0000] {logging_mixin.py:188} INFO - [2024-08-01T04:18:52.326+0000] {dag.py:3947} INFO - Setting next_dagrun for latest_only_with_trigger to 2024-08-01 00:00:00+00:00, run_after=2024-08-01 04:00:00+00:00
[2024-08-01T04:18:52.397+0000] {processor.py:183} INFO - Processing /home/airflow/.local/lib/python3.12/site-packages/airflow/example_dags/example_latest_only_with_trigger.py took 0.175 seconds
[2024-08-01T04:19:22.564+0000] {processor.py:161} INFO - Started process (PID=437) to work on /home/airflow/.local/lib/python3.12/site-packages/airflow/example_dags/example_latest_only_with_trigger.py
[2024-08-01T04:19:22.565+0000] {processor.py:830} INFO - Processing file /home/airflow/.local/lib/python3.12/site-packages/airflow/example_dags/example_latest_only_with_trigger.py for tasks to queue
[2024-08-01T04:19:22.567+0000] {logging_mixin.py:188} INFO - [2024-08-01T04:19:22.566+0000] {dagbag.py:545} INFO - Filling up the DagBag from /home/airflow/.local/lib/python3.12/site-packages/airflow/example_dags/example_latest_only_with_trigger.py
[2024-08-01T04:19:22.575+0000] {processor.py:840} INFO - DAG(s) 'latest_only_with_trigger' retrieved from /home/airflow/.local/lib/python3.12/site-packages/airflow/example_dags/example_latest_only_with_trigger.py
[2024-08-01T04:19:22.605+0000] {logging_mixin.py:188} INFO - [2024-08-01T04:19:22.605+0000] {dag.py:3089} INFO - Sync 1 DAGs
[2024-08-01T04:19:22.635+0000] {logging_mixin.py:188} INFO - [2024-08-01T04:19:22.635+0000] {dag.py:3947} INFO - Setting next_dagrun for latest_only_with_trigger to 2024-08-01 00:00:00+00:00, run_after=2024-08-01 04:00:00+00:00
[2024-08-01T04:19:22.727+0000] {processor.py:183} INFO - Processing /home/airflow/.local/lib/python3.12/site-packages/airflow/example_dags/example_latest_only_with_trigger.py took 0.172 seconds
[2024-08-01T04:20:26.589+0000] {processor.py:161} INFO - Started process (PID=78) to work on /home/airflow/.local/lib/python3.12/site-packages/airflow/example_dags/example_latest_only_with_trigger.py
[2024-08-01T04:20:26.590+0000] {processor.py:830} INFO - Processing file /home/airflow/.local/lib/python3.12/site-packages/airflow/example_dags/example_latest_only_with_trigger.py for tasks to queue
[2024-08-01T04:20:26.593+0000] {logging_mixin.py:188} INFO - [2024-08-01T04:20:26.593+0000] {dagbag.py:545} INFO - Filling up the DagBag from /home/airflow/.local/lib/python3.12/site-packages/airflow/example_dags/example_latest_only_with_trigger.py
[2024-08-01T04:20:26.603+0000] {processor.py:840} INFO - DAG(s) 'latest_only_with_trigger' retrieved from /home/airflow/.local/lib/python3.12/site-packages/airflow/example_dags/example_latest_only_with_trigger.py
[2024-08-01T04:20:26.722+0000] {logging_mixin.py:188} INFO - [2024-08-01T04:20:26.722+0000] {dag.py:3089} INFO - Sync 1 DAGs
[2024-08-01T04:20:26.746+0000] {logging_mixin.py:188} INFO - [2024-08-01T04:20:26.746+0000] {dag.py:3947} INFO - Setting next_dagrun for latest_only_with_trigger to 2024-08-01 00:00:00+00:00, run_after=2024-08-01 04:00:00+00:00
[2024-08-01T04:20:26.769+0000] {processor.py:183} INFO - Processing /home/airflow/.local/lib/python3.12/site-packages/airflow/example_dags/example_latest_only_with_trigger.py took 0.188 seconds
[2024-08-01T04:20:57.596+0000] {processor.py:161} INFO - Started process (PID=138) to work on /home/airflow/.local/lib/python3.12/site-packages/airflow/example_dags/example_latest_only_with_trigger.py
[2024-08-01T04:20:57.597+0000] {processor.py:830} INFO - Processing file /home/airflow/.local/lib/python3.12/site-packages/airflow/example_dags/example_latest_only_with_trigger.py for tasks to queue
[2024-08-01T04:20:57.600+0000] {logging_mixin.py:188} INFO - [2024-08-01T04:20:57.600+0000] {dagbag.py:545} INFO - Filling up the DagBag from /home/airflow/.local/lib/python3.12/site-packages/airflow/example_dags/example_latest_only_with_trigger.py
[2024-08-01T04:20:57.607+0000] {processor.py:840} INFO - DAG(s) 'latest_only_with_trigger' retrieved from /home/airflow/.local/lib/python3.12/site-packages/airflow/example_dags/example_latest_only_with_trigger.py
[2024-08-01T04:20:57.637+0000] {logging_mixin.py:188} INFO - [2024-08-01T04:20:57.637+0000] {dag.py:3089} INFO - Sync 1 DAGs
[2024-08-01T04:20:57.673+0000] {logging_mixin.py:188} INFO - [2024-08-01T04:20:57.673+0000] {dag.py:3947} INFO - Setting next_dagrun for latest_only_with_trigger to 2024-08-01 00:00:00+00:00, run_after=2024-08-01 04:00:00+00:00
[2024-08-01T04:20:57.744+0000] {processor.py:183} INFO - Processing /home/airflow/.local/lib/python3.12/site-packages/airflow/example_dags/example_latest_only_with_trigger.py took 0.155 seconds
[2024-08-01T04:21:28.084+0000] {processor.py:161} INFO - Started process (PID=198) to work on /home/airflow/.local/lib/python3.12/site-packages/airflow/example_dags/example_latest_only_with_trigger.py
[2024-08-01T04:21:28.085+0000] {processor.py:830} INFO - Processing file /home/airflow/.local/lib/python3.12/site-packages/airflow/example_dags/example_latest_only_with_trigger.py for tasks to queue
[2024-08-01T04:21:28.088+0000] {logging_mixin.py:188} INFO - [2024-08-01T04:21:28.087+0000] {dagbag.py:545} INFO - Filling up the DagBag from /home/airflow/.local/lib/python3.12/site-packages/airflow/example_dags/example_latest_only_with_trigger.py
[2024-08-01T04:21:28.095+0000] {processor.py:840} INFO - DAG(s) 'latest_only_with_trigger' retrieved from /home/airflow/.local/lib/python3.12/site-packages/airflow/example_dags/example_latest_only_with_trigger.py
[2024-08-01T04:21:28.121+0000] {logging_mixin.py:188} INFO - [2024-08-01T04:21:28.121+0000] {dag.py:3089} INFO - Sync 1 DAGs
[2024-08-01T04:21:28.151+0000] {logging_mixin.py:188} INFO - [2024-08-01T04:21:28.150+0000] {dag.py:3947} INFO - Setting next_dagrun for latest_only_with_trigger to 2024-08-01 00:00:00+00:00, run_after=2024-08-01 04:00:00+00:00
[2024-08-01T04:21:28.240+0000] {processor.py:183} INFO - Processing /home/airflow/.local/lib/python3.12/site-packages/airflow/example_dags/example_latest_only_with_trigger.py took 0.164 seconds
[2024-08-01T04:21:58.298+0000] {processor.py:161} INFO - Started process (PID=258) to work on /home/airflow/.local/lib/python3.12/site-packages/airflow/example_dags/example_latest_only_with_trigger.py
[2024-08-01T04:21:58.299+0000] {processor.py:830} INFO - Processing file /home/airflow/.local/lib/python3.12/site-packages/airflow/example_dags/example_latest_only_with_trigger.py for tasks to queue
[2024-08-01T04:21:58.302+0000] {logging_mixin.py:188} INFO - [2024-08-01T04:21:58.302+0000] {dagbag.py:545} INFO - Filling up the DagBag from /home/airflow/.local/lib/python3.12/site-packages/airflow/example_dags/example_latest_only_with_trigger.py
[2024-08-01T04:21:58.309+0000] {processor.py:840} INFO - DAG(s) 'latest_only_with_trigger' retrieved from /home/airflow/.local/lib/python3.12/site-packages/airflow/example_dags/example_latest_only_with_trigger.py
[2024-08-01T04:21:58.337+0000] {logging_mixin.py:188} INFO - [2024-08-01T04:21:58.337+0000] {dag.py:3089} INFO - Sync 1 DAGs
[2024-08-01T04:21:58.367+0000] {logging_mixin.py:188} INFO - [2024-08-01T04:21:58.367+0000] {dag.py:3947} INFO - Setting next_dagrun for latest_only_with_trigger to 2024-08-01 00:00:00+00:00, run_after=2024-08-01 04:00:00+00:00
[2024-08-01T04:21:58.457+0000] {processor.py:183} INFO - Processing /home/airflow/.local/lib/python3.12/site-packages/airflow/example_dags/example_latest_only_with_trigger.py took 0.166 seconds
[2024-08-01T04:22:29.493+0000] {processor.py:161} INFO - Started process (PID=318) to work on /home/airflow/.local/lib/python3.12/site-packages/airflow/example_dags/example_latest_only_with_trigger.py
[2024-08-01T04:22:29.494+0000] {processor.py:830} INFO - Processing file /home/airflow/.local/lib/python3.12/site-packages/airflow/example_dags/example_latest_only_with_trigger.py for tasks to queue
[2024-08-01T04:22:29.496+0000] {logging_mixin.py:188} INFO - [2024-08-01T04:22:29.496+0000] {dagbag.py:545} INFO - Filling up the DagBag from /home/airflow/.local/lib/python3.12/site-packages/airflow/example_dags/example_latest_only_with_trigger.py
[2024-08-01T04:22:29.505+0000] {processor.py:840} INFO - DAG(s) 'latest_only_with_trigger' retrieved from /home/airflow/.local/lib/python3.12/site-packages/airflow/example_dags/example_latest_only_with_trigger.py
[2024-08-01T04:22:29.536+0000] {logging_mixin.py:188} INFO - [2024-08-01T04:22:29.536+0000] {dag.py:3089} INFO - Sync 1 DAGs
[2024-08-01T04:22:29.570+0000] {logging_mixin.py:188} INFO - [2024-08-01T04:22:29.569+0000] {dag.py:3947} INFO - Setting next_dagrun for latest_only_with_trigger to 2024-08-01 00:00:00+00:00, run_after=2024-08-01 04:00:00+00:00
[2024-08-01T04:22:29.659+0000] {processor.py:183} INFO - Processing /home/airflow/.local/lib/python3.12/site-packages/airflow/example_dags/example_latest_only_with_trigger.py took 0.174 seconds
[2024-08-01T04:23:00.177+0000] {processor.py:161} INFO - Started process (PID=378) to work on /home/airflow/.local/lib/python3.12/site-packages/airflow/example_dags/example_latest_only_with_trigger.py
[2024-08-01T04:23:00.179+0000] {processor.py:830} INFO - Processing file /home/airflow/.local/lib/python3.12/site-packages/airflow/example_dags/example_latest_only_with_trigger.py for tasks to queue
[2024-08-01T04:23:00.182+0000] {logging_mixin.py:188} INFO - [2024-08-01T04:23:00.181+0000] {dagbag.py:545} INFO - Filling up the DagBag from /home/airflow/.local/lib/python3.12/site-packages/airflow/example_dags/example_latest_only_with_trigger.py
[2024-08-01T04:23:00.190+0000] {processor.py:840} INFO - DAG(s) 'latest_only_with_trigger' retrieved from /home/airflow/.local/lib/python3.12/site-packages/airflow/example_dags/example_latest_only_with_trigger.py
[2024-08-01T04:23:00.230+0000] {logging_mixin.py:188} INFO - [2024-08-01T04:23:00.229+0000] {dag.py:3089} INFO - Sync 1 DAGs
[2024-08-01T04:23:00.265+0000] {logging_mixin.py:188} INFO - [2024-08-01T04:23:00.264+0000] {dag.py:3947} INFO - Setting next_dagrun for latest_only_with_trigger to 2024-08-01 00:00:00+00:00, run_after=2024-08-01 04:00:00+00:00
[2024-08-01T04:23:00.355+0000] {processor.py:183} INFO - Processing /home/airflow/.local/lib/python3.12/site-packages/airflow/example_dags/example_latest_only_with_trigger.py took 0.185 seconds
[2024-08-01T04:23:30.615+0000] {processor.py:161} INFO - Started process (PID=438) to work on /home/airflow/.local/lib/python3.12/site-packages/airflow/example_dags/example_latest_only_with_trigger.py
[2024-08-01T04:23:30.616+0000] {processor.py:830} INFO - Processing file /home/airflow/.local/lib/python3.12/site-packages/airflow/example_dags/example_latest_only_with_trigger.py for tasks to queue
[2024-08-01T04:23:30.619+0000] {logging_mixin.py:188} INFO - [2024-08-01T04:23:30.618+0000] {dagbag.py:545} INFO - Filling up the DagBag from /home/airflow/.local/lib/python3.12/site-packages/airflow/example_dags/example_latest_only_with_trigger.py
[2024-08-01T04:23:30.629+0000] {processor.py:840} INFO - DAG(s) 'latest_only_with_trigger' retrieved from /home/airflow/.local/lib/python3.12/site-packages/airflow/example_dags/example_latest_only_with_trigger.py
[2024-08-01T04:23:30.663+0000] {logging_mixin.py:188} INFO - [2024-08-01T04:23:30.662+0000] {dag.py:3089} INFO - Sync 1 DAGs
[2024-08-01T04:23:30.702+0000] {logging_mixin.py:188} INFO - [2024-08-01T04:23:30.701+0000] {dag.py:3947} INFO - Setting next_dagrun for latest_only_with_trigger to 2024-08-01 00:00:00+00:00, run_after=2024-08-01 04:00:00+00:00
[2024-08-01T04:23:30.780+0000] {processor.py:183} INFO - Processing /home/airflow/.local/lib/python3.12/site-packages/airflow/example_dags/example_latest_only_with_trigger.py took 0.179 seconds
