[2024-08-01T04:16:17.090+0000] {processor.py:161} INFO - Started process (PID=66) to work on /home/airflow/.local/lib/python3.12/site-packages/airflow/example_dags/example_task_group_decorator.py
[2024-08-01T04:16:17.091+0000] {processor.py:830} INFO - Processing file /home/airflow/.local/lib/python3.12/site-packages/airflow/example_dags/example_task_group_decorator.py for tasks to queue
[2024-08-01T04:16:17.095+0000] {logging_mixin.py:188} INFO - [2024-08-01T04:16:17.094+0000] {dagbag.py:545} INFO - Filling up the DagBag from /home/airflow/.local/lib/python3.12/site-packages/airflow/example_dags/example_task_group_decorator.py
[2024-08-01T04:16:17.119+0000] {processor.py:840} INFO - DAG(s) 'example_task_group_decorator' retrieved from /home/airflow/.local/lib/python3.12/site-packages/airflow/example_dags/example_task_group_decorator.py
[2024-08-01T04:16:17.273+0000] {logging_mixin.py:188} INFO - [2024-08-01T04:16:17.271+0000] {override.py:1858} INFO - Created Permission View: can edit on DAG:example_task_group_decorator
[2024-08-01T04:16:17.288+0000] {logging_mixin.py:188} INFO - [2024-08-01T04:16:17.288+0000] {override.py:1858} INFO - Created Permission View: can delete on DAG:example_task_group_decorator
[2024-08-01T04:16:17.297+0000] {logging_mixin.py:188} INFO - [2024-08-01T04:16:17.297+0000] {override.py:1858} INFO - Created Permission View: can read on DAG:example_task_group_decorator
[2024-08-01T04:16:17.298+0000] {logging_mixin.py:188} INFO - [2024-08-01T04:16:17.298+0000] {dag.py:3089} INFO - Sync 1 DAGs
[2024-08-01T04:16:17.312+0000] {logging_mixin.py:188} INFO - [2024-08-01T04:16:17.312+0000] {dag.py:3111} INFO - Creating ORM DAG for example_task_group_decorator
[2024-08-01T04:16:17.324+0000] {logging_mixin.py:188} INFO - [2024-08-01T04:16:17.324+0000] {dag.py:3947} INFO - Setting next_dagrun for example_task_group_decorator to 2024-07-31 00:00:00+00:00, run_after=2024-08-01 00:00:00+00:00
[2024-08-01T04:16:17.343+0000] {processor.py:183} INFO - Processing /home/airflow/.local/lib/python3.12/site-packages/airflow/example_dags/example_task_group_decorator.py took 0.262 seconds
[2024-08-01T04:16:47.799+0000] {processor.py:161} INFO - Started process (PID=125) to work on /home/airflow/.local/lib/python3.12/site-packages/airflow/example_dags/example_task_group_decorator.py
[2024-08-01T04:16:47.800+0000] {processor.py:830} INFO - Processing file /home/airflow/.local/lib/python3.12/site-packages/airflow/example_dags/example_task_group_decorator.py for tasks to queue
[2024-08-01T04:16:47.802+0000] {logging_mixin.py:188} INFO - [2024-08-01T04:16:47.802+0000] {dagbag.py:545} INFO - Filling up the DagBag from /home/airflow/.local/lib/python3.12/site-packages/airflow/example_dags/example_task_group_decorator.py
[2024-08-01T04:16:47.822+0000] {processor.py:840} INFO - DAG(s) 'example_task_group_decorator' retrieved from /home/airflow/.local/lib/python3.12/site-packages/airflow/example_dags/example_task_group_decorator.py
[2024-08-01T04:16:47.874+0000] {logging_mixin.py:188} INFO - [2024-08-01T04:16:47.873+0000] {dag.py:3089} INFO - Sync 1 DAGs
[2024-08-01T04:16:47.926+0000] {logging_mixin.py:188} INFO - [2024-08-01T04:16:47.926+0000] {dag.py:3947} INFO - Setting next_dagrun for example_task_group_decorator to 2024-07-31 00:00:00+00:00, run_after=2024-08-01 00:00:00+00:00
[2024-08-01T04:16:47.965+0000] {processor.py:183} INFO - Processing /home/airflow/.local/lib/python3.12/site-packages/airflow/example_dags/example_task_group_decorator.py took 0.173 seconds
[2024-08-01T04:17:18.458+0000] {processor.py:161} INFO - Started process (PID=184) to work on /home/airflow/.local/lib/python3.12/site-packages/airflow/example_dags/example_task_group_decorator.py
[2024-08-01T04:17:18.459+0000] {processor.py:830} INFO - Processing file /home/airflow/.local/lib/python3.12/site-packages/airflow/example_dags/example_task_group_decorator.py for tasks to queue
[2024-08-01T04:17:18.461+0000] {logging_mixin.py:188} INFO - [2024-08-01T04:17:18.461+0000] {dagbag.py:545} INFO - Filling up the DagBag from /home/airflow/.local/lib/python3.12/site-packages/airflow/example_dags/example_task_group_decorator.py
[2024-08-01T04:17:18.484+0000] {processor.py:840} INFO - DAG(s) 'example_task_group_decorator' retrieved from /home/airflow/.local/lib/python3.12/site-packages/airflow/example_dags/example_task_group_decorator.py
[2024-08-01T04:17:18.519+0000] {logging_mixin.py:188} INFO - [2024-08-01T04:17:18.519+0000] {dag.py:3089} INFO - Sync 1 DAGs
[2024-08-01T04:17:18.546+0000] {logging_mixin.py:188} INFO - [2024-08-01T04:17:18.546+0000] {dag.py:3947} INFO - Setting next_dagrun for example_task_group_decorator to 2024-07-31 00:00:00+00:00, run_after=2024-08-01 00:00:00+00:00
[2024-08-01T04:17:18.607+0000] {processor.py:183} INFO - Processing /home/airflow/.local/lib/python3.12/site-packages/airflow/example_dags/example_task_group_decorator.py took 0.157 seconds
[2024-08-01T04:17:48.944+0000] {processor.py:161} INFO - Started process (PID=243) to work on /home/airflow/.local/lib/python3.12/site-packages/airflow/example_dags/example_task_group_decorator.py
[2024-08-01T04:17:48.945+0000] {processor.py:830} INFO - Processing file /home/airflow/.local/lib/python3.12/site-packages/airflow/example_dags/example_task_group_decorator.py for tasks to queue
[2024-08-01T04:17:48.947+0000] {logging_mixin.py:188} INFO - [2024-08-01T04:17:48.946+0000] {dagbag.py:545} INFO - Filling up the DagBag from /home/airflow/.local/lib/python3.12/site-packages/airflow/example_dags/example_task_group_decorator.py
[2024-08-01T04:17:48.965+0000] {processor.py:840} INFO - DAG(s) 'example_task_group_decorator' retrieved from /home/airflow/.local/lib/python3.12/site-packages/airflow/example_dags/example_task_group_decorator.py
[2024-08-01T04:17:49.001+0000] {logging_mixin.py:188} INFO - [2024-08-01T04:17:49.000+0000] {dag.py:3089} INFO - Sync 1 DAGs
[2024-08-01T04:17:49.031+0000] {logging_mixin.py:188} INFO - [2024-08-01T04:17:49.030+0000] {dag.py:3947} INFO - Setting next_dagrun for example_task_group_decorator to 2024-07-31 00:00:00+00:00, run_after=2024-08-01 00:00:00+00:00
[2024-08-01T04:17:49.061+0000] {processor.py:183} INFO - Processing /home/airflow/.local/lib/python3.12/site-packages/airflow/example_dags/example_task_group_decorator.py took 0.125 seconds
[2024-08-01T04:18:19.363+0000] {processor.py:161} INFO - Started process (PID=302) to work on /home/airflow/.local/lib/python3.12/site-packages/airflow/example_dags/example_task_group_decorator.py
[2024-08-01T04:18:19.365+0000] {processor.py:830} INFO - Processing file /home/airflow/.local/lib/python3.12/site-packages/airflow/example_dags/example_task_group_decorator.py for tasks to queue
[2024-08-01T04:18:19.367+0000] {logging_mixin.py:188} INFO - [2024-08-01T04:18:19.367+0000] {dagbag.py:545} INFO - Filling up the DagBag from /home/airflow/.local/lib/python3.12/site-packages/airflow/example_dags/example_task_group_decorator.py
[2024-08-01T04:18:19.391+0000] {processor.py:840} INFO - DAG(s) 'example_task_group_decorator' retrieved from /home/airflow/.local/lib/python3.12/site-packages/airflow/example_dags/example_task_group_decorator.py
[2024-08-01T04:18:19.435+0000] {logging_mixin.py:188} INFO - [2024-08-01T04:18:19.435+0000] {dag.py:3089} INFO - Sync 1 DAGs
[2024-08-01T04:18:19.466+0000] {logging_mixin.py:188} INFO - [2024-08-01T04:18:19.465+0000] {dag.py:3947} INFO - Setting next_dagrun for example_task_group_decorator to 2024-07-31 00:00:00+00:00, run_after=2024-08-01 00:00:00+00:00
[2024-08-01T04:18:19.497+0000] {processor.py:183} INFO - Processing /home/airflow/.local/lib/python3.12/site-packages/airflow/example_dags/example_task_group_decorator.py took 0.140 seconds
[2024-08-01T04:18:50.112+0000] {processor.py:161} INFO - Started process (PID=367) to work on /home/airflow/.local/lib/python3.12/site-packages/airflow/example_dags/example_task_group_decorator.py
[2024-08-01T04:18:50.113+0000] {processor.py:830} INFO - Processing file /home/airflow/.local/lib/python3.12/site-packages/airflow/example_dags/example_task_group_decorator.py for tasks to queue
[2024-08-01T04:18:50.116+0000] {logging_mixin.py:188} INFO - [2024-08-01T04:18:50.115+0000] {dagbag.py:545} INFO - Filling up the DagBag from /home/airflow/.local/lib/python3.12/site-packages/airflow/example_dags/example_task_group_decorator.py
[2024-08-01T04:18:50.134+0000] {processor.py:840} INFO - DAG(s) 'example_task_group_decorator' retrieved from /home/airflow/.local/lib/python3.12/site-packages/airflow/example_dags/example_task_group_decorator.py
[2024-08-01T04:18:50.169+0000] {logging_mixin.py:188} INFO - [2024-08-01T04:18:50.168+0000] {dag.py:3089} INFO - Sync 1 DAGs
[2024-08-01T04:18:50.197+0000] {logging_mixin.py:188} INFO - [2024-08-01T04:18:50.197+0000] {dag.py:3947} INFO - Setting next_dagrun for example_task_group_decorator to 2024-07-31 00:00:00+00:00, run_after=2024-08-01 00:00:00+00:00
[2024-08-01T04:18:50.253+0000] {processor.py:183} INFO - Processing /home/airflow/.local/lib/python3.12/site-packages/airflow/example_dags/example_task_group_decorator.py took 0.148 seconds
[2024-08-01T04:19:20.465+0000] {processor.py:161} INFO - Started process (PID=426) to work on /home/airflow/.local/lib/python3.12/site-packages/airflow/example_dags/example_task_group_decorator.py
[2024-08-01T04:19:20.466+0000] {processor.py:830} INFO - Processing file /home/airflow/.local/lib/python3.12/site-packages/airflow/example_dags/example_task_group_decorator.py for tasks to queue
[2024-08-01T04:19:20.468+0000] {logging_mixin.py:188} INFO - [2024-08-01T04:19:20.468+0000] {dagbag.py:545} INFO - Filling up the DagBag from /home/airflow/.local/lib/python3.12/site-packages/airflow/example_dags/example_task_group_decorator.py
[2024-08-01T04:19:20.487+0000] {processor.py:840} INFO - DAG(s) 'example_task_group_decorator' retrieved from /home/airflow/.local/lib/python3.12/site-packages/airflow/example_dags/example_task_group_decorator.py
[2024-08-01T04:19:20.520+0000] {logging_mixin.py:188} INFO - [2024-08-01T04:19:20.520+0000] {dag.py:3089} INFO - Sync 1 DAGs
[2024-08-01T04:19:20.551+0000] {logging_mixin.py:188} INFO - [2024-08-01T04:19:20.551+0000] {dag.py:3947} INFO - Setting next_dagrun for example_task_group_decorator to 2024-07-31 00:00:00+00:00, run_after=2024-08-01 00:00:00+00:00
[2024-08-01T04:19:20.580+0000] {processor.py:183} INFO - Processing /home/airflow/.local/lib/python3.12/site-packages/airflow/example_dags/example_task_group_decorator.py took 0.121 seconds
[2024-08-01T04:20:24.930+0000] {processor.py:161} INFO - Started process (PID=67) to work on /home/airflow/.local/lib/python3.12/site-packages/airflow/example_dags/example_task_group_decorator.py
[2024-08-01T04:20:24.931+0000] {processor.py:830} INFO - Processing file /home/airflow/.local/lib/python3.12/site-packages/airflow/example_dags/example_task_group_decorator.py for tasks to queue
[2024-08-01T04:20:24.933+0000] {logging_mixin.py:188} INFO - [2024-08-01T04:20:24.933+0000] {dagbag.py:545} INFO - Filling up the DagBag from /home/airflow/.local/lib/python3.12/site-packages/airflow/example_dags/example_task_group_decorator.py
[2024-08-01T04:20:24.951+0000] {processor.py:840} INFO - DAG(s) 'example_task_group_decorator' retrieved from /home/airflow/.local/lib/python3.12/site-packages/airflow/example_dags/example_task_group_decorator.py
[2024-08-01T04:20:25.116+0000] {logging_mixin.py:188} INFO - [2024-08-01T04:20:25.115+0000] {dag.py:3089} INFO - Sync 1 DAGs
[2024-08-01T04:20:25.141+0000] {logging_mixin.py:188} INFO - [2024-08-01T04:20:25.141+0000] {dag.py:3947} INFO - Setting next_dagrun for example_task_group_decorator to 2024-07-31 00:00:00+00:00, run_after=2024-08-01 00:00:00+00:00
[2024-08-01T04:20:25.166+0000] {processor.py:183} INFO - Processing /home/airflow/.local/lib/python3.12/site-packages/airflow/example_dags/example_task_group_decorator.py took 0.242 seconds
[2024-08-01T04:20:55.246+0000] {processor.py:161} INFO - Started process (PID=127) to work on /home/airflow/.local/lib/python3.12/site-packages/airflow/example_dags/example_task_group_decorator.py
[2024-08-01T04:20:55.248+0000] {processor.py:830} INFO - Processing file /home/airflow/.local/lib/python3.12/site-packages/airflow/example_dags/example_task_group_decorator.py for tasks to queue
[2024-08-01T04:20:55.250+0000] {logging_mixin.py:188} INFO - [2024-08-01T04:20:55.249+0000] {dagbag.py:545} INFO - Filling up the DagBag from /home/airflow/.local/lib/python3.12/site-packages/airflow/example_dags/example_task_group_decorator.py
[2024-08-01T04:20:55.268+0000] {processor.py:840} INFO - DAG(s) 'example_task_group_decorator' retrieved from /home/airflow/.local/lib/python3.12/site-packages/airflow/example_dags/example_task_group_decorator.py
[2024-08-01T04:20:55.304+0000] {logging_mixin.py:188} INFO - [2024-08-01T04:20:55.303+0000] {dag.py:3089} INFO - Sync 1 DAGs
[2024-08-01T04:20:55.332+0000] {logging_mixin.py:188} INFO - [2024-08-01T04:20:55.332+0000] {dag.py:3947} INFO - Setting next_dagrun for example_task_group_decorator to 2024-07-31 00:00:00+00:00, run_after=2024-08-01 00:00:00+00:00
[2024-08-01T04:20:55.422+0000] {processor.py:183} INFO - Processing /home/airflow/.local/lib/python3.12/site-packages/airflow/example_dags/example_task_group_decorator.py took 0.183 seconds
[2024-08-01T04:21:25.571+0000] {processor.py:161} INFO - Started process (PID=187) to work on /home/airflow/.local/lib/python3.12/site-packages/airflow/example_dags/example_task_group_decorator.py
[2024-08-01T04:21:25.572+0000] {processor.py:830} INFO - Processing file /home/airflow/.local/lib/python3.12/site-packages/airflow/example_dags/example_task_group_decorator.py for tasks to queue
[2024-08-01T04:21:25.574+0000] {logging_mixin.py:188} INFO - [2024-08-01T04:21:25.574+0000] {dagbag.py:545} INFO - Filling up the DagBag from /home/airflow/.local/lib/python3.12/site-packages/airflow/example_dags/example_task_group_decorator.py
[2024-08-01T04:21:25.593+0000] {processor.py:840} INFO - DAG(s) 'example_task_group_decorator' retrieved from /home/airflow/.local/lib/python3.12/site-packages/airflow/example_dags/example_task_group_decorator.py
[2024-08-01T04:21:25.627+0000] {logging_mixin.py:188} INFO - [2024-08-01T04:21:25.626+0000] {dag.py:3089} INFO - Sync 1 DAGs
[2024-08-01T04:21:25.659+0000] {logging_mixin.py:188} INFO - [2024-08-01T04:21:25.659+0000] {dag.py:3947} INFO - Setting next_dagrun for example_task_group_decorator to 2024-07-31 00:00:00+00:00, run_after=2024-08-01 00:00:00+00:00
[2024-08-01T04:21:25.748+0000] {processor.py:183} INFO - Processing /home/airflow/.local/lib/python3.12/site-packages/airflow/example_dags/example_task_group_decorator.py took 0.185 seconds
[2024-08-01T04:21:56.022+0000] {processor.py:161} INFO - Started process (PID=247) to work on /home/airflow/.local/lib/python3.12/site-packages/airflow/example_dags/example_task_group_decorator.py
[2024-08-01T04:21:56.024+0000] {processor.py:830} INFO - Processing file /home/airflow/.local/lib/python3.12/site-packages/airflow/example_dags/example_task_group_decorator.py for tasks to queue
[2024-08-01T04:21:56.027+0000] {logging_mixin.py:188} INFO - [2024-08-01T04:21:56.026+0000] {dagbag.py:545} INFO - Filling up the DagBag from /home/airflow/.local/lib/python3.12/site-packages/airflow/example_dags/example_task_group_decorator.py
[2024-08-01T04:21:56.049+0000] {processor.py:840} INFO - DAG(s) 'example_task_group_decorator' retrieved from /home/airflow/.local/lib/python3.12/site-packages/airflow/example_dags/example_task_group_decorator.py
[2024-08-01T04:21:56.087+0000] {logging_mixin.py:188} INFO - [2024-08-01T04:21:56.087+0000] {dag.py:3089} INFO - Sync 1 DAGs
[2024-08-01T04:21:56.119+0000] {logging_mixin.py:188} INFO - [2024-08-01T04:21:56.119+0000] {dag.py:3947} INFO - Setting next_dagrun for example_task_group_decorator to 2024-07-31 00:00:00+00:00, run_after=2024-08-01 00:00:00+00:00
[2024-08-01T04:21:56.169+0000] {processor.py:183} INFO - Processing /home/airflow/.local/lib/python3.12/site-packages/airflow/example_dags/example_task_group_decorator.py took 0.156 seconds
[2024-08-01T04:22:26.503+0000] {processor.py:161} INFO - Started process (PID=307) to work on /home/airflow/.local/lib/python3.12/site-packages/airflow/example_dags/example_task_group_decorator.py
[2024-08-01T04:22:26.505+0000] {processor.py:830} INFO - Processing file /home/airflow/.local/lib/python3.12/site-packages/airflow/example_dags/example_task_group_decorator.py for tasks to queue
[2024-08-01T04:22:26.508+0000] {logging_mixin.py:188} INFO - [2024-08-01T04:22:26.507+0000] {dagbag.py:545} INFO - Filling up the DagBag from /home/airflow/.local/lib/python3.12/site-packages/airflow/example_dags/example_task_group_decorator.py
[2024-08-01T04:22:26.527+0000] {processor.py:840} INFO - DAG(s) 'example_task_group_decorator' retrieved from /home/airflow/.local/lib/python3.12/site-packages/airflow/example_dags/example_task_group_decorator.py
[2024-08-01T04:22:26.563+0000] {logging_mixin.py:188} INFO - [2024-08-01T04:22:26.562+0000] {dag.py:3089} INFO - Sync 1 DAGs
[2024-08-01T04:22:26.595+0000] {logging_mixin.py:188} INFO - [2024-08-01T04:22:26.595+0000] {dag.py:3947} INFO - Setting next_dagrun for example_task_group_decorator to 2024-07-31 00:00:00+00:00, run_after=2024-08-01 00:00:00+00:00
[2024-08-01T04:22:26.622+0000] {processor.py:183} INFO - Processing /home/airflow/.local/lib/python3.12/site-packages/airflow/example_dags/example_task_group_decorator.py took 0.127 seconds
[2024-08-01T04:22:57.275+0000] {processor.py:161} INFO - Started process (PID=367) to work on /home/airflow/.local/lib/python3.12/site-packages/airflow/example_dags/example_task_group_decorator.py
[2024-08-01T04:22:57.277+0000] {processor.py:830} INFO - Processing file /home/airflow/.local/lib/python3.12/site-packages/airflow/example_dags/example_task_group_decorator.py for tasks to queue
[2024-08-01T04:22:57.280+0000] {logging_mixin.py:188} INFO - [2024-08-01T04:22:57.279+0000] {dagbag.py:545} INFO - Filling up the DagBag from /home/airflow/.local/lib/python3.12/site-packages/airflow/example_dags/example_task_group_decorator.py
[2024-08-01T04:22:57.298+0000] {processor.py:840} INFO - DAG(s) 'example_task_group_decorator' retrieved from /home/airflow/.local/lib/python3.12/site-packages/airflow/example_dags/example_task_group_decorator.py
[2024-08-01T04:22:57.333+0000] {logging_mixin.py:188} INFO - [2024-08-01T04:22:57.333+0000] {dag.py:3089} INFO - Sync 1 DAGs
[2024-08-01T04:22:57.360+0000] {logging_mixin.py:188} INFO - [2024-08-01T04:22:57.360+0000] {dag.py:3947} INFO - Setting next_dagrun for example_task_group_decorator to 2024-07-31 00:00:00+00:00, run_after=2024-08-01 00:00:00+00:00
[2024-08-01T04:22:57.426+0000] {processor.py:183} INFO - Processing /home/airflow/.local/lib/python3.12/site-packages/airflow/example_dags/example_task_group_decorator.py took 0.158 seconds
[2024-08-01T04:23:28.325+0000] {processor.py:161} INFO - Started process (PID=427) to work on /home/airflow/.local/lib/python3.12/site-packages/airflow/example_dags/example_task_group_decorator.py
[2024-08-01T04:23:28.326+0000] {processor.py:830} INFO - Processing file /home/airflow/.local/lib/python3.12/site-packages/airflow/example_dags/example_task_group_decorator.py for tasks to queue
[2024-08-01T04:23:28.329+0000] {logging_mixin.py:188} INFO - [2024-08-01T04:23:28.329+0000] {dagbag.py:545} INFO - Filling up the DagBag from /home/airflow/.local/lib/python3.12/site-packages/airflow/example_dags/example_task_group_decorator.py
[2024-08-01T04:23:28.353+0000] {processor.py:840} INFO - DAG(s) 'example_task_group_decorator' retrieved from /home/airflow/.local/lib/python3.12/site-packages/airflow/example_dags/example_task_group_decorator.py
[2024-08-01T04:23:28.391+0000] {logging_mixin.py:188} INFO - [2024-08-01T04:23:28.391+0000] {dag.py:3089} INFO - Sync 1 DAGs
[2024-08-01T04:23:28.422+0000] {logging_mixin.py:188} INFO - [2024-08-01T04:23:28.422+0000] {dag.py:3947} INFO - Setting next_dagrun for example_task_group_decorator to 2024-07-31 00:00:00+00:00, run_after=2024-08-01 00:00:00+00:00
[2024-08-01T04:23:28.486+0000] {processor.py:183} INFO - Processing /home/airflow/.local/lib/python3.12/site-packages/airflow/example_dags/example_task_group_decorator.py took 0.168 seconds
