[2024-08-01T04:16:23.212+0000] {processor.py:161} INFO - Started process (PID=109) to work on /home/airflow/.local/lib/python3.12/site-packages/airflow/example_dags/example_datasets.py
[2024-08-01T04:16:23.213+0000] {processor.py:830} INFO - Processing file /home/airflow/.local/lib/python3.12/site-packages/airflow/example_dags/example_datasets.py for tasks to queue
[2024-08-01T04:16:23.216+0000] {logging_mixin.py:188} INFO - [2024-08-01T04:16:23.215+0000] {dagbag.py:545} INFO - Filling up the DagBag from /home/airflow/.local/lib/python3.12/site-packages/airflow/example_dags/example_datasets.py
[2024-08-01T04:16:23.238+0000] {processor.py:840} INFO - DAG(s) 'consume_1_or_2_with_dataset_expressions', 'conditional_dataset_and_time_based_timetable', 'consume_1_and_2_with_dataset_expressions', 'consume_1_or_both_2_and_3_with_dataset_expressions', 'dataset_consumes_unknown_never_scheduled', 'dataset_produces_2', 'dataset_consumes_1', 'dataset_consumes_1_and_2', 'dataset_produces_1', 'dataset_consumes_1_never_scheduled' retrieved from /home/airflow/.local/lib/python3.12/site-packages/airflow/example_dags/example_datasets.py
[2024-08-01T04:16:23.408+0000] {logging_mixin.py:188} INFO - [2024-08-01T04:16:23.407+0000] {override.py:1858} INFO - Created Permission View: can edit on DAG:consume_1_or_2_with_dataset_expressions
[2024-08-01T04:16:23.422+0000] {logging_mixin.py:188} INFO - [2024-08-01T04:16:23.422+0000] {override.py:1858} INFO - Created Permission View: can delete on DAG:consume_1_or_2_with_dataset_expressions
[2024-08-01T04:16:23.432+0000] {logging_mixin.py:188} INFO - [2024-08-01T04:16:23.432+0000] {override.py:1858} INFO - Created Permission View: can read on DAG:consume_1_or_2_with_dataset_expressions
[2024-08-01T04:16:23.449+0000] {logging_mixin.py:188} INFO - [2024-08-01T04:16:23.449+0000] {override.py:1858} INFO - Created Permission View: can edit on DAG:conditional_dataset_and_time_based_timetable
[2024-08-01T04:16:23.460+0000] {logging_mixin.py:188} INFO - [2024-08-01T04:16:23.460+0000] {override.py:1858} INFO - Created Permission View: can delete on DAG:conditional_dataset_and_time_based_timetable
[2024-08-01T04:16:23.470+0000] {logging_mixin.py:188} INFO - [2024-08-01T04:16:23.469+0000] {override.py:1858} INFO - Created Permission View: can read on DAG:conditional_dataset_and_time_based_timetable
[2024-08-01T04:16:23.488+0000] {logging_mixin.py:188} INFO - [2024-08-01T04:16:23.487+0000] {override.py:1858} INFO - Created Permission View: can edit on DAG:consume_1_and_2_with_dataset_expressions
[2024-08-01T04:16:23.498+0000] {logging_mixin.py:188} INFO - [2024-08-01T04:16:23.497+0000] {override.py:1858} INFO - Created Permission View: can delete on DAG:consume_1_and_2_with_dataset_expressions
[2024-08-01T04:16:23.509+0000] {logging_mixin.py:188} INFO - [2024-08-01T04:16:23.509+0000] {override.py:1858} INFO - Created Permission View: can read on DAG:consume_1_and_2_with_dataset_expressions
[2024-08-01T04:16:23.533+0000] {logging_mixin.py:188} INFO - [2024-08-01T04:16:23.532+0000] {override.py:1858} INFO - Created Permission View: can edit on DAG:consume_1_or_both_2_and_3_with_dataset_expressions
[2024-08-01T04:16:23.544+0000] {logging_mixin.py:188} INFO - [2024-08-01T04:16:23.543+0000] {override.py:1858} INFO - Created Permission View: can delete on DAG:consume_1_or_both_2_and_3_with_dataset_expressions
[2024-08-01T04:16:23.554+0000] {logging_mixin.py:188} INFO - [2024-08-01T04:16:23.554+0000] {override.py:1858} INFO - Created Permission View: can read on DAG:consume_1_or_both_2_and_3_with_dataset_expressions
[2024-08-01T04:16:23.574+0000] {logging_mixin.py:188} INFO - [2024-08-01T04:16:23.574+0000] {override.py:1858} INFO - Created Permission View: can edit on DAG:dataset_consumes_unknown_never_scheduled
[2024-08-01T04:16:23.585+0000] {logging_mixin.py:188} INFO - [2024-08-01T04:16:23.585+0000] {override.py:1858} INFO - Created Permission View: can delete on DAG:dataset_consumes_unknown_never_scheduled
[2024-08-01T04:16:23.596+0000] {logging_mixin.py:188} INFO - [2024-08-01T04:16:23.595+0000] {override.py:1858} INFO - Created Permission View: can read on DAG:dataset_consumes_unknown_never_scheduled
[2024-08-01T04:16:23.613+0000] {logging_mixin.py:188} INFO - [2024-08-01T04:16:23.613+0000] {override.py:1858} INFO - Created Permission View: can edit on DAG:dataset_produces_2
[2024-08-01T04:16:23.624+0000] {logging_mixin.py:188} INFO - [2024-08-01T04:16:23.624+0000] {override.py:1858} INFO - Created Permission View: can delete on DAG:dataset_produces_2
[2024-08-01T04:16:23.635+0000] {logging_mixin.py:188} INFO - [2024-08-01T04:16:23.634+0000] {override.py:1858} INFO - Created Permission View: can read on DAG:dataset_produces_2
[2024-08-01T04:16:23.655+0000] {logging_mixin.py:188} INFO - [2024-08-01T04:16:23.654+0000] {override.py:1858} INFO - Created Permission View: can edit on DAG:dataset_consumes_1
[2024-08-01T04:16:23.666+0000] {logging_mixin.py:188} INFO - [2024-08-01T04:16:23.666+0000] {override.py:1858} INFO - Created Permission View: can delete on DAG:dataset_consumes_1
[2024-08-01T04:16:23.680+0000] {logging_mixin.py:188} INFO - [2024-08-01T04:16:23.678+0000] {override.py:1858} INFO - Created Permission View: can read on DAG:dataset_consumes_1
[2024-08-01T04:16:23.707+0000] {logging_mixin.py:188} INFO - [2024-08-01T04:16:23.706+0000] {override.py:1858} INFO - Created Permission View: can edit on DAG:dataset_consumes_1_and_2
[2024-08-01T04:16:23.722+0000] {logging_mixin.py:188} INFO - [2024-08-01T04:16:23.722+0000] {override.py:1858} INFO - Created Permission View: can delete on DAG:dataset_consumes_1_and_2
[2024-08-01T04:16:23.737+0000] {logging_mixin.py:188} INFO - [2024-08-01T04:16:23.737+0000] {override.py:1858} INFO - Created Permission View: can read on DAG:dataset_consumes_1_and_2
[2024-08-01T04:16:23.758+0000] {logging_mixin.py:188} INFO - [2024-08-01T04:16:23.758+0000] {override.py:1858} INFO - Created Permission View: can edit on DAG:dataset_produces_1
[2024-08-01T04:16:23.769+0000] {logging_mixin.py:188} INFO - [2024-08-01T04:16:23.768+0000] {override.py:1858} INFO - Created Permission View: can delete on DAG:dataset_produces_1
[2024-08-01T04:16:23.780+0000] {logging_mixin.py:188} INFO - [2024-08-01T04:16:23.780+0000] {override.py:1858} INFO - Created Permission View: can read on DAG:dataset_produces_1
[2024-08-01T04:16:23.802+0000] {logging_mixin.py:188} INFO - [2024-08-01T04:16:23.801+0000] {override.py:1858} INFO - Created Permission View: can edit on DAG:dataset_consumes_1_never_scheduled
[2024-08-01T04:16:23.813+0000] {logging_mixin.py:188} INFO - [2024-08-01T04:16:23.813+0000] {override.py:1858} INFO - Created Permission View: can delete on DAG:dataset_consumes_1_never_scheduled
[2024-08-01T04:16:23.823+0000] {logging_mixin.py:188} INFO - [2024-08-01T04:16:23.822+0000] {override.py:1858} INFO - Created Permission View: can read on DAG:dataset_consumes_1_never_scheduled
[2024-08-01T04:16:23.824+0000] {logging_mixin.py:188} INFO - [2024-08-01T04:16:23.824+0000] {dag.py:3089} INFO - Sync 10 DAGs
[2024-08-01T04:16:23.841+0000] {logging_mixin.py:188} INFO - [2024-08-01T04:16:23.841+0000] {dag.py:3111} INFO - Creating ORM DAG for dataset_consumes_1
[2024-08-01T04:16:23.843+0000] {logging_mixin.py:188} INFO - [2024-08-01T04:16:23.843+0000] {dag.py:3111} INFO - Creating ORM DAG for dataset_produces_1
[2024-08-01T04:16:23.844+0000] {logging_mixin.py:188} INFO - [2024-08-01T04:16:23.844+0000] {dag.py:3111} INFO - Creating ORM DAG for dataset_consumes_1_and_2
[2024-08-01T04:16:23.845+0000] {logging_mixin.py:188} INFO - [2024-08-01T04:16:23.845+0000] {dag.py:3111} INFO - Creating ORM DAG for conditional_dataset_and_time_based_timetable
[2024-08-01T04:16:23.847+0000] {logging_mixin.py:188} INFO - [2024-08-01T04:16:23.846+0000] {dag.py:3111} INFO - Creating ORM DAG for dataset_produces_2
[2024-08-01T04:16:23.848+0000] {logging_mixin.py:188} INFO - [2024-08-01T04:16:23.848+0000] {dag.py:3111} INFO - Creating ORM DAG for consume_1_or_both_2_and_3_with_dataset_expressions
[2024-08-01T04:16:23.849+0000] {logging_mixin.py:188} INFO - [2024-08-01T04:16:23.849+0000] {dag.py:3111} INFO - Creating ORM DAG for consume_1_and_2_with_dataset_expressions
[2024-08-01T04:16:23.851+0000] {logging_mixin.py:188} INFO - [2024-08-01T04:16:23.851+0000] {dag.py:3111} INFO - Creating ORM DAG for dataset_consumes_unknown_never_scheduled
[2024-08-01T04:16:23.852+0000] {logging_mixin.py:188} INFO - [2024-08-01T04:16:23.852+0000] {dag.py:3111} INFO - Creating ORM DAG for consume_1_or_2_with_dataset_expressions
[2024-08-01T04:16:23.854+0000] {logging_mixin.py:188} INFO - [2024-08-01T04:16:23.853+0000] {dag.py:3111} INFO - Creating ORM DAG for dataset_consumes_1_never_scheduled
[2024-08-01T04:16:23.876+0000] {logging_mixin.py:188} INFO - [2024-08-01T04:16:23.875+0000] {dag.py:3947} INFO - Setting next_dagrun for conditional_dataset_and_time_based_timetable to 2024-07-31 01:00:00+00:00, run_after=2024-07-31 01:00:00+00:00
[2024-08-01T04:16:23.877+0000] {logging_mixin.py:188} INFO - [2024-08-01T04:16:23.877+0000] {dag.py:3947} INFO - Setting next_dagrun for consume_1_and_2_with_dataset_expressions to None, run_after=None
[2024-08-01T04:16:23.878+0000] {logging_mixin.py:188} INFO - [2024-08-01T04:16:23.878+0000] {dag.py:3947} INFO - Setting next_dagrun for consume_1_or_2_with_dataset_expressions to None, run_after=None
[2024-08-01T04:16:23.879+0000] {logging_mixin.py:188} INFO - [2024-08-01T04:16:23.879+0000] {dag.py:3947} INFO - Setting next_dagrun for consume_1_or_both_2_and_3_with_dataset_expressions to None, run_after=None
[2024-08-01T04:16:23.880+0000] {logging_mixin.py:188} INFO - [2024-08-01T04:16:23.880+0000] {dag.py:3947} INFO - Setting next_dagrun for dataset_consumes_1 to None, run_after=None
[2024-08-01T04:16:23.881+0000] {logging_mixin.py:188} INFO - [2024-08-01T04:16:23.881+0000] {dag.py:3947} INFO - Setting next_dagrun for dataset_consumes_1_and_2 to None, run_after=None
[2024-08-01T04:16:23.882+0000] {logging_mixin.py:188} INFO - [2024-08-01T04:16:23.882+0000] {dag.py:3947} INFO - Setting next_dagrun for dataset_consumes_1_never_scheduled to None, run_after=None
[2024-08-01T04:16:23.883+0000] {logging_mixin.py:188} INFO - [2024-08-01T04:16:23.883+0000] {dag.py:3947} INFO - Setting next_dagrun for dataset_consumes_unknown_never_scheduled to None, run_after=None
[2024-08-01T04:16:23.886+0000] {logging_mixin.py:188} INFO - [2024-08-01T04:16:23.886+0000] {dag.py:3947} INFO - Setting next_dagrun for dataset_produces_1 to 2024-07-31 00:00:00+00:00, run_after=2024-08-01 00:00:00+00:00
[2024-08-01T04:16:23.887+0000] {logging_mixin.py:188} INFO - [2024-08-01T04:16:23.887+0000] {dag.py:3947} INFO - Setting next_dagrun for dataset_produces_2 to None, run_after=None
[2024-08-01T04:16:23.947+0000] {processor.py:183} INFO - Processing /home/airflow/.local/lib/python3.12/site-packages/airflow/example_dags/example_datasets.py took 0.742 seconds
[2024-08-01T04:16:54.059+0000] {processor.py:161} INFO - Started process (PID=169) to work on /home/airflow/.local/lib/python3.12/site-packages/airflow/example_dags/example_datasets.py
[2024-08-01T04:16:54.061+0000] {processor.py:830} INFO - Processing file /home/airflow/.local/lib/python3.12/site-packages/airflow/example_dags/example_datasets.py for tasks to queue
[2024-08-01T04:16:54.063+0000] {logging_mixin.py:188} INFO - [2024-08-01T04:16:54.063+0000] {dagbag.py:545} INFO - Filling up the DagBag from /home/airflow/.local/lib/python3.12/site-packages/airflow/example_dags/example_datasets.py
[2024-08-01T04:16:54.083+0000] {processor.py:840} INFO - DAG(s) 'dataset_produces_2', 'dataset_consumes_1_never_scheduled', 'dataset_consumes_1_and_2', 'consume_1_or_2_with_dataset_expressions', 'consume_1_or_both_2_and_3_with_dataset_expressions', 'dataset_consumes_unknown_never_scheduled', 'consume_1_and_2_with_dataset_expressions', 'dataset_produces_1', 'conditional_dataset_and_time_based_timetable', 'dataset_consumes_1' retrieved from /home/airflow/.local/lib/python3.12/site-packages/airflow/example_dags/example_datasets.py
[2024-08-01T04:16:54.147+0000] {logging_mixin.py:188} INFO - [2024-08-01T04:16:54.147+0000] {dag.py:3089} INFO - Sync 10 DAGs
[2024-08-01T04:16:54.188+0000] {logging_mixin.py:188} INFO - [2024-08-01T04:16:54.188+0000] {dag.py:3947} INFO - Setting next_dagrun for conditional_dataset_and_time_based_timetable to 2024-07-31 01:00:00+00:00, run_after=2024-07-31 01:00:00+00:00
[2024-08-01T04:16:54.195+0000] {logging_mixin.py:188} INFO - [2024-08-01T04:16:54.195+0000] {dag.py:3947} INFO - Setting next_dagrun for consume_1_and_2_with_dataset_expressions to None, run_after=None
[2024-08-01T04:16:54.198+0000] {logging_mixin.py:188} INFO - [2024-08-01T04:16:54.197+0000] {dag.py:3947} INFO - Setting next_dagrun for consume_1_or_2_with_dataset_expressions to None, run_after=None
[2024-08-01T04:16:54.200+0000] {logging_mixin.py:188} INFO - [2024-08-01T04:16:54.199+0000] {dag.py:3947} INFO - Setting next_dagrun for consume_1_or_both_2_and_3_with_dataset_expressions to None, run_after=None
[2024-08-01T04:16:54.201+0000] {logging_mixin.py:188} INFO - [2024-08-01T04:16:54.201+0000] {dag.py:3947} INFO - Setting next_dagrun for dataset_consumes_1 to None, run_after=None
[2024-08-01T04:16:54.203+0000] {logging_mixin.py:188} INFO - [2024-08-01T04:16:54.203+0000] {dag.py:3947} INFO - Setting next_dagrun for dataset_consumes_1_and_2 to None, run_after=None
[2024-08-01T04:16:54.205+0000] {logging_mixin.py:188} INFO - [2024-08-01T04:16:54.205+0000] {dag.py:3947} INFO - Setting next_dagrun for dataset_consumes_1_never_scheduled to None, run_after=None
[2024-08-01T04:16:54.208+0000] {logging_mixin.py:188} INFO - [2024-08-01T04:16:54.207+0000] {dag.py:3947} INFO - Setting next_dagrun for dataset_consumes_unknown_never_scheduled to None, run_after=None
[2024-08-01T04:16:54.211+0000] {logging_mixin.py:188} INFO - [2024-08-01T04:16:54.211+0000] {dag.py:3947} INFO - Setting next_dagrun for dataset_produces_1 to 2024-07-31 00:00:00+00:00, run_after=2024-08-01 00:00:00+00:00
[2024-08-01T04:16:54.214+0000] {logging_mixin.py:188} INFO - [2024-08-01T04:16:54.213+0000] {dag.py:3947} INFO - Setting next_dagrun for dataset_produces_2 to None, run_after=None
[2024-08-01T04:16:54.265+0000] {processor.py:183} INFO - Processing /home/airflow/.local/lib/python3.12/site-packages/airflow/example_dags/example_datasets.py took 0.213 seconds
[2024-08-01T04:17:24.803+0000] {processor.py:161} INFO - Started process (PID=228) to work on /home/airflow/.local/lib/python3.12/site-packages/airflow/example_dags/example_datasets.py
[2024-08-01T04:17:24.804+0000] {processor.py:830} INFO - Processing file /home/airflow/.local/lib/python3.12/site-packages/airflow/example_dags/example_datasets.py for tasks to queue
[2024-08-01T04:17:24.807+0000] {logging_mixin.py:188} INFO - [2024-08-01T04:17:24.807+0000] {dagbag.py:545} INFO - Filling up the DagBag from /home/airflow/.local/lib/python3.12/site-packages/airflow/example_dags/example_datasets.py
[2024-08-01T04:17:24.827+0000] {processor.py:840} INFO - DAG(s) 'consume_1_or_2_with_dataset_expressions', 'dataset_consumes_1_and_2', 'dataset_consumes_unknown_never_scheduled', 'dataset_consumes_1_never_scheduled', 'dataset_consumes_1', 'conditional_dataset_and_time_based_timetable', 'consume_1_or_both_2_and_3_with_dataset_expressions', 'dataset_produces_1', 'dataset_produces_2', 'consume_1_and_2_with_dataset_expressions' retrieved from /home/airflow/.local/lib/python3.12/site-packages/airflow/example_dags/example_datasets.py
[2024-08-01T04:17:24.893+0000] {logging_mixin.py:188} INFO - [2024-08-01T04:17:24.892+0000] {dag.py:3089} INFO - Sync 10 DAGs
[2024-08-01T04:17:24.925+0000] {logging_mixin.py:188} INFO - [2024-08-01T04:17:24.925+0000] {dag.py:3947} INFO - Setting next_dagrun for conditional_dataset_and_time_based_timetable to 2024-07-31 01:00:00+00:00, run_after=2024-07-31 01:00:00+00:00
[2024-08-01T04:17:24.931+0000] {logging_mixin.py:188} INFO - [2024-08-01T04:17:24.930+0000] {dag.py:3947} INFO - Setting next_dagrun for consume_1_and_2_with_dataset_expressions to None, run_after=None
[2024-08-01T04:17:24.932+0000] {logging_mixin.py:188} INFO - [2024-08-01T04:17:24.932+0000] {dag.py:3947} INFO - Setting next_dagrun for consume_1_or_2_with_dataset_expressions to None, run_after=None
[2024-08-01T04:17:24.934+0000] {logging_mixin.py:188} INFO - [2024-08-01T04:17:24.934+0000] {dag.py:3947} INFO - Setting next_dagrun for consume_1_or_both_2_and_3_with_dataset_expressions to None, run_after=None
[2024-08-01T04:17:24.936+0000] {logging_mixin.py:188} INFO - [2024-08-01T04:17:24.936+0000] {dag.py:3947} INFO - Setting next_dagrun for dataset_consumes_1 to None, run_after=None
[2024-08-01T04:17:24.937+0000] {logging_mixin.py:188} INFO - [2024-08-01T04:17:24.937+0000] {dag.py:3947} INFO - Setting next_dagrun for dataset_consumes_1_and_2 to None, run_after=None
[2024-08-01T04:17:24.939+0000] {logging_mixin.py:188} INFO - [2024-08-01T04:17:24.939+0000] {dag.py:3947} INFO - Setting next_dagrun for dataset_consumes_1_never_scheduled to None, run_after=None
[2024-08-01T04:17:24.941+0000] {logging_mixin.py:188} INFO - [2024-08-01T04:17:24.940+0000] {dag.py:3947} INFO - Setting next_dagrun for dataset_consumes_unknown_never_scheduled to None, run_after=None
[2024-08-01T04:17:24.945+0000] {logging_mixin.py:188} INFO - [2024-08-01T04:17:24.945+0000] {dag.py:3947} INFO - Setting next_dagrun for dataset_produces_1 to 2024-07-31 00:00:00+00:00, run_after=2024-08-01 00:00:00+00:00
[2024-08-01T04:17:24.947+0000] {logging_mixin.py:188} INFO - [2024-08-01T04:17:24.947+0000] {dag.py:3947} INFO - Setting next_dagrun for dataset_produces_2 to None, run_after=None
[2024-08-01T04:17:24.998+0000] {processor.py:183} INFO - Processing /home/airflow/.local/lib/python3.12/site-packages/airflow/example_dags/example_datasets.py took 0.203 seconds
[2024-08-01T04:17:55.169+0000] {processor.py:161} INFO - Started process (PID=288) to work on /home/airflow/.local/lib/python3.12/site-packages/airflow/example_dags/example_datasets.py
[2024-08-01T04:17:55.171+0000] {processor.py:830} INFO - Processing file /home/airflow/.local/lib/python3.12/site-packages/airflow/example_dags/example_datasets.py for tasks to queue
[2024-08-01T04:17:55.173+0000] {logging_mixin.py:188} INFO - [2024-08-01T04:17:55.173+0000] {dagbag.py:545} INFO - Filling up the DagBag from /home/airflow/.local/lib/python3.12/site-packages/airflow/example_dags/example_datasets.py
[2024-08-01T04:17:55.191+0000] {processor.py:840} INFO - DAG(s) 'conditional_dataset_and_time_based_timetable', 'dataset_consumes_unknown_never_scheduled', 'dataset_consumes_1_never_scheduled', 'consume_1_or_2_with_dataset_expressions', 'dataset_produces_1', 'consume_1_or_both_2_and_3_with_dataset_expressions', 'dataset_consumes_1', 'dataset_produces_2', 'dataset_consumes_1_and_2', 'consume_1_and_2_with_dataset_expressions' retrieved from /home/airflow/.local/lib/python3.12/site-packages/airflow/example_dags/example_datasets.py
[2024-08-01T04:17:55.272+0000] {logging_mixin.py:188} INFO - [2024-08-01T04:17:55.271+0000] {dag.py:3089} INFO - Sync 10 DAGs
[2024-08-01T04:17:55.333+0000] {logging_mixin.py:188} INFO - [2024-08-01T04:17:55.332+0000] {dag.py:3947} INFO - Setting next_dagrun for conditional_dataset_and_time_based_timetable to 2024-07-31 01:00:00+00:00, run_after=2024-07-31 01:00:00+00:00
[2024-08-01T04:17:55.348+0000] {logging_mixin.py:188} INFO - [2024-08-01T04:17:55.348+0000] {dag.py:3947} INFO - Setting next_dagrun for consume_1_and_2_with_dataset_expressions to None, run_after=None
[2024-08-01T04:17:55.351+0000] {logging_mixin.py:188} INFO - [2024-08-01T04:17:55.351+0000] {dag.py:3947} INFO - Setting next_dagrun for consume_1_or_2_with_dataset_expressions to None, run_after=None
[2024-08-01T04:17:55.356+0000] {logging_mixin.py:188} INFO - [2024-08-01T04:17:55.355+0000] {dag.py:3947} INFO - Setting next_dagrun for consume_1_or_both_2_and_3_with_dataset_expressions to None, run_after=None
[2024-08-01T04:17:55.359+0000] {logging_mixin.py:188} INFO - [2024-08-01T04:17:55.359+0000] {dag.py:3947} INFO - Setting next_dagrun for dataset_consumes_1 to None, run_after=None
[2024-08-01T04:17:55.362+0000] {logging_mixin.py:188} INFO - [2024-08-01T04:17:55.362+0000] {dag.py:3947} INFO - Setting next_dagrun for dataset_consumes_1_and_2 to None, run_after=None
[2024-08-01T04:17:55.365+0000] {logging_mixin.py:188} INFO - [2024-08-01T04:17:55.364+0000] {dag.py:3947} INFO - Setting next_dagrun for dataset_consumes_1_never_scheduled to None, run_after=None
[2024-08-01T04:17:55.368+0000] {logging_mixin.py:188} INFO - [2024-08-01T04:17:55.368+0000] {dag.py:3947} INFO - Setting next_dagrun for dataset_consumes_unknown_never_scheduled to None, run_after=None
[2024-08-01T04:17:55.374+0000] {logging_mixin.py:188} INFO - [2024-08-01T04:17:55.373+0000] {dag.py:3947} INFO - Setting next_dagrun for dataset_produces_1 to 2024-07-31 00:00:00+00:00, run_after=2024-08-01 00:00:00+00:00
[2024-08-01T04:17:55.376+0000] {logging_mixin.py:188} INFO - [2024-08-01T04:17:55.376+0000] {dag.py:3947} INFO - Setting next_dagrun for dataset_produces_2 to None, run_after=None
[2024-08-01T04:17:55.428+0000] {processor.py:183} INFO - Processing /home/airflow/.local/lib/python3.12/site-packages/airflow/example_dags/example_datasets.py took 0.267 seconds
[2024-08-01T04:18:25.962+0000] {processor.py:161} INFO - Started process (PID=345) to work on /home/airflow/.local/lib/python3.12/site-packages/airflow/example_dags/example_datasets.py
[2024-08-01T04:18:25.963+0000] {processor.py:830} INFO - Processing file /home/airflow/.local/lib/python3.12/site-packages/airflow/example_dags/example_datasets.py for tasks to queue
[2024-08-01T04:18:25.966+0000] {logging_mixin.py:188} INFO - [2024-08-01T04:18:25.965+0000] {dagbag.py:545} INFO - Filling up the DagBag from /home/airflow/.local/lib/python3.12/site-packages/airflow/example_dags/example_datasets.py
[2024-08-01T04:18:25.984+0000] {processor.py:840} INFO - DAG(s) 'consume_1_and_2_with_dataset_expressions', 'consume_1_or_2_with_dataset_expressions', 'consume_1_or_both_2_and_3_with_dataset_expressions', 'dataset_consumes_1_never_scheduled', 'dataset_consumes_unknown_never_scheduled', 'dataset_produces_1', 'conditional_dataset_and_time_based_timetable', 'dataset_consumes_1_and_2', 'dataset_produces_2', 'dataset_consumes_1' retrieved from /home/airflow/.local/lib/python3.12/site-packages/airflow/example_dags/example_datasets.py
[2024-08-01T04:18:26.045+0000] {logging_mixin.py:188} INFO - [2024-08-01T04:18:26.045+0000] {dag.py:3089} INFO - Sync 10 DAGs
[2024-08-01T04:18:26.077+0000] {logging_mixin.py:188} INFO - [2024-08-01T04:18:26.077+0000] {dag.py:3947} INFO - Setting next_dagrun for conditional_dataset_and_time_based_timetable to 2024-07-31 01:00:00+00:00, run_after=2024-07-31 01:00:00+00:00
[2024-08-01T04:18:26.083+0000] {logging_mixin.py:188} INFO - [2024-08-01T04:18:26.083+0000] {dag.py:3947} INFO - Setting next_dagrun for consume_1_and_2_with_dataset_expressions to None, run_after=None
[2024-08-01T04:18:26.085+0000] {logging_mixin.py:188} INFO - [2024-08-01T04:18:26.085+0000] {dag.py:3947} INFO - Setting next_dagrun for consume_1_or_2_with_dataset_expressions to None, run_after=None
[2024-08-01T04:18:26.087+0000] {logging_mixin.py:188} INFO - [2024-08-01T04:18:26.087+0000] {dag.py:3947} INFO - Setting next_dagrun for consume_1_or_both_2_and_3_with_dataset_expressions to None, run_after=None
[2024-08-01T04:18:26.089+0000] {logging_mixin.py:188} INFO - [2024-08-01T04:18:26.089+0000] {dag.py:3947} INFO - Setting next_dagrun for dataset_consumes_1 to None, run_after=None
[2024-08-01T04:18:26.090+0000] {logging_mixin.py:188} INFO - [2024-08-01T04:18:26.090+0000] {dag.py:3947} INFO - Setting next_dagrun for dataset_consumes_1_and_2 to None, run_after=None
[2024-08-01T04:18:26.092+0000] {logging_mixin.py:188} INFO - [2024-08-01T04:18:26.092+0000] {dag.py:3947} INFO - Setting next_dagrun for dataset_consumes_1_never_scheduled to None, run_after=None
[2024-08-01T04:18:26.094+0000] {logging_mixin.py:188} INFO - [2024-08-01T04:18:26.094+0000] {dag.py:3947} INFO - Setting next_dagrun for dataset_consumes_unknown_never_scheduled to None, run_after=None
[2024-08-01T04:18:26.097+0000] {logging_mixin.py:188} INFO - [2024-08-01T04:18:26.097+0000] {dag.py:3947} INFO - Setting next_dagrun for dataset_produces_1 to 2024-07-31 00:00:00+00:00, run_after=2024-08-01 00:00:00+00:00
[2024-08-01T04:18:26.099+0000] {logging_mixin.py:188} INFO - [2024-08-01T04:18:26.099+0000] {dag.py:3947} INFO - Setting next_dagrun for dataset_produces_2 to None, run_after=None
[2024-08-01T04:18:26.163+0000] {processor.py:183} INFO - Processing /home/airflow/.local/lib/python3.12/site-packages/airflow/example_dags/example_datasets.py took 0.208 seconds
[2024-08-01T04:18:56.815+0000] {processor.py:161} INFO - Started process (PID=404) to work on /home/airflow/.local/lib/python3.12/site-packages/airflow/example_dags/example_datasets.py
[2024-08-01T04:18:56.816+0000] {processor.py:830} INFO - Processing file /home/airflow/.local/lib/python3.12/site-packages/airflow/example_dags/example_datasets.py for tasks to queue
[2024-08-01T04:18:56.818+0000] {logging_mixin.py:188} INFO - [2024-08-01T04:18:56.818+0000] {dagbag.py:545} INFO - Filling up the DagBag from /home/airflow/.local/lib/python3.12/site-packages/airflow/example_dags/example_datasets.py
[2024-08-01T04:18:56.836+0000] {processor.py:840} INFO - DAG(s) 'consume_1_or_2_with_dataset_expressions', 'dataset_consumes_1_never_scheduled', 'dataset_consumes_1', 'conditional_dataset_and_time_based_timetable', 'dataset_produces_1', 'consume_1_and_2_with_dataset_expressions', 'dataset_consumes_unknown_never_scheduled', 'consume_1_or_both_2_and_3_with_dataset_expressions', 'dataset_produces_2', 'dataset_consumes_1_and_2' retrieved from /home/airflow/.local/lib/python3.12/site-packages/airflow/example_dags/example_datasets.py
[2024-08-01T04:18:56.900+0000] {logging_mixin.py:188} INFO - [2024-08-01T04:18:56.900+0000] {dag.py:3089} INFO - Sync 10 DAGs
[2024-08-01T04:18:56.936+0000] {logging_mixin.py:188} INFO - [2024-08-01T04:18:56.936+0000] {dag.py:3947} INFO - Setting next_dagrun for conditional_dataset_and_time_based_timetable to 2024-07-31 01:00:00+00:00, run_after=2024-07-31 01:00:00+00:00
[2024-08-01T04:18:56.942+0000] {logging_mixin.py:188} INFO - [2024-08-01T04:18:56.941+0000] {dag.py:3947} INFO - Setting next_dagrun for consume_1_and_2_with_dataset_expressions to None, run_after=None
[2024-08-01T04:18:56.944+0000] {logging_mixin.py:188} INFO - [2024-08-01T04:18:56.943+0000] {dag.py:3947} INFO - Setting next_dagrun for consume_1_or_2_with_dataset_expressions to None, run_after=None
[2024-08-01T04:18:56.946+0000] {logging_mixin.py:188} INFO - [2024-08-01T04:18:56.946+0000] {dag.py:3947} INFO - Setting next_dagrun for consume_1_or_both_2_and_3_with_dataset_expressions to None, run_after=None
[2024-08-01T04:18:56.948+0000] {logging_mixin.py:188} INFO - [2024-08-01T04:18:56.948+0000] {dag.py:3947} INFO - Setting next_dagrun for dataset_consumes_1 to None, run_after=None
[2024-08-01T04:18:56.950+0000] {logging_mixin.py:188} INFO - [2024-08-01T04:18:56.950+0000] {dag.py:3947} INFO - Setting next_dagrun for dataset_consumes_1_and_2 to None, run_after=None
[2024-08-01T04:18:56.952+0000] {logging_mixin.py:188} INFO - [2024-08-01T04:18:56.952+0000] {dag.py:3947} INFO - Setting next_dagrun for dataset_consumes_1_never_scheduled to None, run_after=None
[2024-08-01T04:18:56.954+0000] {logging_mixin.py:188} INFO - [2024-08-01T04:18:56.953+0000] {dag.py:3947} INFO - Setting next_dagrun for dataset_consumes_unknown_never_scheduled to None, run_after=None
[2024-08-01T04:18:56.957+0000] {logging_mixin.py:188} INFO - [2024-08-01T04:18:56.957+0000] {dag.py:3947} INFO - Setting next_dagrun for dataset_produces_1 to 2024-07-31 00:00:00+00:00, run_after=2024-08-01 00:00:00+00:00
[2024-08-01T04:18:56.959+0000] {logging_mixin.py:188} INFO - [2024-08-01T04:18:56.959+0000] {dag.py:3947} INFO - Setting next_dagrun for dataset_produces_2 to None, run_after=None
[2024-08-01T04:18:57.004+0000] {processor.py:183} INFO - Processing /home/airflow/.local/lib/python3.12/site-packages/airflow/example_dags/example_datasets.py took 0.197 seconds
[2024-08-01T04:20:30.312+0000] {processor.py:161} INFO - Started process (PID=104) to work on /home/airflow/.local/lib/python3.12/site-packages/airflow/example_dags/example_datasets.py
[2024-08-01T04:20:30.313+0000] {processor.py:830} INFO - Processing file /home/airflow/.local/lib/python3.12/site-packages/airflow/example_dags/example_datasets.py for tasks to queue
[2024-08-01T04:20:30.315+0000] {logging_mixin.py:188} INFO - [2024-08-01T04:20:30.315+0000] {dagbag.py:545} INFO - Filling up the DagBag from /home/airflow/.local/lib/python3.12/site-packages/airflow/example_dags/example_datasets.py
[2024-08-01T04:20:30.335+0000] {processor.py:840} INFO - DAG(s) 'dataset_consumes_unknown_never_scheduled', 'dataset_produces_1', 'conditional_dataset_and_time_based_timetable', 'dataset_consumes_1', 'dataset_consumes_1_never_scheduled', 'consume_1_and_2_with_dataset_expressions', 'dataset_produces_2', 'consume_1_or_both_2_and_3_with_dataset_expressions', 'dataset_consumes_1_and_2', 'consume_1_or_2_with_dataset_expressions' retrieved from /home/airflow/.local/lib/python3.12/site-packages/airflow/example_dags/example_datasets.py
[2024-08-01T04:20:30.549+0000] {logging_mixin.py:188} INFO - [2024-08-01T04:20:30.549+0000] {dag.py:3089} INFO - Sync 10 DAGs
[2024-08-01T04:20:30.571+0000] {logging_mixin.py:188} INFO - [2024-08-01T04:20:30.571+0000] {dag.py:3947} INFO - Setting next_dagrun for conditional_dataset_and_time_based_timetable to 2024-07-31 01:00:00+00:00, run_after=2024-07-31 01:00:00+00:00
[2024-08-01T04:20:30.574+0000] {logging_mixin.py:188} INFO - [2024-08-01T04:20:30.574+0000] {dag.py:3947} INFO - Setting next_dagrun for consume_1_and_2_with_dataset_expressions to None, run_after=None
[2024-08-01T04:20:30.576+0000] {logging_mixin.py:188} INFO - [2024-08-01T04:20:30.575+0000] {dag.py:3947} INFO - Setting next_dagrun for consume_1_or_2_with_dataset_expressions to None, run_after=None
[2024-08-01T04:20:30.577+0000] {logging_mixin.py:188} INFO - [2024-08-01T04:20:30.577+0000] {dag.py:3947} INFO - Setting next_dagrun for consume_1_or_both_2_and_3_with_dataset_expressions to None, run_after=None
[2024-08-01T04:20:30.579+0000] {logging_mixin.py:188} INFO - [2024-08-01T04:20:30.579+0000] {dag.py:3947} INFO - Setting next_dagrun for dataset_consumes_1 to None, run_after=None
[2024-08-01T04:20:30.580+0000] {logging_mixin.py:188} INFO - [2024-08-01T04:20:30.580+0000] {dag.py:3947} INFO - Setting next_dagrun for dataset_consumes_1_and_2 to None, run_after=None
[2024-08-01T04:20:30.582+0000] {logging_mixin.py:188} INFO - [2024-08-01T04:20:30.581+0000] {dag.py:3947} INFO - Setting next_dagrun for dataset_consumes_1_never_scheduled to None, run_after=None
[2024-08-01T04:20:30.584+0000] {logging_mixin.py:188} INFO - [2024-08-01T04:20:30.583+0000] {dag.py:3947} INFO - Setting next_dagrun for dataset_consumes_unknown_never_scheduled to None, run_after=None
[2024-08-01T04:20:30.586+0000] {logging_mixin.py:188} INFO - [2024-08-01T04:20:30.586+0000] {dag.py:3947} INFO - Setting next_dagrun for dataset_produces_1 to 2024-07-31 00:00:00+00:00, run_after=2024-08-01 00:00:00+00:00
[2024-08-01T04:20:30.588+0000] {logging_mixin.py:188} INFO - [2024-08-01T04:20:30.587+0000] {dag.py:3947} INFO - Setting next_dagrun for dataset_produces_2 to None, run_after=None
[2024-08-01T04:20:30.629+0000] {processor.py:183} INFO - Processing /home/airflow/.local/lib/python3.12/site-packages/airflow/example_dags/example_datasets.py took 0.323 seconds
[2024-08-01T04:21:00.954+0000] {processor.py:161} INFO - Started process (PID=164) to work on /home/airflow/.local/lib/python3.12/site-packages/airflow/example_dags/example_datasets.py
[2024-08-01T04:21:00.955+0000] {processor.py:830} INFO - Processing file /home/airflow/.local/lib/python3.12/site-packages/airflow/example_dags/example_datasets.py for tasks to queue
[2024-08-01T04:21:00.958+0000] {logging_mixin.py:188} INFO - [2024-08-01T04:21:00.957+0000] {dagbag.py:545} INFO - Filling up the DagBag from /home/airflow/.local/lib/python3.12/site-packages/airflow/example_dags/example_datasets.py
[2024-08-01T04:21:00.975+0000] {processor.py:840} INFO - DAG(s) 'conditional_dataset_and_time_based_timetable', 'consume_1_and_2_with_dataset_expressions', 'dataset_consumes_unknown_never_scheduled', 'dataset_consumes_1_and_2', 'dataset_produces_1', 'consume_1_or_both_2_and_3_with_dataset_expressions', 'dataset_consumes_1', 'dataset_produces_2', 'dataset_consumes_1_never_scheduled', 'consume_1_or_2_with_dataset_expressions' retrieved from /home/airflow/.local/lib/python3.12/site-packages/airflow/example_dags/example_datasets.py
[2024-08-01T04:21:01.047+0000] {logging_mixin.py:188} INFO - [2024-08-01T04:21:01.046+0000] {dag.py:3089} INFO - Sync 10 DAGs
[2024-08-01T04:21:01.083+0000] {logging_mixin.py:188} INFO - [2024-08-01T04:21:01.083+0000] {dag.py:3947} INFO - Setting next_dagrun for conditional_dataset_and_time_based_timetable to 2024-07-31 01:00:00+00:00, run_after=2024-07-31 01:00:00+00:00
[2024-08-01T04:21:01.089+0000] {logging_mixin.py:188} INFO - [2024-08-01T04:21:01.089+0000] {dag.py:3947} INFO - Setting next_dagrun for consume_1_and_2_with_dataset_expressions to None, run_after=None
[2024-08-01T04:21:01.091+0000] {logging_mixin.py:188} INFO - [2024-08-01T04:21:01.091+0000] {dag.py:3947} INFO - Setting next_dagrun for consume_1_or_2_with_dataset_expressions to None, run_after=None
[2024-08-01T04:21:01.093+0000] {logging_mixin.py:188} INFO - [2024-08-01T04:21:01.093+0000] {dag.py:3947} INFO - Setting next_dagrun for consume_1_or_both_2_and_3_with_dataset_expressions to None, run_after=None
[2024-08-01T04:21:01.095+0000] {logging_mixin.py:188} INFO - [2024-08-01T04:21:01.095+0000] {dag.py:3947} INFO - Setting next_dagrun for dataset_consumes_1 to None, run_after=None
[2024-08-01T04:21:01.097+0000] {logging_mixin.py:188} INFO - [2024-08-01T04:21:01.097+0000] {dag.py:3947} INFO - Setting next_dagrun for dataset_consumes_1_and_2 to None, run_after=None
[2024-08-01T04:21:01.098+0000] {logging_mixin.py:188} INFO - [2024-08-01T04:21:01.098+0000] {dag.py:3947} INFO - Setting next_dagrun for dataset_consumes_1_never_scheduled to None, run_after=None
[2024-08-01T04:21:01.100+0000] {logging_mixin.py:188} INFO - [2024-08-01T04:21:01.100+0000] {dag.py:3947} INFO - Setting next_dagrun for dataset_consumes_unknown_never_scheduled to None, run_after=None
[2024-08-01T04:21:01.103+0000] {logging_mixin.py:188} INFO - [2024-08-01T04:21:01.103+0000] {dag.py:3947} INFO - Setting next_dagrun for dataset_produces_1 to 2024-07-31 00:00:00+00:00, run_after=2024-08-01 00:00:00+00:00
[2024-08-01T04:21:01.105+0000] {logging_mixin.py:188} INFO - [2024-08-01T04:21:01.105+0000] {dag.py:3947} INFO - Setting next_dagrun for dataset_produces_2 to None, run_after=None
[2024-08-01T04:21:01.151+0000] {processor.py:183} INFO - Processing /home/airflow/.local/lib/python3.12/site-packages/airflow/example_dags/example_datasets.py took 0.203 seconds
[2024-08-01T04:21:31.824+0000] {processor.py:161} INFO - Started process (PID=225) to work on /home/airflow/.local/lib/python3.12/site-packages/airflow/example_dags/example_datasets.py
[2024-08-01T04:21:31.825+0000] {processor.py:830} INFO - Processing file /home/airflow/.local/lib/python3.12/site-packages/airflow/example_dags/example_datasets.py for tasks to queue
[2024-08-01T04:21:31.828+0000] {logging_mixin.py:188} INFO - [2024-08-01T04:21:31.827+0000] {dagbag.py:545} INFO - Filling up the DagBag from /home/airflow/.local/lib/python3.12/site-packages/airflow/example_dags/example_datasets.py
[2024-08-01T04:21:31.845+0000] {processor.py:840} INFO - DAG(s) 'conditional_dataset_and_time_based_timetable', 'dataset_consumes_1_never_scheduled', 'dataset_produces_1', 'consume_1_or_both_2_and_3_with_dataset_expressions', 'dataset_produces_2', 'dataset_consumes_1_and_2', 'consume_1_and_2_with_dataset_expressions', 'consume_1_or_2_with_dataset_expressions', 'dataset_consumes_unknown_never_scheduled', 'dataset_consumes_1' retrieved from /home/airflow/.local/lib/python3.12/site-packages/airflow/example_dags/example_datasets.py
[2024-08-01T04:21:31.905+0000] {logging_mixin.py:188} INFO - [2024-08-01T04:21:31.905+0000] {dag.py:3089} INFO - Sync 10 DAGs
[2024-08-01T04:21:31.943+0000] {logging_mixin.py:188} INFO - [2024-08-01T04:21:31.943+0000] {dag.py:3947} INFO - Setting next_dagrun for conditional_dataset_and_time_based_timetable to 2024-07-31 01:00:00+00:00, run_after=2024-07-31 01:00:00+00:00
[2024-08-01T04:21:31.949+0000] {logging_mixin.py:188} INFO - [2024-08-01T04:21:31.949+0000] {dag.py:3947} INFO - Setting next_dagrun for consume_1_and_2_with_dataset_expressions to None, run_after=None
[2024-08-01T04:21:31.951+0000] {logging_mixin.py:188} INFO - [2024-08-01T04:21:31.950+0000] {dag.py:3947} INFO - Setting next_dagrun for consume_1_or_2_with_dataset_expressions to None, run_after=None
[2024-08-01T04:21:31.952+0000] {logging_mixin.py:188} INFO - [2024-08-01T04:21:31.952+0000] {dag.py:3947} INFO - Setting next_dagrun for consume_1_or_both_2_and_3_with_dataset_expressions to None, run_after=None
[2024-08-01T04:21:31.954+0000] {logging_mixin.py:188} INFO - [2024-08-01T04:21:31.954+0000] {dag.py:3947} INFO - Setting next_dagrun for dataset_consumes_1 to None, run_after=None
[2024-08-01T04:21:31.955+0000] {logging_mixin.py:188} INFO - [2024-08-01T04:21:31.955+0000] {dag.py:3947} INFO - Setting next_dagrun for dataset_consumes_1_and_2 to None, run_after=None
[2024-08-01T04:21:31.957+0000] {logging_mixin.py:188} INFO - [2024-08-01T04:21:31.957+0000] {dag.py:3947} INFO - Setting next_dagrun for dataset_consumes_1_never_scheduled to None, run_after=None
[2024-08-01T04:21:31.959+0000] {logging_mixin.py:188} INFO - [2024-08-01T04:21:31.959+0000] {dag.py:3947} INFO - Setting next_dagrun for dataset_consumes_unknown_never_scheduled to None, run_after=None
[2024-08-01T04:21:31.962+0000] {logging_mixin.py:188} INFO - [2024-08-01T04:21:31.962+0000] {dag.py:3947} INFO - Setting next_dagrun for dataset_produces_1 to 2024-07-31 00:00:00+00:00, run_after=2024-08-01 00:00:00+00:00
[2024-08-01T04:21:31.964+0000] {logging_mixin.py:188} INFO - [2024-08-01T04:21:31.964+0000] {dag.py:3947} INFO - Setting next_dagrun for dataset_produces_2 to None, run_after=None
[2024-08-01T04:21:32.010+0000] {processor.py:183} INFO - Processing /home/airflow/.local/lib/python3.12/site-packages/airflow/example_dags/example_datasets.py took 0.194 seconds
[2024-08-01T04:22:02.478+0000] {processor.py:161} INFO - Started process (PID=284) to work on /home/airflow/.local/lib/python3.12/site-packages/airflow/example_dags/example_datasets.py
[2024-08-01T04:22:02.479+0000] {processor.py:830} INFO - Processing file /home/airflow/.local/lib/python3.12/site-packages/airflow/example_dags/example_datasets.py for tasks to queue
[2024-08-01T04:22:02.482+0000] {logging_mixin.py:188} INFO - [2024-08-01T04:22:02.481+0000] {dagbag.py:545} INFO - Filling up the DagBag from /home/airflow/.local/lib/python3.12/site-packages/airflow/example_dags/example_datasets.py
[2024-08-01T04:22:02.503+0000] {processor.py:840} INFO - DAG(s) 'conditional_dataset_and_time_based_timetable', 'dataset_produces_2', 'consume_1_or_both_2_and_3_with_dataset_expressions', 'consume_1_or_2_with_dataset_expressions', 'dataset_consumes_unknown_never_scheduled', 'consume_1_and_2_with_dataset_expressions', 'dataset_produces_1', 'dataset_consumes_1_and_2', 'dataset_consumes_1', 'dataset_consumes_1_never_scheduled' retrieved from /home/airflow/.local/lib/python3.12/site-packages/airflow/example_dags/example_datasets.py
[2024-08-01T04:22:02.577+0000] {logging_mixin.py:188} INFO - [2024-08-01T04:22:02.576+0000] {dag.py:3089} INFO - Sync 10 DAGs
[2024-08-01T04:22:02.610+0000] {logging_mixin.py:188} INFO - [2024-08-01T04:22:02.610+0000] {dag.py:3947} INFO - Setting next_dagrun for conditional_dataset_and_time_based_timetable to 2024-07-31 01:00:00+00:00, run_after=2024-07-31 01:00:00+00:00
[2024-08-01T04:22:02.616+0000] {logging_mixin.py:188} INFO - [2024-08-01T04:22:02.616+0000] {dag.py:3947} INFO - Setting next_dagrun for consume_1_and_2_with_dataset_expressions to None, run_after=None
[2024-08-01T04:22:02.617+0000] {logging_mixin.py:188} INFO - [2024-08-01T04:22:02.617+0000] {dag.py:3947} INFO - Setting next_dagrun for consume_1_or_2_with_dataset_expressions to None, run_after=None
[2024-08-01T04:22:02.619+0000] {logging_mixin.py:188} INFO - [2024-08-01T04:22:02.619+0000] {dag.py:3947} INFO - Setting next_dagrun for consume_1_or_both_2_and_3_with_dataset_expressions to None, run_after=None
[2024-08-01T04:22:02.621+0000] {logging_mixin.py:188} INFO - [2024-08-01T04:22:02.621+0000] {dag.py:3947} INFO - Setting next_dagrun for dataset_consumes_1 to None, run_after=None
[2024-08-01T04:22:02.622+0000] {logging_mixin.py:188} INFO - [2024-08-01T04:22:02.622+0000] {dag.py:3947} INFO - Setting next_dagrun for dataset_consumes_1_and_2 to None, run_after=None
[2024-08-01T04:22:02.624+0000] {logging_mixin.py:188} INFO - [2024-08-01T04:22:02.624+0000] {dag.py:3947} INFO - Setting next_dagrun for dataset_consumes_1_never_scheduled to None, run_after=None
[2024-08-01T04:22:02.626+0000] {logging_mixin.py:188} INFO - [2024-08-01T04:22:02.626+0000] {dag.py:3947} INFO - Setting next_dagrun for dataset_consumes_unknown_never_scheduled to None, run_after=None
[2024-08-01T04:22:02.630+0000] {logging_mixin.py:188} INFO - [2024-08-01T04:22:02.629+0000] {dag.py:3947} INFO - Setting next_dagrun for dataset_produces_1 to 2024-07-31 00:00:00+00:00, run_after=2024-08-01 00:00:00+00:00
[2024-08-01T04:22:02.631+0000] {logging_mixin.py:188} INFO - [2024-08-01T04:22:02.631+0000] {dag.py:3947} INFO - Setting next_dagrun for dataset_produces_2 to None, run_after=None
[2024-08-01T04:22:02.683+0000] {processor.py:183} INFO - Processing /home/airflow/.local/lib/python3.12/site-packages/airflow/example_dags/example_datasets.py took 0.212 seconds
[2024-08-01T04:22:33.723+0000] {processor.py:161} INFO - Started process (PID=344) to work on /home/airflow/.local/lib/python3.12/site-packages/airflow/example_dags/example_datasets.py
[2024-08-01T04:22:33.724+0000] {processor.py:830} INFO - Processing file /home/airflow/.local/lib/python3.12/site-packages/airflow/example_dags/example_datasets.py for tasks to queue
[2024-08-01T04:22:33.725+0000] {logging_mixin.py:188} INFO - [2024-08-01T04:22:33.725+0000] {dagbag.py:545} INFO - Filling up the DagBag from /home/airflow/.local/lib/python3.12/site-packages/airflow/example_dags/example_datasets.py
[2024-08-01T04:22:33.742+0000] {processor.py:840} INFO - DAG(s) 'dataset_consumes_1', 'dataset_consumes_1_never_scheduled', 'conditional_dataset_and_time_based_timetable', 'consume_1_and_2_with_dataset_expressions', 'dataset_consumes_unknown_never_scheduled', 'dataset_produces_1', 'dataset_consumes_1_and_2', 'consume_1_or_2_with_dataset_expressions', 'consume_1_or_both_2_and_3_with_dataset_expressions', 'dataset_produces_2' retrieved from /home/airflow/.local/lib/python3.12/site-packages/airflow/example_dags/example_datasets.py
[2024-08-01T04:22:33.796+0000] {logging_mixin.py:188} INFO - [2024-08-01T04:22:33.796+0000] {dag.py:3089} INFO - Sync 10 DAGs
[2024-08-01T04:22:33.823+0000] {logging_mixin.py:188} INFO - [2024-08-01T04:22:33.822+0000] {dag.py:3947} INFO - Setting next_dagrun for conditional_dataset_and_time_based_timetable to 2024-07-31 01:00:00+00:00, run_after=2024-07-31 01:00:00+00:00
[2024-08-01T04:22:33.827+0000] {logging_mixin.py:188} INFO - [2024-08-01T04:22:33.827+0000] {dag.py:3947} INFO - Setting next_dagrun for consume_1_and_2_with_dataset_expressions to None, run_after=None
[2024-08-01T04:22:33.828+0000] {logging_mixin.py:188} INFO - [2024-08-01T04:22:33.828+0000] {dag.py:3947} INFO - Setting next_dagrun for consume_1_or_2_with_dataset_expressions to None, run_after=None
[2024-08-01T04:22:33.830+0000] {logging_mixin.py:188} INFO - [2024-08-01T04:22:33.829+0000] {dag.py:3947} INFO - Setting next_dagrun for consume_1_or_both_2_and_3_with_dataset_expressions to None, run_after=None
[2024-08-01T04:22:33.831+0000] {logging_mixin.py:188} INFO - [2024-08-01T04:22:33.831+0000] {dag.py:3947} INFO - Setting next_dagrun for dataset_consumes_1 to None, run_after=None
[2024-08-01T04:22:33.832+0000] {logging_mixin.py:188} INFO - [2024-08-01T04:22:33.832+0000] {dag.py:3947} INFO - Setting next_dagrun for dataset_consumes_1_and_2 to None, run_after=None
[2024-08-01T04:22:33.833+0000] {logging_mixin.py:188} INFO - [2024-08-01T04:22:33.833+0000] {dag.py:3947} INFO - Setting next_dagrun for dataset_consumes_1_never_scheduled to None, run_after=None
[2024-08-01T04:22:33.834+0000] {logging_mixin.py:188} INFO - [2024-08-01T04:22:33.834+0000] {dag.py:3947} INFO - Setting next_dagrun for dataset_consumes_unknown_never_scheduled to None, run_after=None
[2024-08-01T04:22:33.837+0000] {logging_mixin.py:188} INFO - [2024-08-01T04:22:33.836+0000] {dag.py:3947} INFO - Setting next_dagrun for dataset_produces_1 to 2024-07-31 00:00:00+00:00, run_after=2024-08-01 00:00:00+00:00
[2024-08-01T04:22:33.838+0000] {logging_mixin.py:188} INFO - [2024-08-01T04:22:33.838+0000] {dag.py:3947} INFO - Setting next_dagrun for dataset_produces_2 to None, run_after=None
[2024-08-01T04:22:33.873+0000] {processor.py:183} INFO - Processing /home/airflow/.local/lib/python3.12/site-packages/airflow/example_dags/example_datasets.py took 0.158 seconds
[2024-08-01T04:23:04.133+0000] {processor.py:161} INFO - Started process (PID=404) to work on /home/airflow/.local/lib/python3.12/site-packages/airflow/example_dags/example_datasets.py
[2024-08-01T04:23:04.134+0000] {processor.py:830} INFO - Processing file /home/airflow/.local/lib/python3.12/site-packages/airflow/example_dags/example_datasets.py for tasks to queue
[2024-08-01T04:23:04.137+0000] {logging_mixin.py:188} INFO - [2024-08-01T04:23:04.137+0000] {dagbag.py:545} INFO - Filling up the DagBag from /home/airflow/.local/lib/python3.12/site-packages/airflow/example_dags/example_datasets.py
[2024-08-01T04:23:04.155+0000] {processor.py:840} INFO - DAG(s) 'consume_1_or_2_with_dataset_expressions', 'dataset_consumes_unknown_never_scheduled', 'dataset_consumes_1', 'consume_1_or_both_2_and_3_with_dataset_expressions', 'dataset_consumes_1_and_2', 'conditional_dataset_and_time_based_timetable', 'consume_1_and_2_with_dataset_expressions', 'dataset_produces_1', 'dataset_consumes_1_never_scheduled', 'dataset_produces_2' retrieved from /home/airflow/.local/lib/python3.12/site-packages/airflow/example_dags/example_datasets.py
[2024-08-01T04:23:04.221+0000] {logging_mixin.py:188} INFO - [2024-08-01T04:23:04.221+0000] {dag.py:3089} INFO - Sync 10 DAGs
[2024-08-01T04:23:04.258+0000] {logging_mixin.py:188} INFO - [2024-08-01T04:23:04.257+0000] {dag.py:3947} INFO - Setting next_dagrun for conditional_dataset_and_time_based_timetable to 2024-07-31 01:00:00+00:00, run_after=2024-07-31 01:00:00+00:00
[2024-08-01T04:23:04.263+0000] {logging_mixin.py:188} INFO - [2024-08-01T04:23:04.263+0000] {dag.py:3947} INFO - Setting next_dagrun for consume_1_and_2_with_dataset_expressions to None, run_after=None
[2024-08-01T04:23:04.266+0000] {logging_mixin.py:188} INFO - [2024-08-01T04:23:04.265+0000] {dag.py:3947} INFO - Setting next_dagrun for consume_1_or_2_with_dataset_expressions to None, run_after=None
[2024-08-01T04:23:04.268+0000] {logging_mixin.py:188} INFO - [2024-08-01T04:23:04.268+0000] {dag.py:3947} INFO - Setting next_dagrun for consume_1_or_both_2_and_3_with_dataset_expressions to None, run_after=None
[2024-08-01T04:23:04.270+0000] {logging_mixin.py:188} INFO - [2024-08-01T04:23:04.270+0000] {dag.py:3947} INFO - Setting next_dagrun for dataset_consumes_1 to None, run_after=None
[2024-08-01T04:23:04.272+0000] {logging_mixin.py:188} INFO - [2024-08-01T04:23:04.271+0000] {dag.py:3947} INFO - Setting next_dagrun for dataset_consumes_1_and_2 to None, run_after=None
[2024-08-01T04:23:04.273+0000] {logging_mixin.py:188} INFO - [2024-08-01T04:23:04.273+0000] {dag.py:3947} INFO - Setting next_dagrun for dataset_consumes_1_never_scheduled to None, run_after=None
[2024-08-01T04:23:04.276+0000] {logging_mixin.py:188} INFO - [2024-08-01T04:23:04.276+0000] {dag.py:3947} INFO - Setting next_dagrun for dataset_consumes_unknown_never_scheduled to None, run_after=None
[2024-08-01T04:23:04.279+0000] {logging_mixin.py:188} INFO - [2024-08-01T04:23:04.279+0000] {dag.py:3947} INFO - Setting next_dagrun for dataset_produces_1 to 2024-07-31 00:00:00+00:00, run_after=2024-08-01 00:00:00+00:00
[2024-08-01T04:23:04.281+0000] {logging_mixin.py:188} INFO - [2024-08-01T04:23:04.281+0000] {dag.py:3947} INFO - Setting next_dagrun for dataset_produces_2 to None, run_after=None
[2024-08-01T04:23:04.391+0000] {processor.py:183} INFO - Processing /home/airflow/.local/lib/python3.12/site-packages/airflow/example_dags/example_datasets.py took 0.264 seconds
[2024-08-01T04:23:35.358+0000] {processor.py:161} INFO - Started process (PID=464) to work on /home/airflow/.local/lib/python3.12/site-packages/airflow/example_dags/example_datasets.py
[2024-08-01T04:23:35.359+0000] {processor.py:830} INFO - Processing file /home/airflow/.local/lib/python3.12/site-packages/airflow/example_dags/example_datasets.py for tasks to queue
[2024-08-01T04:23:35.361+0000] {logging_mixin.py:188} INFO - [2024-08-01T04:23:35.361+0000] {dagbag.py:545} INFO - Filling up the DagBag from /home/airflow/.local/lib/python3.12/site-packages/airflow/example_dags/example_datasets.py
[2024-08-01T04:23:35.384+0000] {processor.py:840} INFO - DAG(s) 'dataset_consumes_1_and_2', 'dataset_consumes_1_never_scheduled', 'conditional_dataset_and_time_based_timetable', 'consume_1_and_2_with_dataset_expressions', 'dataset_produces_1', 'dataset_produces_2', 'consume_1_or_2_with_dataset_expressions', 'consume_1_or_both_2_and_3_with_dataset_expressions', 'dataset_consumes_1', 'dataset_consumes_unknown_never_scheduled' retrieved from /home/airflow/.local/lib/python3.12/site-packages/airflow/example_dags/example_datasets.py
[2024-08-01T04:23:35.450+0000] {logging_mixin.py:188} INFO - [2024-08-01T04:23:35.449+0000] {dag.py:3089} INFO - Sync 10 DAGs
[2024-08-01T04:23:35.490+0000] {logging_mixin.py:188} INFO - [2024-08-01T04:23:35.490+0000] {dag.py:3947} INFO - Setting next_dagrun for conditional_dataset_and_time_based_timetable to 2024-07-31 01:00:00+00:00, run_after=2024-07-31 01:00:00+00:00
[2024-08-01T04:23:35.497+0000] {logging_mixin.py:188} INFO - [2024-08-01T04:23:35.497+0000] {dag.py:3947} INFO - Setting next_dagrun for consume_1_and_2_with_dataset_expressions to None, run_after=None
[2024-08-01T04:23:35.499+0000] {logging_mixin.py:188} INFO - [2024-08-01T04:23:35.498+0000] {dag.py:3947} INFO - Setting next_dagrun for consume_1_or_2_with_dataset_expressions to None, run_after=None
[2024-08-01T04:23:35.500+0000] {logging_mixin.py:188} INFO - [2024-08-01T04:23:35.500+0000] {dag.py:3947} INFO - Setting next_dagrun for consume_1_or_both_2_and_3_with_dataset_expressions to None, run_after=None
[2024-08-01T04:23:35.502+0000] {logging_mixin.py:188} INFO - [2024-08-01T04:23:35.502+0000] {dag.py:3947} INFO - Setting next_dagrun for dataset_consumes_1 to None, run_after=None
[2024-08-01T04:23:35.504+0000] {logging_mixin.py:188} INFO - [2024-08-01T04:23:35.504+0000] {dag.py:3947} INFO - Setting next_dagrun for dataset_consumes_1_and_2 to None, run_after=None
[2024-08-01T04:23:35.506+0000] {logging_mixin.py:188} INFO - [2024-08-01T04:23:35.505+0000] {dag.py:3947} INFO - Setting next_dagrun for dataset_consumes_1_never_scheduled to None, run_after=None
[2024-08-01T04:23:35.507+0000] {logging_mixin.py:188} INFO - [2024-08-01T04:23:35.507+0000] {dag.py:3947} INFO - Setting next_dagrun for dataset_consumes_unknown_never_scheduled to None, run_after=None
[2024-08-01T04:23:35.511+0000] {logging_mixin.py:188} INFO - [2024-08-01T04:23:35.510+0000] {dag.py:3947} INFO - Setting next_dagrun for dataset_produces_1 to 2024-07-31 00:00:00+00:00, run_after=2024-08-01 00:00:00+00:00
[2024-08-01T04:23:35.512+0000] {logging_mixin.py:188} INFO - [2024-08-01T04:23:35.512+0000] {dag.py:3947} INFO - Setting next_dagrun for dataset_produces_2 to None, run_after=None
[2024-08-01T04:23:35.626+0000] {processor.py:183} INFO - Processing /home/airflow/.local/lib/python3.12/site-packages/airflow/example_dags/example_datasets.py took 0.279 seconds
