[2024-08-01T04:16:21.041+0000] {processor.py:161} INFO - Started process (PID=95) to work on /home/airflow/.local/lib/python3.12/site-packages/airflow/example_dags/example_external_task_marker_dag.py
[2024-08-01T04:16:21.042+0000] {processor.py:830} INFO - Processing file /home/airflow/.local/lib/python3.12/site-packages/airflow/example_dags/example_external_task_marker_dag.py for tasks to queue
[2024-08-01T04:16:21.045+0000] {logging_mixin.py:188} INFO - [2024-08-01T04:16:21.044+0000] {dagbag.py:545} INFO - Filling up the DagBag from /home/airflow/.local/lib/python3.12/site-packages/airflow/example_dags/example_external_task_marker_dag.py
[2024-08-01T04:16:21.056+0000] {processor.py:840} INFO - DAG(s) 'example_external_task_marker_child', 'example_external_task_marker_parent' retrieved from /home/airflow/.local/lib/python3.12/site-packages/airflow/example_dags/example_external_task_marker_dag.py
[2024-08-01T04:16:21.225+0000] {logging_mixin.py:188} INFO - [2024-08-01T04:16:21.224+0000] {override.py:1858} INFO - Created Permission View: can edit on DAG:example_external_task_marker_child
[2024-08-01T04:16:21.240+0000] {logging_mixin.py:188} INFO - [2024-08-01T04:16:21.239+0000] {override.py:1858} INFO - Created Permission View: can delete on DAG:example_external_task_marker_child
[2024-08-01T04:16:21.249+0000] {logging_mixin.py:188} INFO - [2024-08-01T04:16:21.248+0000] {override.py:1858} INFO - Created Permission View: can read on DAG:example_external_task_marker_child
[2024-08-01T04:16:21.266+0000] {logging_mixin.py:188} INFO - [2024-08-01T04:16:21.266+0000] {override.py:1858} INFO - Created Permission View: can edit on DAG:example_external_task_marker_parent
[2024-08-01T04:16:21.276+0000] {logging_mixin.py:188} INFO - [2024-08-01T04:16:21.275+0000] {override.py:1858} INFO - Created Permission View: can delete on DAG:example_external_task_marker_parent
[2024-08-01T04:16:21.284+0000] {logging_mixin.py:188} INFO - [2024-08-01T04:16:21.284+0000] {override.py:1858} INFO - Created Permission View: can read on DAG:example_external_task_marker_parent
[2024-08-01T04:16:21.285+0000] {logging_mixin.py:188} INFO - [2024-08-01T04:16:21.285+0000] {dag.py:3089} INFO - Sync 2 DAGs
[2024-08-01T04:16:21.302+0000] {logging_mixin.py:188} INFO - [2024-08-01T04:16:21.302+0000] {dag.py:3111} INFO - Creating ORM DAG for example_external_task_marker_child
[2024-08-01T04:16:21.304+0000] {logging_mixin.py:188} INFO - [2024-08-01T04:16:21.303+0000] {dag.py:3111} INFO - Creating ORM DAG for example_external_task_marker_parent
[2024-08-01T04:16:21.305+0000] {logging_mixin.py:188} INFO - [2024-08-01T04:16:21.304+0000] {dag.py:3947} INFO - Setting next_dagrun for example_external_task_marker_child to None, run_after=None
[2024-08-01T04:16:21.306+0000] {logging_mixin.py:188} INFO - [2024-08-01T04:16:21.305+0000] {dag.py:3947} INFO - Setting next_dagrun for example_external_task_marker_parent to None, run_after=None
[2024-08-01T04:16:21.329+0000] {processor.py:183} INFO - Processing /home/airflow/.local/lib/python3.12/site-packages/airflow/example_dags/example_external_task_marker_dag.py took 0.298 seconds
[2024-08-01T04:16:51.640+0000] {processor.py:161} INFO - Started process (PID=154) to work on /home/airflow/.local/lib/python3.12/site-packages/airflow/example_dags/example_external_task_marker_dag.py
[2024-08-01T04:16:51.641+0000] {processor.py:830} INFO - Processing file /home/airflow/.local/lib/python3.12/site-packages/airflow/example_dags/example_external_task_marker_dag.py for tasks to queue
[2024-08-01T04:16:51.643+0000] {logging_mixin.py:188} INFO - [2024-08-01T04:16:51.642+0000] {dagbag.py:545} INFO - Filling up the DagBag from /home/airflow/.local/lib/python3.12/site-packages/airflow/example_dags/example_external_task_marker_dag.py
[2024-08-01T04:16:51.649+0000] {processor.py:840} INFO - DAG(s) 'example_external_task_marker_parent', 'example_external_task_marker_child' retrieved from /home/airflow/.local/lib/python3.12/site-packages/airflow/example_dags/example_external_task_marker_dag.py
[2024-08-01T04:16:51.673+0000] {logging_mixin.py:188} INFO - [2024-08-01T04:16:51.673+0000] {dag.py:3089} INFO - Sync 2 DAGs
[2024-08-01T04:16:51.687+0000] {logging_mixin.py:188} INFO - [2024-08-01T04:16:51.687+0000] {dag.py:3947} INFO - Setting next_dagrun for example_external_task_marker_child to None, run_after=None
[2024-08-01T04:16:51.692+0000] {logging_mixin.py:188} INFO - [2024-08-01T04:16:51.691+0000] {dag.py:3947} INFO - Setting next_dagrun for example_external_task_marker_parent to None, run_after=None
[2024-08-01T04:16:51.710+0000] {processor.py:183} INFO - Processing /home/airflow/.local/lib/python3.12/site-packages/airflow/example_dags/example_external_task_marker_dag.py took 0.076 seconds
[2024-08-01T04:17:22.144+0000] {processor.py:161} INFO - Started process (PID=213) to work on /home/airflow/.local/lib/python3.12/site-packages/airflow/example_dags/example_external_task_marker_dag.py
[2024-08-01T04:17:22.145+0000] {processor.py:830} INFO - Processing file /home/airflow/.local/lib/python3.12/site-packages/airflow/example_dags/example_external_task_marker_dag.py for tasks to queue
[2024-08-01T04:17:22.147+0000] {logging_mixin.py:188} INFO - [2024-08-01T04:17:22.147+0000] {dagbag.py:545} INFO - Filling up the DagBag from /home/airflow/.local/lib/python3.12/site-packages/airflow/example_dags/example_external_task_marker_dag.py
[2024-08-01T04:17:22.155+0000] {processor.py:840} INFO - DAG(s) 'example_external_task_marker_child', 'example_external_task_marker_parent' retrieved from /home/airflow/.local/lib/python3.12/site-packages/airflow/example_dags/example_external_task_marker_dag.py
[2024-08-01T04:17:22.184+0000] {logging_mixin.py:188} INFO - [2024-08-01T04:17:22.184+0000] {dag.py:3089} INFO - Sync 2 DAGs
[2024-08-01T04:17:22.203+0000] {logging_mixin.py:188} INFO - [2024-08-01T04:17:22.203+0000] {dag.py:3947} INFO - Setting next_dagrun for example_external_task_marker_child to None, run_after=None
[2024-08-01T04:17:22.209+0000] {logging_mixin.py:188} INFO - [2024-08-01T04:17:22.209+0000] {dag.py:3947} INFO - Setting next_dagrun for example_external_task_marker_parent to None, run_after=None
[2024-08-01T04:17:22.297+0000] {processor.py:183} INFO - Processing /home/airflow/.local/lib/python3.12/site-packages/airflow/example_dags/example_external_task_marker_dag.py took 0.160 seconds
[2024-08-01T04:17:52.692+0000] {processor.py:161} INFO - Started process (PID=272) to work on /home/airflow/.local/lib/python3.12/site-packages/airflow/example_dags/example_external_task_marker_dag.py
[2024-08-01T04:17:52.693+0000] {processor.py:830} INFO - Processing file /home/airflow/.local/lib/python3.12/site-packages/airflow/example_dags/example_external_task_marker_dag.py for tasks to queue
[2024-08-01T04:17:52.695+0000] {logging_mixin.py:188} INFO - [2024-08-01T04:17:52.694+0000] {dagbag.py:545} INFO - Filling up the DagBag from /home/airflow/.local/lib/python3.12/site-packages/airflow/example_dags/example_external_task_marker_dag.py
[2024-08-01T04:17:52.701+0000] {processor.py:840} INFO - DAG(s) 'example_external_task_marker_child', 'example_external_task_marker_parent' retrieved from /home/airflow/.local/lib/python3.12/site-packages/airflow/example_dags/example_external_task_marker_dag.py
[2024-08-01T04:17:52.729+0000] {logging_mixin.py:188} INFO - [2024-08-01T04:17:52.729+0000] {dag.py:3089} INFO - Sync 2 DAGs
[2024-08-01T04:17:52.745+0000] {logging_mixin.py:188} INFO - [2024-08-01T04:17:52.744+0000] {dag.py:3947} INFO - Setting next_dagrun for example_external_task_marker_child to None, run_after=None
[2024-08-01T04:17:52.750+0000] {logging_mixin.py:188} INFO - [2024-08-01T04:17:52.750+0000] {dag.py:3947} INFO - Setting next_dagrun for example_external_task_marker_parent to None, run_after=None
[2024-08-01T04:17:52.832+0000] {processor.py:183} INFO - Processing /home/airflow/.local/lib/python3.12/site-packages/airflow/example_dags/example_external_task_marker_dag.py took 0.147 seconds
[2024-08-01T04:18:23.364+0000] {processor.py:161} INFO - Started process (PID=331) to work on /home/airflow/.local/lib/python3.12/site-packages/airflow/example_dags/example_external_task_marker_dag.py
[2024-08-01T04:18:23.365+0000] {processor.py:830} INFO - Processing file /home/airflow/.local/lib/python3.12/site-packages/airflow/example_dags/example_external_task_marker_dag.py for tasks to queue
[2024-08-01T04:18:23.368+0000] {logging_mixin.py:188} INFO - [2024-08-01T04:18:23.367+0000] {dagbag.py:545} INFO - Filling up the DagBag from /home/airflow/.local/lib/python3.12/site-packages/airflow/example_dags/example_external_task_marker_dag.py
[2024-08-01T04:18:23.375+0000] {processor.py:840} INFO - DAG(s) 'example_external_task_marker_child', 'example_external_task_marker_parent' retrieved from /home/airflow/.local/lib/python3.12/site-packages/airflow/example_dags/example_external_task_marker_dag.py
[2024-08-01T04:18:23.408+0000] {logging_mixin.py:188} INFO - [2024-08-01T04:18:23.408+0000] {dag.py:3089} INFO - Sync 2 DAGs
[2024-08-01T04:18:23.428+0000] {logging_mixin.py:188} INFO - [2024-08-01T04:18:23.427+0000] {dag.py:3947} INFO - Setting next_dagrun for example_external_task_marker_child to None, run_after=None
[2024-08-01T04:18:23.434+0000] {logging_mixin.py:188} INFO - [2024-08-01T04:18:23.433+0000] {dag.py:3947} INFO - Setting next_dagrun for example_external_task_marker_parent to None, run_after=None
[2024-08-01T04:18:23.515+0000] {processor.py:183} INFO - Processing /home/airflow/.local/lib/python3.12/site-packages/airflow/example_dags/example_external_task_marker_dag.py took 0.159 seconds
[2024-08-01T04:18:54.364+0000] {processor.py:161} INFO - Started process (PID=390) to work on /home/airflow/.local/lib/python3.12/site-packages/airflow/example_dags/example_external_task_marker_dag.py
[2024-08-01T04:18:54.365+0000] {processor.py:830} INFO - Processing file /home/airflow/.local/lib/python3.12/site-packages/airflow/example_dags/example_external_task_marker_dag.py for tasks to queue
[2024-08-01T04:18:54.367+0000] {logging_mixin.py:188} INFO - [2024-08-01T04:18:54.367+0000] {dagbag.py:545} INFO - Filling up the DagBag from /home/airflow/.local/lib/python3.12/site-packages/airflow/example_dags/example_external_task_marker_dag.py
[2024-08-01T04:18:54.375+0000] {processor.py:840} INFO - DAG(s) 'example_external_task_marker_parent', 'example_external_task_marker_child' retrieved from /home/airflow/.local/lib/python3.12/site-packages/airflow/example_dags/example_external_task_marker_dag.py
[2024-08-01T04:18:54.407+0000] {logging_mixin.py:188} INFO - [2024-08-01T04:18:54.407+0000] {dag.py:3089} INFO - Sync 2 DAGs
[2024-08-01T04:18:54.426+0000] {logging_mixin.py:188} INFO - [2024-08-01T04:18:54.426+0000] {dag.py:3947} INFO - Setting next_dagrun for example_external_task_marker_child to None, run_after=None
[2024-08-01T04:18:54.432+0000] {logging_mixin.py:188} INFO - [2024-08-01T04:18:54.431+0000] {dag.py:3947} INFO - Setting next_dagrun for example_external_task_marker_parent to None, run_after=None
[2024-08-01T04:18:54.516+0000] {processor.py:183} INFO - Processing /home/airflow/.local/lib/python3.12/site-packages/airflow/example_dags/example_external_task_marker_dag.py took 0.159 seconds
[2024-08-01T04:20:28.336+0000] {processor.py:161} INFO - Started process (PID=90) to work on /home/airflow/.local/lib/python3.12/site-packages/airflow/example_dags/example_external_task_marker_dag.py
[2024-08-01T04:20:28.337+0000] {processor.py:830} INFO - Processing file /home/airflow/.local/lib/python3.12/site-packages/airflow/example_dags/example_external_task_marker_dag.py for tasks to queue
[2024-08-01T04:20:28.340+0000] {logging_mixin.py:188} INFO - [2024-08-01T04:20:28.340+0000] {dagbag.py:545} INFO - Filling up the DagBag from /home/airflow/.local/lib/python3.12/site-packages/airflow/example_dags/example_external_task_marker_dag.py
[2024-08-01T04:20:28.350+0000] {processor.py:840} INFO - DAG(s) 'example_external_task_marker_child', 'example_external_task_marker_parent' retrieved from /home/airflow/.local/lib/python3.12/site-packages/airflow/example_dags/example_external_task_marker_dag.py
[2024-08-01T04:20:28.490+0000] {logging_mixin.py:188} INFO - [2024-08-01T04:20:28.489+0000] {dag.py:3089} INFO - Sync 2 DAGs
[2024-08-01T04:20:28.514+0000] {logging_mixin.py:188} INFO - [2024-08-01T04:20:28.513+0000] {dag.py:3947} INFO - Setting next_dagrun for example_external_task_marker_child to None, run_after=None
[2024-08-01T04:20:28.519+0000] {logging_mixin.py:188} INFO - [2024-08-01T04:20:28.518+0000] {dag.py:3947} INFO - Setting next_dagrun for example_external_task_marker_parent to None, run_after=None
[2024-08-01T04:20:28.545+0000] {processor.py:183} INFO - Processing /home/airflow/.local/lib/python3.12/site-packages/airflow/example_dags/example_external_task_marker_dag.py took 0.214 seconds
[2024-08-01T04:20:59.056+0000] {processor.py:161} INFO - Started process (PID=150) to work on /home/airflow/.local/lib/python3.12/site-packages/airflow/example_dags/example_external_task_marker_dag.py
[2024-08-01T04:20:59.057+0000] {processor.py:830} INFO - Processing file /home/airflow/.local/lib/python3.12/site-packages/airflow/example_dags/example_external_task_marker_dag.py for tasks to queue
[2024-08-01T04:20:59.060+0000] {logging_mixin.py:188} INFO - [2024-08-01T04:20:59.059+0000] {dagbag.py:545} INFO - Filling up the DagBag from /home/airflow/.local/lib/python3.12/site-packages/airflow/example_dags/example_external_task_marker_dag.py
[2024-08-01T04:20:59.067+0000] {processor.py:840} INFO - DAG(s) 'example_external_task_marker_parent', 'example_external_task_marker_child' retrieved from /home/airflow/.local/lib/python3.12/site-packages/airflow/example_dags/example_external_task_marker_dag.py
[2024-08-01T04:20:59.099+0000] {logging_mixin.py:188} INFO - [2024-08-01T04:20:59.099+0000] {dag.py:3089} INFO - Sync 2 DAGs
[2024-08-01T04:20:59.117+0000] {logging_mixin.py:188} INFO - [2024-08-01T04:20:59.117+0000] {dag.py:3947} INFO - Setting next_dagrun for example_external_task_marker_child to None, run_after=None
[2024-08-01T04:20:59.123+0000] {logging_mixin.py:188} INFO - [2024-08-01T04:20:59.122+0000] {dag.py:3947} INFO - Setting next_dagrun for example_external_task_marker_parent to None, run_after=None
[2024-08-01T04:20:59.145+0000] {processor.py:183} INFO - Processing /home/airflow/.local/lib/python3.12/site-packages/airflow/example_dags/example_external_task_marker_dag.py took 0.097 seconds
[2024-08-01T04:21:29.916+0000] {processor.py:161} INFO - Started process (PID=210) to work on /home/airflow/.local/lib/python3.12/site-packages/airflow/example_dags/example_external_task_marker_dag.py
[2024-08-01T04:21:29.917+0000] {processor.py:830} INFO - Processing file /home/airflow/.local/lib/python3.12/site-packages/airflow/example_dags/example_external_task_marker_dag.py for tasks to queue
[2024-08-01T04:21:29.919+0000] {logging_mixin.py:188} INFO - [2024-08-01T04:21:29.919+0000] {dagbag.py:545} INFO - Filling up the DagBag from /home/airflow/.local/lib/python3.12/site-packages/airflow/example_dags/example_external_task_marker_dag.py
[2024-08-01T04:21:29.926+0000] {processor.py:840} INFO - DAG(s) 'example_external_task_marker_child', 'example_external_task_marker_parent' retrieved from /home/airflow/.local/lib/python3.12/site-packages/airflow/example_dags/example_external_task_marker_dag.py
[2024-08-01T04:21:29.956+0000] {logging_mixin.py:188} INFO - [2024-08-01T04:21:29.956+0000] {dag.py:3089} INFO - Sync 2 DAGs
[2024-08-01T04:21:29.973+0000] {logging_mixin.py:188} INFO - [2024-08-01T04:21:29.973+0000] {dag.py:3947} INFO - Setting next_dagrun for example_external_task_marker_child to None, run_after=None
[2024-08-01T04:21:29.979+0000] {logging_mixin.py:188} INFO - [2024-08-01T04:21:29.979+0000] {dag.py:3947} INFO - Setting next_dagrun for example_external_task_marker_parent to None, run_after=None
[2024-08-01T04:21:30.063+0000] {processor.py:183} INFO - Processing /home/airflow/.local/lib/python3.12/site-packages/airflow/example_dags/example_external_task_marker_dag.py took 0.154 seconds
[2024-08-01T04:22:00.582+0000] {processor.py:161} INFO - Started process (PID=270) to work on /home/airflow/.local/lib/python3.12/site-packages/airflow/example_dags/example_external_task_marker_dag.py
[2024-08-01T04:22:00.584+0000] {processor.py:830} INFO - Processing file /home/airflow/.local/lib/python3.12/site-packages/airflow/example_dags/example_external_task_marker_dag.py for tasks to queue
[2024-08-01T04:22:00.586+0000] {logging_mixin.py:188} INFO - [2024-08-01T04:22:00.586+0000] {dagbag.py:545} INFO - Filling up the DagBag from /home/airflow/.local/lib/python3.12/site-packages/airflow/example_dags/example_external_task_marker_dag.py
[2024-08-01T04:22:00.593+0000] {processor.py:840} INFO - DAG(s) 'example_external_task_marker_parent', 'example_external_task_marker_child' retrieved from /home/airflow/.local/lib/python3.12/site-packages/airflow/example_dags/example_external_task_marker_dag.py
[2024-08-01T04:22:00.617+0000] {logging_mixin.py:188} INFO - [2024-08-01T04:22:00.617+0000] {dag.py:3089} INFO - Sync 2 DAGs
[2024-08-01T04:22:00.633+0000] {logging_mixin.py:188} INFO - [2024-08-01T04:22:00.633+0000] {dag.py:3947} INFO - Setting next_dagrun for example_external_task_marker_child to None, run_after=None
[2024-08-01T04:22:00.637+0000] {logging_mixin.py:188} INFO - [2024-08-01T04:22:00.637+0000] {dag.py:3947} INFO - Setting next_dagrun for example_external_task_marker_parent to None, run_after=None
[2024-08-01T04:22:00.654+0000] {processor.py:183} INFO - Processing /home/airflow/.local/lib/python3.12/site-packages/airflow/example_dags/example_external_task_marker_dag.py took 0.078 seconds
[2024-08-01T04:22:31.899+0000] {processor.py:161} INFO - Started process (PID=330) to work on /home/airflow/.local/lib/python3.12/site-packages/airflow/example_dags/example_external_task_marker_dag.py
[2024-08-01T04:22:31.901+0000] {processor.py:830} INFO - Processing file /home/airflow/.local/lib/python3.12/site-packages/airflow/example_dags/example_external_task_marker_dag.py for tasks to queue
[2024-08-01T04:22:31.903+0000] {logging_mixin.py:188} INFO - [2024-08-01T04:22:31.903+0000] {dagbag.py:545} INFO - Filling up the DagBag from /home/airflow/.local/lib/python3.12/site-packages/airflow/example_dags/example_external_task_marker_dag.py
[2024-08-01T04:22:31.911+0000] {processor.py:840} INFO - DAG(s) 'example_external_task_marker_child', 'example_external_task_marker_parent' retrieved from /home/airflow/.local/lib/python3.12/site-packages/airflow/example_dags/example_external_task_marker_dag.py
[2024-08-01T04:22:31.941+0000] {logging_mixin.py:188} INFO - [2024-08-01T04:22:31.941+0000] {dag.py:3089} INFO - Sync 2 DAGs
[2024-08-01T04:22:31.960+0000] {logging_mixin.py:188} INFO - [2024-08-01T04:22:31.959+0000] {dag.py:3947} INFO - Setting next_dagrun for example_external_task_marker_child to None, run_after=None
[2024-08-01T04:22:31.965+0000] {logging_mixin.py:188} INFO - [2024-08-01T04:22:31.965+0000] {dag.py:3947} INFO - Setting next_dagrun for example_external_task_marker_parent to None, run_after=None
[2024-08-01T04:22:32.053+0000] {processor.py:183} INFO - Processing /home/airflow/.local/lib/python3.12/site-packages/airflow/example_dags/example_external_task_marker_dag.py took 0.161 seconds
[2024-08-01T04:23:02.825+0000] {processor.py:161} INFO - Started process (PID=390) to work on /home/airflow/.local/lib/python3.12/site-packages/airflow/example_dags/example_external_task_marker_dag.py
[2024-08-01T04:23:02.826+0000] {processor.py:830} INFO - Processing file /home/airflow/.local/lib/python3.12/site-packages/airflow/example_dags/example_external_task_marker_dag.py for tasks to queue
[2024-08-01T04:23:02.828+0000] {logging_mixin.py:188} INFO - [2024-08-01T04:23:02.828+0000] {dagbag.py:545} INFO - Filling up the DagBag from /home/airflow/.local/lib/python3.12/site-packages/airflow/example_dags/example_external_task_marker_dag.py
[2024-08-01T04:23:02.836+0000] {processor.py:840} INFO - DAG(s) 'example_external_task_marker_parent', 'example_external_task_marker_child' retrieved from /home/airflow/.local/lib/python3.12/site-packages/airflow/example_dags/example_external_task_marker_dag.py
[2024-08-01T04:23:02.870+0000] {logging_mixin.py:188} INFO - [2024-08-01T04:23:02.870+0000] {dag.py:3089} INFO - Sync 2 DAGs
[2024-08-01T04:23:02.891+0000] {logging_mixin.py:188} INFO - [2024-08-01T04:23:02.891+0000] {dag.py:3947} INFO - Setting next_dagrun for example_external_task_marker_child to None, run_after=None
[2024-08-01T04:23:02.898+0000] {logging_mixin.py:188} INFO - [2024-08-01T04:23:02.898+0000] {dag.py:3947} INFO - Setting next_dagrun for example_external_task_marker_parent to None, run_after=None
[2024-08-01T04:23:02.919+0000] {processor.py:183} INFO - Processing /home/airflow/.local/lib/python3.12/site-packages/airflow/example_dags/example_external_task_marker_dag.py took 0.103 seconds
[2024-08-01T04:23:33.254+0000] {processor.py:161} INFO - Started process (PID=450) to work on /home/airflow/.local/lib/python3.12/site-packages/airflow/example_dags/example_external_task_marker_dag.py
[2024-08-01T04:23:33.256+0000] {processor.py:830} INFO - Processing file /home/airflow/.local/lib/python3.12/site-packages/airflow/example_dags/example_external_task_marker_dag.py for tasks to queue
[2024-08-01T04:23:33.259+0000] {logging_mixin.py:188} INFO - [2024-08-01T04:23:33.258+0000] {dagbag.py:545} INFO - Filling up the DagBag from /home/airflow/.local/lib/python3.12/site-packages/airflow/example_dags/example_external_task_marker_dag.py
[2024-08-01T04:23:33.268+0000] {processor.py:840} INFO - DAG(s) 'example_external_task_marker_parent', 'example_external_task_marker_child' retrieved from /home/airflow/.local/lib/python3.12/site-packages/airflow/example_dags/example_external_task_marker_dag.py
[2024-08-01T04:23:33.303+0000] {logging_mixin.py:188} INFO - [2024-08-01T04:23:33.302+0000] {dag.py:3089} INFO - Sync 2 DAGs
[2024-08-01T04:23:33.325+0000] {logging_mixin.py:188} INFO - [2024-08-01T04:23:33.324+0000] {dag.py:3947} INFO - Setting next_dagrun for example_external_task_marker_child to None, run_after=None
[2024-08-01T04:23:33.331+0000] {logging_mixin.py:188} INFO - [2024-08-01T04:23:33.330+0000] {dag.py:3947} INFO - Setting next_dagrun for example_external_task_marker_parent to None, run_after=None
[2024-08-01T04:23:33.418+0000] {processor.py:183} INFO - Processing /home/airflow/.local/lib/python3.12/site-packages/airflow/example_dags/example_external_task_marker_dag.py took 0.172 seconds
