[2024-08-01T04:16:16.410+0000] {processor.py:161} INFO - Started process (PID=63) to work on /home/airflow/.local/lib/python3.12/site-packages/airflow/example_dags/example_setup_teardown.py
[2024-08-01T04:16:16.411+0000] {processor.py:830} INFO - Processing file /home/airflow/.local/lib/python3.12/site-packages/airflow/example_dags/example_setup_teardown.py for tasks to queue
[2024-08-01T04:16:16.414+0000] {logging_mixin.py:188} INFO - [2024-08-01T04:16:16.413+0000] {dagbag.py:545} INFO - Filling up the DagBag from /home/airflow/.local/lib/python3.12/site-packages/airflow/example_dags/example_setup_teardown.py
[2024-08-01T04:16:16.423+0000] {processor.py:840} INFO - DAG(s) 'example_setup_teardown' retrieved from /home/airflow/.local/lib/python3.12/site-packages/airflow/example_dags/example_setup_teardown.py
[2024-08-01T04:16:16.612+0000] {logging_mixin.py:188} INFO - [2024-08-01T04:16:16.611+0000] {override.py:1858} INFO - Created Permission View: can edit on DAG:example_setup_teardown
[2024-08-01T04:16:16.625+0000] {logging_mixin.py:188} INFO - [2024-08-01T04:16:16.625+0000] {override.py:1858} INFO - Created Permission View: can delete on DAG:example_setup_teardown
[2024-08-01T04:16:16.634+0000] {logging_mixin.py:188} INFO - [2024-08-01T04:16:16.634+0000] {override.py:1858} INFO - Created Permission View: can read on DAG:example_setup_teardown
[2024-08-01T04:16:16.635+0000] {logging_mixin.py:188} INFO - [2024-08-01T04:16:16.635+0000] {dag.py:3089} INFO - Sync 1 DAGs
[2024-08-01T04:16:16.650+0000] {logging_mixin.py:188} INFO - [2024-08-01T04:16:16.650+0000] {dag.py:3111} INFO - Creating ORM DAG for example_setup_teardown
[2024-08-01T04:16:16.667+0000] {logging_mixin.py:188} INFO - [2024-08-01T04:16:16.667+0000] {dag.py:3947} INFO - Setting next_dagrun for example_setup_teardown to 2024-07-31 00:00:00+00:00, run_after=2024-08-01 00:00:00+00:00
[2024-08-01T04:16:16.712+0000] {processor.py:183} INFO - Processing /home/airflow/.local/lib/python3.12/site-packages/airflow/example_dags/example_setup_teardown.py took 0.308 seconds
[2024-08-01T04:16:47.433+0000] {processor.py:161} INFO - Started process (PID=122) to work on /home/airflow/.local/lib/python3.12/site-packages/airflow/example_dags/example_setup_teardown.py
[2024-08-01T04:16:47.434+0000] {processor.py:830} INFO - Processing file /home/airflow/.local/lib/python3.12/site-packages/airflow/example_dags/example_setup_teardown.py for tasks to queue
[2024-08-01T04:16:47.437+0000] {logging_mixin.py:188} INFO - [2024-08-01T04:16:47.437+0000] {dagbag.py:545} INFO - Filling up the DagBag from /home/airflow/.local/lib/python3.12/site-packages/airflow/example_dags/example_setup_teardown.py
[2024-08-01T04:16:47.446+0000] {processor.py:840} INFO - DAG(s) 'example_setup_teardown' retrieved from /home/airflow/.local/lib/python3.12/site-packages/airflow/example_dags/example_setup_teardown.py
[2024-08-01T04:16:47.472+0000] {logging_mixin.py:188} INFO - [2024-08-01T04:16:47.471+0000] {dag.py:3089} INFO - Sync 1 DAGs
[2024-08-01T04:16:47.501+0000] {logging_mixin.py:188} INFO - [2024-08-01T04:16:47.501+0000] {dag.py:3947} INFO - Setting next_dagrun for example_setup_teardown to 2024-07-31 00:00:00+00:00, run_after=2024-08-01 00:00:00+00:00
[2024-08-01T04:16:47.595+0000] {processor.py:183} INFO - Processing /home/airflow/.local/lib/python3.12/site-packages/airflow/example_dags/example_setup_teardown.py took 0.169 seconds
[2024-08-01T04:17:17.973+0000] {processor.py:161} INFO - Started process (PID=181) to work on /home/airflow/.local/lib/python3.12/site-packages/airflow/example_dags/example_setup_teardown.py
[2024-08-01T04:17:17.975+0000] {processor.py:830} INFO - Processing file /home/airflow/.local/lib/python3.12/site-packages/airflow/example_dags/example_setup_teardown.py for tasks to queue
[2024-08-01T04:17:17.979+0000] {logging_mixin.py:188} INFO - [2024-08-01T04:17:17.978+0000] {dagbag.py:545} INFO - Filling up the DagBag from /home/airflow/.local/lib/python3.12/site-packages/airflow/example_dags/example_setup_teardown.py
[2024-08-01T04:17:17.991+0000] {processor.py:840} INFO - DAG(s) 'example_setup_teardown' retrieved from /home/airflow/.local/lib/python3.12/site-packages/airflow/example_dags/example_setup_teardown.py
[2024-08-01T04:17:18.025+0000] {logging_mixin.py:188} INFO - [2024-08-01T04:17:18.025+0000] {dag.py:3089} INFO - Sync 1 DAGs
[2024-08-01T04:17:18.057+0000] {logging_mixin.py:188} INFO - [2024-08-01T04:17:18.056+0000] {dag.py:3947} INFO - Setting next_dagrun for example_setup_teardown to 2024-07-31 00:00:00+00:00, run_after=2024-08-01 00:00:00+00:00
[2024-08-01T04:17:18.149+0000] {processor.py:183} INFO - Processing /home/airflow/.local/lib/python3.12/site-packages/airflow/example_dags/example_setup_teardown.py took 0.186 seconds
[2024-08-01T04:17:48.531+0000] {processor.py:161} INFO - Started process (PID=240) to work on /home/airflow/.local/lib/python3.12/site-packages/airflow/example_dags/example_setup_teardown.py
[2024-08-01T04:17:48.532+0000] {processor.py:830} INFO - Processing file /home/airflow/.local/lib/python3.12/site-packages/airflow/example_dags/example_setup_teardown.py for tasks to queue
[2024-08-01T04:17:48.537+0000] {logging_mixin.py:188} INFO - [2024-08-01T04:17:48.536+0000] {dagbag.py:545} INFO - Filling up the DagBag from /home/airflow/.local/lib/python3.12/site-packages/airflow/example_dags/example_setup_teardown.py
[2024-08-01T04:17:48.545+0000] {processor.py:840} INFO - DAG(s) 'example_setup_teardown' retrieved from /home/airflow/.local/lib/python3.12/site-packages/airflow/example_dags/example_setup_teardown.py
[2024-08-01T04:17:48.576+0000] {logging_mixin.py:188} INFO - [2024-08-01T04:17:48.575+0000] {dag.py:3089} INFO - Sync 1 DAGs
[2024-08-01T04:17:48.612+0000] {logging_mixin.py:188} INFO - [2024-08-01T04:17:48.612+0000] {dag.py:3947} INFO - Setting next_dagrun for example_setup_teardown to 2024-07-31 00:00:00+00:00, run_after=2024-08-01 00:00:00+00:00
[2024-08-01T04:17:48.706+0000] {processor.py:183} INFO - Processing /home/airflow/.local/lib/python3.12/site-packages/airflow/example_dags/example_setup_teardown.py took 0.183 seconds
[2024-08-01T04:18:18.881+0000] {processor.py:161} INFO - Started process (PID=299) to work on /home/airflow/.local/lib/python3.12/site-packages/airflow/example_dags/example_setup_teardown.py
[2024-08-01T04:18:18.882+0000] {processor.py:830} INFO - Processing file /home/airflow/.local/lib/python3.12/site-packages/airflow/example_dags/example_setup_teardown.py for tasks to queue
[2024-08-01T04:18:18.885+0000] {logging_mixin.py:188} INFO - [2024-08-01T04:18:18.884+0000] {dagbag.py:545} INFO - Filling up the DagBag from /home/airflow/.local/lib/python3.12/site-packages/airflow/example_dags/example_setup_teardown.py
[2024-08-01T04:18:18.894+0000] {processor.py:840} INFO - DAG(s) 'example_setup_teardown' retrieved from /home/airflow/.local/lib/python3.12/site-packages/airflow/example_dags/example_setup_teardown.py
[2024-08-01T04:18:18.923+0000] {logging_mixin.py:188} INFO - [2024-08-01T04:18:18.922+0000] {dag.py:3089} INFO - Sync 1 DAGs
[2024-08-01T04:18:18.955+0000] {logging_mixin.py:188} INFO - [2024-08-01T04:18:18.955+0000] {dag.py:3947} INFO - Setting next_dagrun for example_setup_teardown to 2024-07-31 00:00:00+00:00, run_after=2024-08-01 00:00:00+00:00
[2024-08-01T04:18:19.047+0000] {processor.py:183} INFO - Processing /home/airflow/.local/lib/python3.12/site-packages/airflow/example_dags/example_setup_teardown.py took 0.173 seconds
[2024-08-01T04:18:49.727+0000] {processor.py:161} INFO - Started process (PID=358) to work on /home/airflow/.local/lib/python3.12/site-packages/airflow/example_dags/example_setup_teardown.py
[2024-08-01T04:18:49.729+0000] {processor.py:830} INFO - Processing file /home/airflow/.local/lib/python3.12/site-packages/airflow/example_dags/example_setup_teardown.py for tasks to queue
[2024-08-01T04:18:49.732+0000] {logging_mixin.py:188} INFO - [2024-08-01T04:18:49.731+0000] {dagbag.py:545} INFO - Filling up the DagBag from /home/airflow/.local/lib/python3.12/site-packages/airflow/example_dags/example_setup_teardown.py
[2024-08-01T04:18:49.742+0000] {processor.py:840} INFO - DAG(s) 'example_setup_teardown' retrieved from /home/airflow/.local/lib/python3.12/site-packages/airflow/example_dags/example_setup_teardown.py
[2024-08-01T04:18:49.773+0000] {logging_mixin.py:188} INFO - [2024-08-01T04:18:49.772+0000] {dag.py:3089} INFO - Sync 1 DAGs
[2024-08-01T04:18:49.805+0000] {logging_mixin.py:188} INFO - [2024-08-01T04:18:49.805+0000] {dag.py:3947} INFO - Setting next_dagrun for example_setup_teardown to 2024-07-31 00:00:00+00:00, run_after=2024-08-01 00:00:00+00:00
[2024-08-01T04:18:49.835+0000] {processor.py:183} INFO - Processing /home/airflow/.local/lib/python3.12/site-packages/airflow/example_dags/example_setup_teardown.py took 0.117 seconds
[2024-08-01T04:19:20.108+0000] {processor.py:161} INFO - Started process (PID=423) to work on /home/airflow/.local/lib/python3.12/site-packages/airflow/example_dags/example_setup_teardown.py
[2024-08-01T04:19:20.109+0000] {processor.py:830} INFO - Processing file /home/airflow/.local/lib/python3.12/site-packages/airflow/example_dags/example_setup_teardown.py for tasks to queue
[2024-08-01T04:19:20.111+0000] {logging_mixin.py:188} INFO - [2024-08-01T04:19:20.111+0000] {dagbag.py:545} INFO - Filling up the DagBag from /home/airflow/.local/lib/python3.12/site-packages/airflow/example_dags/example_setup_teardown.py
[2024-08-01T04:19:20.119+0000] {processor.py:840} INFO - DAG(s) 'example_setup_teardown' retrieved from /home/airflow/.local/lib/python3.12/site-packages/airflow/example_dags/example_setup_teardown.py
[2024-08-01T04:19:20.146+0000] {logging_mixin.py:188} INFO - [2024-08-01T04:19:20.146+0000] {dag.py:3089} INFO - Sync 1 DAGs
[2024-08-01T04:19:20.174+0000] {logging_mixin.py:188} INFO - [2024-08-01T04:19:20.174+0000] {dag.py:3947} INFO - Setting next_dagrun for example_setup_teardown to 2024-07-31 00:00:00+00:00, run_after=2024-08-01 00:00:00+00:00
[2024-08-01T04:19:20.264+0000] {processor.py:183} INFO - Processing /home/airflow/.local/lib/python3.12/site-packages/airflow/example_dags/example_setup_teardown.py took 0.163 seconds
[2024-08-01T04:20:24.440+0000] {processor.py:161} INFO - Started process (PID=64) to work on /home/airflow/.local/lib/python3.12/site-packages/airflow/example_dags/example_setup_teardown.py
[2024-08-01T04:20:24.441+0000] {processor.py:830} INFO - Processing file /home/airflow/.local/lib/python3.12/site-packages/airflow/example_dags/example_setup_teardown.py for tasks to queue
[2024-08-01T04:20:24.443+0000] {logging_mixin.py:188} INFO - [2024-08-01T04:20:24.443+0000] {dagbag.py:545} INFO - Filling up the DagBag from /home/airflow/.local/lib/python3.12/site-packages/airflow/example_dags/example_setup_teardown.py
[2024-08-01T04:20:24.453+0000] {processor.py:840} INFO - DAG(s) 'example_setup_teardown' retrieved from /home/airflow/.local/lib/python3.12/site-packages/airflow/example_dags/example_setup_teardown.py
[2024-08-01T04:20:24.592+0000] {logging_mixin.py:188} INFO - [2024-08-01T04:20:24.592+0000] {dag.py:3089} INFO - Sync 1 DAGs
[2024-08-01T04:20:24.619+0000] {logging_mixin.py:188} INFO - [2024-08-01T04:20:24.619+0000] {dag.py:3947} INFO - Setting next_dagrun for example_setup_teardown to 2024-07-31 00:00:00+00:00, run_after=2024-08-01 00:00:00+00:00
[2024-08-01T04:20:24.653+0000] {processor.py:183} INFO - Processing /home/airflow/.local/lib/python3.12/site-packages/airflow/example_dags/example_setup_teardown.py took 0.219 seconds
[2024-08-01T04:20:54.816+0000] {processor.py:161} INFO - Started process (PID=124) to work on /home/airflow/.local/lib/python3.12/site-packages/airflow/example_dags/example_setup_teardown.py
[2024-08-01T04:20:54.817+0000] {processor.py:830} INFO - Processing file /home/airflow/.local/lib/python3.12/site-packages/airflow/example_dags/example_setup_teardown.py for tasks to queue
[2024-08-01T04:20:54.820+0000] {logging_mixin.py:188} INFO - [2024-08-01T04:20:54.820+0000] {dagbag.py:545} INFO - Filling up the DagBag from /home/airflow/.local/lib/python3.12/site-packages/airflow/example_dags/example_setup_teardown.py
[2024-08-01T04:20:54.829+0000] {processor.py:840} INFO - DAG(s) 'example_setup_teardown' retrieved from /home/airflow/.local/lib/python3.12/site-packages/airflow/example_dags/example_setup_teardown.py
[2024-08-01T04:20:54.857+0000] {logging_mixin.py:188} INFO - [2024-08-01T04:20:54.857+0000] {dag.py:3089} INFO - Sync 1 DAGs
[2024-08-01T04:20:54.890+0000] {logging_mixin.py:188} INFO - [2024-08-01T04:20:54.889+0000] {dag.py:3947} INFO - Setting next_dagrun for example_setup_teardown to 2024-07-31 00:00:00+00:00, run_after=2024-08-01 00:00:00+00:00
[2024-08-01T04:20:54.959+0000] {processor.py:183} INFO - Processing /home/airflow/.local/lib/python3.12/site-packages/airflow/example_dags/example_setup_teardown.py took 0.150 seconds
[2024-08-01T04:21:25.108+0000] {processor.py:161} INFO - Started process (PID=184) to work on /home/airflow/.local/lib/python3.12/site-packages/airflow/example_dags/example_setup_teardown.py
[2024-08-01T04:21:25.109+0000] {processor.py:830} INFO - Processing file /home/airflow/.local/lib/python3.12/site-packages/airflow/example_dags/example_setup_teardown.py for tasks to queue
[2024-08-01T04:21:25.113+0000] {logging_mixin.py:188} INFO - [2024-08-01T04:21:25.113+0000] {dagbag.py:545} INFO - Filling up the DagBag from /home/airflow/.local/lib/python3.12/site-packages/airflow/example_dags/example_setup_teardown.py
[2024-08-01T04:21:25.122+0000] {processor.py:840} INFO - DAG(s) 'example_setup_teardown' retrieved from /home/airflow/.local/lib/python3.12/site-packages/airflow/example_dags/example_setup_teardown.py
[2024-08-01T04:21:25.148+0000] {logging_mixin.py:188} INFO - [2024-08-01T04:21:25.147+0000] {dag.py:3089} INFO - Sync 1 DAGs
[2024-08-01T04:21:25.181+0000] {logging_mixin.py:188} INFO - [2024-08-01T04:21:25.180+0000] {dag.py:3947} INFO - Setting next_dagrun for example_setup_teardown to 2024-07-31 00:00:00+00:00, run_after=2024-08-01 00:00:00+00:00
[2024-08-01T04:21:25.203+0000] {processor.py:183} INFO - Processing /home/airflow/.local/lib/python3.12/site-packages/airflow/example_dags/example_setup_teardown.py took 0.103 seconds
[2024-08-01T04:21:55.580+0000] {processor.py:161} INFO - Started process (PID=244) to work on /home/airflow/.local/lib/python3.12/site-packages/airflow/example_dags/example_setup_teardown.py
[2024-08-01T04:21:55.581+0000] {processor.py:830} INFO - Processing file /home/airflow/.local/lib/python3.12/site-packages/airflow/example_dags/example_setup_teardown.py for tasks to queue
[2024-08-01T04:21:55.584+0000] {logging_mixin.py:188} INFO - [2024-08-01T04:21:55.584+0000] {dagbag.py:545} INFO - Filling up the DagBag from /home/airflow/.local/lib/python3.12/site-packages/airflow/example_dags/example_setup_teardown.py
[2024-08-01T04:21:55.592+0000] {processor.py:840} INFO - DAG(s) 'example_setup_teardown' retrieved from /home/airflow/.local/lib/python3.12/site-packages/airflow/example_dags/example_setup_teardown.py
[2024-08-01T04:21:55.623+0000] {logging_mixin.py:188} INFO - [2024-08-01T04:21:55.623+0000] {dag.py:3089} INFO - Sync 1 DAGs
[2024-08-01T04:21:55.661+0000] {logging_mixin.py:188} INFO - [2024-08-01T04:21:55.661+0000] {dag.py:3947} INFO - Setting next_dagrun for example_setup_teardown to 2024-07-31 00:00:00+00:00, run_after=2024-08-01 00:00:00+00:00
[2024-08-01T04:21:55.753+0000] {processor.py:183} INFO - Processing /home/airflow/.local/lib/python3.12/site-packages/airflow/example_dags/example_setup_teardown.py took 0.183 seconds
[2024-08-01T04:22:26.355+0000] {processor.py:161} INFO - Started process (PID=304) to work on /home/airflow/.local/lib/python3.12/site-packages/airflow/example_dags/example_setup_teardown.py
[2024-08-01T04:22:26.356+0000] {processor.py:830} INFO - Processing file /home/airflow/.local/lib/python3.12/site-packages/airflow/example_dags/example_setup_teardown.py for tasks to queue
[2024-08-01T04:22:26.358+0000] {logging_mixin.py:188} INFO - [2024-08-01T04:22:26.358+0000] {dagbag.py:545} INFO - Filling up the DagBag from /home/airflow/.local/lib/python3.12/site-packages/airflow/example_dags/example_setup_teardown.py
[2024-08-01T04:22:26.366+0000] {processor.py:840} INFO - DAG(s) 'example_setup_teardown' retrieved from /home/airflow/.local/lib/python3.12/site-packages/airflow/example_dags/example_setup_teardown.py
[2024-08-01T04:22:26.393+0000] {logging_mixin.py:188} INFO - [2024-08-01T04:22:26.392+0000] {dag.py:3089} INFO - Sync 1 DAGs
[2024-08-01T04:22:26.423+0000] {logging_mixin.py:188} INFO - [2024-08-01T04:22:26.423+0000] {dag.py:3947} INFO - Setting next_dagrun for example_setup_teardown to 2024-07-31 00:00:00+00:00, run_after=2024-08-01 00:00:00+00:00
[2024-08-01T04:22:26.448+0000] {processor.py:183} INFO - Processing /home/airflow/.local/lib/python3.12/site-packages/airflow/example_dags/example_setup_teardown.py took 0.100 seconds
[2024-08-01T04:22:56.858+0000] {processor.py:161} INFO - Started process (PID=364) to work on /home/airflow/.local/lib/python3.12/site-packages/airflow/example_dags/example_setup_teardown.py
[2024-08-01T04:22:56.860+0000] {processor.py:830} INFO - Processing file /home/airflow/.local/lib/python3.12/site-packages/airflow/example_dags/example_setup_teardown.py for tasks to queue
[2024-08-01T04:22:56.863+0000] {logging_mixin.py:188} INFO - [2024-08-01T04:22:56.863+0000] {dagbag.py:545} INFO - Filling up the DagBag from /home/airflow/.local/lib/python3.12/site-packages/airflow/example_dags/example_setup_teardown.py
[2024-08-01T04:22:56.873+0000] {processor.py:840} INFO - DAG(s) 'example_setup_teardown' retrieved from /home/airflow/.local/lib/python3.12/site-packages/airflow/example_dags/example_setup_teardown.py
[2024-08-01T04:22:56.905+0000] {logging_mixin.py:188} INFO - [2024-08-01T04:22:56.905+0000] {dag.py:3089} INFO - Sync 1 DAGs
[2024-08-01T04:22:56.936+0000] {logging_mixin.py:188} INFO - [2024-08-01T04:22:56.935+0000] {dag.py:3947} INFO - Setting next_dagrun for example_setup_teardown to 2024-07-31 00:00:00+00:00, run_after=2024-08-01 00:00:00+00:00
[2024-08-01T04:22:57.026+0000] {processor.py:183} INFO - Processing /home/airflow/.local/lib/python3.12/site-packages/airflow/example_dags/example_setup_teardown.py took 0.175 seconds
[2024-08-01T04:23:27.162+0000] {processor.py:161} INFO - Started process (PID=424) to work on /home/airflow/.local/lib/python3.12/site-packages/airflow/example_dags/example_setup_teardown.py
[2024-08-01T04:23:27.164+0000] {processor.py:830} INFO - Processing file /home/airflow/.local/lib/python3.12/site-packages/airflow/example_dags/example_setup_teardown.py for tasks to queue
[2024-08-01T04:23:27.168+0000] {logging_mixin.py:188} INFO - [2024-08-01T04:23:27.168+0000] {dagbag.py:545} INFO - Filling up the DagBag from /home/airflow/.local/lib/python3.12/site-packages/airflow/example_dags/example_setup_teardown.py
[2024-08-01T04:23:27.177+0000] {processor.py:840} INFO - DAG(s) 'example_setup_teardown' retrieved from /home/airflow/.local/lib/python3.12/site-packages/airflow/example_dags/example_setup_teardown.py
[2024-08-01T04:23:27.206+0000] {logging_mixin.py:188} INFO - [2024-08-01T04:23:27.205+0000] {dag.py:3089} INFO - Sync 1 DAGs
[2024-08-01T04:23:27.237+0000] {logging_mixin.py:188} INFO - [2024-08-01T04:23:27.236+0000] {dag.py:3947} INFO - Setting next_dagrun for example_setup_teardown to 2024-07-31 00:00:00+00:00, run_after=2024-08-01 00:00:00+00:00
[2024-08-01T04:23:27.262+0000] {processor.py:183} INFO - Processing /home/airflow/.local/lib/python3.12/site-packages/airflow/example_dags/example_setup_teardown.py took 0.108 seconds
