[2024-08-01T04:16:21.778+0000] {processor.py:161} INFO - Started process (PID=100) to work on /home/airflow/.local/lib/python3.12/site-packages/airflow/example_dags/example_branch_datetime_operator.py
[2024-08-01T04:16:21.779+0000] {processor.py:830} INFO - Processing file /home/airflow/.local/lib/python3.12/site-packages/airflow/example_dags/example_branch_datetime_operator.py for tasks to queue
[2024-08-01T04:16:21.781+0000] {logging_mixin.py:188} INFO - [2024-08-01T04:16:21.781+0000] {dagbag.py:545} INFO - Filling up the DagBag from /home/airflow/.local/lib/python3.12/site-packages/airflow/example_dags/example_branch_datetime_operator.py
[2024-08-01T04:16:21.801+0000] {processor.py:840} INFO - DAG(s) 'example_branch_datetime_operator', 'example_branch_datetime_operator_2', 'example_branch_datetime_operator_3' retrieved from /home/airflow/.local/lib/python3.12/site-packages/airflow/example_dags/example_branch_datetime_operator.py
[2024-08-01T04:16:21.984+0000] {logging_mixin.py:188} INFO - [2024-08-01T04:16:21.983+0000] {override.py:1858} INFO - Created Permission View: can edit on DAG:example_branch_datetime_operator
[2024-08-01T04:16:22.034+0000] {logging_mixin.py:188} INFO - [2024-08-01T04:16:22.033+0000] {override.py:1858} INFO - Created Permission View: can delete on DAG:example_branch_datetime_operator
[2024-08-01T04:16:22.046+0000] {logging_mixin.py:188} INFO - [2024-08-01T04:16:22.045+0000] {override.py:1858} INFO - Created Permission View: can read on DAG:example_branch_datetime_operator
[2024-08-01T04:16:22.070+0000] {logging_mixin.py:188} INFO - [2024-08-01T04:16:22.070+0000] {override.py:1858} INFO - Created Permission View: can edit on DAG:example_branch_datetime_operator_2
[2024-08-01T04:16:22.080+0000] {logging_mixin.py:188} INFO - [2024-08-01T04:16:22.080+0000] {override.py:1858} INFO - Created Permission View: can delete on DAG:example_branch_datetime_operator_2
[2024-08-01T04:16:22.091+0000] {logging_mixin.py:188} INFO - [2024-08-01T04:16:22.090+0000] {override.py:1858} INFO - Created Permission View: can read on DAG:example_branch_datetime_operator_2
[2024-08-01T04:16:22.109+0000] {logging_mixin.py:188} INFO - [2024-08-01T04:16:22.109+0000] {override.py:1858} INFO - Created Permission View: can edit on DAG:example_branch_datetime_operator_3
[2024-08-01T04:16:22.119+0000] {logging_mixin.py:188} INFO - [2024-08-01T04:16:22.119+0000] {override.py:1858} INFO - Created Permission View: can delete on DAG:example_branch_datetime_operator_3
[2024-08-01T04:16:22.128+0000] {logging_mixin.py:188} INFO - [2024-08-01T04:16:22.128+0000] {override.py:1858} INFO - Created Permission View: can read on DAG:example_branch_datetime_operator_3
[2024-08-01T04:16:22.129+0000] {logging_mixin.py:188} INFO - [2024-08-01T04:16:22.129+0000] {dag.py:3089} INFO - Sync 3 DAGs
[2024-08-01T04:16:22.149+0000] {logging_mixin.py:188} INFO - [2024-08-01T04:16:22.148+0000] {dag.py:3111} INFO - Creating ORM DAG for example_branch_datetime_operator_3
[2024-08-01T04:16:22.150+0000] {logging_mixin.py:188} INFO - [2024-08-01T04:16:22.150+0000] {dag.py:3111} INFO - Creating ORM DAG for example_branch_datetime_operator
[2024-08-01T04:16:22.151+0000] {logging_mixin.py:188} INFO - [2024-08-01T04:16:22.151+0000] {dag.py:3111} INFO - Creating ORM DAG for example_branch_datetime_operator_2
[2024-08-01T04:16:22.169+0000] {logging_mixin.py:188} INFO - [2024-08-01T04:16:22.169+0000] {dag.py:3947} INFO - Setting next_dagrun for example_branch_datetime_operator to 2024-07-31 00:00:00+00:00, run_after=2024-08-01 00:00:00+00:00
[2024-08-01T04:16:22.174+0000] {logging_mixin.py:188} INFO - [2024-08-01T04:16:22.174+0000] {dag.py:3947} INFO - Setting next_dagrun for example_branch_datetime_operator_2 to 2024-07-31 00:00:00+00:00, run_after=2024-08-01 00:00:00+00:00
[2024-08-01T04:16:22.178+0000] {logging_mixin.py:188} INFO - [2024-08-01T04:16:22.177+0000] {dag.py:3947} INFO - Setting next_dagrun for example_branch_datetime_operator_3 to 2024-07-31 00:00:00+00:00, run_after=2024-08-01 00:00:00+00:00
[2024-08-01T04:16:22.206+0000] {processor.py:183} INFO - Processing /home/airflow/.local/lib/python3.12/site-packages/airflow/example_dags/example_branch_datetime_operator.py took 0.435 seconds
[2024-08-01T04:16:52.901+0000] {processor.py:161} INFO - Started process (PID=159) to work on /home/airflow/.local/lib/python3.12/site-packages/airflow/example_dags/example_branch_datetime_operator.py
[2024-08-01T04:16:52.903+0000] {processor.py:830} INFO - Processing file /home/airflow/.local/lib/python3.12/site-packages/airflow/example_dags/example_branch_datetime_operator.py for tasks to queue
[2024-08-01T04:16:52.906+0000] {logging_mixin.py:188} INFO - [2024-08-01T04:16:52.906+0000] {dagbag.py:545} INFO - Filling up the DagBag from /home/airflow/.local/lib/python3.12/site-packages/airflow/example_dags/example_branch_datetime_operator.py
[2024-08-01T04:16:52.934+0000] {processor.py:840} INFO - DAG(s) 'example_branch_datetime_operator_2', 'example_branch_datetime_operator_3', 'example_branch_datetime_operator' retrieved from /home/airflow/.local/lib/python3.12/site-packages/airflow/example_dags/example_branch_datetime_operator.py
[2024-08-01T04:16:52.994+0000] {logging_mixin.py:188} INFO - [2024-08-01T04:16:52.994+0000] {dag.py:3089} INFO - Sync 3 DAGs
[2024-08-01T04:16:53.028+0000] {logging_mixin.py:188} INFO - [2024-08-01T04:16:53.028+0000] {dag.py:3947} INFO - Setting next_dagrun for example_branch_datetime_operator to 2024-07-31 00:00:00+00:00, run_after=2024-08-01 00:00:00+00:00
[2024-08-01T04:16:53.036+0000] {logging_mixin.py:188} INFO - [2024-08-01T04:16:53.036+0000] {dag.py:3947} INFO - Setting next_dagrun for example_branch_datetime_operator_2 to 2024-07-31 00:00:00+00:00, run_after=2024-08-01 00:00:00+00:00
[2024-08-01T04:16:53.040+0000] {logging_mixin.py:188} INFO - [2024-08-01T04:16:53.040+0000] {dag.py:3947} INFO - Setting next_dagrun for example_branch_datetime_operator_3 to 2024-07-31 00:00:00+00:00, run_after=2024-08-01 00:00:00+00:00
[2024-08-01T04:16:53.069+0000] {processor.py:183} INFO - Processing /home/airflow/.local/lib/python3.12/site-packages/airflow/example_dags/example_branch_datetime_operator.py took 0.177 seconds
[2024-08-01T04:17:23.516+0000] {processor.py:161} INFO - Started process (PID=218) to work on /home/airflow/.local/lib/python3.12/site-packages/airflow/example_dags/example_branch_datetime_operator.py
[2024-08-01T04:17:23.517+0000] {processor.py:830} INFO - Processing file /home/airflow/.local/lib/python3.12/site-packages/airflow/example_dags/example_branch_datetime_operator.py for tasks to queue
[2024-08-01T04:17:23.519+0000] {logging_mixin.py:188} INFO - [2024-08-01T04:17:23.519+0000] {dagbag.py:545} INFO - Filling up the DagBag from /home/airflow/.local/lib/python3.12/site-packages/airflow/example_dags/example_branch_datetime_operator.py
[2024-08-01T04:17:23.535+0000] {processor.py:840} INFO - DAG(s) 'example_branch_datetime_operator_2', 'example_branch_datetime_operator_3', 'example_branch_datetime_operator' retrieved from /home/airflow/.local/lib/python3.12/site-packages/airflow/example_dags/example_branch_datetime_operator.py
[2024-08-01T04:17:23.574+0000] {logging_mixin.py:188} INFO - [2024-08-01T04:17:23.573+0000] {dag.py:3089} INFO - Sync 3 DAGs
[2024-08-01T04:17:23.605+0000] {logging_mixin.py:188} INFO - [2024-08-01T04:17:23.605+0000] {dag.py:3947} INFO - Setting next_dagrun for example_branch_datetime_operator to 2024-07-31 00:00:00+00:00, run_after=2024-08-01 00:00:00+00:00
[2024-08-01T04:17:23.611+0000] {logging_mixin.py:188} INFO - [2024-08-01T04:17:23.611+0000] {dag.py:3947} INFO - Setting next_dagrun for example_branch_datetime_operator_2 to 2024-07-31 00:00:00+00:00, run_after=2024-08-01 00:00:00+00:00
[2024-08-01T04:17:23.614+0000] {logging_mixin.py:188} INFO - [2024-08-01T04:17:23.614+0000] {dag.py:3947} INFO - Setting next_dagrun for example_branch_datetime_operator_3 to 2024-07-31 00:00:00+00:00, run_after=2024-08-01 00:00:00+00:00
[2024-08-01T04:17:23.677+0000] {processor.py:183} INFO - Processing /home/airflow/.local/lib/python3.12/site-packages/airflow/example_dags/example_branch_datetime_operator.py took 0.168 seconds
[2024-08-01T04:17:54.019+0000] {processor.py:161} INFO - Started process (PID=277) to work on /home/airflow/.local/lib/python3.12/site-packages/airflow/example_dags/example_branch_datetime_operator.py
[2024-08-01T04:17:54.020+0000] {processor.py:830} INFO - Processing file /home/airflow/.local/lib/python3.12/site-packages/airflow/example_dags/example_branch_datetime_operator.py for tasks to queue
[2024-08-01T04:17:54.022+0000] {logging_mixin.py:188} INFO - [2024-08-01T04:17:54.022+0000] {dagbag.py:545} INFO - Filling up the DagBag from /home/airflow/.local/lib/python3.12/site-packages/airflow/example_dags/example_branch_datetime_operator.py
[2024-08-01T04:17:54.036+0000] {processor.py:840} INFO - DAG(s) 'example_branch_datetime_operator', 'example_branch_datetime_operator_2', 'example_branch_datetime_operator_3' retrieved from /home/airflow/.local/lib/python3.12/site-packages/airflow/example_dags/example_branch_datetime_operator.py
[2024-08-01T04:17:54.072+0000] {logging_mixin.py:188} INFO - [2024-08-01T04:17:54.071+0000] {dag.py:3089} INFO - Sync 3 DAGs
[2024-08-01T04:17:54.112+0000] {logging_mixin.py:188} INFO - [2024-08-01T04:17:54.112+0000] {dag.py:3947} INFO - Setting next_dagrun for example_branch_datetime_operator to 2024-07-31 00:00:00+00:00, run_after=2024-08-01 00:00:00+00:00
[2024-08-01T04:17:54.121+0000] {logging_mixin.py:188} INFO - [2024-08-01T04:17:54.120+0000] {dag.py:3947} INFO - Setting next_dagrun for example_branch_datetime_operator_2 to 2024-07-31 00:00:00+00:00, run_after=2024-08-01 00:00:00+00:00
[2024-08-01T04:17:54.124+0000] {logging_mixin.py:188} INFO - [2024-08-01T04:17:54.124+0000] {dag.py:3947} INFO - Setting next_dagrun for example_branch_datetime_operator_3 to 2024-07-31 00:00:00+00:00, run_after=2024-08-01 00:00:00+00:00
[2024-08-01T04:17:54.170+0000] {processor.py:183} INFO - Processing /home/airflow/.local/lib/python3.12/site-packages/airflow/example_dags/example_branch_datetime_operator.py took 0.157 seconds
[2024-08-01T04:18:24.798+0000] {processor.py:161} INFO - Started process (PID=336) to work on /home/airflow/.local/lib/python3.12/site-packages/airflow/example_dags/example_branch_datetime_operator.py
[2024-08-01T04:18:24.799+0000] {processor.py:830} INFO - Processing file /home/airflow/.local/lib/python3.12/site-packages/airflow/example_dags/example_branch_datetime_operator.py for tasks to queue
[2024-08-01T04:18:24.801+0000] {logging_mixin.py:188} INFO - [2024-08-01T04:18:24.801+0000] {dagbag.py:545} INFO - Filling up the DagBag from /home/airflow/.local/lib/python3.12/site-packages/airflow/example_dags/example_branch_datetime_operator.py
[2024-08-01T04:18:24.818+0000] {processor.py:840} INFO - DAG(s) 'example_branch_datetime_operator_3', 'example_branch_datetime_operator_2', 'example_branch_datetime_operator' retrieved from /home/airflow/.local/lib/python3.12/site-packages/airflow/example_dags/example_branch_datetime_operator.py
[2024-08-01T04:18:24.857+0000] {logging_mixin.py:188} INFO - [2024-08-01T04:18:24.857+0000] {dag.py:3089} INFO - Sync 3 DAGs
[2024-08-01T04:18:24.893+0000] {logging_mixin.py:188} INFO - [2024-08-01T04:18:24.893+0000] {dag.py:3947} INFO - Setting next_dagrun for example_branch_datetime_operator to 2024-07-31 00:00:00+00:00, run_after=2024-08-01 00:00:00+00:00
[2024-08-01T04:18:24.900+0000] {logging_mixin.py:188} INFO - [2024-08-01T04:18:24.900+0000] {dag.py:3947} INFO - Setting next_dagrun for example_branch_datetime_operator_2 to 2024-07-31 00:00:00+00:00, run_after=2024-08-01 00:00:00+00:00
[2024-08-01T04:18:24.904+0000] {logging_mixin.py:188} INFO - [2024-08-01T04:18:24.904+0000] {dag.py:3947} INFO - Setting next_dagrun for example_branch_datetime_operator_3 to 2024-07-31 00:00:00+00:00, run_after=2024-08-01 00:00:00+00:00
[2024-08-01T04:18:24.945+0000] {processor.py:183} INFO - Processing /home/airflow/.local/lib/python3.12/site-packages/airflow/example_dags/example_branch_datetime_operator.py took 0.153 seconds
[2024-08-01T04:18:55.798+0000] {processor.py:161} INFO - Started process (PID=395) to work on /home/airflow/.local/lib/python3.12/site-packages/airflow/example_dags/example_branch_datetime_operator.py
[2024-08-01T04:18:55.799+0000] {processor.py:830} INFO - Processing file /home/airflow/.local/lib/python3.12/site-packages/airflow/example_dags/example_branch_datetime_operator.py for tasks to queue
[2024-08-01T04:18:55.801+0000] {logging_mixin.py:188} INFO - [2024-08-01T04:18:55.801+0000] {dagbag.py:545} INFO - Filling up the DagBag from /home/airflow/.local/lib/python3.12/site-packages/airflow/example_dags/example_branch_datetime_operator.py
[2024-08-01T04:18:55.816+0000] {processor.py:840} INFO - DAG(s) 'example_branch_datetime_operator', 'example_branch_datetime_operator_2', 'example_branch_datetime_operator_3' retrieved from /home/airflow/.local/lib/python3.12/site-packages/airflow/example_dags/example_branch_datetime_operator.py
[2024-08-01T04:18:55.858+0000] {logging_mixin.py:188} INFO - [2024-08-01T04:18:55.857+0000] {dag.py:3089} INFO - Sync 3 DAGs
[2024-08-01T04:18:55.893+0000] {logging_mixin.py:188} INFO - [2024-08-01T04:18:55.892+0000] {dag.py:3947} INFO - Setting next_dagrun for example_branch_datetime_operator to 2024-07-31 00:00:00+00:00, run_after=2024-08-01 00:00:00+00:00
[2024-08-01T04:18:55.901+0000] {logging_mixin.py:188} INFO - [2024-08-01T04:18:55.901+0000] {dag.py:3947} INFO - Setting next_dagrun for example_branch_datetime_operator_2 to 2024-07-31 00:00:00+00:00, run_after=2024-08-01 00:00:00+00:00
[2024-08-01T04:18:55.905+0000] {logging_mixin.py:188} INFO - [2024-08-01T04:18:55.905+0000] {dag.py:3947} INFO - Setting next_dagrun for example_branch_datetime_operator_3 to 2024-07-31 00:00:00+00:00, run_after=2024-08-01 00:00:00+00:00
[2024-08-01T04:18:55.931+0000] {processor.py:183} INFO - Processing /home/airflow/.local/lib/python3.12/site-packages/airflow/example_dags/example_branch_datetime_operator.py took 0.140 seconds
[2024-08-01T04:20:29.047+0000] {processor.py:161} INFO - Started process (PID=95) to work on /home/airflow/.local/lib/python3.12/site-packages/airflow/example_dags/example_branch_datetime_operator.py
[2024-08-01T04:20:29.049+0000] {processor.py:830} INFO - Processing file /home/airflow/.local/lib/python3.12/site-packages/airflow/example_dags/example_branch_datetime_operator.py for tasks to queue
[2024-08-01T04:20:29.050+0000] {logging_mixin.py:188} INFO - [2024-08-01T04:20:29.050+0000] {dagbag.py:545} INFO - Filling up the DagBag from /home/airflow/.local/lib/python3.12/site-packages/airflow/example_dags/example_branch_datetime_operator.py
[2024-08-01T04:20:29.063+0000] {processor.py:840} INFO - DAG(s) 'example_branch_datetime_operator', 'example_branch_datetime_operator_2', 'example_branch_datetime_operator_3' retrieved from /home/airflow/.local/lib/python3.12/site-packages/airflow/example_dags/example_branch_datetime_operator.py
[2024-08-01T04:20:29.217+0000] {logging_mixin.py:188} INFO - [2024-08-01T04:20:29.216+0000] {dag.py:3089} INFO - Sync 3 DAGs
[2024-08-01T04:20:29.243+0000] {logging_mixin.py:188} INFO - [2024-08-01T04:20:29.243+0000] {dag.py:3947} INFO - Setting next_dagrun for example_branch_datetime_operator to 2024-07-31 00:00:00+00:00, run_after=2024-08-01 00:00:00+00:00
[2024-08-01T04:20:29.250+0000] {logging_mixin.py:188} INFO - [2024-08-01T04:20:29.250+0000] {dag.py:3947} INFO - Setting next_dagrun for example_branch_datetime_operator_2 to 2024-07-31 00:00:00+00:00, run_after=2024-08-01 00:00:00+00:00
[2024-08-01T04:20:29.254+0000] {logging_mixin.py:188} INFO - [2024-08-01T04:20:29.254+0000] {dag.py:3947} INFO - Setting next_dagrun for example_branch_datetime_operator_3 to 2024-07-31 00:00:00+00:00, run_after=2024-08-01 00:00:00+00:00
[2024-08-01T04:20:29.277+0000] {processor.py:183} INFO - Processing /home/airflow/.local/lib/python3.12/site-packages/airflow/example_dags/example_branch_datetime_operator.py took 0.236 seconds
[2024-08-01T04:20:59.384+0000] {processor.py:161} INFO - Started process (PID=155) to work on /home/airflow/.local/lib/python3.12/site-packages/airflow/example_dags/example_branch_datetime_operator.py
[2024-08-01T04:20:59.385+0000] {processor.py:830} INFO - Processing file /home/airflow/.local/lib/python3.12/site-packages/airflow/example_dags/example_branch_datetime_operator.py for tasks to queue
[2024-08-01T04:20:59.388+0000] {logging_mixin.py:188} INFO - [2024-08-01T04:20:59.387+0000] {dagbag.py:545} INFO - Filling up the DagBag from /home/airflow/.local/lib/python3.12/site-packages/airflow/example_dags/example_branch_datetime_operator.py
[2024-08-01T04:20:59.402+0000] {processor.py:840} INFO - DAG(s) 'example_branch_datetime_operator', 'example_branch_datetime_operator_3', 'example_branch_datetime_operator_2' retrieved from /home/airflow/.local/lib/python3.12/site-packages/airflow/example_dags/example_branch_datetime_operator.py
[2024-08-01T04:20:59.444+0000] {logging_mixin.py:188} INFO - [2024-08-01T04:20:59.443+0000] {dag.py:3089} INFO - Sync 3 DAGs
[2024-08-01T04:20:59.481+0000] {logging_mixin.py:188} INFO - [2024-08-01T04:20:59.481+0000] {dag.py:3947} INFO - Setting next_dagrun for example_branch_datetime_operator to 2024-07-31 00:00:00+00:00, run_after=2024-08-01 00:00:00+00:00
[2024-08-01T04:20:59.491+0000] {logging_mixin.py:188} INFO - [2024-08-01T04:20:59.491+0000] {dag.py:3947} INFO - Setting next_dagrun for example_branch_datetime_operator_2 to 2024-07-31 00:00:00+00:00, run_after=2024-08-01 00:00:00+00:00
[2024-08-01T04:20:59.497+0000] {logging_mixin.py:188} INFO - [2024-08-01T04:20:59.496+0000] {dag.py:3947} INFO - Setting next_dagrun for example_branch_datetime_operator_3 to 2024-07-31 00:00:00+00:00, run_after=2024-08-01 00:00:00+00:00
[2024-08-01T04:20:59.531+0000] {processor.py:183} INFO - Processing /home/airflow/.local/lib/python3.12/site-packages/airflow/example_dags/example_branch_datetime_operator.py took 0.154 seconds
[2024-08-01T04:21:30.376+0000] {processor.py:161} INFO - Started process (PID=215) to work on /home/airflow/.local/lib/python3.12/site-packages/airflow/example_dags/example_branch_datetime_operator.py
[2024-08-01T04:21:30.377+0000] {processor.py:830} INFO - Processing file /home/airflow/.local/lib/python3.12/site-packages/airflow/example_dags/example_branch_datetime_operator.py for tasks to queue
[2024-08-01T04:21:30.379+0000] {logging_mixin.py:188} INFO - [2024-08-01T04:21:30.379+0000] {dagbag.py:545} INFO - Filling up the DagBag from /home/airflow/.local/lib/python3.12/site-packages/airflow/example_dags/example_branch_datetime_operator.py
[2024-08-01T04:21:30.393+0000] {processor.py:840} INFO - DAG(s) 'example_branch_datetime_operator_3', 'example_branch_datetime_operator', 'example_branch_datetime_operator_2' retrieved from /home/airflow/.local/lib/python3.12/site-packages/airflow/example_dags/example_branch_datetime_operator.py
[2024-08-01T04:21:30.428+0000] {logging_mixin.py:188} INFO - [2024-08-01T04:21:30.428+0000] {dag.py:3089} INFO - Sync 3 DAGs
[2024-08-01T04:21:30.463+0000] {logging_mixin.py:188} INFO - [2024-08-01T04:21:30.463+0000] {dag.py:3947} INFO - Setting next_dagrun for example_branch_datetime_operator to 2024-07-31 00:00:00+00:00, run_after=2024-08-01 00:00:00+00:00
[2024-08-01T04:21:30.474+0000] {logging_mixin.py:188} INFO - [2024-08-01T04:21:30.473+0000] {dag.py:3947} INFO - Setting next_dagrun for example_branch_datetime_operator_2 to 2024-07-31 00:00:00+00:00, run_after=2024-08-01 00:00:00+00:00
[2024-08-01T04:21:30.478+0000] {logging_mixin.py:188} INFO - [2024-08-01T04:21:30.478+0000] {dag.py:3947} INFO - Setting next_dagrun for example_branch_datetime_operator_3 to 2024-07-31 00:00:00+00:00, run_after=2024-08-01 00:00:00+00:00
[2024-08-01T04:21:30.504+0000] {processor.py:183} INFO - Processing /home/airflow/.local/lib/python3.12/site-packages/airflow/example_dags/example_branch_datetime_operator.py took 0.136 seconds
[2024-08-01T04:22:00.850+0000] {processor.py:161} INFO - Started process (PID=275) to work on /home/airflow/.local/lib/python3.12/site-packages/airflow/example_dags/example_branch_datetime_operator.py
[2024-08-01T04:22:00.850+0000] {processor.py:830} INFO - Processing file /home/airflow/.local/lib/python3.12/site-packages/airflow/example_dags/example_branch_datetime_operator.py for tasks to queue
[2024-08-01T04:22:00.852+0000] {logging_mixin.py:188} INFO - [2024-08-01T04:22:00.852+0000] {dagbag.py:545} INFO - Filling up the DagBag from /home/airflow/.local/lib/python3.12/site-packages/airflow/example_dags/example_branch_datetime_operator.py
[2024-08-01T04:22:00.863+0000] {processor.py:840} INFO - DAG(s) 'example_branch_datetime_operator_2', 'example_branch_datetime_operator_3', 'example_branch_datetime_operator' retrieved from /home/airflow/.local/lib/python3.12/site-packages/airflow/example_dags/example_branch_datetime_operator.py
[2024-08-01T04:22:00.894+0000] {logging_mixin.py:188} INFO - [2024-08-01T04:22:00.894+0000] {dag.py:3089} INFO - Sync 3 DAGs
[2024-08-01T04:22:00.921+0000] {logging_mixin.py:188} INFO - [2024-08-01T04:22:00.921+0000] {dag.py:3947} INFO - Setting next_dagrun for example_branch_datetime_operator to 2024-07-31 00:00:00+00:00, run_after=2024-08-01 00:00:00+00:00
[2024-08-01T04:22:00.928+0000] {logging_mixin.py:188} INFO - [2024-08-01T04:22:00.927+0000] {dag.py:3947} INFO - Setting next_dagrun for example_branch_datetime_operator_2 to 2024-07-31 00:00:00+00:00, run_after=2024-08-01 00:00:00+00:00
[2024-08-01T04:22:00.930+0000] {logging_mixin.py:188} INFO - [2024-08-01T04:22:00.930+0000] {dag.py:3947} INFO - Setting next_dagrun for example_branch_datetime_operator_3 to 2024-07-31 00:00:00+00:00, run_after=2024-08-01 00:00:00+00:00
[2024-08-01T04:22:00.950+0000] {processor.py:183} INFO - Processing /home/airflow/.local/lib/python3.12/site-packages/airflow/example_dags/example_branch_datetime_operator.py took 0.105 seconds
[2024-08-01T04:22:32.536+0000] {processor.py:161} INFO - Started process (PID=335) to work on /home/airflow/.local/lib/python3.12/site-packages/airflow/example_dags/example_branch_datetime_operator.py
[2024-08-01T04:22:32.538+0000] {processor.py:830} INFO - Processing file /home/airflow/.local/lib/python3.12/site-packages/airflow/example_dags/example_branch_datetime_operator.py for tasks to queue
[2024-08-01T04:22:32.540+0000] {logging_mixin.py:188} INFO - [2024-08-01T04:22:32.540+0000] {dagbag.py:545} INFO - Filling up the DagBag from /home/airflow/.local/lib/python3.12/site-packages/airflow/example_dags/example_branch_datetime_operator.py
[2024-08-01T04:22:32.554+0000] {processor.py:840} INFO - DAG(s) 'example_branch_datetime_operator', 'example_branch_datetime_operator_2', 'example_branch_datetime_operator_3' retrieved from /home/airflow/.local/lib/python3.12/site-packages/airflow/example_dags/example_branch_datetime_operator.py
[2024-08-01T04:22:32.591+0000] {logging_mixin.py:188} INFO - [2024-08-01T04:22:32.590+0000] {dag.py:3089} INFO - Sync 3 DAGs
[2024-08-01T04:22:32.628+0000] {logging_mixin.py:188} INFO - [2024-08-01T04:22:32.628+0000] {dag.py:3947} INFO - Setting next_dagrun for example_branch_datetime_operator to 2024-07-31 00:00:00+00:00, run_after=2024-08-01 00:00:00+00:00
[2024-08-01T04:22:32.637+0000] {logging_mixin.py:188} INFO - [2024-08-01T04:22:32.637+0000] {dag.py:3947} INFO - Setting next_dagrun for example_branch_datetime_operator_2 to 2024-07-31 00:00:00+00:00, run_after=2024-08-01 00:00:00+00:00
[2024-08-01T04:22:32.641+0000] {logging_mixin.py:188} INFO - [2024-08-01T04:22:32.641+0000] {dag.py:3947} INFO - Setting next_dagrun for example_branch_datetime_operator_3 to 2024-07-31 00:00:00+00:00, run_after=2024-08-01 00:00:00+00:00
[2024-08-01T04:22:32.726+0000] {processor.py:183} INFO - Processing /home/airflow/.local/lib/python3.12/site-packages/airflow/example_dags/example_branch_datetime_operator.py took 0.198 seconds
[2024-08-01T04:23:03.127+0000] {processor.py:161} INFO - Started process (PID=395) to work on /home/airflow/.local/lib/python3.12/site-packages/airflow/example_dags/example_branch_datetime_operator.py
[2024-08-01T04:23:03.128+0000] {processor.py:830} INFO - Processing file /home/airflow/.local/lib/python3.12/site-packages/airflow/example_dags/example_branch_datetime_operator.py for tasks to queue
[2024-08-01T04:23:03.130+0000] {logging_mixin.py:188} INFO - [2024-08-01T04:23:03.130+0000] {dagbag.py:545} INFO - Filling up the DagBag from /home/airflow/.local/lib/python3.12/site-packages/airflow/example_dags/example_branch_datetime_operator.py
[2024-08-01T04:23:03.145+0000] {processor.py:840} INFO - DAG(s) 'example_branch_datetime_operator_2', 'example_branch_datetime_operator_3', 'example_branch_datetime_operator' retrieved from /home/airflow/.local/lib/python3.12/site-packages/airflow/example_dags/example_branch_datetime_operator.py
[2024-08-01T04:23:03.179+0000] {logging_mixin.py:188} INFO - [2024-08-01T04:23:03.179+0000] {dag.py:3089} INFO - Sync 3 DAGs
[2024-08-01T04:23:03.215+0000] {logging_mixin.py:188} INFO - [2024-08-01T04:23:03.215+0000] {dag.py:3947} INFO - Setting next_dagrun for example_branch_datetime_operator to 2024-07-31 00:00:00+00:00, run_after=2024-08-01 00:00:00+00:00
[2024-08-01T04:23:03.226+0000] {logging_mixin.py:188} INFO - [2024-08-01T04:23:03.225+0000] {dag.py:3947} INFO - Setting next_dagrun for example_branch_datetime_operator_2 to 2024-07-31 00:00:00+00:00, run_after=2024-08-01 00:00:00+00:00
[2024-08-01T04:23:03.229+0000] {logging_mixin.py:188} INFO - [2024-08-01T04:23:03.229+0000] {dag.py:3947} INFO - Setting next_dagrun for example_branch_datetime_operator_3 to 2024-07-31 00:00:00+00:00, run_after=2024-08-01 00:00:00+00:00
[2024-08-01T04:23:03.255+0000] {processor.py:183} INFO - Processing /home/airflow/.local/lib/python3.12/site-packages/airflow/example_dags/example_branch_datetime_operator.py took 0.136 seconds
[2024-08-01T04:23:33.640+0000] {processor.py:161} INFO - Started process (PID=455) to work on /home/airflow/.local/lib/python3.12/site-packages/airflow/example_dags/example_branch_datetime_operator.py
[2024-08-01T04:23:33.641+0000] {processor.py:830} INFO - Processing file /home/airflow/.local/lib/python3.12/site-packages/airflow/example_dags/example_branch_datetime_operator.py for tasks to queue
[2024-08-01T04:23:33.643+0000] {logging_mixin.py:188} INFO - [2024-08-01T04:23:33.643+0000] {dagbag.py:545} INFO - Filling up the DagBag from /home/airflow/.local/lib/python3.12/site-packages/airflow/example_dags/example_branch_datetime_operator.py
[2024-08-01T04:23:33.655+0000] {processor.py:840} INFO - DAG(s) 'example_branch_datetime_operator_2', 'example_branch_datetime_operator_3', 'example_branch_datetime_operator' retrieved from /home/airflow/.local/lib/python3.12/site-packages/airflow/example_dags/example_branch_datetime_operator.py
[2024-08-01T04:23:33.688+0000] {logging_mixin.py:188} INFO - [2024-08-01T04:23:33.687+0000] {dag.py:3089} INFO - Sync 3 DAGs
[2024-08-01T04:23:33.723+0000] {logging_mixin.py:188} INFO - [2024-08-01T04:23:33.723+0000] {dag.py:3947} INFO - Setting next_dagrun for example_branch_datetime_operator to 2024-07-31 00:00:00+00:00, run_after=2024-08-01 00:00:00+00:00
[2024-08-01T04:23:33.730+0000] {logging_mixin.py:188} INFO - [2024-08-01T04:23:33.730+0000] {dag.py:3947} INFO - Setting next_dagrun for example_branch_datetime_operator_2 to 2024-07-31 00:00:00+00:00, run_after=2024-08-01 00:00:00+00:00
[2024-08-01T04:23:33.734+0000] {logging_mixin.py:188} INFO - [2024-08-01T04:23:33.734+0000] {dag.py:3947} INFO - Setting next_dagrun for example_branch_datetime_operator_3 to 2024-07-31 00:00:00+00:00, run_after=2024-08-01 00:00:00+00:00
[2024-08-01T04:23:33.757+0000] {processor.py:183} INFO - Processing /home/airflow/.local/lib/python3.12/site-packages/airflow/example_dags/example_branch_datetime_operator.py took 0.124 seconds
