[2024-08-01T04:16:20.767+0000] {processor.py:161} INFO - Started process (PID=94) to work on /home/airflow/.local/lib/python3.12/site-packages/airflow/example_dags/example_branch_day_of_week_operator.py
[2024-08-01T04:16:20.769+0000] {processor.py:830} INFO - Processing file /home/airflow/.local/lib/python3.12/site-packages/airflow/example_dags/example_branch_day_of_week_operator.py for tasks to queue
[2024-08-01T04:16:20.771+0000] {logging_mixin.py:188} INFO - [2024-08-01T04:16:20.770+0000] {dagbag.py:545} INFO - Filling up the DagBag from /home/airflow/.local/lib/python3.12/site-packages/airflow/example_dags/example_branch_day_of_week_operator.py
[2024-08-01T04:16:20.784+0000] {processor.py:840} INFO - DAG(s) 'example_weekday_branch_operator' retrieved from /home/airflow/.local/lib/python3.12/site-packages/airflow/example_dags/example_branch_day_of_week_operator.py
[2024-08-01T04:16:20.958+0000] {logging_mixin.py:188} INFO - [2024-08-01T04:16:20.957+0000] {override.py:1858} INFO - Created Permission View: can edit on DAG:example_weekday_branch_operator
[2024-08-01T04:16:20.974+0000] {logging_mixin.py:188} INFO - [2024-08-01T04:16:20.974+0000] {override.py:1858} INFO - Created Permission View: can delete on DAG:example_weekday_branch_operator
[2024-08-01T04:16:20.985+0000] {logging_mixin.py:188} INFO - [2024-08-01T04:16:20.985+0000] {override.py:1858} INFO - Created Permission View: can read on DAG:example_weekday_branch_operator
[2024-08-01T04:16:20.987+0000] {logging_mixin.py:188} INFO - [2024-08-01T04:16:20.986+0000] {dag.py:3089} INFO - Sync 1 DAGs
[2024-08-01T04:16:21.014+0000] {logging_mixin.py:188} INFO - [2024-08-01T04:16:21.013+0000] {dag.py:3111} INFO - Creating ORM DAG for example_weekday_branch_operator
[2024-08-01T04:16:21.033+0000] {logging_mixin.py:188} INFO - [2024-08-01T04:16:21.033+0000] {dag.py:3947} INFO - Setting next_dagrun for example_weekday_branch_operator to 2024-07-31 00:00:00+00:00, run_after=2024-08-01 00:00:00+00:00
[2024-08-01T04:16:21.056+0000] {processor.py:183} INFO - Processing /home/airflow/.local/lib/python3.12/site-packages/airflow/example_dags/example_branch_day_of_week_operator.py took 0.295 seconds
[2024-08-01T04:16:51.577+0000] {processor.py:161} INFO - Started process (PID=153) to work on /home/airflow/.local/lib/python3.12/site-packages/airflow/example_dags/example_branch_day_of_week_operator.py
[2024-08-01T04:16:51.578+0000] {processor.py:830} INFO - Processing file /home/airflow/.local/lib/python3.12/site-packages/airflow/example_dags/example_branch_day_of_week_operator.py for tasks to queue
[2024-08-01T04:16:51.580+0000] {logging_mixin.py:188} INFO - [2024-08-01T04:16:51.580+0000] {dagbag.py:545} INFO - Filling up the DagBag from /home/airflow/.local/lib/python3.12/site-packages/airflow/example_dags/example_branch_day_of_week_operator.py
[2024-08-01T04:16:51.589+0000] {processor.py:840} INFO - DAG(s) 'example_weekday_branch_operator' retrieved from /home/airflow/.local/lib/python3.12/site-packages/airflow/example_dags/example_branch_day_of_week_operator.py
[2024-08-01T04:16:51.613+0000] {logging_mixin.py:188} INFO - [2024-08-01T04:16:51.613+0000] {dag.py:3089} INFO - Sync 1 DAGs
[2024-08-01T04:16:51.641+0000] {logging_mixin.py:188} INFO - [2024-08-01T04:16:51.641+0000] {dag.py:3947} INFO - Setting next_dagrun for example_weekday_branch_operator to 2024-07-31 00:00:00+00:00, run_after=2024-08-01 00:00:00+00:00
[2024-08-01T04:16:51.662+0000] {processor.py:183} INFO - Processing /home/airflow/.local/lib/python3.12/site-packages/airflow/example_dags/example_branch_day_of_week_operator.py took 0.091 seconds
[2024-08-01T04:17:22.144+0000] {processor.py:161} INFO - Started process (PID=212) to work on /home/airflow/.local/lib/python3.12/site-packages/airflow/example_dags/example_branch_day_of_week_operator.py
[2024-08-01T04:17:22.145+0000] {processor.py:830} INFO - Processing file /home/airflow/.local/lib/python3.12/site-packages/airflow/example_dags/example_branch_day_of_week_operator.py for tasks to queue
[2024-08-01T04:17:22.148+0000] {logging_mixin.py:188} INFO - [2024-08-01T04:17:22.147+0000] {dagbag.py:545} INFO - Filling up the DagBag from /home/airflow/.local/lib/python3.12/site-packages/airflow/example_dags/example_branch_day_of_week_operator.py
[2024-08-01T04:17:22.157+0000] {processor.py:840} INFO - DAG(s) 'example_weekday_branch_operator' retrieved from /home/airflow/.local/lib/python3.12/site-packages/airflow/example_dags/example_branch_day_of_week_operator.py
[2024-08-01T04:17:22.182+0000] {logging_mixin.py:188} INFO - [2024-08-01T04:17:22.182+0000] {dag.py:3089} INFO - Sync 1 DAGs
[2024-08-01T04:17:22.215+0000] {logging_mixin.py:188} INFO - [2024-08-01T04:17:22.215+0000] {dag.py:3947} INFO - Setting next_dagrun for example_weekday_branch_operator to 2024-07-31 00:00:00+00:00, run_after=2024-08-01 00:00:00+00:00
[2024-08-01T04:17:22.298+0000] {processor.py:183} INFO - Processing /home/airflow/.local/lib/python3.12/site-packages/airflow/example_dags/example_branch_day_of_week_operator.py took 0.161 seconds
[2024-08-01T04:17:52.498+0000] {processor.py:161} INFO - Started process (PID=271) to work on /home/airflow/.local/lib/python3.12/site-packages/airflow/example_dags/example_branch_day_of_week_operator.py
[2024-08-01T04:17:52.500+0000] {processor.py:830} INFO - Processing file /home/airflow/.local/lib/python3.12/site-packages/airflow/example_dags/example_branch_day_of_week_operator.py for tasks to queue
[2024-08-01T04:17:52.502+0000] {logging_mixin.py:188} INFO - [2024-08-01T04:17:52.502+0000] {dagbag.py:545} INFO - Filling up the DagBag from /home/airflow/.local/lib/python3.12/site-packages/airflow/example_dags/example_branch_day_of_week_operator.py
[2024-08-01T04:17:52.511+0000] {processor.py:840} INFO - DAG(s) 'example_weekday_branch_operator' retrieved from /home/airflow/.local/lib/python3.12/site-packages/airflow/example_dags/example_branch_day_of_week_operator.py
[2024-08-01T04:17:52.540+0000] {logging_mixin.py:188} INFO - [2024-08-01T04:17:52.540+0000] {dag.py:3089} INFO - Sync 1 DAGs
[2024-08-01T04:17:52.571+0000] {logging_mixin.py:188} INFO - [2024-08-01T04:17:52.571+0000] {dag.py:3947} INFO - Setting next_dagrun for example_weekday_branch_operator to 2024-07-31 00:00:00+00:00, run_after=2024-08-01 00:00:00+00:00
[2024-08-01T04:17:52.650+0000] {processor.py:183} INFO - Processing /home/airflow/.local/lib/python3.12/site-packages/airflow/example_dags/example_branch_day_of_week_operator.py took 0.158 seconds
[2024-08-01T04:18:23.142+0000] {processor.py:161} INFO - Started process (PID=330) to work on /home/airflow/.local/lib/python3.12/site-packages/airflow/example_dags/example_branch_day_of_week_operator.py
[2024-08-01T04:18:23.143+0000] {processor.py:830} INFO - Processing file /home/airflow/.local/lib/python3.12/site-packages/airflow/example_dags/example_branch_day_of_week_operator.py for tasks to queue
[2024-08-01T04:18:23.145+0000] {logging_mixin.py:188} INFO - [2024-08-01T04:18:23.145+0000] {dagbag.py:545} INFO - Filling up the DagBag from /home/airflow/.local/lib/python3.12/site-packages/airflow/example_dags/example_branch_day_of_week_operator.py
[2024-08-01T04:18:23.157+0000] {processor.py:840} INFO - DAG(s) 'example_weekday_branch_operator' retrieved from /home/airflow/.local/lib/python3.12/site-packages/airflow/example_dags/example_branch_day_of_week_operator.py
[2024-08-01T04:18:23.189+0000] {logging_mixin.py:188} INFO - [2024-08-01T04:18:23.189+0000] {dag.py:3089} INFO - Sync 1 DAGs
[2024-08-01T04:18:23.224+0000] {logging_mixin.py:188} INFO - [2024-08-01T04:18:23.224+0000] {dag.py:3947} INFO - Setting next_dagrun for example_weekday_branch_operator to 2024-07-31 00:00:00+00:00, run_after=2024-08-01 00:00:00+00:00
[2024-08-01T04:18:23.313+0000] {processor.py:183} INFO - Processing /home/airflow/.local/lib/python3.12/site-packages/airflow/example_dags/example_branch_day_of_week_operator.py took 0.178 seconds
[2024-08-01T04:18:54.148+0000] {processor.py:161} INFO - Started process (PID=389) to work on /home/airflow/.local/lib/python3.12/site-packages/airflow/example_dags/example_branch_day_of_week_operator.py
[2024-08-01T04:18:54.149+0000] {processor.py:830} INFO - Processing file /home/airflow/.local/lib/python3.12/site-packages/airflow/example_dags/example_branch_day_of_week_operator.py for tasks to queue
[2024-08-01T04:18:54.152+0000] {logging_mixin.py:188} INFO - [2024-08-01T04:18:54.151+0000] {dagbag.py:545} INFO - Filling up the DagBag from /home/airflow/.local/lib/python3.12/site-packages/airflow/example_dags/example_branch_day_of_week_operator.py
[2024-08-01T04:18:54.161+0000] {processor.py:840} INFO - DAG(s) 'example_weekday_branch_operator' retrieved from /home/airflow/.local/lib/python3.12/site-packages/airflow/example_dags/example_branch_day_of_week_operator.py
[2024-08-01T04:18:54.191+0000] {logging_mixin.py:188} INFO - [2024-08-01T04:18:54.191+0000] {dag.py:3089} INFO - Sync 1 DAGs
[2024-08-01T04:18:54.229+0000] {logging_mixin.py:188} INFO - [2024-08-01T04:18:54.228+0000] {dag.py:3947} INFO - Setting next_dagrun for example_weekday_branch_operator to 2024-07-31 00:00:00+00:00, run_after=2024-08-01 00:00:00+00:00
[2024-08-01T04:18:54.317+0000] {processor.py:183} INFO - Processing /home/airflow/.local/lib/python3.12/site-packages/airflow/example_dags/example_branch_day_of_week_operator.py took 0.177 seconds
[2024-08-01T04:20:28.224+0000] {processor.py:161} INFO - Started process (PID=89) to work on /home/airflow/.local/lib/python3.12/site-packages/airflow/example_dags/example_branch_day_of_week_operator.py
[2024-08-01T04:20:28.225+0000] {processor.py:830} INFO - Processing file /home/airflow/.local/lib/python3.12/site-packages/airflow/example_dags/example_branch_day_of_week_operator.py for tasks to queue
[2024-08-01T04:20:28.227+0000] {logging_mixin.py:188} INFO - [2024-08-01T04:20:28.226+0000] {dagbag.py:545} INFO - Filling up the DagBag from /home/airflow/.local/lib/python3.12/site-packages/airflow/example_dags/example_branch_day_of_week_operator.py
[2024-08-01T04:20:28.238+0000] {processor.py:840} INFO - DAG(s) 'example_weekday_branch_operator' retrieved from /home/airflow/.local/lib/python3.12/site-packages/airflow/example_dags/example_branch_day_of_week_operator.py
[2024-08-01T04:20:28.369+0000] {logging_mixin.py:188} INFO - [2024-08-01T04:20:28.369+0000] {dag.py:3089} INFO - Sync 1 DAGs
[2024-08-01T04:20:28.397+0000] {logging_mixin.py:188} INFO - [2024-08-01T04:20:28.397+0000] {dag.py:3947} INFO - Setting next_dagrun for example_weekday_branch_operator to 2024-07-31 00:00:00+00:00, run_after=2024-08-01 00:00:00+00:00
[2024-08-01T04:20:28.499+0000] {processor.py:183} INFO - Processing /home/airflow/.local/lib/python3.12/site-packages/airflow/example_dags/example_branch_day_of_week_operator.py took 0.280 seconds
[2024-08-01T04:20:58.961+0000] {processor.py:161} INFO - Started process (PID=149) to work on /home/airflow/.local/lib/python3.12/site-packages/airflow/example_dags/example_branch_day_of_week_operator.py
[2024-08-01T04:20:58.962+0000] {processor.py:830} INFO - Processing file /home/airflow/.local/lib/python3.12/site-packages/airflow/example_dags/example_branch_day_of_week_operator.py for tasks to queue
[2024-08-01T04:20:58.965+0000] {logging_mixin.py:188} INFO - [2024-08-01T04:20:58.965+0000] {dagbag.py:545} INFO - Filling up the DagBag from /home/airflow/.local/lib/python3.12/site-packages/airflow/example_dags/example_branch_day_of_week_operator.py
[2024-08-01T04:20:58.974+0000] {processor.py:840} INFO - DAG(s) 'example_weekday_branch_operator' retrieved from /home/airflow/.local/lib/python3.12/site-packages/airflow/example_dags/example_branch_day_of_week_operator.py
[2024-08-01T04:20:59.004+0000] {logging_mixin.py:188} INFO - [2024-08-01T04:20:59.003+0000] {dag.py:3089} INFO - Sync 1 DAGs
[2024-08-01T04:20:59.035+0000] {logging_mixin.py:188} INFO - [2024-08-01T04:20:59.035+0000] {dag.py:3947} INFO - Setting next_dagrun for example_weekday_branch_operator to 2024-07-31 00:00:00+00:00, run_after=2024-08-01 00:00:00+00:00
[2024-08-01T04:20:59.064+0000] {processor.py:183} INFO - Processing /home/airflow/.local/lib/python3.12/site-packages/airflow/example_dags/example_branch_day_of_week_operator.py took 0.110 seconds
[2024-08-01T04:21:29.914+0000] {processor.py:161} INFO - Started process (PID=209) to work on /home/airflow/.local/lib/python3.12/site-packages/airflow/example_dags/example_branch_day_of_week_operator.py
[2024-08-01T04:21:29.915+0000] {processor.py:830} INFO - Processing file /home/airflow/.local/lib/python3.12/site-packages/airflow/example_dags/example_branch_day_of_week_operator.py for tasks to queue
[2024-08-01T04:21:29.918+0000] {logging_mixin.py:188} INFO - [2024-08-01T04:21:29.918+0000] {dagbag.py:545} INFO - Filling up the DagBag from /home/airflow/.local/lib/python3.12/site-packages/airflow/example_dags/example_branch_day_of_week_operator.py
[2024-08-01T04:21:29.927+0000] {processor.py:840} INFO - DAG(s) 'example_weekday_branch_operator' retrieved from /home/airflow/.local/lib/python3.12/site-packages/airflow/example_dags/example_branch_day_of_week_operator.py
[2024-08-01T04:21:29.953+0000] {logging_mixin.py:188} INFO - [2024-08-01T04:21:29.953+0000] {dag.py:3089} INFO - Sync 1 DAGs
[2024-08-01T04:21:29.983+0000] {logging_mixin.py:188} INFO - [2024-08-01T04:21:29.982+0000] {dag.py:3947} INFO - Setting next_dagrun for example_weekday_branch_operator to 2024-07-31 00:00:00+00:00, run_after=2024-08-01 00:00:00+00:00
[2024-08-01T04:21:30.064+0000] {processor.py:183} INFO - Processing /home/airflow/.local/lib/python3.12/site-packages/airflow/example_dags/example_branch_day_of_week_operator.py took 0.156 seconds
[2024-08-01T04:22:00.507+0000] {processor.py:161} INFO - Started process (PID=269) to work on /home/airflow/.local/lib/python3.12/site-packages/airflow/example_dags/example_branch_day_of_week_operator.py
[2024-08-01T04:22:00.508+0000] {processor.py:830} INFO - Processing file /home/airflow/.local/lib/python3.12/site-packages/airflow/example_dags/example_branch_day_of_week_operator.py for tasks to queue
[2024-08-01T04:22:00.510+0000] {logging_mixin.py:188} INFO - [2024-08-01T04:22:00.509+0000] {dagbag.py:545} INFO - Filling up the DagBag from /home/airflow/.local/lib/python3.12/site-packages/airflow/example_dags/example_branch_day_of_week_operator.py
[2024-08-01T04:22:00.517+0000] {processor.py:840} INFO - DAG(s) 'example_weekday_branch_operator' retrieved from /home/airflow/.local/lib/python3.12/site-packages/airflow/example_dags/example_branch_day_of_week_operator.py
[2024-08-01T04:22:00.541+0000] {logging_mixin.py:188} INFO - [2024-08-01T04:22:00.541+0000] {dag.py:3089} INFO - Sync 1 DAGs
[2024-08-01T04:22:00.576+0000] {logging_mixin.py:188} INFO - [2024-08-01T04:22:00.575+0000] {dag.py:3947} INFO - Setting next_dagrun for example_weekday_branch_operator to 2024-07-31 00:00:00+00:00, run_after=2024-08-01 00:00:00+00:00
[2024-08-01T04:22:00.600+0000] {processor.py:183} INFO - Processing /home/airflow/.local/lib/python3.12/site-packages/airflow/example_dags/example_branch_day_of_week_operator.py took 0.099 seconds
[2024-08-01T04:22:31.715+0000] {processor.py:161} INFO - Started process (PID=329) to work on /home/airflow/.local/lib/python3.12/site-packages/airflow/example_dags/example_branch_day_of_week_operator.py
[2024-08-01T04:22:31.717+0000] {processor.py:830} INFO - Processing file /home/airflow/.local/lib/python3.12/site-packages/airflow/example_dags/example_branch_day_of_week_operator.py for tasks to queue
[2024-08-01T04:22:31.720+0000] {logging_mixin.py:188} INFO - [2024-08-01T04:22:31.719+0000] {dagbag.py:545} INFO - Filling up the DagBag from /home/airflow/.local/lib/python3.12/site-packages/airflow/example_dags/example_branch_day_of_week_operator.py
[2024-08-01T04:22:31.730+0000] {processor.py:840} INFO - DAG(s) 'example_weekday_branch_operator' retrieved from /home/airflow/.local/lib/python3.12/site-packages/airflow/example_dags/example_branch_day_of_week_operator.py
[2024-08-01T04:22:31.758+0000] {logging_mixin.py:188} INFO - [2024-08-01T04:22:31.758+0000] {dag.py:3089} INFO - Sync 1 DAGs
[2024-08-01T04:22:31.789+0000] {logging_mixin.py:188} INFO - [2024-08-01T04:22:31.789+0000] {dag.py:3947} INFO - Setting next_dagrun for example_weekday_branch_operator to 2024-07-31 00:00:00+00:00, run_after=2024-08-01 00:00:00+00:00
[2024-08-01T04:22:31.850+0000] {processor.py:183} INFO - Processing /home/airflow/.local/lib/python3.12/site-packages/airflow/example_dags/example_branch_day_of_week_operator.py took 0.141 seconds
[2024-08-01T04:23:02.615+0000] {processor.py:161} INFO - Started process (PID=389) to work on /home/airflow/.local/lib/python3.12/site-packages/airflow/example_dags/example_branch_day_of_week_operator.py
[2024-08-01T04:23:02.616+0000] {processor.py:830} INFO - Processing file /home/airflow/.local/lib/python3.12/site-packages/airflow/example_dags/example_branch_day_of_week_operator.py for tasks to queue
[2024-08-01T04:23:02.618+0000] {logging_mixin.py:188} INFO - [2024-08-01T04:23:02.618+0000] {dagbag.py:545} INFO - Filling up the DagBag from /home/airflow/.local/lib/python3.12/site-packages/airflow/example_dags/example_branch_day_of_week_operator.py
[2024-08-01T04:23:02.628+0000] {processor.py:840} INFO - DAG(s) 'example_weekday_branch_operator' retrieved from /home/airflow/.local/lib/python3.12/site-packages/airflow/example_dags/example_branch_day_of_week_operator.py
[2024-08-01T04:23:02.654+0000] {logging_mixin.py:188} INFO - [2024-08-01T04:23:02.654+0000] {dag.py:3089} INFO - Sync 1 DAGs
[2024-08-01T04:23:02.684+0000] {logging_mixin.py:188} INFO - [2024-08-01T04:23:02.683+0000] {dag.py:3947} INFO - Setting next_dagrun for example_weekday_branch_operator to 2024-07-31 00:00:00+00:00, run_after=2024-08-01 00:00:00+00:00
[2024-08-01T04:23:02.770+0000] {processor.py:183} INFO - Processing /home/airflow/.local/lib/python3.12/site-packages/airflow/example_dags/example_branch_day_of_week_operator.py took 0.162 seconds
[2024-08-01T04:23:33.108+0000] {processor.py:161} INFO - Started process (PID=449) to work on /home/airflow/.local/lib/python3.12/site-packages/airflow/example_dags/example_branch_day_of_week_operator.py
[2024-08-01T04:23:33.109+0000] {processor.py:830} INFO - Processing file /home/airflow/.local/lib/python3.12/site-packages/airflow/example_dags/example_branch_day_of_week_operator.py for tasks to queue
[2024-08-01T04:23:33.111+0000] {logging_mixin.py:188} INFO - [2024-08-01T04:23:33.111+0000] {dagbag.py:545} INFO - Filling up the DagBag from /home/airflow/.local/lib/python3.12/site-packages/airflow/example_dags/example_branch_day_of_week_operator.py
[2024-08-01T04:23:33.121+0000] {processor.py:840} INFO - DAG(s) 'example_weekday_branch_operator' retrieved from /home/airflow/.local/lib/python3.12/site-packages/airflow/example_dags/example_branch_day_of_week_operator.py
[2024-08-01T04:23:33.148+0000] {logging_mixin.py:188} INFO - [2024-08-01T04:23:33.148+0000] {dag.py:3089} INFO - Sync 1 DAGs
[2024-08-01T04:23:33.178+0000] {logging_mixin.py:188} INFO - [2024-08-01T04:23:33.178+0000] {dag.py:3947} INFO - Setting next_dagrun for example_weekday_branch_operator to 2024-07-31 00:00:00+00:00, run_after=2024-08-01 00:00:00+00:00
[2024-08-01T04:23:33.203+0000] {processor.py:183} INFO - Processing /home/airflow/.local/lib/python3.12/site-packages/airflow/example_dags/example_branch_day_of_week_operator.py took 0.102 seconds
