[2024-08-01T04:16:19.133+0000] {processor.py:161} INFO - Started process (PID=79) to work on /home/airflow/.local/lib/python3.12/site-packages/airflow/example_dags/example_short_circuit_operator.py
[2024-08-01T04:16:19.135+0000] {processor.py:830} INFO - Processing file /home/airflow/.local/lib/python3.12/site-packages/airflow/example_dags/example_short_circuit_operator.py for tasks to queue
[2024-08-01T04:16:19.137+0000] {logging_mixin.py:188} INFO - [2024-08-01T04:16:19.137+0000] {dagbag.py:545} INFO - Filling up the DagBag from /home/airflow/.local/lib/python3.12/site-packages/airflow/example_dags/example_short_circuit_operator.py
[2024-08-01T04:16:19.151+0000] {processor.py:840} INFO - DAG(s) 'example_short_circuit_operator' retrieved from /home/airflow/.local/lib/python3.12/site-packages/airflow/example_dags/example_short_circuit_operator.py
[2024-08-01T04:16:19.308+0000] {logging_mixin.py:188} INFO - [2024-08-01T04:16:19.307+0000] {override.py:1858} INFO - Created Permission View: can edit on DAG:example_short_circuit_operator
[2024-08-01T04:16:19.322+0000] {logging_mixin.py:188} INFO - [2024-08-01T04:16:19.322+0000] {override.py:1858} INFO - Created Permission View: can delete on DAG:example_short_circuit_operator
[2024-08-01T04:16:19.331+0000] {logging_mixin.py:188} INFO - [2024-08-01T04:16:19.331+0000] {override.py:1858} INFO - Created Permission View: can read on DAG:example_short_circuit_operator
[2024-08-01T04:16:19.332+0000] {logging_mixin.py:188} INFO - [2024-08-01T04:16:19.332+0000] {dag.py:3089} INFO - Sync 1 DAGs
[2024-08-01T04:16:19.355+0000] {logging_mixin.py:188} INFO - [2024-08-01T04:16:19.355+0000] {dag.py:3111} INFO - Creating ORM DAG for example_short_circuit_operator
[2024-08-01T04:16:19.373+0000] {logging_mixin.py:188} INFO - [2024-08-01T04:16:19.373+0000] {dag.py:3947} INFO - Setting next_dagrun for example_short_circuit_operator to 2024-07-31 00:00:00+00:00, run_after=2024-08-01 00:00:00+00:00
[2024-08-01T04:16:19.400+0000] {processor.py:183} INFO - Processing /home/airflow/.local/lib/python3.12/site-packages/airflow/example_dags/example_short_circuit_operator.py took 0.274 seconds
[2024-08-01T04:16:49.670+0000] {processor.py:161} INFO - Started process (PID=138) to work on /home/airflow/.local/lib/python3.12/site-packages/airflow/example_dags/example_short_circuit_operator.py
[2024-08-01T04:16:49.671+0000] {processor.py:830} INFO - Processing file /home/airflow/.local/lib/python3.12/site-packages/airflow/example_dags/example_short_circuit_operator.py for tasks to queue
[2024-08-01T04:16:49.674+0000] {logging_mixin.py:188} INFO - [2024-08-01T04:16:49.674+0000] {dagbag.py:545} INFO - Filling up the DagBag from /home/airflow/.local/lib/python3.12/site-packages/airflow/example_dags/example_short_circuit_operator.py
[2024-08-01T04:16:49.687+0000] {processor.py:840} INFO - DAG(s) 'example_short_circuit_operator' retrieved from /home/airflow/.local/lib/python3.12/site-packages/airflow/example_dags/example_short_circuit_operator.py
[2024-08-01T04:16:49.722+0000] {logging_mixin.py:188} INFO - [2024-08-01T04:16:49.722+0000] {dag.py:3089} INFO - Sync 1 DAGs
[2024-08-01T04:16:49.754+0000] {logging_mixin.py:188} INFO - [2024-08-01T04:16:49.753+0000] {dag.py:3947} INFO - Setting next_dagrun for example_short_circuit_operator to 2024-07-31 00:00:00+00:00, run_after=2024-08-01 00:00:00+00:00
[2024-08-01T04:16:49.787+0000] {processor.py:183} INFO - Processing /home/airflow/.local/lib/python3.12/site-packages/airflow/example_dags/example_short_circuit_operator.py took 0.126 seconds
[2024-08-01T04:17:20.761+0000] {processor.py:161} INFO - Started process (PID=203) to work on /home/airflow/.local/lib/python3.12/site-packages/airflow/example_dags/example_short_circuit_operator.py
[2024-08-01T04:17:20.762+0000] {processor.py:830} INFO - Processing file /home/airflow/.local/lib/python3.12/site-packages/airflow/example_dags/example_short_circuit_operator.py for tasks to queue
[2024-08-01T04:17:20.764+0000] {logging_mixin.py:188} INFO - [2024-08-01T04:17:20.764+0000] {dagbag.py:545} INFO - Filling up the DagBag from /home/airflow/.local/lib/python3.12/site-packages/airflow/example_dags/example_short_circuit_operator.py
[2024-08-01T04:17:20.773+0000] {processor.py:840} INFO - DAG(s) 'example_short_circuit_operator' retrieved from /home/airflow/.local/lib/python3.12/site-packages/airflow/example_dags/example_short_circuit_operator.py
[2024-08-01T04:17:20.807+0000] {logging_mixin.py:188} INFO - [2024-08-01T04:17:20.807+0000] {dag.py:3089} INFO - Sync 1 DAGs
[2024-08-01T04:17:20.837+0000] {logging_mixin.py:188} INFO - [2024-08-01T04:17:20.837+0000] {dag.py:3947} INFO - Setting next_dagrun for example_short_circuit_operator to 2024-07-31 00:00:00+00:00, run_after=2024-08-01 00:00:00+00:00
[2024-08-01T04:17:20.934+0000] {processor.py:183} INFO - Processing /home/airflow/.local/lib/python3.12/site-packages/airflow/example_dags/example_short_circuit_operator.py took 0.181 seconds
[2024-08-01T04:17:51.385+0000] {processor.py:161} INFO - Started process (PID=262) to work on /home/airflow/.local/lib/python3.12/site-packages/airflow/example_dags/example_short_circuit_operator.py
[2024-08-01T04:17:51.386+0000] {processor.py:830} INFO - Processing file /home/airflow/.local/lib/python3.12/site-packages/airflow/example_dags/example_short_circuit_operator.py for tasks to queue
[2024-08-01T04:17:51.388+0000] {logging_mixin.py:188} INFO - [2024-08-01T04:17:51.388+0000] {dagbag.py:545} INFO - Filling up the DagBag from /home/airflow/.local/lib/python3.12/site-packages/airflow/example_dags/example_short_circuit_operator.py
[2024-08-01T04:17:51.397+0000] {processor.py:840} INFO - DAG(s) 'example_short_circuit_operator' retrieved from /home/airflow/.local/lib/python3.12/site-packages/airflow/example_dags/example_short_circuit_operator.py
[2024-08-01T04:17:51.429+0000] {logging_mixin.py:188} INFO - [2024-08-01T04:17:51.429+0000] {dag.py:3089} INFO - Sync 1 DAGs
[2024-08-01T04:17:51.459+0000] {logging_mixin.py:188} INFO - [2024-08-01T04:17:51.459+0000] {dag.py:3947} INFO - Setting next_dagrun for example_short_circuit_operator to 2024-07-31 00:00:00+00:00, run_after=2024-08-01 00:00:00+00:00
[2024-08-01T04:17:51.546+0000] {processor.py:183} INFO - Processing /home/airflow/.local/lib/python3.12/site-packages/airflow/example_dags/example_short_circuit_operator.py took 0.168 seconds
[2024-08-01T04:18:21.640+0000] {processor.py:161} INFO - Started process (PID=321) to work on /home/airflow/.local/lib/python3.12/site-packages/airflow/example_dags/example_short_circuit_operator.py
[2024-08-01T04:18:21.641+0000] {processor.py:830} INFO - Processing file /home/airflow/.local/lib/python3.12/site-packages/airflow/example_dags/example_short_circuit_operator.py for tasks to queue
[2024-08-01T04:18:21.644+0000] {logging_mixin.py:188} INFO - [2024-08-01T04:18:21.643+0000] {dagbag.py:545} INFO - Filling up the DagBag from /home/airflow/.local/lib/python3.12/site-packages/airflow/example_dags/example_short_circuit_operator.py
[2024-08-01T04:18:21.656+0000] {processor.py:840} INFO - DAG(s) 'example_short_circuit_operator' retrieved from /home/airflow/.local/lib/python3.12/site-packages/airflow/example_dags/example_short_circuit_operator.py
[2024-08-01T04:18:21.688+0000] {logging_mixin.py:188} INFO - [2024-08-01T04:18:21.687+0000] {dag.py:3089} INFO - Sync 1 DAGs
[2024-08-01T04:18:21.718+0000] {logging_mixin.py:188} INFO - [2024-08-01T04:18:21.718+0000] {dag.py:3947} INFO - Setting next_dagrun for example_short_circuit_operator to 2024-07-31 00:00:00+00:00, run_after=2024-08-01 00:00:00+00:00
[2024-08-01T04:18:21.808+0000] {processor.py:183} INFO - Processing /home/airflow/.local/lib/python3.12/site-packages/airflow/example_dags/example_short_circuit_operator.py took 0.174 seconds
[2024-08-01T04:18:52.442+0000] {processor.py:161} INFO - Started process (PID=380) to work on /home/airflow/.local/lib/python3.12/site-packages/airflow/example_dags/example_short_circuit_operator.py
[2024-08-01T04:18:52.443+0000] {processor.py:830} INFO - Processing file /home/airflow/.local/lib/python3.12/site-packages/airflow/example_dags/example_short_circuit_operator.py for tasks to queue
[2024-08-01T04:18:52.446+0000] {logging_mixin.py:188} INFO - [2024-08-01T04:18:52.446+0000] {dagbag.py:545} INFO - Filling up the DagBag from /home/airflow/.local/lib/python3.12/site-packages/airflow/example_dags/example_short_circuit_operator.py
[2024-08-01T04:18:52.456+0000] {processor.py:840} INFO - DAG(s) 'example_short_circuit_operator' retrieved from /home/airflow/.local/lib/python3.12/site-packages/airflow/example_dags/example_short_circuit_operator.py
[2024-08-01T04:18:52.489+0000] {logging_mixin.py:188} INFO - [2024-08-01T04:18:52.488+0000] {dag.py:3089} INFO - Sync 1 DAGs
[2024-08-01T04:18:52.520+0000] {logging_mixin.py:188} INFO - [2024-08-01T04:18:52.520+0000] {dag.py:3947} INFO - Setting next_dagrun for example_short_circuit_operator to 2024-07-31 00:00:00+00:00, run_after=2024-08-01 00:00:00+00:00
[2024-08-01T04:18:52.546+0000] {processor.py:183} INFO - Processing /home/airflow/.local/lib/python3.12/site-packages/airflow/example_dags/example_short_circuit_operator.py took 0.111 seconds
[2024-08-01T04:19:22.781+0000] {processor.py:161} INFO - Started process (PID=439) to work on /home/airflow/.local/lib/python3.12/site-packages/airflow/example_dags/example_short_circuit_operator.py
[2024-08-01T04:19:22.783+0000] {processor.py:830} INFO - Processing file /home/airflow/.local/lib/python3.12/site-packages/airflow/example_dags/example_short_circuit_operator.py for tasks to queue
[2024-08-01T04:19:22.785+0000] {logging_mixin.py:188} INFO - [2024-08-01T04:19:22.784+0000] {dagbag.py:545} INFO - Filling up the DagBag from /home/airflow/.local/lib/python3.12/site-packages/airflow/example_dags/example_short_circuit_operator.py
[2024-08-01T04:19:22.794+0000] {processor.py:840} INFO - DAG(s) 'example_short_circuit_operator' retrieved from /home/airflow/.local/lib/python3.12/site-packages/airflow/example_dags/example_short_circuit_operator.py
[2024-08-01T04:19:22.825+0000] {logging_mixin.py:188} INFO - [2024-08-01T04:19:22.824+0000] {dag.py:3089} INFO - Sync 1 DAGs
[2024-08-01T04:19:22.852+0000] {logging_mixin.py:188} INFO - [2024-08-01T04:19:22.852+0000] {dag.py:3947} INFO - Setting next_dagrun for example_short_circuit_operator to 2024-07-31 00:00:00+00:00, run_after=2024-08-01 00:00:00+00:00
[2024-08-01T04:19:22.941+0000] {processor.py:183} INFO - Processing /home/airflow/.local/lib/python3.12/site-packages/airflow/example_dags/example_short_circuit_operator.py took 0.167 seconds
[2024-08-01T04:20:26.811+0000] {processor.py:161} INFO - Started process (PID=80) to work on /home/airflow/.local/lib/python3.12/site-packages/airflow/example_dags/example_short_circuit_operator.py
[2024-08-01T04:20:26.812+0000] {processor.py:830} INFO - Processing file /home/airflow/.local/lib/python3.12/site-packages/airflow/example_dags/example_short_circuit_operator.py for tasks to queue
[2024-08-01T04:20:26.813+0000] {logging_mixin.py:188} INFO - [2024-08-01T04:20:26.813+0000] {dagbag.py:545} INFO - Filling up the DagBag from /home/airflow/.local/lib/python3.12/site-packages/airflow/example_dags/example_short_circuit_operator.py
[2024-08-01T04:20:26.823+0000] {processor.py:840} INFO - DAG(s) 'example_short_circuit_operator' retrieved from /home/airflow/.local/lib/python3.12/site-packages/airflow/example_dags/example_short_circuit_operator.py
[2024-08-01T04:20:26.945+0000] {logging_mixin.py:188} INFO - [2024-08-01T04:20:26.945+0000] {dag.py:3089} INFO - Sync 1 DAGs
[2024-08-01T04:20:26.970+0000] {logging_mixin.py:188} INFO - [2024-08-01T04:20:26.970+0000] {dag.py:3947} INFO - Setting next_dagrun for example_short_circuit_operator to 2024-07-31 00:00:00+00:00, run_after=2024-08-01 00:00:00+00:00
[2024-08-01T04:20:27.052+0000] {processor.py:183} INFO - Processing /home/airflow/.local/lib/python3.12/site-packages/airflow/example_dags/example_short_circuit_operator.py took 0.248 seconds
[2024-08-01T04:20:57.798+0000] {processor.py:161} INFO - Started process (PID=140) to work on /home/airflow/.local/lib/python3.12/site-packages/airflow/example_dags/example_short_circuit_operator.py
[2024-08-01T04:20:57.799+0000] {processor.py:830} INFO - Processing file /home/airflow/.local/lib/python3.12/site-packages/airflow/example_dags/example_short_circuit_operator.py for tasks to queue
[2024-08-01T04:20:57.801+0000] {logging_mixin.py:188} INFO - [2024-08-01T04:20:57.801+0000] {dagbag.py:545} INFO - Filling up the DagBag from /home/airflow/.local/lib/python3.12/site-packages/airflow/example_dags/example_short_circuit_operator.py
[2024-08-01T04:20:57.811+0000] {processor.py:840} INFO - DAG(s) 'example_short_circuit_operator' retrieved from /home/airflow/.local/lib/python3.12/site-packages/airflow/example_dags/example_short_circuit_operator.py
[2024-08-01T04:20:57.843+0000] {logging_mixin.py:188} INFO - [2024-08-01T04:20:57.842+0000] {dag.py:3089} INFO - Sync 1 DAGs
[2024-08-01T04:20:57.872+0000] {logging_mixin.py:188} INFO - [2024-08-01T04:20:57.872+0000] {dag.py:3947} INFO - Setting next_dagrun for example_short_circuit_operator to 2024-07-31 00:00:00+00:00, run_after=2024-08-01 00:00:00+00:00
[2024-08-01T04:20:57.958+0000] {processor.py:183} INFO - Processing /home/airflow/.local/lib/python3.12/site-packages/airflow/example_dags/example_short_circuit_operator.py took 0.168 seconds
[2024-08-01T04:21:28.434+0000] {processor.py:161} INFO - Started process (PID=200) to work on /home/airflow/.local/lib/python3.12/site-packages/airflow/example_dags/example_short_circuit_operator.py
[2024-08-01T04:21:28.435+0000] {processor.py:830} INFO - Processing file /home/airflow/.local/lib/python3.12/site-packages/airflow/example_dags/example_short_circuit_operator.py for tasks to queue
[2024-08-01T04:21:28.438+0000] {logging_mixin.py:188} INFO - [2024-08-01T04:21:28.437+0000] {dagbag.py:545} INFO - Filling up the DagBag from /home/airflow/.local/lib/python3.12/site-packages/airflow/example_dags/example_short_circuit_operator.py
[2024-08-01T04:21:28.447+0000] {processor.py:840} INFO - DAG(s) 'example_short_circuit_operator' retrieved from /home/airflow/.local/lib/python3.12/site-packages/airflow/example_dags/example_short_circuit_operator.py
[2024-08-01T04:21:28.487+0000] {logging_mixin.py:188} INFO - [2024-08-01T04:21:28.486+0000] {dag.py:3089} INFO - Sync 1 DAGs
[2024-08-01T04:21:28.519+0000] {logging_mixin.py:188} INFO - [2024-08-01T04:21:28.519+0000] {dag.py:3947} INFO - Setting next_dagrun for example_short_circuit_operator to 2024-07-31 00:00:00+00:00, run_after=2024-08-01 00:00:00+00:00
[2024-08-01T04:21:28.611+0000] {processor.py:183} INFO - Processing /home/airflow/.local/lib/python3.12/site-packages/airflow/example_dags/example_short_circuit_operator.py took 0.184 seconds
[2024-08-01T04:21:58.763+0000] {processor.py:161} INFO - Started process (PID=260) to work on /home/airflow/.local/lib/python3.12/site-packages/airflow/example_dags/example_short_circuit_operator.py
[2024-08-01T04:21:58.764+0000] {processor.py:830} INFO - Processing file /home/airflow/.local/lib/python3.12/site-packages/airflow/example_dags/example_short_circuit_operator.py for tasks to queue
[2024-08-01T04:21:58.767+0000] {logging_mixin.py:188} INFO - [2024-08-01T04:21:58.767+0000] {dagbag.py:545} INFO - Filling up the DagBag from /home/airflow/.local/lib/python3.12/site-packages/airflow/example_dags/example_short_circuit_operator.py
[2024-08-01T04:21:58.779+0000] {processor.py:840} INFO - DAG(s) 'example_short_circuit_operator' retrieved from /home/airflow/.local/lib/python3.12/site-packages/airflow/example_dags/example_short_circuit_operator.py
[2024-08-01T04:21:58.817+0000] {logging_mixin.py:188} INFO - [2024-08-01T04:21:58.817+0000] {dag.py:3089} INFO - Sync 1 DAGs
[2024-08-01T04:21:58.852+0000] {logging_mixin.py:188} INFO - [2024-08-01T04:21:58.852+0000] {dag.py:3947} INFO - Setting next_dagrun for example_short_circuit_operator to 2024-07-31 00:00:00+00:00, run_after=2024-08-01 00:00:00+00:00
[2024-08-01T04:21:58.929+0000] {processor.py:183} INFO - Processing /home/airflow/.local/lib/python3.12/site-packages/airflow/example_dags/example_short_circuit_operator.py took 0.173 seconds
[2024-08-01T04:22:29.707+0000] {processor.py:161} INFO - Started process (PID=320) to work on /home/airflow/.local/lib/python3.12/site-packages/airflow/example_dags/example_short_circuit_operator.py
[2024-08-01T04:22:29.709+0000] {processor.py:830} INFO - Processing file /home/airflow/.local/lib/python3.12/site-packages/airflow/example_dags/example_short_circuit_operator.py for tasks to queue
[2024-08-01T04:22:29.712+0000] {logging_mixin.py:188} INFO - [2024-08-01T04:22:29.711+0000] {dagbag.py:545} INFO - Filling up the DagBag from /home/airflow/.local/lib/python3.12/site-packages/airflow/example_dags/example_short_circuit_operator.py
[2024-08-01T04:22:29.721+0000] {processor.py:840} INFO - DAG(s) 'example_short_circuit_operator' retrieved from /home/airflow/.local/lib/python3.12/site-packages/airflow/example_dags/example_short_circuit_operator.py
[2024-08-01T04:22:29.751+0000] {logging_mixin.py:188} INFO - [2024-08-01T04:22:29.751+0000] {dag.py:3089} INFO - Sync 1 DAGs
[2024-08-01T04:22:29.781+0000] {logging_mixin.py:188} INFO - [2024-08-01T04:22:29.781+0000] {dag.py:3947} INFO - Setting next_dagrun for example_short_circuit_operator to 2024-07-31 00:00:00+00:00, run_after=2024-08-01 00:00:00+00:00
[2024-08-01T04:22:29.805+0000] {processor.py:183} INFO - Processing /home/airflow/.local/lib/python3.12/site-packages/airflow/example_dags/example_short_circuit_operator.py took 0.105 seconds
[2024-08-01T04:23:00.398+0000] {processor.py:161} INFO - Started process (PID=380) to work on /home/airflow/.local/lib/python3.12/site-packages/airflow/example_dags/example_short_circuit_operator.py
[2024-08-01T04:23:00.399+0000] {processor.py:830} INFO - Processing file /home/airflow/.local/lib/python3.12/site-packages/airflow/example_dags/example_short_circuit_operator.py for tasks to queue
[2024-08-01T04:23:00.401+0000] {logging_mixin.py:188} INFO - [2024-08-01T04:23:00.401+0000] {dagbag.py:545} INFO - Filling up the DagBag from /home/airflow/.local/lib/python3.12/site-packages/airflow/example_dags/example_short_circuit_operator.py
[2024-08-01T04:23:00.410+0000] {processor.py:840} INFO - DAG(s) 'example_short_circuit_operator' retrieved from /home/airflow/.local/lib/python3.12/site-packages/airflow/example_dags/example_short_circuit_operator.py
[2024-08-01T04:23:00.441+0000] {logging_mixin.py:188} INFO - [2024-08-01T04:23:00.441+0000] {dag.py:3089} INFO - Sync 1 DAGs
[2024-08-01T04:23:00.471+0000] {logging_mixin.py:188} INFO - [2024-08-01T04:23:00.470+0000] {dag.py:3947} INFO - Setting next_dagrun for example_short_circuit_operator to 2024-07-31 00:00:00+00:00, run_after=2024-08-01 00:00:00+00:00
[2024-08-01T04:23:00.497+0000] {processor.py:183} INFO - Processing /home/airflow/.local/lib/python3.12/site-packages/airflow/example_dags/example_short_circuit_operator.py took 0.106 seconds
[2024-08-01T04:23:30.807+0000] {processor.py:161} INFO - Started process (PID=440) to work on /home/airflow/.local/lib/python3.12/site-packages/airflow/example_dags/example_short_circuit_operator.py
[2024-08-01T04:23:30.808+0000] {processor.py:830} INFO - Processing file /home/airflow/.local/lib/python3.12/site-packages/airflow/example_dags/example_short_circuit_operator.py for tasks to queue
[2024-08-01T04:23:30.810+0000] {logging_mixin.py:188} INFO - [2024-08-01T04:23:30.810+0000] {dagbag.py:545} INFO - Filling up the DagBag from /home/airflow/.local/lib/python3.12/site-packages/airflow/example_dags/example_short_circuit_operator.py
[2024-08-01T04:23:30.818+0000] {processor.py:840} INFO - DAG(s) 'example_short_circuit_operator' retrieved from /home/airflow/.local/lib/python3.12/site-packages/airflow/example_dags/example_short_circuit_operator.py
[2024-08-01T04:23:30.848+0000] {logging_mixin.py:188} INFO - [2024-08-01T04:23:30.847+0000] {dag.py:3089} INFO - Sync 1 DAGs
[2024-08-01T04:23:30.875+0000] {logging_mixin.py:188} INFO - [2024-08-01T04:23:30.874+0000] {dag.py:3947} INFO - Setting next_dagrun for example_short_circuit_operator to 2024-07-31 00:00:00+00:00, run_after=2024-08-01 00:00:00+00:00
[2024-08-01T04:23:30.963+0000] {processor.py:183} INFO - Processing /home/airflow/.local/lib/python3.12/site-packages/airflow/example_dags/example_short_circuit_operator.py took 0.166 seconds
