[2024-08-01T04:16:18.960+0000] {processor.py:161} INFO - Started process (PID=78) to work on /home/airflow/.local/lib/python3.12/site-packages/airflow/example_dags/example_xcom.py
[2024-08-01T04:16:18.962+0000] {processor.py:830} INFO - Processing file /home/airflow/.local/lib/python3.12/site-packages/airflow/example_dags/example_xcom.py for tasks to queue
[2024-08-01T04:16:18.964+0000] {logging_mixin.py:188} INFO - [2024-08-01T04:16:18.963+0000] {dagbag.py:545} INFO - Filling up the DagBag from /home/airflow/.local/lib/python3.12/site-packages/airflow/example_dags/example_xcom.py
[2024-08-01T04:16:18.974+0000] {processor.py:840} INFO - DAG(s) 'example_xcom' retrieved from /home/airflow/.local/lib/python3.12/site-packages/airflow/example_dags/example_xcom.py
[2024-08-01T04:16:19.136+0000] {logging_mixin.py:188} INFO - [2024-08-01T04:16:19.135+0000] {override.py:1858} INFO - Created Permission View: can edit on DAG:example_xcom
[2024-08-01T04:16:19.153+0000] {logging_mixin.py:188} INFO - [2024-08-01T04:16:19.152+0000] {override.py:1858} INFO - Created Permission View: can delete on DAG:example_xcom
[2024-08-01T04:16:19.164+0000] {logging_mixin.py:188} INFO - [2024-08-01T04:16:19.163+0000] {override.py:1858} INFO - Created Permission View: can read on DAG:example_xcom
[2024-08-01T04:16:19.165+0000] {logging_mixin.py:188} INFO - [2024-08-01T04:16:19.165+0000] {dag.py:3089} INFO - Sync 1 DAGs
[2024-08-01T04:16:19.183+0000] {logging_mixin.py:188} INFO - [2024-08-01T04:16:19.182+0000] {dag.py:3111} INFO - Creating ORM DAG for example_xcom
[2024-08-01T04:16:19.197+0000] {logging_mixin.py:188} INFO - [2024-08-01T04:16:19.196+0000] {dag.py:3947} INFO - Setting next_dagrun for example_xcom to 2021-01-01 00:00:00+00:00, run_after=2021-01-01 00:00:00+00:00
[2024-08-01T04:16:19.219+0000] {processor.py:183} INFO - Processing /home/airflow/.local/lib/python3.12/site-packages/airflow/example_dags/example_xcom.py took 0.264 seconds
[2024-08-01T04:16:49.498+0000] {processor.py:161} INFO - Started process (PID=137) to work on /home/airflow/.local/lib/python3.12/site-packages/airflow/example_dags/example_xcom.py
[2024-08-01T04:16:49.499+0000] {processor.py:830} INFO - Processing file /home/airflow/.local/lib/python3.12/site-packages/airflow/example_dags/example_xcom.py for tasks to queue
[2024-08-01T04:16:49.502+0000] {logging_mixin.py:188} INFO - [2024-08-01T04:16:49.501+0000] {dagbag.py:545} INFO - Filling up the DagBag from /home/airflow/.local/lib/python3.12/site-packages/airflow/example_dags/example_xcom.py
[2024-08-01T04:16:49.515+0000] {processor.py:840} INFO - DAG(s) 'example_xcom' retrieved from /home/airflow/.local/lib/python3.12/site-packages/airflow/example_dags/example_xcom.py
[2024-08-01T04:16:49.549+0000] {logging_mixin.py:188} INFO - [2024-08-01T04:16:49.548+0000] {dag.py:3089} INFO - Sync 1 DAGs
[2024-08-01T04:16:49.582+0000] {logging_mixin.py:188} INFO - [2024-08-01T04:16:49.582+0000] {dag.py:3947} INFO - Setting next_dagrun for example_xcom to 2021-01-01 00:00:00+00:00, run_after=2021-01-01 00:00:00+00:00
[2024-08-01T04:16:49.616+0000] {processor.py:183} INFO - Processing /home/airflow/.local/lib/python3.12/site-packages/airflow/example_dags/example_xcom.py took 0.127 seconds
[2024-08-01T04:17:20.617+0000] {processor.py:161} INFO - Started process (PID=202) to work on /home/airflow/.local/lib/python3.12/site-packages/airflow/example_dags/example_xcom.py
[2024-08-01T04:17:20.619+0000] {processor.py:830} INFO - Processing file /home/airflow/.local/lib/python3.12/site-packages/airflow/example_dags/example_xcom.py for tasks to queue
[2024-08-01T04:17:20.621+0000] {logging_mixin.py:188} INFO - [2024-08-01T04:17:20.621+0000] {dagbag.py:545} INFO - Filling up the DagBag from /home/airflow/.local/lib/python3.12/site-packages/airflow/example_dags/example_xcom.py
[2024-08-01T04:17:20.631+0000] {processor.py:840} INFO - DAG(s) 'example_xcom' retrieved from /home/airflow/.local/lib/python3.12/site-packages/airflow/example_dags/example_xcom.py
[2024-08-01T04:17:20.660+0000] {logging_mixin.py:188} INFO - [2024-08-01T04:17:20.659+0000] {dag.py:3089} INFO - Sync 1 DAGs
[2024-08-01T04:17:20.689+0000] {logging_mixin.py:188} INFO - [2024-08-01T04:17:20.688+0000] {dag.py:3947} INFO - Setting next_dagrun for example_xcom to 2021-01-01 00:00:00+00:00, run_after=2021-01-01 00:00:00+00:00
[2024-08-01T04:17:20.715+0000] {processor.py:183} INFO - Processing /home/airflow/.local/lib/python3.12/site-packages/airflow/example_dags/example_xcom.py took 0.104 seconds
[2024-08-01T04:17:51.158+0000] {processor.py:161} INFO - Started process (PID=261) to work on /home/airflow/.local/lib/python3.12/site-packages/airflow/example_dags/example_xcom.py
[2024-08-01T04:17:51.159+0000] {processor.py:830} INFO - Processing file /home/airflow/.local/lib/python3.12/site-packages/airflow/example_dags/example_xcom.py for tasks to queue
[2024-08-01T04:17:51.162+0000] {logging_mixin.py:188} INFO - [2024-08-01T04:17:51.161+0000] {dagbag.py:545} INFO - Filling up the DagBag from /home/airflow/.local/lib/python3.12/site-packages/airflow/example_dags/example_xcom.py
[2024-08-01T04:17:51.178+0000] {processor.py:840} INFO - DAG(s) 'example_xcom' retrieved from /home/airflow/.local/lib/python3.12/site-packages/airflow/example_dags/example_xcom.py
[2024-08-01T04:17:51.220+0000] {logging_mixin.py:188} INFO - [2024-08-01T04:17:51.219+0000] {dag.py:3089} INFO - Sync 1 DAGs
[2024-08-01T04:17:51.256+0000] {logging_mixin.py:188} INFO - [2024-08-01T04:17:51.255+0000] {dag.py:3947} INFO - Setting next_dagrun for example_xcom to 2021-01-01 00:00:00+00:00, run_after=2021-01-01 00:00:00+00:00
[2024-08-01T04:17:51.341+0000] {processor.py:183} INFO - Processing /home/airflow/.local/lib/python3.12/site-packages/airflow/example_dags/example_xcom.py took 0.191 seconds
[2024-08-01T04:18:21.490+0000] {processor.py:161} INFO - Started process (PID=320) to work on /home/airflow/.local/lib/python3.12/site-packages/airflow/example_dags/example_xcom.py
[2024-08-01T04:18:21.491+0000] {processor.py:830} INFO - Processing file /home/airflow/.local/lib/python3.12/site-packages/airflow/example_dags/example_xcom.py for tasks to queue
[2024-08-01T04:18:21.493+0000] {logging_mixin.py:188} INFO - [2024-08-01T04:18:21.493+0000] {dagbag.py:545} INFO - Filling up the DagBag from /home/airflow/.local/lib/python3.12/site-packages/airflow/example_dags/example_xcom.py
[2024-08-01T04:18:21.503+0000] {processor.py:840} INFO - DAG(s) 'example_xcom' retrieved from /home/airflow/.local/lib/python3.12/site-packages/airflow/example_dags/example_xcom.py
[2024-08-01T04:18:21.540+0000] {logging_mixin.py:188} INFO - [2024-08-01T04:18:21.540+0000] {dag.py:3089} INFO - Sync 1 DAGs
[2024-08-01T04:18:21.573+0000] {logging_mixin.py:188} INFO - [2024-08-01T04:18:21.573+0000] {dag.py:3947} INFO - Setting next_dagrun for example_xcom to 2021-01-01 00:00:00+00:00, run_after=2021-01-01 00:00:00+00:00
[2024-08-01T04:18:21.601+0000] {processor.py:183} INFO - Processing /home/airflow/.local/lib/python3.12/site-packages/airflow/example_dags/example_xcom.py took 0.119 seconds
[2024-08-01T04:18:52.241+0000] {processor.py:161} INFO - Started process (PID=379) to work on /home/airflow/.local/lib/python3.12/site-packages/airflow/example_dags/example_xcom.py
[2024-08-01T04:18:52.246+0000] {processor.py:830} INFO - Processing file /home/airflow/.local/lib/python3.12/site-packages/airflow/example_dags/example_xcom.py for tasks to queue
[2024-08-01T04:18:52.249+0000] {logging_mixin.py:188} INFO - [2024-08-01T04:18:52.248+0000] {dagbag.py:545} INFO - Filling up the DagBag from /home/airflow/.local/lib/python3.12/site-packages/airflow/example_dags/example_xcom.py
[2024-08-01T04:18:52.262+0000] {processor.py:840} INFO - DAG(s) 'example_xcom' retrieved from /home/airflow/.local/lib/python3.12/site-packages/airflow/example_dags/example_xcom.py
[2024-08-01T04:18:52.296+0000] {logging_mixin.py:188} INFO - [2024-08-01T04:18:52.295+0000] {dag.py:3089} INFO - Sync 1 DAGs
[2024-08-01T04:18:52.332+0000] {logging_mixin.py:188} INFO - [2024-08-01T04:18:52.332+0000] {dag.py:3947} INFO - Setting next_dagrun for example_xcom to 2021-01-01 00:00:00+00:00, run_after=2021-01-01 00:00:00+00:00
[2024-08-01T04:18:52.399+0000] {processor.py:183} INFO - Processing /home/airflow/.local/lib/python3.12/site-packages/airflow/example_dags/example_xcom.py took 0.173 seconds
[2024-08-01T04:19:22.567+0000] {processor.py:161} INFO - Started process (PID=438) to work on /home/airflow/.local/lib/python3.12/site-packages/airflow/example_dags/example_xcom.py
[2024-08-01T04:19:22.568+0000] {processor.py:830} INFO - Processing file /home/airflow/.local/lib/python3.12/site-packages/airflow/example_dags/example_xcom.py for tasks to queue
[2024-08-01T04:19:22.571+0000] {logging_mixin.py:188} INFO - [2024-08-01T04:19:22.570+0000] {dagbag.py:545} INFO - Filling up the DagBag from /home/airflow/.local/lib/python3.12/site-packages/airflow/example_dags/example_xcom.py
[2024-08-01T04:19:22.581+0000] {processor.py:840} INFO - DAG(s) 'example_xcom' retrieved from /home/airflow/.local/lib/python3.12/site-packages/airflow/example_dags/example_xcom.py
[2024-08-01T04:19:22.611+0000] {logging_mixin.py:188} INFO - [2024-08-01T04:19:22.611+0000] {dag.py:3089} INFO - Sync 1 DAGs
[2024-08-01T04:19:22.640+0000] {logging_mixin.py:188} INFO - [2024-08-01T04:19:22.640+0000] {dag.py:3947} INFO - Setting next_dagrun for example_xcom to 2021-01-01 00:00:00+00:00, run_after=2021-01-01 00:00:00+00:00
[2024-08-01T04:19:22.727+0000] {processor.py:183} INFO - Processing /home/airflow/.local/lib/python3.12/site-packages/airflow/example_dags/example_xcom.py took 0.168 seconds
[2024-08-01T04:20:26.604+0000] {processor.py:161} INFO - Started process (PID=79) to work on /home/airflow/.local/lib/python3.12/site-packages/airflow/example_dags/example_xcom.py
[2024-08-01T04:20:26.605+0000] {processor.py:830} INFO - Processing file /home/airflow/.local/lib/python3.12/site-packages/airflow/example_dags/example_xcom.py for tasks to queue
[2024-08-01T04:20:26.607+0000] {logging_mixin.py:188} INFO - [2024-08-01T04:20:26.607+0000] {dagbag.py:545} INFO - Filling up the DagBag from /home/airflow/.local/lib/python3.12/site-packages/airflow/example_dags/example_xcom.py
[2024-08-01T04:20:26.618+0000] {processor.py:840} INFO - DAG(s) 'example_xcom' retrieved from /home/airflow/.local/lib/python3.12/site-packages/airflow/example_dags/example_xcom.py
[2024-08-01T04:20:26.736+0000] {logging_mixin.py:188} INFO - [2024-08-01T04:20:26.736+0000] {dag.py:3089} INFO - Sync 1 DAGs
[2024-08-01T04:20:26.759+0000] {logging_mixin.py:188} INFO - [2024-08-01T04:20:26.759+0000] {dag.py:3947} INFO - Setting next_dagrun for example_xcom to 2021-01-01 00:00:00+00:00, run_after=2021-01-01 00:00:00+00:00
[2024-08-01T04:20:26.781+0000] {processor.py:183} INFO - Processing /home/airflow/.local/lib/python3.12/site-packages/airflow/example_dags/example_xcom.py took 0.182 seconds
[2024-08-01T04:20:57.596+0000] {processor.py:161} INFO - Started process (PID=139) to work on /home/airflow/.local/lib/python3.12/site-packages/airflow/example_dags/example_xcom.py
[2024-08-01T04:20:57.597+0000] {processor.py:830} INFO - Processing file /home/airflow/.local/lib/python3.12/site-packages/airflow/example_dags/example_xcom.py for tasks to queue
[2024-08-01T04:20:57.600+0000] {logging_mixin.py:188} INFO - [2024-08-01T04:20:57.600+0000] {dagbag.py:545} INFO - Filling up the DagBag from /home/airflow/.local/lib/python3.12/site-packages/airflow/example_dags/example_xcom.py
[2024-08-01T04:20:57.610+0000] {processor.py:840} INFO - DAG(s) 'example_xcom' retrieved from /home/airflow/.local/lib/python3.12/site-packages/airflow/example_dags/example_xcom.py
[2024-08-01T04:20:57.639+0000] {logging_mixin.py:188} INFO - [2024-08-01T04:20:57.638+0000] {dag.py:3089} INFO - Sync 1 DAGs
[2024-08-01T04:20:57.672+0000] {logging_mixin.py:188} INFO - [2024-08-01T04:20:57.672+0000] {dag.py:3947} INFO - Setting next_dagrun for example_xcom to 2021-01-01 00:00:00+00:00, run_after=2021-01-01 00:00:00+00:00
[2024-08-01T04:20:57.744+0000] {processor.py:183} INFO - Processing /home/airflow/.local/lib/python3.12/site-packages/airflow/example_dags/example_xcom.py took 0.154 seconds
[2024-08-01T04:21:28.288+0000] {processor.py:161} INFO - Started process (PID=199) to work on /home/airflow/.local/lib/python3.12/site-packages/airflow/example_dags/example_xcom.py
[2024-08-01T04:21:28.289+0000] {processor.py:830} INFO - Processing file /home/airflow/.local/lib/python3.12/site-packages/airflow/example_dags/example_xcom.py for tasks to queue
[2024-08-01T04:21:28.292+0000] {logging_mixin.py:188} INFO - [2024-08-01T04:21:28.291+0000] {dagbag.py:545} INFO - Filling up the DagBag from /home/airflow/.local/lib/python3.12/site-packages/airflow/example_dags/example_xcom.py
[2024-08-01T04:21:28.300+0000] {processor.py:840} INFO - DAG(s) 'example_xcom' retrieved from /home/airflow/.local/lib/python3.12/site-packages/airflow/example_dags/example_xcom.py
[2024-08-01T04:21:28.329+0000] {logging_mixin.py:188} INFO - [2024-08-01T04:21:28.329+0000] {dag.py:3089} INFO - Sync 1 DAGs
[2024-08-01T04:21:28.358+0000] {logging_mixin.py:188} INFO - [2024-08-01T04:21:28.358+0000] {dag.py:3947} INFO - Setting next_dagrun for example_xcom to 2021-01-01 00:00:00+00:00, run_after=2021-01-01 00:00:00+00:00
[2024-08-01T04:21:28.382+0000] {processor.py:183} INFO - Processing /home/airflow/.local/lib/python3.12/site-packages/airflow/example_dags/example_xcom.py took 0.101 seconds
[2024-08-01T04:21:58.504+0000] {processor.py:161} INFO - Started process (PID=259) to work on /home/airflow/.local/lib/python3.12/site-packages/airflow/example_dags/example_xcom.py
[2024-08-01T04:21:58.506+0000] {processor.py:830} INFO - Processing file /home/airflow/.local/lib/python3.12/site-packages/airflow/example_dags/example_xcom.py for tasks to queue
[2024-08-01T04:21:58.508+0000] {logging_mixin.py:188} INFO - [2024-08-01T04:21:58.508+0000] {dagbag.py:545} INFO - Filling up the DagBag from /home/airflow/.local/lib/python3.12/site-packages/airflow/example_dags/example_xcom.py
[2024-08-01T04:21:58.517+0000] {processor.py:840} INFO - DAG(s) 'example_xcom' retrieved from /home/airflow/.local/lib/python3.12/site-packages/airflow/example_dags/example_xcom.py
[2024-08-01T04:21:58.546+0000] {logging_mixin.py:188} INFO - [2024-08-01T04:21:58.545+0000] {dag.py:3089} INFO - Sync 1 DAGs
[2024-08-01T04:21:58.596+0000] {logging_mixin.py:188} INFO - [2024-08-01T04:21:58.596+0000] {dag.py:3947} INFO - Setting next_dagrun for example_xcom to 2021-01-01 00:00:00+00:00, run_after=2021-01-01 00:00:00+00:00
[2024-08-01T04:21:58.706+0000] {processor.py:183} INFO - Processing /home/airflow/.local/lib/python3.12/site-packages/airflow/example_dags/example_xcom.py took 0.208 seconds
[2024-08-01T04:22:29.493+0000] {processor.py:161} INFO - Started process (PID=319) to work on /home/airflow/.local/lib/python3.12/site-packages/airflow/example_dags/example_xcom.py
[2024-08-01T04:22:29.494+0000] {processor.py:830} INFO - Processing file /home/airflow/.local/lib/python3.12/site-packages/airflow/example_dags/example_xcom.py for tasks to queue
[2024-08-01T04:22:29.496+0000] {logging_mixin.py:188} INFO - [2024-08-01T04:22:29.496+0000] {dagbag.py:545} INFO - Filling up the DagBag from /home/airflow/.local/lib/python3.12/site-packages/airflow/example_dags/example_xcom.py
[2024-08-01T04:22:29.507+0000] {processor.py:840} INFO - DAG(s) 'example_xcom' retrieved from /home/airflow/.local/lib/python3.12/site-packages/airflow/example_dags/example_xcom.py
[2024-08-01T04:22:29.537+0000] {logging_mixin.py:188} INFO - [2024-08-01T04:22:29.537+0000] {dag.py:3089} INFO - Sync 1 DAGs
[2024-08-01T04:22:29.570+0000] {logging_mixin.py:188} INFO - [2024-08-01T04:22:29.569+0000] {dag.py:3947} INFO - Setting next_dagrun for example_xcom to 2021-01-01 00:00:00+00:00, run_after=2021-01-01 00:00:00+00:00
[2024-08-01T04:22:29.659+0000] {processor.py:183} INFO - Processing /home/airflow/.local/lib/python3.12/site-packages/airflow/example_dags/example_xcom.py took 0.173 seconds
[2024-08-01T04:23:00.178+0000] {processor.py:161} INFO - Started process (PID=379) to work on /home/airflow/.local/lib/python3.12/site-packages/airflow/example_dags/example_xcom.py
[2024-08-01T04:23:00.179+0000] {processor.py:830} INFO - Processing file /home/airflow/.local/lib/python3.12/site-packages/airflow/example_dags/example_xcom.py for tasks to queue
[2024-08-01T04:23:00.182+0000] {logging_mixin.py:188} INFO - [2024-08-01T04:23:00.181+0000] {dagbag.py:545} INFO - Filling up the DagBag from /home/airflow/.local/lib/python3.12/site-packages/airflow/example_dags/example_xcom.py
[2024-08-01T04:23:00.194+0000] {processor.py:840} INFO - DAG(s) 'example_xcom' retrieved from /home/airflow/.local/lib/python3.12/site-packages/airflow/example_dags/example_xcom.py
[2024-08-01T04:23:00.232+0000] {logging_mixin.py:188} INFO - [2024-08-01T04:23:00.231+0000] {dag.py:3089} INFO - Sync 1 DAGs
[2024-08-01T04:23:00.262+0000] {logging_mixin.py:188} INFO - [2024-08-01T04:23:00.262+0000] {dag.py:3947} INFO - Setting next_dagrun for example_xcom to 2021-01-01 00:00:00+00:00, run_after=2021-01-01 00:00:00+00:00
[2024-08-01T04:23:00.354+0000] {processor.py:183} INFO - Processing /home/airflow/.local/lib/python3.12/site-packages/airflow/example_dags/example_xcom.py took 0.183 seconds
[2024-08-01T04:23:30.615+0000] {processor.py:161} INFO - Started process (PID=439) to work on /home/airflow/.local/lib/python3.12/site-packages/airflow/example_dags/example_xcom.py
[2024-08-01T04:23:30.616+0000] {processor.py:830} INFO - Processing file /home/airflow/.local/lib/python3.12/site-packages/airflow/example_dags/example_xcom.py for tasks to queue
[2024-08-01T04:23:30.619+0000] {logging_mixin.py:188} INFO - [2024-08-01T04:23:30.618+0000] {dagbag.py:545} INFO - Filling up the DagBag from /home/airflow/.local/lib/python3.12/site-packages/airflow/example_dags/example_xcom.py
[2024-08-01T04:23:30.633+0000] {processor.py:840} INFO - DAG(s) 'example_xcom' retrieved from /home/airflow/.local/lib/python3.12/site-packages/airflow/example_dags/example_xcom.py
[2024-08-01T04:23:30.665+0000] {logging_mixin.py:188} INFO - [2024-08-01T04:23:30.665+0000] {dag.py:3089} INFO - Sync 1 DAGs
[2024-08-01T04:23:30.700+0000] {logging_mixin.py:188} INFO - [2024-08-01T04:23:30.699+0000] {dag.py:3947} INFO - Setting next_dagrun for example_xcom to 2021-01-01 00:00:00+00:00, run_after=2021-01-01 00:00:00+00:00
[2024-08-01T04:23:30.761+0000] {processor.py:183} INFO - Processing /home/airflow/.local/lib/python3.12/site-packages/airflow/example_dags/example_xcom.py took 0.158 seconds
