[2024-08-01T04:16:20.107+0000] {processor.py:161} INFO - Started process (PID=91) to work on /home/airflow/.local/lib/python3.12/site-packages/airflow/example_dags/example_nested_branch_dag.py
[2024-08-01T04:16:20.108+0000] {processor.py:830} INFO - Processing file /home/airflow/.local/lib/python3.12/site-packages/airflow/example_dags/example_nested_branch_dag.py for tasks to queue
[2024-08-01T04:16:20.110+0000] {logging_mixin.py:188} INFO - [2024-08-01T04:16:20.110+0000] {dagbag.py:545} INFO - Filling up the DagBag from /home/airflow/.local/lib/python3.12/site-packages/airflow/example_dags/example_nested_branch_dag.py
[2024-08-01T04:16:20.126+0000] {processor.py:840} INFO - DAG(s) 'example_nested_branch_dag' retrieved from /home/airflow/.local/lib/python3.12/site-packages/airflow/example_dags/example_nested_branch_dag.py
[2024-08-01T04:16:20.305+0000] {logging_mixin.py:188} INFO - [2024-08-01T04:16:20.304+0000] {override.py:1858} INFO - Created Permission View: can edit on DAG:example_nested_branch_dag
[2024-08-01T04:16:20.321+0000] {logging_mixin.py:188} INFO - [2024-08-01T04:16:20.321+0000] {override.py:1858} INFO - Created Permission View: can delete on DAG:example_nested_branch_dag
[2024-08-01T04:16:20.332+0000] {logging_mixin.py:188} INFO - [2024-08-01T04:16:20.332+0000] {override.py:1858} INFO - Created Permission View: can read on DAG:example_nested_branch_dag
[2024-08-01T04:16:20.333+0000] {logging_mixin.py:188} INFO - [2024-08-01T04:16:20.333+0000] {dag.py:3089} INFO - Sync 1 DAGs
[2024-08-01T04:16:20.349+0000] {logging_mixin.py:188} INFO - [2024-08-01T04:16:20.349+0000] {dag.py:3111} INFO - Creating ORM DAG for example_nested_branch_dag
[2024-08-01T04:16:20.364+0000] {logging_mixin.py:188} INFO - [2024-08-01T04:16:20.363+0000] {dag.py:3947} INFO - Setting next_dagrun for example_nested_branch_dag to 2024-07-31 00:00:00+00:00, run_after=2024-08-01 00:00:00+00:00
[2024-08-01T04:16:20.386+0000] {processor.py:183} INFO - Processing /home/airflow/.local/lib/python3.12/site-packages/airflow/example_dags/example_nested_branch_dag.py took 0.287 seconds
[2024-08-01T04:16:51.252+0000] {processor.py:161} INFO - Started process (PID=150) to work on /home/airflow/.local/lib/python3.12/site-packages/airflow/example_dags/example_nested_branch_dag.py
[2024-08-01T04:16:51.253+0000] {processor.py:830} INFO - Processing file /home/airflow/.local/lib/python3.12/site-packages/airflow/example_dags/example_nested_branch_dag.py for tasks to queue
[2024-08-01T04:16:51.255+0000] {logging_mixin.py:188} INFO - [2024-08-01T04:16:51.255+0000] {dagbag.py:545} INFO - Filling up the DagBag from /home/airflow/.local/lib/python3.12/site-packages/airflow/example_dags/example_nested_branch_dag.py
[2024-08-01T04:16:51.266+0000] {processor.py:840} INFO - DAG(s) 'example_nested_branch_dag' retrieved from /home/airflow/.local/lib/python3.12/site-packages/airflow/example_dags/example_nested_branch_dag.py
[2024-08-01T04:16:51.292+0000] {logging_mixin.py:188} INFO - [2024-08-01T04:16:51.292+0000] {dag.py:3089} INFO - Sync 1 DAGs
[2024-08-01T04:16:51.320+0000] {logging_mixin.py:188} INFO - [2024-08-01T04:16:51.320+0000] {dag.py:3947} INFO - Setting next_dagrun for example_nested_branch_dag to 2024-07-31 00:00:00+00:00, run_after=2024-08-01 00:00:00+00:00
[2024-08-01T04:16:51.408+0000] {processor.py:183} INFO - Processing /home/airflow/.local/lib/python3.12/site-packages/airflow/example_dags/example_nested_branch_dag.py took 0.162 seconds
[2024-08-01T04:17:21.575+0000] {processor.py:161} INFO - Started process (PID=209) to work on /home/airflow/.local/lib/python3.12/site-packages/airflow/example_dags/example_nested_branch_dag.py
[2024-08-01T04:17:21.576+0000] {processor.py:830} INFO - Processing file /home/airflow/.local/lib/python3.12/site-packages/airflow/example_dags/example_nested_branch_dag.py for tasks to queue
[2024-08-01T04:17:21.579+0000] {logging_mixin.py:188} INFO - [2024-08-01T04:17:21.579+0000] {dagbag.py:545} INFO - Filling up the DagBag from /home/airflow/.local/lib/python3.12/site-packages/airflow/example_dags/example_nested_branch_dag.py
[2024-08-01T04:17:21.593+0000] {processor.py:840} INFO - DAG(s) 'example_nested_branch_dag' retrieved from /home/airflow/.local/lib/python3.12/site-packages/airflow/example_dags/example_nested_branch_dag.py
[2024-08-01T04:17:21.621+0000] {logging_mixin.py:188} INFO - [2024-08-01T04:17:21.621+0000] {dag.py:3089} INFO - Sync 1 DAGs
[2024-08-01T04:17:21.656+0000] {logging_mixin.py:188} INFO - [2024-08-01T04:17:21.655+0000] {dag.py:3947} INFO - Setting next_dagrun for example_nested_branch_dag to 2024-07-31 00:00:00+00:00, run_after=2024-08-01 00:00:00+00:00
[2024-08-01T04:17:21.747+0000] {processor.py:183} INFO - Processing /home/airflow/.local/lib/python3.12/site-packages/airflow/example_dags/example_nested_branch_dag.py took 0.180 seconds
[2024-08-01T04:17:52.120+0000] {processor.py:161} INFO - Started process (PID=268) to work on /home/airflow/.local/lib/python3.12/site-packages/airflow/example_dags/example_nested_branch_dag.py
[2024-08-01T04:17:52.121+0000] {processor.py:830} INFO - Processing file /home/airflow/.local/lib/python3.12/site-packages/airflow/example_dags/example_nested_branch_dag.py for tasks to queue
[2024-08-01T04:17:52.123+0000] {logging_mixin.py:188} INFO - [2024-08-01T04:17:52.123+0000] {dagbag.py:545} INFO - Filling up the DagBag from /home/airflow/.local/lib/python3.12/site-packages/airflow/example_dags/example_nested_branch_dag.py
[2024-08-01T04:17:52.138+0000] {processor.py:840} INFO - DAG(s) 'example_nested_branch_dag' retrieved from /home/airflow/.local/lib/python3.12/site-packages/airflow/example_dags/example_nested_branch_dag.py
[2024-08-01T04:17:52.168+0000] {logging_mixin.py:188} INFO - [2024-08-01T04:17:52.168+0000] {dag.py:3089} INFO - Sync 1 DAGs
[2024-08-01T04:17:52.203+0000] {logging_mixin.py:188} INFO - [2024-08-01T04:17:52.203+0000] {dag.py:3947} INFO - Setting next_dagrun for example_nested_branch_dag to 2024-07-31 00:00:00+00:00, run_after=2024-08-01 00:00:00+00:00
[2024-08-01T04:17:52.257+0000] {processor.py:183} INFO - Processing /home/airflow/.local/lib/python3.12/site-packages/airflow/example_dags/example_nested_branch_dag.py took 0.144 seconds
[2024-08-01T04:18:22.496+0000] {processor.py:161} INFO - Started process (PID=326) to work on /home/airflow/.local/lib/python3.12/site-packages/airflow/example_dags/example_nested_branch_dag.py
[2024-08-01T04:18:22.497+0000] {processor.py:830} INFO - Processing file /home/airflow/.local/lib/python3.12/site-packages/airflow/example_dags/example_nested_branch_dag.py for tasks to queue
[2024-08-01T04:18:22.499+0000] {logging_mixin.py:188} INFO - [2024-08-01T04:18:22.499+0000] {dagbag.py:545} INFO - Filling up the DagBag from /home/airflow/.local/lib/python3.12/site-packages/airflow/example_dags/example_nested_branch_dag.py
[2024-08-01T04:18:22.511+0000] {processor.py:840} INFO - DAG(s) 'example_nested_branch_dag' retrieved from /home/airflow/.local/lib/python3.12/site-packages/airflow/example_dags/example_nested_branch_dag.py
[2024-08-01T04:18:22.538+0000] {logging_mixin.py:188} INFO - [2024-08-01T04:18:22.537+0000] {dag.py:3089} INFO - Sync 1 DAGs
[2024-08-01T04:18:22.568+0000] {logging_mixin.py:188} INFO - [2024-08-01T04:18:22.568+0000] {dag.py:3947} INFO - Setting next_dagrun for example_nested_branch_dag to 2024-07-31 00:00:00+00:00, run_after=2024-08-01 00:00:00+00:00
[2024-08-01T04:18:22.641+0000] {processor.py:183} INFO - Processing /home/airflow/.local/lib/python3.12/site-packages/airflow/example_dags/example_nested_branch_dag.py took 0.152 seconds
[2024-08-01T04:18:52.887+0000] {processor.py:161} INFO - Started process (PID=385) to work on /home/airflow/.local/lib/python3.12/site-packages/airflow/example_dags/example_nested_branch_dag.py
[2024-08-01T04:18:52.888+0000] {processor.py:830} INFO - Processing file /home/airflow/.local/lib/python3.12/site-packages/airflow/example_dags/example_nested_branch_dag.py for tasks to queue
[2024-08-01T04:18:52.891+0000] {logging_mixin.py:188} INFO - [2024-08-01T04:18:52.890+0000] {dagbag.py:545} INFO - Filling up the DagBag from /home/airflow/.local/lib/python3.12/site-packages/airflow/example_dags/example_nested_branch_dag.py
[2024-08-01T04:18:52.905+0000] {processor.py:840} INFO - DAG(s) 'example_nested_branch_dag' retrieved from /home/airflow/.local/lib/python3.12/site-packages/airflow/example_dags/example_nested_branch_dag.py
[2024-08-01T04:18:52.934+0000] {logging_mixin.py:188} INFO - [2024-08-01T04:18:52.933+0000] {dag.py:3089} INFO - Sync 1 DAGs
[2024-08-01T04:18:52.964+0000] {logging_mixin.py:188} INFO - [2024-08-01T04:18:52.963+0000] {dag.py:3947} INFO - Setting next_dagrun for example_nested_branch_dag to 2024-07-31 00:00:00+00:00, run_after=2024-08-01 00:00:00+00:00
[2024-08-01T04:18:53.065+0000] {processor.py:183} INFO - Processing /home/airflow/.local/lib/python3.12/site-packages/airflow/example_dags/example_nested_branch_dag.py took 0.185 seconds
[2024-08-01T04:19:23.663+0000] {processor.py:161} INFO - Started process (PID=444) to work on /home/airflow/.local/lib/python3.12/site-packages/airflow/example_dags/example_nested_branch_dag.py
[2024-08-01T04:19:23.664+0000] {processor.py:830} INFO - Processing file /home/airflow/.local/lib/python3.12/site-packages/airflow/example_dags/example_nested_branch_dag.py for tasks to queue
[2024-08-01T04:19:23.667+0000] {logging_mixin.py:188} INFO - [2024-08-01T04:19:23.666+0000] {dagbag.py:545} INFO - Filling up the DagBag from /home/airflow/.local/lib/python3.12/site-packages/airflow/example_dags/example_nested_branch_dag.py
[2024-08-01T04:19:23.683+0000] {processor.py:840} INFO - DAG(s) 'example_nested_branch_dag' retrieved from /home/airflow/.local/lib/python3.12/site-packages/airflow/example_dags/example_nested_branch_dag.py
[2024-08-01T04:19:23.717+0000] {logging_mixin.py:188} INFO - [2024-08-01T04:19:23.717+0000] {dag.py:3089} INFO - Sync 1 DAGs
[2024-08-01T04:19:23.764+0000] {logging_mixin.py:188} INFO - [2024-08-01T04:19:23.763+0000] {dag.py:3947} INFO - Setting next_dagrun for example_nested_branch_dag to 2024-07-31 00:00:00+00:00, run_after=2024-08-01 00:00:00+00:00
[2024-08-01T04:19:23.804+0000] {processor.py:183} INFO - Processing /home/airflow/.local/lib/python3.12/site-packages/airflow/example_dags/example_nested_branch_dag.py took 0.149 seconds
[2024-08-01T04:20:27.606+0000] {processor.py:161} INFO - Started process (PID=86) to work on /home/airflow/.local/lib/python3.12/site-packages/airflow/example_dags/example_nested_branch_dag.py
[2024-08-01T04:20:27.607+0000] {processor.py:830} INFO - Processing file /home/airflow/.local/lib/python3.12/site-packages/airflow/example_dags/example_nested_branch_dag.py for tasks to queue
[2024-08-01T04:20:27.608+0000] {logging_mixin.py:188} INFO - [2024-08-01T04:20:27.608+0000] {dagbag.py:545} INFO - Filling up the DagBag from /home/airflow/.local/lib/python3.12/site-packages/airflow/example_dags/example_nested_branch_dag.py
[2024-08-01T04:20:27.620+0000] {processor.py:840} INFO - DAG(s) 'example_nested_branch_dag' retrieved from /home/airflow/.local/lib/python3.12/site-packages/airflow/example_dags/example_nested_branch_dag.py
[2024-08-01T04:20:27.740+0000] {logging_mixin.py:188} INFO - [2024-08-01T04:20:27.740+0000] {dag.py:3089} INFO - Sync 1 DAGs
[2024-08-01T04:20:27.767+0000] {logging_mixin.py:188} INFO - [2024-08-01T04:20:27.767+0000] {dag.py:3947} INFO - Setting next_dagrun for example_nested_branch_dag to 2024-07-31 00:00:00+00:00, run_after=2024-08-01 00:00:00+00:00
[2024-08-01T04:20:27.814+0000] {processor.py:183} INFO - Processing /home/airflow/.local/lib/python3.12/site-packages/airflow/example_dags/example_nested_branch_dag.py took 0.213 seconds
[2024-08-01T04:20:58.626+0000] {processor.py:161} INFO - Started process (PID=146) to work on /home/airflow/.local/lib/python3.12/site-packages/airflow/example_dags/example_nested_branch_dag.py
[2024-08-01T04:20:58.628+0000] {processor.py:830} INFO - Processing file /home/airflow/.local/lib/python3.12/site-packages/airflow/example_dags/example_nested_branch_dag.py for tasks to queue
[2024-08-01T04:20:58.631+0000] {logging_mixin.py:188} INFO - [2024-08-01T04:20:58.630+0000] {dagbag.py:545} INFO - Filling up the DagBag from /home/airflow/.local/lib/python3.12/site-packages/airflow/example_dags/example_nested_branch_dag.py
[2024-08-01T04:20:58.644+0000] {processor.py:840} INFO - DAG(s) 'example_nested_branch_dag' retrieved from /home/airflow/.local/lib/python3.12/site-packages/airflow/example_dags/example_nested_branch_dag.py
[2024-08-01T04:20:58.675+0000] {logging_mixin.py:188} INFO - [2024-08-01T04:20:58.674+0000] {dag.py:3089} INFO - Sync 1 DAGs
[2024-08-01T04:20:58.711+0000] {logging_mixin.py:188} INFO - [2024-08-01T04:20:58.711+0000] {dag.py:3947} INFO - Setting next_dagrun for example_nested_branch_dag to 2024-07-31 00:00:00+00:00, run_after=2024-08-01 00:00:00+00:00
[2024-08-01T04:20:58.804+0000] {processor.py:183} INFO - Processing /home/airflow/.local/lib/python3.12/site-packages/airflow/example_dags/example_nested_branch_dag.py took 0.189 seconds
[2024-08-01T04:21:29.492+0000] {processor.py:161} INFO - Started process (PID=206) to work on /home/airflow/.local/lib/python3.12/site-packages/airflow/example_dags/example_nested_branch_dag.py
[2024-08-01T04:21:29.493+0000] {processor.py:830} INFO - Processing file /home/airflow/.local/lib/python3.12/site-packages/airflow/example_dags/example_nested_branch_dag.py for tasks to queue
[2024-08-01T04:21:29.497+0000] {logging_mixin.py:188} INFO - [2024-08-01T04:21:29.496+0000] {dagbag.py:545} INFO - Filling up the DagBag from /home/airflow/.local/lib/python3.12/site-packages/airflow/example_dags/example_nested_branch_dag.py
[2024-08-01T04:21:29.511+0000] {processor.py:840} INFO - DAG(s) 'example_nested_branch_dag' retrieved from /home/airflow/.local/lib/python3.12/site-packages/airflow/example_dags/example_nested_branch_dag.py
[2024-08-01T04:21:29.539+0000] {logging_mixin.py:188} INFO - [2024-08-01T04:21:29.539+0000] {dag.py:3089} INFO - Sync 1 DAGs
[2024-08-01T04:21:29.572+0000] {logging_mixin.py:188} INFO - [2024-08-01T04:21:29.572+0000] {dag.py:3947} INFO - Setting next_dagrun for example_nested_branch_dag to 2024-07-31 00:00:00+00:00, run_after=2024-08-01 00:00:00+00:00
[2024-08-01T04:21:29.643+0000] {processor.py:183} INFO - Processing /home/airflow/.local/lib/python3.12/site-packages/airflow/example_dags/example_nested_branch_dag.py took 0.159 seconds
[2024-08-01T04:22:00.195+0000] {processor.py:161} INFO - Started process (PID=266) to work on /home/airflow/.local/lib/python3.12/site-packages/airflow/example_dags/example_nested_branch_dag.py
[2024-08-01T04:22:00.196+0000] {processor.py:830} INFO - Processing file /home/airflow/.local/lib/python3.12/site-packages/airflow/example_dags/example_nested_branch_dag.py for tasks to queue
[2024-08-01T04:22:00.198+0000] {logging_mixin.py:188} INFO - [2024-08-01T04:22:00.197+0000] {dagbag.py:545} INFO - Filling up the DagBag from /home/airflow/.local/lib/python3.12/site-packages/airflow/example_dags/example_nested_branch_dag.py
[2024-08-01T04:22:00.211+0000] {processor.py:840} INFO - DAG(s) 'example_nested_branch_dag' retrieved from /home/airflow/.local/lib/python3.12/site-packages/airflow/example_dags/example_nested_branch_dag.py
[2024-08-01T04:22:00.233+0000] {logging_mixin.py:188} INFO - [2024-08-01T04:22:00.233+0000] {dag.py:3089} INFO - Sync 1 DAGs
[2024-08-01T04:22:00.257+0000] {logging_mixin.py:188} INFO - [2024-08-01T04:22:00.257+0000] {dag.py:3947} INFO - Setting next_dagrun for example_nested_branch_dag to 2024-07-31 00:00:00+00:00, run_after=2024-08-01 00:00:00+00:00
[2024-08-01T04:22:00.340+0000] {processor.py:183} INFO - Processing /home/airflow/.local/lib/python3.12/site-packages/airflow/example_dags/example_nested_branch_dag.py took 0.150 seconds
[2024-08-01T04:22:31.240+0000] {processor.py:161} INFO - Started process (PID=326) to work on /home/airflow/.local/lib/python3.12/site-packages/airflow/example_dags/example_nested_branch_dag.py
[2024-08-01T04:22:31.241+0000] {processor.py:830} INFO - Processing file /home/airflow/.local/lib/python3.12/site-packages/airflow/example_dags/example_nested_branch_dag.py for tasks to queue
[2024-08-01T04:22:31.243+0000] {logging_mixin.py:188} INFO - [2024-08-01T04:22:31.242+0000] {dagbag.py:545} INFO - Filling up the DagBag from /home/airflow/.local/lib/python3.12/site-packages/airflow/example_dags/example_nested_branch_dag.py
[2024-08-01T04:22:31.255+0000] {processor.py:840} INFO - DAG(s) 'example_nested_branch_dag' retrieved from /home/airflow/.local/lib/python3.12/site-packages/airflow/example_dags/example_nested_branch_dag.py
[2024-08-01T04:22:31.287+0000] {logging_mixin.py:188} INFO - [2024-08-01T04:22:31.287+0000] {dag.py:3089} INFO - Sync 1 DAGs
[2024-08-01T04:22:31.321+0000] {logging_mixin.py:188} INFO - [2024-08-01T04:22:31.321+0000] {dag.py:3947} INFO - Setting next_dagrun for example_nested_branch_dag to 2024-07-31 00:00:00+00:00, run_after=2024-08-01 00:00:00+00:00
[2024-08-01T04:22:31.424+0000] {processor.py:183} INFO - Processing /home/airflow/.local/lib/python3.12/site-packages/airflow/example_dags/example_nested_branch_dag.py took 0.193 seconds
[2024-08-01T04:23:01.971+0000] {processor.py:161} INFO - Started process (PID=386) to work on /home/airflow/.local/lib/python3.12/site-packages/airflow/example_dags/example_nested_branch_dag.py
[2024-08-01T04:23:01.972+0000] {processor.py:830} INFO - Processing file /home/airflow/.local/lib/python3.12/site-packages/airflow/example_dags/example_nested_branch_dag.py for tasks to queue
[2024-08-01T04:23:01.974+0000] {logging_mixin.py:188} INFO - [2024-08-01T04:23:01.974+0000] {dagbag.py:545} INFO - Filling up the DagBag from /home/airflow/.local/lib/python3.12/site-packages/airflow/example_dags/example_nested_branch_dag.py
[2024-08-01T04:23:01.988+0000] {processor.py:840} INFO - DAG(s) 'example_nested_branch_dag' retrieved from /home/airflow/.local/lib/python3.12/site-packages/airflow/example_dags/example_nested_branch_dag.py
[2024-08-01T04:23:02.025+0000] {logging_mixin.py:188} INFO - [2024-08-01T04:23:02.024+0000] {dag.py:3089} INFO - Sync 1 DAGs
[2024-08-01T04:23:02.058+0000] {logging_mixin.py:188} INFO - [2024-08-01T04:23:02.058+0000] {dag.py:3947} INFO - Setting next_dagrun for example_nested_branch_dag to 2024-07-31 00:00:00+00:00, run_after=2024-08-01 00:00:00+00:00
[2024-08-01T04:23:02.120+0000] {processor.py:183} INFO - Processing /home/airflow/.local/lib/python3.12/site-packages/airflow/example_dags/example_nested_branch_dag.py took 0.156 seconds
[2024-08-01T04:23:32.243+0000] {processor.py:161} INFO - Started process (PID=445) to work on /home/airflow/.local/lib/python3.12/site-packages/airflow/example_dags/example_nested_branch_dag.py
[2024-08-01T04:23:32.244+0000] {processor.py:830} INFO - Processing file /home/airflow/.local/lib/python3.12/site-packages/airflow/example_dags/example_nested_branch_dag.py for tasks to queue
[2024-08-01T04:23:32.247+0000] {logging_mixin.py:188} INFO - [2024-08-01T04:23:32.246+0000] {dagbag.py:545} INFO - Filling up the DagBag from /home/airflow/.local/lib/python3.12/site-packages/airflow/example_dags/example_nested_branch_dag.py
[2024-08-01T04:23:32.259+0000] {processor.py:840} INFO - DAG(s) 'example_nested_branch_dag' retrieved from /home/airflow/.local/lib/python3.12/site-packages/airflow/example_dags/example_nested_branch_dag.py
[2024-08-01T04:23:32.287+0000] {logging_mixin.py:188} INFO - [2024-08-01T04:23:32.287+0000] {dag.py:3089} INFO - Sync 1 DAGs
[2024-08-01T04:23:32.317+0000] {logging_mixin.py:188} INFO - [2024-08-01T04:23:32.317+0000] {dag.py:3947} INFO - Setting next_dagrun for example_nested_branch_dag to 2024-07-31 00:00:00+00:00, run_after=2024-08-01 00:00:00+00:00
[2024-08-01T04:23:32.406+0000] {processor.py:183} INFO - Processing /home/airflow/.local/lib/python3.12/site-packages/airflow/example_dags/example_nested_branch_dag.py took 0.170 seconds
