[2024-08-01T04:16:21.729+0000] {processor.py:161} INFO - Started process (PID=99) to work on /home/airflow/.local/lib/python3.12/site-packages/airflow/example_dags/example_latest_only.py
[2024-08-01T04:16:21.731+0000] {processor.py:830} INFO - Processing file /home/airflow/.local/lib/python3.12/site-packages/airflow/example_dags/example_latest_only.py for tasks to queue
[2024-08-01T04:16:21.733+0000] {logging_mixin.py:188} INFO - [2024-08-01T04:16:21.733+0000] {dagbag.py:545} INFO - Filling up the DagBag from /home/airflow/.local/lib/python3.12/site-packages/airflow/example_dags/example_latest_only.py
[2024-08-01T04:16:21.742+0000] {processor.py:840} INFO - DAG(s) 'latest_only' retrieved from /home/airflow/.local/lib/python3.12/site-packages/airflow/example_dags/example_latest_only.py
[2024-08-01T04:16:21.912+0000] {logging_mixin.py:188} INFO - [2024-08-01T04:16:21.911+0000] {override.py:1858} INFO - Created Permission View: can edit on DAG:latest_only
[2024-08-01T04:16:21.927+0000] {logging_mixin.py:188} INFO - [2024-08-01T04:16:21.926+0000] {override.py:1858} INFO - Created Permission View: can delete on DAG:latest_only
[2024-08-01T04:16:21.937+0000] {logging_mixin.py:188} INFO - [2024-08-01T04:16:21.937+0000] {override.py:1858} INFO - Created Permission View: can read on DAG:latest_only
[2024-08-01T04:16:21.938+0000] {logging_mixin.py:188} INFO - [2024-08-01T04:16:21.938+0000] {dag.py:3089} INFO - Sync 1 DAGs
[2024-08-01T04:16:21.957+0000] {logging_mixin.py:188} INFO - [2024-08-01T04:16:21.956+0000] {dag.py:3111} INFO - Creating ORM DAG for latest_only
[2024-08-01T04:16:21.975+0000] {logging_mixin.py:188} INFO - [2024-08-01T04:16:21.975+0000] {dag.py:3947} INFO - Setting next_dagrun for latest_only to 2024-08-01 00:00:00+00:00, run_after=2024-08-01 04:00:00+00:00
[2024-08-01T04:16:22.024+0000] {processor.py:183} INFO - Processing /home/airflow/.local/lib/python3.12/site-packages/airflow/example_dags/example_latest_only.py took 0.302 seconds
[2024-08-01T04:16:52.900+0000] {processor.py:161} INFO - Started process (PID=158) to work on /home/airflow/.local/lib/python3.12/site-packages/airflow/example_dags/example_latest_only.py
[2024-08-01T04:16:52.902+0000] {processor.py:830} INFO - Processing file /home/airflow/.local/lib/python3.12/site-packages/airflow/example_dags/example_latest_only.py for tasks to queue
[2024-08-01T04:16:52.905+0000] {logging_mixin.py:188} INFO - [2024-08-01T04:16:52.904+0000] {dagbag.py:545} INFO - Filling up the DagBag from /home/airflow/.local/lib/python3.12/site-packages/airflow/example_dags/example_latest_only.py
[2024-08-01T04:16:52.912+0000] {processor.py:840} INFO - DAG(s) 'latest_only' retrieved from /home/airflow/.local/lib/python3.12/site-packages/airflow/example_dags/example_latest_only.py
[2024-08-01T04:16:52.967+0000] {logging_mixin.py:188} INFO - [2024-08-01T04:16:52.967+0000] {dag.py:3089} INFO - Sync 1 DAGs
[2024-08-01T04:16:53.004+0000] {logging_mixin.py:188} INFO - [2024-08-01T04:16:53.004+0000] {dag.py:3947} INFO - Setting next_dagrun for latest_only to 2024-08-01 00:00:00+00:00, run_after=2024-08-01 04:00:00+00:00
[2024-08-01T04:16:53.030+0000] {processor.py:183} INFO - Processing /home/airflow/.local/lib/python3.12/site-packages/airflow/example_dags/example_latest_only.py took 0.139 seconds
[2024-08-01T04:17:23.515+0000] {processor.py:161} INFO - Started process (PID=217) to work on /home/airflow/.local/lib/python3.12/site-packages/airflow/example_dags/example_latest_only.py
[2024-08-01T04:17:23.516+0000] {processor.py:830} INFO - Processing file /home/airflow/.local/lib/python3.12/site-packages/airflow/example_dags/example_latest_only.py for tasks to queue
[2024-08-01T04:17:23.519+0000] {logging_mixin.py:188} INFO - [2024-08-01T04:17:23.518+0000] {dagbag.py:545} INFO - Filling up the DagBag from /home/airflow/.local/lib/python3.12/site-packages/airflow/example_dags/example_latest_only.py
[2024-08-01T04:17:23.525+0000] {processor.py:840} INFO - DAG(s) 'latest_only' retrieved from /home/airflow/.local/lib/python3.12/site-packages/airflow/example_dags/example_latest_only.py
[2024-08-01T04:17:23.552+0000] {logging_mixin.py:188} INFO - [2024-08-01T04:17:23.551+0000] {dag.py:3089} INFO - Sync 1 DAGs
[2024-08-01T04:17:23.585+0000] {logging_mixin.py:188} INFO - [2024-08-01T04:17:23.584+0000] {dag.py:3947} INFO - Setting next_dagrun for latest_only to 2024-08-01 00:00:00+00:00, run_after=2024-08-01 04:00:00+00:00
[2024-08-01T04:17:23.676+0000] {processor.py:183} INFO - Processing /home/airflow/.local/lib/python3.12/site-packages/airflow/example_dags/example_latest_only.py took 0.168 seconds
[2024-08-01T04:17:54.018+0000] {processor.py:161} INFO - Started process (PID=276) to work on /home/airflow/.local/lib/python3.12/site-packages/airflow/example_dags/example_latest_only.py
[2024-08-01T04:17:54.019+0000] {processor.py:830} INFO - Processing file /home/airflow/.local/lib/python3.12/site-packages/airflow/example_dags/example_latest_only.py for tasks to queue
[2024-08-01T04:17:54.021+0000] {logging_mixin.py:188} INFO - [2024-08-01T04:17:54.020+0000] {dagbag.py:545} INFO - Filling up the DagBag from /home/airflow/.local/lib/python3.12/site-packages/airflow/example_dags/example_latest_only.py
[2024-08-01T04:17:54.027+0000] {processor.py:840} INFO - DAG(s) 'latest_only' retrieved from /home/airflow/.local/lib/python3.12/site-packages/airflow/example_dags/example_latest_only.py
[2024-08-01T04:17:54.051+0000] {logging_mixin.py:188} INFO - [2024-08-01T04:17:54.050+0000] {dag.py:3089} INFO - Sync 1 DAGs
[2024-08-01T04:17:54.079+0000] {logging_mixin.py:188} INFO - [2024-08-01T04:17:54.079+0000] {dag.py:3947} INFO - Setting next_dagrun for latest_only to 2024-08-01 00:00:00+00:00, run_after=2024-08-01 04:00:00+00:00
[2024-08-01T04:17:54.169+0000] {processor.py:183} INFO - Processing /home/airflow/.local/lib/python3.12/site-packages/airflow/example_dags/example_latest_only.py took 0.158 seconds
[2024-08-01T04:18:24.799+0000] {processor.py:161} INFO - Started process (PID=335) to work on /home/airflow/.local/lib/python3.12/site-packages/airflow/example_dags/example_latest_only.py
[2024-08-01T04:18:24.800+0000] {processor.py:830} INFO - Processing file /home/airflow/.local/lib/python3.12/site-packages/airflow/example_dags/example_latest_only.py for tasks to queue
[2024-08-01T04:18:24.802+0000] {logging_mixin.py:188} INFO - [2024-08-01T04:18:24.802+0000] {dagbag.py:545} INFO - Filling up the DagBag from /home/airflow/.local/lib/python3.12/site-packages/airflow/example_dags/example_latest_only.py
[2024-08-01T04:18:24.807+0000] {processor.py:840} INFO - DAG(s) 'latest_only' retrieved from /home/airflow/.local/lib/python3.12/site-packages/airflow/example_dags/example_latest_only.py
[2024-08-01T04:18:24.837+0000] {logging_mixin.py:188} INFO - [2024-08-01T04:18:24.837+0000] {dag.py:3089} INFO - Sync 1 DAGs
[2024-08-01T04:18:24.870+0000] {logging_mixin.py:188} INFO - [2024-08-01T04:18:24.870+0000] {dag.py:3947} INFO - Setting next_dagrun for latest_only to 2024-08-01 00:00:00+00:00, run_after=2024-08-01 04:00:00+00:00
[2024-08-01T04:18:24.944+0000] {processor.py:183} INFO - Processing /home/airflow/.local/lib/python3.12/site-packages/airflow/example_dags/example_latest_only.py took 0.152 seconds
[2024-08-01T04:18:55.797+0000] {processor.py:161} INFO - Started process (PID=394) to work on /home/airflow/.local/lib/python3.12/site-packages/airflow/example_dags/example_latest_only.py
[2024-08-01T04:18:55.798+0000] {processor.py:830} INFO - Processing file /home/airflow/.local/lib/python3.12/site-packages/airflow/example_dags/example_latest_only.py for tasks to queue
[2024-08-01T04:18:55.800+0000] {logging_mixin.py:188} INFO - [2024-08-01T04:18:55.800+0000] {dagbag.py:545} INFO - Filling up the DagBag from /home/airflow/.local/lib/python3.12/site-packages/airflow/example_dags/example_latest_only.py
[2024-08-01T04:18:55.808+0000] {processor.py:840} INFO - DAG(s) 'latest_only' retrieved from /home/airflow/.local/lib/python3.12/site-packages/airflow/example_dags/example_latest_only.py
[2024-08-01T04:18:55.838+0000] {logging_mixin.py:188} INFO - [2024-08-01T04:18:55.837+0000] {dag.py:3089} INFO - Sync 1 DAGs
[2024-08-01T04:18:55.871+0000] {logging_mixin.py:188} INFO - [2024-08-01T04:18:55.870+0000] {dag.py:3947} INFO - Setting next_dagrun for latest_only to 2024-08-01 00:00:00+00:00, run_after=2024-08-01 04:00:00+00:00
[2024-08-01T04:18:55.909+0000] {processor.py:183} INFO - Processing /home/airflow/.local/lib/python3.12/site-packages/airflow/example_dags/example_latest_only.py took 0.120 seconds
[2024-08-01T04:20:28.815+0000] {processor.py:161} INFO - Started process (PID=94) to work on /home/airflow/.local/lib/python3.12/site-packages/airflow/example_dags/example_latest_only.py
[2024-08-01T04:20:28.816+0000] {processor.py:830} INFO - Processing file /home/airflow/.local/lib/python3.12/site-packages/airflow/example_dags/example_latest_only.py for tasks to queue
[2024-08-01T04:20:28.817+0000] {logging_mixin.py:188} INFO - [2024-08-01T04:20:28.817+0000] {dagbag.py:545} INFO - Filling up the DagBag from /home/airflow/.local/lib/python3.12/site-packages/airflow/example_dags/example_latest_only.py
[2024-08-01T04:20:28.823+0000] {processor.py:840} INFO - DAG(s) 'latest_only' retrieved from /home/airflow/.local/lib/python3.12/site-packages/airflow/example_dags/example_latest_only.py
[2024-08-01T04:20:28.950+0000] {logging_mixin.py:188} INFO - [2024-08-01T04:20:28.950+0000] {dag.py:3089} INFO - Sync 1 DAGs
[2024-08-01T04:20:28.977+0000] {logging_mixin.py:188} INFO - [2024-08-01T04:20:28.976+0000] {dag.py:3947} INFO - Setting next_dagrun for latest_only to 2024-08-01 00:00:00+00:00, run_after=2024-08-01 04:00:00+00:00
[2024-08-01T04:20:29.002+0000] {processor.py:183} INFO - Processing /home/airflow/.local/lib/python3.12/site-packages/airflow/example_dags/example_latest_only.py took 0.193 seconds
[2024-08-01T04:20:59.351+0000] {processor.py:161} INFO - Started process (PID=154) to work on /home/airflow/.local/lib/python3.12/site-packages/airflow/example_dags/example_latest_only.py
[2024-08-01T04:20:59.352+0000] {processor.py:830} INFO - Processing file /home/airflow/.local/lib/python3.12/site-packages/airflow/example_dags/example_latest_only.py for tasks to queue
[2024-08-01T04:20:59.355+0000] {logging_mixin.py:188} INFO - [2024-08-01T04:20:59.355+0000] {dagbag.py:545} INFO - Filling up the DagBag from /home/airflow/.local/lib/python3.12/site-packages/airflow/example_dags/example_latest_only.py
[2024-08-01T04:20:59.362+0000] {processor.py:840} INFO - DAG(s) 'latest_only' retrieved from /home/airflow/.local/lib/python3.12/site-packages/airflow/example_dags/example_latest_only.py
[2024-08-01T04:20:59.387+0000] {logging_mixin.py:188} INFO - [2024-08-01T04:20:59.387+0000] {dag.py:3089} INFO - Sync 1 DAGs
[2024-08-01T04:20:59.419+0000] {logging_mixin.py:188} INFO - [2024-08-01T04:20:59.418+0000] {dag.py:3947} INFO - Setting next_dagrun for latest_only to 2024-08-01 00:00:00+00:00, run_after=2024-08-01 04:00:00+00:00
[2024-08-01T04:20:59.522+0000] {processor.py:183} INFO - Processing /home/airflow/.local/lib/python3.12/site-packages/airflow/example_dags/example_latest_only.py took 0.178 seconds
[2024-08-01T04:21:30.276+0000] {processor.py:161} INFO - Started process (PID=214) to work on /home/airflow/.local/lib/python3.12/site-packages/airflow/example_dags/example_latest_only.py
[2024-08-01T04:21:30.278+0000] {processor.py:830} INFO - Processing file /home/airflow/.local/lib/python3.12/site-packages/airflow/example_dags/example_latest_only.py for tasks to queue
[2024-08-01T04:21:30.280+0000] {logging_mixin.py:188} INFO - [2024-08-01T04:21:30.280+0000] {dagbag.py:545} INFO - Filling up the DagBag from /home/airflow/.local/lib/python3.12/site-packages/airflow/example_dags/example_latest_only.py
[2024-08-01T04:21:30.286+0000] {processor.py:840} INFO - DAG(s) 'latest_only' retrieved from /home/airflow/.local/lib/python3.12/site-packages/airflow/example_dags/example_latest_only.py
[2024-08-01T04:21:30.312+0000] {logging_mixin.py:188} INFO - [2024-08-01T04:21:30.312+0000] {dag.py:3089} INFO - Sync 1 DAGs
[2024-08-01T04:21:30.340+0000] {logging_mixin.py:188} INFO - [2024-08-01T04:21:30.339+0000] {dag.py:3947} INFO - Setting next_dagrun for latest_only to 2024-08-01 00:00:00+00:00, run_after=2024-08-01 04:00:00+00:00
[2024-08-01T04:21:30.365+0000] {processor.py:183} INFO - Processing /home/airflow/.local/lib/python3.12/site-packages/airflow/example_dags/example_latest_only.py took 0.096 seconds
[2024-08-01T04:22:00.815+0000] {processor.py:161} INFO - Started process (PID=274) to work on /home/airflow/.local/lib/python3.12/site-packages/airflow/example_dags/example_latest_only.py
[2024-08-01T04:22:00.816+0000] {processor.py:830} INFO - Processing file /home/airflow/.local/lib/python3.12/site-packages/airflow/example_dags/example_latest_only.py for tasks to queue
[2024-08-01T04:22:00.818+0000] {logging_mixin.py:188} INFO - [2024-08-01T04:22:00.818+0000] {dagbag.py:545} INFO - Filling up the DagBag from /home/airflow/.local/lib/python3.12/site-packages/airflow/example_dags/example_latest_only.py
[2024-08-01T04:22:00.823+0000] {processor.py:840} INFO - DAG(s) 'latest_only' retrieved from /home/airflow/.local/lib/python3.12/site-packages/airflow/example_dags/example_latest_only.py
[2024-08-01T04:22:00.843+0000] {logging_mixin.py:188} INFO - [2024-08-01T04:22:00.843+0000] {dag.py:3089} INFO - Sync 1 DAGs
[2024-08-01T04:22:00.868+0000] {logging_mixin.py:188} INFO - [2024-08-01T04:22:00.867+0000] {dag.py:3947} INFO - Setting next_dagrun for latest_only to 2024-08-01 00:00:00+00:00, run_after=2024-08-01 04:00:00+00:00
[2024-08-01T04:22:00.886+0000] {processor.py:183} INFO - Processing /home/airflow/.local/lib/python3.12/site-packages/airflow/example_dags/example_latest_only.py took 0.077 seconds
[2024-08-01T04:22:32.329+0000] {processor.py:161} INFO - Started process (PID=334) to work on /home/airflow/.local/lib/python3.12/site-packages/airflow/example_dags/example_latest_only.py
[2024-08-01T04:22:32.330+0000] {processor.py:830} INFO - Processing file /home/airflow/.local/lib/python3.12/site-packages/airflow/example_dags/example_latest_only.py for tasks to queue
[2024-08-01T04:22:32.332+0000] {logging_mixin.py:188} INFO - [2024-08-01T04:22:32.332+0000] {dagbag.py:545} INFO - Filling up the DagBag from /home/airflow/.local/lib/python3.12/site-packages/airflow/example_dags/example_latest_only.py
[2024-08-01T04:22:32.338+0000] {processor.py:840} INFO - DAG(s) 'latest_only' retrieved from /home/airflow/.local/lib/python3.12/site-packages/airflow/example_dags/example_latest_only.py
[2024-08-01T04:22:32.369+0000] {logging_mixin.py:188} INFO - [2024-08-01T04:22:32.369+0000] {dag.py:3089} INFO - Sync 1 DAGs
[2024-08-01T04:22:32.402+0000] {logging_mixin.py:188} INFO - [2024-08-01T04:22:32.402+0000] {dag.py:3947} INFO - Setting next_dagrun for latest_only to 2024-08-01 00:00:00+00:00, run_after=2024-08-01 04:00:00+00:00
[2024-08-01T04:22:32.489+0000] {processor.py:183} INFO - Processing /home/airflow/.local/lib/python3.12/site-packages/airflow/example_dags/example_latest_only.py took 0.167 seconds
[2024-08-01T04:23:03.099+0000] {processor.py:161} INFO - Started process (PID=394) to work on /home/airflow/.local/lib/python3.12/site-packages/airflow/example_dags/example_latest_only.py
[2024-08-01T04:23:03.100+0000] {processor.py:830} INFO - Processing file /home/airflow/.local/lib/python3.12/site-packages/airflow/example_dags/example_latest_only.py for tasks to queue
[2024-08-01T04:23:03.103+0000] {logging_mixin.py:188} INFO - [2024-08-01T04:23:03.103+0000] {dagbag.py:545} INFO - Filling up the DagBag from /home/airflow/.local/lib/python3.12/site-packages/airflow/example_dags/example_latest_only.py
[2024-08-01T04:23:03.110+0000] {processor.py:840} INFO - DAG(s) 'latest_only' retrieved from /home/airflow/.local/lib/python3.12/site-packages/airflow/example_dags/example_latest_only.py
[2024-08-01T04:23:03.135+0000] {logging_mixin.py:188} INFO - [2024-08-01T04:23:03.134+0000] {dag.py:3089} INFO - Sync 1 DAGs
[2024-08-01T04:23:03.165+0000] {logging_mixin.py:188} INFO - [2024-08-01T04:23:03.165+0000] {dag.py:3947} INFO - Setting next_dagrun for latest_only to 2024-08-01 00:00:00+00:00, run_after=2024-08-01 04:00:00+00:00
[2024-08-01T04:23:03.189+0000] {processor.py:183} INFO - Processing /home/airflow/.local/lib/python3.12/site-packages/airflow/example_dags/example_latest_only.py took 0.098 seconds
[2024-08-01T04:23:33.601+0000] {processor.py:161} INFO - Started process (PID=454) to work on /home/airflow/.local/lib/python3.12/site-packages/airflow/example_dags/example_latest_only.py
[2024-08-01T04:23:33.602+0000] {processor.py:830} INFO - Processing file /home/airflow/.local/lib/python3.12/site-packages/airflow/example_dags/example_latest_only.py for tasks to queue
[2024-08-01T04:23:33.604+0000] {logging_mixin.py:188} INFO - [2024-08-01T04:23:33.604+0000] {dagbag.py:545} INFO - Filling up the DagBag from /home/airflow/.local/lib/python3.12/site-packages/airflow/example_dags/example_latest_only.py
[2024-08-01T04:23:33.611+0000] {processor.py:840} INFO - DAG(s) 'latest_only' retrieved from /home/airflow/.local/lib/python3.12/site-packages/airflow/example_dags/example_latest_only.py
[2024-08-01T04:23:33.636+0000] {logging_mixin.py:188} INFO - [2024-08-01T04:23:33.636+0000] {dag.py:3089} INFO - Sync 1 DAGs
[2024-08-01T04:23:33.665+0000] {logging_mixin.py:188} INFO - [2024-08-01T04:23:33.664+0000] {dag.py:3947} INFO - Setting next_dagrun for latest_only to 2024-08-01 00:00:00+00:00, run_after=2024-08-01 04:00:00+00:00
[2024-08-01T04:23:33.687+0000] {processor.py:183} INFO - Processing /home/airflow/.local/lib/python3.12/site-packages/airflow/example_dags/example_latest_only.py took 0.095 seconds
