[2024-08-01T04:16:17.976+0000] {processor.py:161} INFO - Started process (PID=70) to work on /home/airflow/.local/lib/python3.12/site-packages/airflow/example_dags/example_sla_dag.py
[2024-08-01T04:16:17.977+0000] {processor.py:830} INFO - Processing file /home/airflow/.local/lib/python3.12/site-packages/airflow/example_dags/example_sla_dag.py for tasks to queue
[2024-08-01T04:16:17.979+0000] {logging_mixin.py:188} INFO - [2024-08-01T04:16:17.979+0000] {dagbag.py:545} INFO - Filling up the DagBag from /home/airflow/.local/lib/python3.12/site-packages/airflow/example_dags/example_sla_dag.py
[2024-08-01T04:16:17.991+0000] {processor.py:840} INFO - DAG(s) 'example_sla_dag' retrieved from /home/airflow/.local/lib/python3.12/site-packages/airflow/example_dags/example_sla_dag.py
[2024-08-01T04:16:18.105+0000] {logging_mixin.py:188} INFO - [2024-08-01T04:16:18.104+0000] {override.py:1858} INFO - Created Permission View: can edit on DAG:example_sla_dag
[2024-08-01T04:16:18.115+0000] {logging_mixin.py:188} INFO - [2024-08-01T04:16:18.115+0000] {override.py:1858} INFO - Created Permission View: can delete on DAG:example_sla_dag
[2024-08-01T04:16:18.123+0000] {logging_mixin.py:188} INFO - [2024-08-01T04:16:18.122+0000] {override.py:1858} INFO - Created Permission View: can read on DAG:example_sla_dag
[2024-08-01T04:16:18.123+0000] {logging_mixin.py:188} INFO - [2024-08-01T04:16:18.123+0000] {dag.py:3089} INFO - Sync 1 DAGs
[2024-08-01T04:16:18.136+0000] {logging_mixin.py:188} INFO - [2024-08-01T04:16:18.135+0000] {dag.py:3111} INFO - Creating ORM DAG for example_sla_dag
[2024-08-01T04:16:18.149+0000] {logging_mixin.py:188} INFO - [2024-08-01T04:16:18.149+0000] {dag.py:3947} INFO - Setting next_dagrun for example_sla_dag to 2024-08-01 04:14:00+00:00, run_after=2024-08-01 04:16:00+00:00
[2024-08-01T04:16:18.168+0000] {processor.py:183} INFO - Processing /home/airflow/.local/lib/python3.12/site-packages/airflow/example_dags/example_sla_dag.py took 0.198 seconds
[2024-08-01T04:16:48.428+0000] {processor.py:161} INFO - Started process (PID=129) to work on /home/airflow/.local/lib/python3.12/site-packages/airflow/example_dags/example_sla_dag.py
[2024-08-01T04:16:48.429+0000] {processor.py:830} INFO - Processing file /home/airflow/.local/lib/python3.12/site-packages/airflow/example_dags/example_sla_dag.py for tasks to queue
[2024-08-01T04:16:48.432+0000] {logging_mixin.py:188} INFO - [2024-08-01T04:16:48.432+0000] {dagbag.py:545} INFO - Filling up the DagBag from /home/airflow/.local/lib/python3.12/site-packages/airflow/example_dags/example_sla_dag.py
[2024-08-01T04:16:48.445+0000] {processor.py:840} INFO - DAG(s) 'example_sla_dag' retrieved from /home/airflow/.local/lib/python3.12/site-packages/airflow/example_dags/example_sla_dag.py
[2024-08-01T04:16:48.477+0000] {logging_mixin.py:188} INFO - [2024-08-01T04:16:48.477+0000] {dag.py:3089} INFO - Sync 1 DAGs
[2024-08-01T04:16:48.522+0000] {logging_mixin.py:188} INFO - [2024-08-01T04:16:48.522+0000] {dag.py:3947} INFO - Setting next_dagrun for example_sla_dag to 2024-08-01 04:14:00+00:00, run_after=2024-08-01 04:16:00+00:00
[2024-08-01T04:16:48.574+0000] {processor.py:183} INFO - Processing /home/airflow/.local/lib/python3.12/site-packages/airflow/example_dags/example_sla_dag.py took 0.155 seconds
[2024-08-01T04:17:19.033+0000] {processor.py:161} INFO - Started process (PID=188) to work on /home/airflow/.local/lib/python3.12/site-packages/airflow/example_dags/example_sla_dag.py
[2024-08-01T04:17:19.034+0000] {processor.py:830} INFO - Processing file /home/airflow/.local/lib/python3.12/site-packages/airflow/example_dags/example_sla_dag.py for tasks to queue
[2024-08-01T04:17:19.037+0000] {logging_mixin.py:188} INFO - [2024-08-01T04:17:19.037+0000] {dagbag.py:545} INFO - Filling up the DagBag from /home/airflow/.local/lib/python3.12/site-packages/airflow/example_dags/example_sla_dag.py
[2024-08-01T04:17:19.047+0000] {processor.py:840} INFO - DAG(s) 'example_sla_dag' retrieved from /home/airflow/.local/lib/python3.12/site-packages/airflow/example_dags/example_sla_dag.py
[2024-08-01T04:17:19.071+0000] {logging_mixin.py:188} INFO - [2024-08-01T04:17:19.070+0000] {dag.py:3089} INFO - Sync 1 DAGs
[2024-08-01T04:17:19.096+0000] {logging_mixin.py:188} INFO - [2024-08-01T04:17:19.095+0000] {dag.py:3947} INFO - Setting next_dagrun for example_sla_dag to 2024-08-01 04:14:00+00:00, run_after=2024-08-01 04:16:00+00:00
[2024-08-01T04:17:19.176+0000] {processor.py:183} INFO - Processing /home/airflow/.local/lib/python3.12/site-packages/airflow/example_dags/example_sla_dag.py took 0.151 seconds
[2024-08-01T04:17:49.370+0000] {processor.py:161} INFO - Started process (PID=247) to work on /home/airflow/.local/lib/python3.12/site-packages/airflow/example_dags/example_sla_dag.py
[2024-08-01T04:17:49.371+0000] {processor.py:830} INFO - Processing file /home/airflow/.local/lib/python3.12/site-packages/airflow/example_dags/example_sla_dag.py for tasks to queue
[2024-08-01T04:17:49.373+0000] {logging_mixin.py:188} INFO - [2024-08-01T04:17:49.373+0000] {dagbag.py:545} INFO - Filling up the DagBag from /home/airflow/.local/lib/python3.12/site-packages/airflow/example_dags/example_sla_dag.py
[2024-08-01T04:17:49.384+0000] {processor.py:840} INFO - DAG(s) 'example_sla_dag' retrieved from /home/airflow/.local/lib/python3.12/site-packages/airflow/example_dags/example_sla_dag.py
[2024-08-01T04:17:49.408+0000] {logging_mixin.py:188} INFO - [2024-08-01T04:17:49.408+0000] {dag.py:3089} INFO - Sync 1 DAGs
[2024-08-01T04:17:49.443+0000] {logging_mixin.py:188} INFO - [2024-08-01T04:17:49.443+0000] {dag.py:3947} INFO - Setting next_dagrun for example_sla_dag to 2024-08-01 04:14:00+00:00, run_after=2024-08-01 04:16:00+00:00
[2024-08-01T04:17:49.528+0000] {processor.py:183} INFO - Processing /home/airflow/.local/lib/python3.12/site-packages/airflow/example_dags/example_sla_dag.py took 0.165 seconds
[2024-08-01T04:18:19.621+0000] {processor.py:161} INFO - Started process (PID=306) to work on /home/airflow/.local/lib/python3.12/site-packages/airflow/example_dags/example_sla_dag.py
[2024-08-01T04:18:19.622+0000] {processor.py:830} INFO - Processing file /home/airflow/.local/lib/python3.12/site-packages/airflow/example_dags/example_sla_dag.py for tasks to queue
[2024-08-01T04:18:19.625+0000] {logging_mixin.py:188} INFO - [2024-08-01T04:18:19.624+0000] {dagbag.py:545} INFO - Filling up the DagBag from /home/airflow/.local/lib/python3.12/site-packages/airflow/example_dags/example_sla_dag.py
[2024-08-01T04:18:19.635+0000] {processor.py:840} INFO - DAG(s) 'example_sla_dag' retrieved from /home/airflow/.local/lib/python3.12/site-packages/airflow/example_dags/example_sla_dag.py
[2024-08-01T04:18:19.661+0000] {logging_mixin.py:188} INFO - [2024-08-01T04:18:19.660+0000] {dag.py:3089} INFO - Sync 1 DAGs
[2024-08-01T04:18:19.693+0000] {logging_mixin.py:188} INFO - [2024-08-01T04:18:19.692+0000] {dag.py:3947} INFO - Setting next_dagrun for example_sla_dag to 2024-08-01 04:16:00+00:00, run_after=2024-08-01 04:18:00+00:00
[2024-08-01T04:18:19.718+0000] {processor.py:183} INFO - Processing /home/airflow/.local/lib/python3.12/site-packages/airflow/example_dags/example_sla_dag.py took 0.104 seconds
[2024-08-01T04:18:50.639+0000] {processor.py:161} INFO - Started process (PID=371) to work on /home/airflow/.local/lib/python3.12/site-packages/airflow/example_dags/example_sla_dag.py
[2024-08-01T04:18:50.640+0000] {processor.py:830} INFO - Processing file /home/airflow/.local/lib/python3.12/site-packages/airflow/example_dags/example_sla_dag.py for tasks to queue
[2024-08-01T04:18:50.642+0000] {logging_mixin.py:188} INFO - [2024-08-01T04:18:50.642+0000] {dagbag.py:545} INFO - Filling up the DagBag from /home/airflow/.local/lib/python3.12/site-packages/airflow/example_dags/example_sla_dag.py
[2024-08-01T04:18:50.654+0000] {processor.py:840} INFO - DAG(s) 'example_sla_dag' retrieved from /home/airflow/.local/lib/python3.12/site-packages/airflow/example_dags/example_sla_dag.py
[2024-08-01T04:18:50.678+0000] {logging_mixin.py:188} INFO - [2024-08-01T04:18:50.678+0000] {dag.py:3089} INFO - Sync 1 DAGs
[2024-08-01T04:18:50.713+0000] {logging_mixin.py:188} INFO - [2024-08-01T04:18:50.713+0000] {dag.py:3947} INFO - Setting next_dagrun for example_sla_dag to 2024-08-01 04:16:00+00:00, run_after=2024-08-01 04:18:00+00:00
[2024-08-01T04:18:50.740+0000] {processor.py:183} INFO - Processing /home/airflow/.local/lib/python3.12/site-packages/airflow/example_dags/example_sla_dag.py took 0.108 seconds
[2024-08-01T04:19:20.900+0000] {processor.py:161} INFO - Started process (PID=430) to work on /home/airflow/.local/lib/python3.12/site-packages/airflow/example_dags/example_sla_dag.py
[2024-08-01T04:19:20.901+0000] {processor.py:830} INFO - Processing file /home/airflow/.local/lib/python3.12/site-packages/airflow/example_dags/example_sla_dag.py for tasks to queue
[2024-08-01T04:19:20.904+0000] {logging_mixin.py:188} INFO - [2024-08-01T04:19:20.903+0000] {dagbag.py:545} INFO - Filling up the DagBag from /home/airflow/.local/lib/python3.12/site-packages/airflow/example_dags/example_sla_dag.py
[2024-08-01T04:19:20.915+0000] {processor.py:840} INFO - DAG(s) 'example_sla_dag' retrieved from /home/airflow/.local/lib/python3.12/site-packages/airflow/example_dags/example_sla_dag.py
[2024-08-01T04:19:20.944+0000] {logging_mixin.py:188} INFO - [2024-08-01T04:19:20.944+0000] {dag.py:3089} INFO - Sync 1 DAGs
[2024-08-01T04:19:21.000+0000] {logging_mixin.py:188} INFO - [2024-08-01T04:19:20.999+0000] {dag.py:3947} INFO - Setting next_dagrun for example_sla_dag to 2024-08-01 04:16:00+00:00, run_after=2024-08-01 04:18:00+00:00
[2024-08-01T04:19:21.029+0000] {processor.py:183} INFO - Processing /home/airflow/.local/lib/python3.12/site-packages/airflow/example_dags/example_sla_dag.py took 0.135 seconds
[2024-08-01T04:20:25.469+0000] {processor.py:161} INFO - Started process (PID=71) to work on /home/airflow/.local/lib/python3.12/site-packages/airflow/example_dags/example_sla_dag.py
[2024-08-01T04:20:25.470+0000] {processor.py:830} INFO - Processing file /home/airflow/.local/lib/python3.12/site-packages/airflow/example_dags/example_sla_dag.py for tasks to queue
[2024-08-01T04:20:25.472+0000] {logging_mixin.py:188} INFO - [2024-08-01T04:20:25.471+0000] {dagbag.py:545} INFO - Filling up the DagBag from /home/airflow/.local/lib/python3.12/site-packages/airflow/example_dags/example_sla_dag.py
[2024-08-01T04:20:25.483+0000] {processor.py:840} INFO - DAG(s) 'example_sla_dag' retrieved from /home/airflow/.local/lib/python3.12/site-packages/airflow/example_dags/example_sla_dag.py
[2024-08-01T04:20:25.601+0000] {logging_mixin.py:188} INFO - [2024-08-01T04:20:25.601+0000] {dag.py:3089} INFO - Sync 1 DAGs
[2024-08-01T04:20:25.623+0000] {logging_mixin.py:188} INFO - [2024-08-01T04:20:25.623+0000] {dag.py:3947} INFO - Setting next_dagrun for example_sla_dag to 2024-08-01 04:18:00+00:00, run_after=2024-08-01 04:20:00+00:00
[2024-08-01T04:20:25.646+0000] {processor.py:183} INFO - Processing /home/airflow/.local/lib/python3.12/site-packages/airflow/example_dags/example_sla_dag.py took 0.182 seconds
[2024-08-01T04:20:55.736+0000] {processor.py:161} INFO - Started process (PID=131) to work on /home/airflow/.local/lib/python3.12/site-packages/airflow/example_dags/example_sla_dag.py
[2024-08-01T04:20:55.737+0000] {processor.py:830} INFO - Processing file /home/airflow/.local/lib/python3.12/site-packages/airflow/example_dags/example_sla_dag.py for tasks to queue
[2024-08-01T04:20:55.739+0000] {logging_mixin.py:188} INFO - [2024-08-01T04:20:55.739+0000] {dagbag.py:545} INFO - Filling up the DagBag from /home/airflow/.local/lib/python3.12/site-packages/airflow/example_dags/example_sla_dag.py
[2024-08-01T04:20:55.750+0000] {processor.py:840} INFO - DAG(s) 'example_sla_dag' retrieved from /home/airflow/.local/lib/python3.12/site-packages/airflow/example_dags/example_sla_dag.py
[2024-08-01T04:20:55.776+0000] {logging_mixin.py:188} INFO - [2024-08-01T04:20:55.775+0000] {dag.py:3089} INFO - Sync 1 DAGs
[2024-08-01T04:20:55.810+0000] {logging_mixin.py:188} INFO - [2024-08-01T04:20:55.809+0000] {dag.py:3947} INFO - Setting next_dagrun for example_sla_dag to 2024-08-01 04:18:00+00:00, run_after=2024-08-01 04:20:00+00:00
[2024-08-01T04:20:55.891+0000] {processor.py:183} INFO - Processing /home/airflow/.local/lib/python3.12/site-packages/airflow/example_dags/example_sla_dag.py took 0.162 seconds
[2024-08-01T04:21:26.204+0000] {processor.py:161} INFO - Started process (PID=191) to work on /home/airflow/.local/lib/python3.12/site-packages/airflow/example_dags/example_sla_dag.py
[2024-08-01T04:21:26.205+0000] {processor.py:830} INFO - Processing file /home/airflow/.local/lib/python3.12/site-packages/airflow/example_dags/example_sla_dag.py for tasks to queue
[2024-08-01T04:21:26.208+0000] {logging_mixin.py:188} INFO - [2024-08-01T04:21:26.207+0000] {dagbag.py:545} INFO - Filling up the DagBag from /home/airflow/.local/lib/python3.12/site-packages/airflow/example_dags/example_sla_dag.py
[2024-08-01T04:21:26.218+0000] {processor.py:840} INFO - DAG(s) 'example_sla_dag' retrieved from /home/airflow/.local/lib/python3.12/site-packages/airflow/example_dags/example_sla_dag.py
[2024-08-01T04:21:26.240+0000] {logging_mixin.py:188} INFO - [2024-08-01T04:21:26.240+0000] {dag.py:3089} INFO - Sync 1 DAGs
[2024-08-01T04:21:26.273+0000] {logging_mixin.py:188} INFO - [2024-08-01T04:21:26.273+0000] {dag.py:3947} INFO - Setting next_dagrun for example_sla_dag to 2024-08-01 04:18:00+00:00, run_after=2024-08-01 04:20:00+00:00
[2024-08-01T04:21:26.357+0000] {processor.py:183} INFO - Processing /home/airflow/.local/lib/python3.12/site-packages/airflow/example_dags/example_sla_dag.py took 0.160 seconds
[2024-08-01T04:21:56.541+0000] {processor.py:161} INFO - Started process (PID=251) to work on /home/airflow/.local/lib/python3.12/site-packages/airflow/example_dags/example_sla_dag.py
[2024-08-01T04:21:56.542+0000] {processor.py:830} INFO - Processing file /home/airflow/.local/lib/python3.12/site-packages/airflow/example_dags/example_sla_dag.py for tasks to queue
[2024-08-01T04:21:56.545+0000] {logging_mixin.py:188} INFO - [2024-08-01T04:21:56.544+0000] {dagbag.py:545} INFO - Filling up the DagBag from /home/airflow/.local/lib/python3.12/site-packages/airflow/example_dags/example_sla_dag.py
[2024-08-01T04:21:56.556+0000] {processor.py:840} INFO - DAG(s) 'example_sla_dag' retrieved from /home/airflow/.local/lib/python3.12/site-packages/airflow/example_dags/example_sla_dag.py
[2024-08-01T04:21:56.581+0000] {logging_mixin.py:188} INFO - [2024-08-01T04:21:56.581+0000] {dag.py:3089} INFO - Sync 1 DAGs
[2024-08-01T04:21:56.620+0000] {logging_mixin.py:188} INFO - [2024-08-01T04:21:56.620+0000] {dag.py:3947} INFO - Setting next_dagrun for example_sla_dag to 2024-08-01 04:18:00+00:00, run_after=2024-08-01 04:20:00+00:00
[2024-08-01T04:21:56.704+0000] {processor.py:183} INFO - Processing /home/airflow/.local/lib/python3.12/site-packages/airflow/example_dags/example_sla_dag.py took 0.170 seconds
[2024-08-01T04:22:26.792+0000] {processor.py:161} INFO - Started process (PID=311) to work on /home/airflow/.local/lib/python3.12/site-packages/airflow/example_dags/example_sla_dag.py
[2024-08-01T04:22:26.793+0000] {processor.py:830} INFO - Processing file /home/airflow/.local/lib/python3.12/site-packages/airflow/example_dags/example_sla_dag.py for tasks to queue
[2024-08-01T04:22:26.796+0000] {logging_mixin.py:188} INFO - [2024-08-01T04:22:26.795+0000] {dagbag.py:545} INFO - Filling up the DagBag from /home/airflow/.local/lib/python3.12/site-packages/airflow/example_dags/example_sla_dag.py
[2024-08-01T04:22:26.806+0000] {processor.py:840} INFO - DAG(s) 'example_sla_dag' retrieved from /home/airflow/.local/lib/python3.12/site-packages/airflow/example_dags/example_sla_dag.py
[2024-08-01T04:22:26.833+0000] {logging_mixin.py:188} INFO - [2024-08-01T04:22:26.833+0000] {dag.py:3089} INFO - Sync 1 DAGs
[2024-08-01T04:22:26.867+0000] {logging_mixin.py:188} INFO - [2024-08-01T04:22:26.867+0000] {dag.py:3947} INFO - Setting next_dagrun for example_sla_dag to 2024-08-01 04:20:00+00:00, run_after=2024-08-01 04:22:00+00:00
[2024-08-01T04:22:26.892+0000] {processor.py:183} INFO - Processing /home/airflow/.local/lib/python3.12/site-packages/airflow/example_dags/example_sla_dag.py took 0.107 seconds
[2024-08-01T04:22:57.679+0000] {processor.py:161} INFO - Started process (PID=371) to work on /home/airflow/.local/lib/python3.12/site-packages/airflow/example_dags/example_sla_dag.py
[2024-08-01T04:22:57.680+0000] {processor.py:830} INFO - Processing file /home/airflow/.local/lib/python3.12/site-packages/airflow/example_dags/example_sla_dag.py for tasks to queue
[2024-08-01T04:22:57.682+0000] {logging_mixin.py:188} INFO - [2024-08-01T04:22:57.682+0000] {dagbag.py:545} INFO - Filling up the DagBag from /home/airflow/.local/lib/python3.12/site-packages/airflow/example_dags/example_sla_dag.py
[2024-08-01T04:22:57.692+0000] {processor.py:840} INFO - DAG(s) 'example_sla_dag' retrieved from /home/airflow/.local/lib/python3.12/site-packages/airflow/example_dags/example_sla_dag.py
[2024-08-01T04:22:57.717+0000] {logging_mixin.py:188} INFO - [2024-08-01T04:22:57.716+0000] {dag.py:3089} INFO - Sync 1 DAGs
[2024-08-01T04:22:57.749+0000] {logging_mixin.py:188} INFO - [2024-08-01T04:22:57.749+0000] {dag.py:3947} INFO - Setting next_dagrun for example_sla_dag to 2024-08-01 04:20:00+00:00, run_after=2024-08-01 04:22:00+00:00
[2024-08-01T04:22:57.777+0000] {processor.py:183} INFO - Processing /home/airflow/.local/lib/python3.12/site-packages/airflow/example_dags/example_sla_dag.py took 0.105 seconds
[2024-08-01T04:23:28.732+0000] {processor.py:161} INFO - Started process (PID=431) to work on /home/airflow/.local/lib/python3.12/site-packages/airflow/example_dags/example_sla_dag.py
[2024-08-01T04:23:28.733+0000] {processor.py:830} INFO - Processing file /home/airflow/.local/lib/python3.12/site-packages/airflow/example_dags/example_sla_dag.py for tasks to queue
[2024-08-01T04:23:28.736+0000] {logging_mixin.py:188} INFO - [2024-08-01T04:23:28.736+0000] {dagbag.py:545} INFO - Filling up the DagBag from /home/airflow/.local/lib/python3.12/site-packages/airflow/example_dags/example_sla_dag.py
[2024-08-01T04:23:28.747+0000] {processor.py:840} INFO - DAG(s) 'example_sla_dag' retrieved from /home/airflow/.local/lib/python3.12/site-packages/airflow/example_dags/example_sla_dag.py
[2024-08-01T04:23:28.774+0000] {logging_mixin.py:188} INFO - [2024-08-01T04:23:28.773+0000] {dag.py:3089} INFO - Sync 1 DAGs
[2024-08-01T04:23:28.823+0000] {logging_mixin.py:188} INFO - [2024-08-01T04:23:28.823+0000] {dag.py:3947} INFO - Setting next_dagrun for example_sla_dag to 2024-08-01 04:20:00+00:00, run_after=2024-08-01 04:22:00+00:00
[2024-08-01T04:23:28.886+0000] {processor.py:183} INFO - Processing /home/airflow/.local/lib/python3.12/site-packages/airflow/example_dags/example_sla_dag.py took 0.161 seconds
