[2024-08-01T04:16:18.201+0000] {processor.py:161} INFO - Started process (PID=72) to work on /home/airflow/.local/lib/python3.12/site-packages/airflow/example_dags/example_params_trigger_ui.py
[2024-08-01T04:16:18.202+0000] {processor.py:830} INFO - Processing file /home/airflow/.local/lib/python3.12/site-packages/airflow/example_dags/example_params_trigger_ui.py for tasks to queue
[2024-08-01T04:16:18.203+0000] {logging_mixin.py:188} INFO - [2024-08-01T04:16:18.203+0000] {dagbag.py:545} INFO - Filling up the DagBag from /home/airflow/.local/lib/python3.12/site-packages/airflow/example_dags/example_params_trigger_ui.py
[2024-08-01T04:16:18.214+0000] {processor.py:840} INFO - DAG(s) 'example_params_trigger_ui' retrieved from /home/airflow/.local/lib/python3.12/site-packages/airflow/example_dags/example_params_trigger_ui.py
[2024-08-01T04:16:18.387+0000] {logging_mixin.py:188} INFO - [2024-08-01T04:16:18.385+0000] {override.py:1858} INFO - Created Permission View: can edit on DAG:example_params_trigger_ui
[2024-08-01T04:16:18.402+0000] {logging_mixin.py:188} INFO - [2024-08-01T04:16:18.401+0000] {override.py:1858} INFO - Created Permission View: can delete on DAG:example_params_trigger_ui
[2024-08-01T04:16:18.409+0000] {logging_mixin.py:188} INFO - [2024-08-01T04:16:18.409+0000] {override.py:1858} INFO - Created Permission View: can read on DAG:example_params_trigger_ui
[2024-08-01T04:16:18.410+0000] {logging_mixin.py:188} INFO - [2024-08-01T04:16:18.410+0000] {dag.py:3089} INFO - Sync 1 DAGs
[2024-08-01T04:16:18.426+0000] {logging_mixin.py:188} INFO - [2024-08-01T04:16:18.425+0000] {dag.py:3111} INFO - Creating ORM DAG for example_params_trigger_ui
[2024-08-01T04:16:18.427+0000] {logging_mixin.py:188} INFO - [2024-08-01T04:16:18.427+0000] {dag.py:3947} INFO - Setting next_dagrun for example_params_trigger_ui to None, run_after=None
[2024-08-01T04:16:18.457+0000] {processor.py:183} INFO - Processing /home/airflow/.local/lib/python3.12/site-packages/airflow/example_dags/example_params_trigger_ui.py took 0.261 seconds
[2024-08-01T04:16:48.633+0000] {processor.py:161} INFO - Started process (PID=131) to work on /home/airflow/.local/lib/python3.12/site-packages/airflow/example_dags/example_params_trigger_ui.py
[2024-08-01T04:16:48.634+0000] {processor.py:830} INFO - Processing file /home/airflow/.local/lib/python3.12/site-packages/airflow/example_dags/example_params_trigger_ui.py for tasks to queue
[2024-08-01T04:16:48.637+0000] {logging_mixin.py:188} INFO - [2024-08-01T04:16:48.636+0000] {dagbag.py:545} INFO - Filling up the DagBag from /home/airflow/.local/lib/python3.12/site-packages/airflow/example_dags/example_params_trigger_ui.py
[2024-08-01T04:16:48.656+0000] {processor.py:840} INFO - DAG(s) 'example_params_trigger_ui' retrieved from /home/airflow/.local/lib/python3.12/site-packages/airflow/example_dags/example_params_trigger_ui.py
[2024-08-01T04:16:48.734+0000] {logging_mixin.py:188} INFO - [2024-08-01T04:16:48.734+0000] {dag.py:3089} INFO - Sync 1 DAGs
[2024-08-01T04:16:48.756+0000] {logging_mixin.py:188} INFO - [2024-08-01T04:16:48.755+0000] {dag.py:3947} INFO - Setting next_dagrun for example_params_trigger_ui to None, run_after=None
[2024-08-01T04:16:48.787+0000] {processor.py:183} INFO - Processing /home/airflow/.local/lib/python3.12/site-packages/airflow/example_dags/example_params_trigger_ui.py took 0.162 seconds
[2024-08-01T04:17:19.215+0000] {processor.py:161} INFO - Started process (PID=190) to work on /home/airflow/.local/lib/python3.12/site-packages/airflow/example_dags/example_params_trigger_ui.py
[2024-08-01T04:17:19.216+0000] {processor.py:830} INFO - Processing file /home/airflow/.local/lib/python3.12/site-packages/airflow/example_dags/example_params_trigger_ui.py for tasks to queue
[2024-08-01T04:17:19.218+0000] {logging_mixin.py:188} INFO - [2024-08-01T04:17:19.218+0000] {dagbag.py:545} INFO - Filling up the DagBag from /home/airflow/.local/lib/python3.12/site-packages/airflow/example_dags/example_params_trigger_ui.py
[2024-08-01T04:17:19.227+0000] {processor.py:840} INFO - DAG(s) 'example_params_trigger_ui' retrieved from /home/airflow/.local/lib/python3.12/site-packages/airflow/example_dags/example_params_trigger_ui.py
[2024-08-01T04:17:19.276+0000] {logging_mixin.py:188} INFO - [2024-08-01T04:17:19.275+0000] {dag.py:3089} INFO - Sync 1 DAGs
[2024-08-01T04:17:19.289+0000] {logging_mixin.py:188} INFO - [2024-08-01T04:17:19.289+0000] {dag.py:3947} INFO - Setting next_dagrun for example_params_trigger_ui to None, run_after=None
[2024-08-01T04:17:19.309+0000] {processor.py:183} INFO - Processing /home/airflow/.local/lib/python3.12/site-packages/airflow/example_dags/example_params_trigger_ui.py took 0.100 seconds
[2024-08-01T04:17:49.582+0000] {processor.py:161} INFO - Started process (PID=249) to work on /home/airflow/.local/lib/python3.12/site-packages/airflow/example_dags/example_params_trigger_ui.py
[2024-08-01T04:17:49.584+0000] {processor.py:830} INFO - Processing file /home/airflow/.local/lib/python3.12/site-packages/airflow/example_dags/example_params_trigger_ui.py for tasks to queue
[2024-08-01T04:17:49.586+0000] {logging_mixin.py:188} INFO - [2024-08-01T04:17:49.586+0000] {dagbag.py:545} INFO - Filling up the DagBag from /home/airflow/.local/lib/python3.12/site-packages/airflow/example_dags/example_params_trigger_ui.py
[2024-08-01T04:17:49.598+0000] {processor.py:840} INFO - DAG(s) 'example_params_trigger_ui' retrieved from /home/airflow/.local/lib/python3.12/site-packages/airflow/example_dags/example_params_trigger_ui.py
[2024-08-01T04:17:49.664+0000] {logging_mixin.py:188} INFO - [2024-08-01T04:17:49.663+0000] {dag.py:3089} INFO - Sync 1 DAGs
[2024-08-01T04:17:49.682+0000] {logging_mixin.py:188} INFO - [2024-08-01T04:17:49.682+0000] {dag.py:3947} INFO - Setting next_dagrun for example_params_trigger_ui to None, run_after=None
[2024-08-01T04:17:49.708+0000] {processor.py:183} INFO - Processing /home/airflow/.local/lib/python3.12/site-packages/airflow/example_dags/example_params_trigger_ui.py took 0.133 seconds
[2024-08-01T04:18:19.760+0000] {processor.py:161} INFO - Started process (PID=308) to work on /home/airflow/.local/lib/python3.12/site-packages/airflow/example_dags/example_params_trigger_ui.py
[2024-08-01T04:18:19.761+0000] {processor.py:830} INFO - Processing file /home/airflow/.local/lib/python3.12/site-packages/airflow/example_dags/example_params_trigger_ui.py for tasks to queue
[2024-08-01T04:18:19.764+0000] {logging_mixin.py:188} INFO - [2024-08-01T04:18:19.763+0000] {dagbag.py:545} INFO - Filling up the DagBag from /home/airflow/.local/lib/python3.12/site-packages/airflow/example_dags/example_params_trigger_ui.py
[2024-08-01T04:18:19.779+0000] {processor.py:840} INFO - DAG(s) 'example_params_trigger_ui' retrieved from /home/airflow/.local/lib/python3.12/site-packages/airflow/example_dags/example_params_trigger_ui.py
[2024-08-01T04:18:19.852+0000] {logging_mixin.py:188} INFO - [2024-08-01T04:18:19.851+0000] {dag.py:3089} INFO - Sync 1 DAGs
[2024-08-01T04:18:19.870+0000] {logging_mixin.py:188} INFO - [2024-08-01T04:18:19.869+0000] {dag.py:3947} INFO - Setting next_dagrun for example_params_trigger_ui to None, run_after=None
[2024-08-01T04:18:19.957+0000] {processor.py:183} INFO - Processing /home/airflow/.local/lib/python3.12/site-packages/airflow/example_dags/example_params_trigger_ui.py took 0.204 seconds
[2024-08-01T04:18:50.776+0000] {processor.py:161} INFO - Started process (PID=373) to work on /home/airflow/.local/lib/python3.12/site-packages/airflow/example_dags/example_params_trigger_ui.py
[2024-08-01T04:18:50.777+0000] {processor.py:830} INFO - Processing file /home/airflow/.local/lib/python3.12/site-packages/airflow/example_dags/example_params_trigger_ui.py for tasks to queue
[2024-08-01T04:18:50.779+0000] {logging_mixin.py:188} INFO - [2024-08-01T04:18:50.779+0000] {dagbag.py:545} INFO - Filling up the DagBag from /home/airflow/.local/lib/python3.12/site-packages/airflow/example_dags/example_params_trigger_ui.py
[2024-08-01T04:18:50.790+0000] {processor.py:840} INFO - DAG(s) 'example_params_trigger_ui' retrieved from /home/airflow/.local/lib/python3.12/site-packages/airflow/example_dags/example_params_trigger_ui.py
[2024-08-01T04:18:50.851+0000] {logging_mixin.py:188} INFO - [2024-08-01T04:18:50.850+0000] {dag.py:3089} INFO - Sync 1 DAGs
[2024-08-01T04:18:50.885+0000] {logging_mixin.py:188} INFO - [2024-08-01T04:18:50.884+0000] {dag.py:3947} INFO - Setting next_dagrun for example_params_trigger_ui to None, run_after=None
[2024-08-01T04:18:50.932+0000] {processor.py:183} INFO - Processing /home/airflow/.local/lib/python3.12/site-packages/airflow/example_dags/example_params_trigger_ui.py took 0.163 seconds
[2024-08-01T04:19:21.075+0000] {processor.py:161} INFO - Started process (PID=432) to work on /home/airflow/.local/lib/python3.12/site-packages/airflow/example_dags/example_params_trigger_ui.py
[2024-08-01T04:19:21.077+0000] {processor.py:830} INFO - Processing file /home/airflow/.local/lib/python3.12/site-packages/airflow/example_dags/example_params_trigger_ui.py for tasks to queue
[2024-08-01T04:19:21.079+0000] {logging_mixin.py:188} INFO - [2024-08-01T04:19:21.079+0000] {dagbag.py:545} INFO - Filling up the DagBag from /home/airflow/.local/lib/python3.12/site-packages/airflow/example_dags/example_params_trigger_ui.py
[2024-08-01T04:19:21.090+0000] {processor.py:840} INFO - DAG(s) 'example_params_trigger_ui' retrieved from /home/airflow/.local/lib/python3.12/site-packages/airflow/example_dags/example_params_trigger_ui.py
[2024-08-01T04:19:21.154+0000] {logging_mixin.py:188} INFO - [2024-08-01T04:19:21.154+0000] {dag.py:3089} INFO - Sync 1 DAGs
[2024-08-01T04:19:21.172+0000] {logging_mixin.py:188} INFO - [2024-08-01T04:19:21.172+0000] {dag.py:3947} INFO - Setting next_dagrun for example_params_trigger_ui to None, run_after=None
[2024-08-01T04:19:21.200+0000] {processor.py:183} INFO - Processing /home/airflow/.local/lib/python3.12/site-packages/airflow/example_dags/example_params_trigger_ui.py took 0.132 seconds
[2024-08-01T04:20:25.676+0000] {processor.py:161} INFO - Started process (PID=73) to work on /home/airflow/.local/lib/python3.12/site-packages/airflow/example_dags/example_params_trigger_ui.py
[2024-08-01T04:20:25.677+0000] {processor.py:830} INFO - Processing file /home/airflow/.local/lib/python3.12/site-packages/airflow/example_dags/example_params_trigger_ui.py for tasks to queue
[2024-08-01T04:20:25.679+0000] {logging_mixin.py:188} INFO - [2024-08-01T04:20:25.679+0000] {dagbag.py:545} INFO - Filling up the DagBag from /home/airflow/.local/lib/python3.12/site-packages/airflow/example_dags/example_params_trigger_ui.py
[2024-08-01T04:20:25.690+0000] {processor.py:840} INFO - DAG(s) 'example_params_trigger_ui' retrieved from /home/airflow/.local/lib/python3.12/site-packages/airflow/example_dags/example_params_trigger_ui.py
[2024-08-01T04:20:25.869+0000] {logging_mixin.py:188} INFO - [2024-08-01T04:20:25.869+0000] {dag.py:3089} INFO - Sync 1 DAGs
[2024-08-01T04:20:25.921+0000] {logging_mixin.py:188} INFO - [2024-08-01T04:20:25.921+0000] {dag.py:3947} INFO - Setting next_dagrun for example_params_trigger_ui to None, run_after=None
[2024-08-01T04:20:26.012+0000] {processor.py:183} INFO - Processing /home/airflow/.local/lib/python3.12/site-packages/airflow/example_dags/example_params_trigger_ui.py took 0.341 seconds
[2024-08-01T04:20:56.123+0000] {processor.py:161} INFO - Started process (PID=133) to work on /home/airflow/.local/lib/python3.12/site-packages/airflow/example_dags/example_params_trigger_ui.py
[2024-08-01T04:20:56.124+0000] {processor.py:830} INFO - Processing file /home/airflow/.local/lib/python3.12/site-packages/airflow/example_dags/example_params_trigger_ui.py for tasks to queue
[2024-08-01T04:20:56.127+0000] {logging_mixin.py:188} INFO - [2024-08-01T04:20:56.126+0000] {dagbag.py:545} INFO - Filling up the DagBag from /home/airflow/.local/lib/python3.12/site-packages/airflow/example_dags/example_params_trigger_ui.py
[2024-08-01T04:20:56.138+0000] {processor.py:840} INFO - DAG(s) 'example_params_trigger_ui' retrieved from /home/airflow/.local/lib/python3.12/site-packages/airflow/example_dags/example_params_trigger_ui.py
[2024-08-01T04:20:56.202+0000] {logging_mixin.py:188} INFO - [2024-08-01T04:20:56.202+0000] {dag.py:3089} INFO - Sync 1 DAGs
[2024-08-01T04:20:56.220+0000] {logging_mixin.py:188} INFO - [2024-08-01T04:20:56.220+0000] {dag.py:3947} INFO - Setting next_dagrun for example_params_trigger_ui to None, run_after=None
[2024-08-01T04:20:56.308+0000] {processor.py:183} INFO - Processing /home/airflow/.local/lib/python3.12/site-packages/airflow/example_dags/example_params_trigger_ui.py took 0.192 seconds
[2024-08-01T04:21:26.401+0000] {processor.py:161} INFO - Started process (PID=193) to work on /home/airflow/.local/lib/python3.12/site-packages/airflow/example_dags/example_params_trigger_ui.py
[2024-08-01T04:21:26.402+0000] {processor.py:830} INFO - Processing file /home/airflow/.local/lib/python3.12/site-packages/airflow/example_dags/example_params_trigger_ui.py for tasks to queue
[2024-08-01T04:21:26.404+0000] {logging_mixin.py:188} INFO - [2024-08-01T04:21:26.404+0000] {dagbag.py:545} INFO - Filling up the DagBag from /home/airflow/.local/lib/python3.12/site-packages/airflow/example_dags/example_params_trigger_ui.py
[2024-08-01T04:21:26.417+0000] {processor.py:840} INFO - DAG(s) 'example_params_trigger_ui' retrieved from /home/airflow/.local/lib/python3.12/site-packages/airflow/example_dags/example_params_trigger_ui.py
[2024-08-01T04:21:26.475+0000] {logging_mixin.py:188} INFO - [2024-08-01T04:21:26.475+0000] {dag.py:3089} INFO - Sync 1 DAGs
[2024-08-01T04:21:26.491+0000] {logging_mixin.py:188} INFO - [2024-08-01T04:21:26.491+0000] {dag.py:3947} INFO - Setting next_dagrun for example_params_trigger_ui to None, run_after=None
[2024-08-01T04:21:26.578+0000] {processor.py:183} INFO - Processing /home/airflow/.local/lib/python3.12/site-packages/airflow/example_dags/example_params_trigger_ui.py took 0.183 seconds
[2024-08-01T04:21:56.757+0000] {processor.py:161} INFO - Started process (PID=253) to work on /home/airflow/.local/lib/python3.12/site-packages/airflow/example_dags/example_params_trigger_ui.py
[2024-08-01T04:21:56.758+0000] {processor.py:830} INFO - Processing file /home/airflow/.local/lib/python3.12/site-packages/airflow/example_dags/example_params_trigger_ui.py for tasks to queue
[2024-08-01T04:21:56.761+0000] {logging_mixin.py:188} INFO - [2024-08-01T04:21:56.760+0000] {dagbag.py:545} INFO - Filling up the DagBag from /home/airflow/.local/lib/python3.12/site-packages/airflow/example_dags/example_params_trigger_ui.py
[2024-08-01T04:21:56.774+0000] {processor.py:840} INFO - DAG(s) 'example_params_trigger_ui' retrieved from /home/airflow/.local/lib/python3.12/site-packages/airflow/example_dags/example_params_trigger_ui.py
[2024-08-01T04:21:56.839+0000] {logging_mixin.py:188} INFO - [2024-08-01T04:21:56.839+0000] {dag.py:3089} INFO - Sync 1 DAGs
[2024-08-01T04:21:56.858+0000] {logging_mixin.py:188} INFO - [2024-08-01T04:21:56.858+0000] {dag.py:3947} INFO - Setting next_dagrun for example_params_trigger_ui to None, run_after=None
[2024-08-01T04:21:56.882+0000] {processor.py:183} INFO - Processing /home/airflow/.local/lib/python3.12/site-packages/airflow/example_dags/example_params_trigger_ui.py took 0.132 seconds
[2024-08-01T04:22:26.934+0000] {processor.py:161} INFO - Started process (PID=313) to work on /home/airflow/.local/lib/python3.12/site-packages/airflow/example_dags/example_params_trigger_ui.py
[2024-08-01T04:22:26.935+0000] {processor.py:830} INFO - Processing file /home/airflow/.local/lib/python3.12/site-packages/airflow/example_dags/example_params_trigger_ui.py for tasks to queue
[2024-08-01T04:22:26.937+0000] {logging_mixin.py:188} INFO - [2024-08-01T04:22:26.937+0000] {dagbag.py:545} INFO - Filling up the DagBag from /home/airflow/.local/lib/python3.12/site-packages/airflow/example_dags/example_params_trigger_ui.py
[2024-08-01T04:22:26.949+0000] {processor.py:840} INFO - DAG(s) 'example_params_trigger_ui' retrieved from /home/airflow/.local/lib/python3.12/site-packages/airflow/example_dags/example_params_trigger_ui.py
[2024-08-01T04:22:27.014+0000] {logging_mixin.py:188} INFO - [2024-08-01T04:22:27.013+0000] {dag.py:3089} INFO - Sync 1 DAGs
[2024-08-01T04:22:27.042+0000] {logging_mixin.py:188} INFO - [2024-08-01T04:22:27.041+0000] {dag.py:3947} INFO - Setting next_dagrun for example_params_trigger_ui to None, run_after=None
[2024-08-01T04:22:27.071+0000] {processor.py:183} INFO - Processing /home/airflow/.local/lib/python3.12/site-packages/airflow/example_dags/example_params_trigger_ui.py took 0.145 seconds
[2024-08-01T04:22:57.825+0000] {processor.py:161} INFO - Started process (PID=373) to work on /home/airflow/.local/lib/python3.12/site-packages/airflow/example_dags/example_params_trigger_ui.py
[2024-08-01T04:22:57.826+0000] {processor.py:830} INFO - Processing file /home/airflow/.local/lib/python3.12/site-packages/airflow/example_dags/example_params_trigger_ui.py for tasks to queue
[2024-08-01T04:22:57.827+0000] {logging_mixin.py:188} INFO - [2024-08-01T04:22:57.827+0000] {dagbag.py:545} INFO - Filling up the DagBag from /home/airflow/.local/lib/python3.12/site-packages/airflow/example_dags/example_params_trigger_ui.py
[2024-08-01T04:22:57.839+0000] {processor.py:840} INFO - DAG(s) 'example_params_trigger_ui' retrieved from /home/airflow/.local/lib/python3.12/site-packages/airflow/example_dags/example_params_trigger_ui.py
[2024-08-01T04:22:57.902+0000] {logging_mixin.py:188} INFO - [2024-08-01T04:22:57.902+0000] {dag.py:3089} INFO - Sync 1 DAGs
[2024-08-01T04:22:57.921+0000] {logging_mixin.py:188} INFO - [2024-08-01T04:22:57.920+0000] {dag.py:3947} INFO - Setting next_dagrun for example_params_trigger_ui to None, run_after=None
[2024-08-01T04:22:57.948+0000] {processor.py:183} INFO - Processing /home/airflow/.local/lib/python3.12/site-packages/airflow/example_dags/example_params_trigger_ui.py took 0.130 seconds
[2024-08-01T04:23:28.935+0000] {processor.py:161} INFO - Started process (PID=433) to work on /home/airflow/.local/lib/python3.12/site-packages/airflow/example_dags/example_params_trigger_ui.py
[2024-08-01T04:23:28.936+0000] {processor.py:830} INFO - Processing file /home/airflow/.local/lib/python3.12/site-packages/airflow/example_dags/example_params_trigger_ui.py for tasks to queue
[2024-08-01T04:23:28.939+0000] {logging_mixin.py:188} INFO - [2024-08-01T04:23:28.938+0000] {dagbag.py:545} INFO - Filling up the DagBag from /home/airflow/.local/lib/python3.12/site-packages/airflow/example_dags/example_params_trigger_ui.py
[2024-08-01T04:23:28.950+0000] {processor.py:840} INFO - DAG(s) 'example_params_trigger_ui' retrieved from /home/airflow/.local/lib/python3.12/site-packages/airflow/example_dags/example_params_trigger_ui.py
[2024-08-01T04:23:29.017+0000] {logging_mixin.py:188} INFO - [2024-08-01T04:23:29.017+0000] {dag.py:3089} INFO - Sync 1 DAGs
[2024-08-01T04:23:29.035+0000] {logging_mixin.py:188} INFO - [2024-08-01T04:23:29.034+0000] {dag.py:3947} INFO - Setting next_dagrun for example_params_trigger_ui to None, run_after=None
[2024-08-01T04:23:29.091+0000] {processor.py:183} INFO - Processing /home/airflow/.local/lib/python3.12/site-packages/airflow/example_dags/example_params_trigger_ui.py took 0.163 seconds
