[2024-08-01T04:16:22.081+0000] {processor.py:161} INFO - Started process (PID=101) to work on /home/airflow/.local/lib/python3.12/site-packages/airflow/example_dags/tutorial_taskflow_api.py
[2024-08-01T04:16:22.082+0000] {processor.py:830} INFO - Processing file /home/airflow/.local/lib/python3.12/site-packages/airflow/example_dags/tutorial_taskflow_api.py for tasks to queue
[2024-08-01T04:16:22.085+0000] {logging_mixin.py:188} INFO - [2024-08-01T04:16:22.084+0000] {dagbag.py:545} INFO - Filling up the DagBag from /home/airflow/.local/lib/python3.12/site-packages/airflow/example_dags/tutorial_taskflow_api.py
[2024-08-01T04:16:22.094+0000] {processor.py:840} INFO - DAG(s) 'tutorial_taskflow_api' retrieved from /home/airflow/.local/lib/python3.12/site-packages/airflow/example_dags/tutorial_taskflow_api.py
[2024-08-01T04:16:22.267+0000] {logging_mixin.py:188} INFO - [2024-08-01T04:16:22.266+0000] {override.py:1858} INFO - Created Permission View: can edit on DAG:tutorial_taskflow_api
[2024-08-01T04:16:22.284+0000] {logging_mixin.py:188} INFO - [2024-08-01T04:16:22.283+0000] {override.py:1858} INFO - Created Permission View: can delete on DAG:tutorial_taskflow_api
[2024-08-01T04:16:22.294+0000] {logging_mixin.py:188} INFO - [2024-08-01T04:16:22.293+0000] {override.py:1858} INFO - Created Permission View: can read on DAG:tutorial_taskflow_api
[2024-08-01T04:16:22.295+0000] {logging_mixin.py:188} INFO - [2024-08-01T04:16:22.295+0000] {dag.py:3089} INFO - Sync 1 DAGs
[2024-08-01T04:16:22.321+0000] {logging_mixin.py:188} INFO - [2024-08-01T04:16:22.321+0000] {dag.py:3111} INFO - Creating ORM DAG for tutorial_taskflow_api
[2024-08-01T04:16:22.323+0000] {logging_mixin.py:188} INFO - [2024-08-01T04:16:22.322+0000] {dag.py:3947} INFO - Setting next_dagrun for tutorial_taskflow_api to None, run_after=None
[2024-08-01T04:16:22.346+0000] {processor.py:183} INFO - Processing /home/airflow/.local/lib/python3.12/site-packages/airflow/example_dags/tutorial_taskflow_api.py took 0.272 seconds
[2024-08-01T04:16:53.072+0000] {processor.py:161} INFO - Started process (PID=160) to work on /home/airflow/.local/lib/python3.12/site-packages/airflow/example_dags/tutorial_taskflow_api.py
[2024-08-01T04:16:53.073+0000] {processor.py:830} INFO - Processing file /home/airflow/.local/lib/python3.12/site-packages/airflow/example_dags/tutorial_taskflow_api.py for tasks to queue
[2024-08-01T04:16:53.075+0000] {logging_mixin.py:188} INFO - [2024-08-01T04:16:53.075+0000] {dagbag.py:545} INFO - Filling up the DagBag from /home/airflow/.local/lib/python3.12/site-packages/airflow/example_dags/tutorial_taskflow_api.py
[2024-08-01T04:16:53.085+0000] {processor.py:840} INFO - DAG(s) 'tutorial_taskflow_api' retrieved from /home/airflow/.local/lib/python3.12/site-packages/airflow/example_dags/tutorial_taskflow_api.py
[2024-08-01T04:16:53.112+0000] {logging_mixin.py:188} INFO - [2024-08-01T04:16:53.112+0000] {dag.py:3089} INFO - Sync 1 DAGs
[2024-08-01T04:16:53.131+0000] {logging_mixin.py:188} INFO - [2024-08-01T04:16:53.130+0000] {dag.py:3947} INFO - Setting next_dagrun for tutorial_taskflow_api to None, run_after=None
[2024-08-01T04:16:53.157+0000] {processor.py:183} INFO - Processing /home/airflow/.local/lib/python3.12/site-packages/airflow/example_dags/tutorial_taskflow_api.py took 0.094 seconds
[2024-08-01T04:17:23.724+0000] {processor.py:161} INFO - Started process (PID=219) to work on /home/airflow/.local/lib/python3.12/site-packages/airflow/example_dags/tutorial_taskflow_api.py
[2024-08-01T04:17:23.726+0000] {processor.py:830} INFO - Processing file /home/airflow/.local/lib/python3.12/site-packages/airflow/example_dags/tutorial_taskflow_api.py for tasks to queue
[2024-08-01T04:17:23.728+0000] {logging_mixin.py:188} INFO - [2024-08-01T04:17:23.727+0000] {dagbag.py:545} INFO - Filling up the DagBag from /home/airflow/.local/lib/python3.12/site-packages/airflow/example_dags/tutorial_taskflow_api.py
[2024-08-01T04:17:23.735+0000] {processor.py:840} INFO - DAG(s) 'tutorial_taskflow_api' retrieved from /home/airflow/.local/lib/python3.12/site-packages/airflow/example_dags/tutorial_taskflow_api.py
[2024-08-01T04:17:23.757+0000] {logging_mixin.py:188} INFO - [2024-08-01T04:17:23.757+0000] {dag.py:3089} INFO - Sync 1 DAGs
[2024-08-01T04:17:23.772+0000] {logging_mixin.py:188} INFO - [2024-08-01T04:17:23.771+0000] {dag.py:3947} INFO - Setting next_dagrun for tutorial_taskflow_api to None, run_after=None
[2024-08-01T04:17:23.796+0000] {processor.py:183} INFO - Processing /home/airflow/.local/lib/python3.12/site-packages/airflow/example_dags/tutorial_taskflow_api.py took 0.079 seconds
[2024-08-01T04:17:54.213+0000] {processor.py:161} INFO - Started process (PID=278) to work on /home/airflow/.local/lib/python3.12/site-packages/airflow/example_dags/tutorial_taskflow_api.py
[2024-08-01T04:17:54.215+0000] {processor.py:830} INFO - Processing file /home/airflow/.local/lib/python3.12/site-packages/airflow/example_dags/tutorial_taskflow_api.py for tasks to queue
[2024-08-01T04:17:54.217+0000] {logging_mixin.py:188} INFO - [2024-08-01T04:17:54.217+0000] {dagbag.py:545} INFO - Filling up the DagBag from /home/airflow/.local/lib/python3.12/site-packages/airflow/example_dags/tutorial_taskflow_api.py
[2024-08-01T04:17:54.225+0000] {processor.py:840} INFO - DAG(s) 'tutorial_taskflow_api' retrieved from /home/airflow/.local/lib/python3.12/site-packages/airflow/example_dags/tutorial_taskflow_api.py
[2024-08-01T04:17:54.251+0000] {logging_mixin.py:188} INFO - [2024-08-01T04:17:54.250+0000] {dag.py:3089} INFO - Sync 1 DAGs
[2024-08-01T04:17:54.268+0000] {logging_mixin.py:188} INFO - [2024-08-01T04:17:54.268+0000] {dag.py:3947} INFO - Setting next_dagrun for tutorial_taskflow_api to None, run_after=None
[2024-08-01T04:17:54.356+0000] {processor.py:183} INFO - Processing /home/airflow/.local/lib/python3.12/site-packages/airflow/example_dags/tutorial_taskflow_api.py took 0.150 seconds
[2024-08-01T04:18:24.991+0000] {processor.py:161} INFO - Started process (PID=337) to work on /home/airflow/.local/lib/python3.12/site-packages/airflow/example_dags/tutorial_taskflow_api.py
[2024-08-01T04:18:24.992+0000] {processor.py:830} INFO - Processing file /home/airflow/.local/lib/python3.12/site-packages/airflow/example_dags/tutorial_taskflow_api.py for tasks to queue
[2024-08-01T04:18:24.995+0000] {logging_mixin.py:188} INFO - [2024-08-01T04:18:24.995+0000] {dagbag.py:545} INFO - Filling up the DagBag from /home/airflow/.local/lib/python3.12/site-packages/airflow/example_dags/tutorial_taskflow_api.py
[2024-08-01T04:18:25.002+0000] {processor.py:840} INFO - DAG(s) 'tutorial_taskflow_api' retrieved from /home/airflow/.local/lib/python3.12/site-packages/airflow/example_dags/tutorial_taskflow_api.py
[2024-08-01T04:18:25.031+0000] {logging_mixin.py:188} INFO - [2024-08-01T04:18:25.031+0000] {dag.py:3089} INFO - Sync 1 DAGs
[2024-08-01T04:18:25.048+0000] {logging_mixin.py:188} INFO - [2024-08-01T04:18:25.048+0000] {dag.py:3947} INFO - Setting next_dagrun for tutorial_taskflow_api to None, run_after=None
[2024-08-01T04:18:25.074+0000] {processor.py:183} INFO - Processing /home/airflow/.local/lib/python3.12/site-packages/airflow/example_dags/tutorial_taskflow_api.py took 0.091 seconds
[2024-08-01T04:18:55.964+0000] {processor.py:161} INFO - Started process (PID=396) to work on /home/airflow/.local/lib/python3.12/site-packages/airflow/example_dags/tutorial_taskflow_api.py
[2024-08-01T04:18:55.965+0000] {processor.py:830} INFO - Processing file /home/airflow/.local/lib/python3.12/site-packages/airflow/example_dags/tutorial_taskflow_api.py for tasks to queue
[2024-08-01T04:18:55.967+0000] {logging_mixin.py:188} INFO - [2024-08-01T04:18:55.967+0000] {dagbag.py:545} INFO - Filling up the DagBag from /home/airflow/.local/lib/python3.12/site-packages/airflow/example_dags/tutorial_taskflow_api.py
[2024-08-01T04:18:55.975+0000] {processor.py:840} INFO - DAG(s) 'tutorial_taskflow_api' retrieved from /home/airflow/.local/lib/python3.12/site-packages/airflow/example_dags/tutorial_taskflow_api.py
[2024-08-01T04:18:56.003+0000] {logging_mixin.py:188} INFO - [2024-08-01T04:18:56.002+0000] {dag.py:3089} INFO - Sync 1 DAGs
[2024-08-01T04:18:56.026+0000] {logging_mixin.py:188} INFO - [2024-08-01T04:18:56.025+0000] {dag.py:3947} INFO - Setting next_dagrun for tutorial_taskflow_api to None, run_after=None
[2024-08-01T04:18:56.053+0000] {processor.py:183} INFO - Processing /home/airflow/.local/lib/python3.12/site-packages/airflow/example_dags/tutorial_taskflow_api.py took 0.097 seconds
[2024-08-01T04:20:29.053+0000] {processor.py:161} INFO - Started process (PID=96) to work on /home/airflow/.local/lib/python3.12/site-packages/airflow/example_dags/tutorial_taskflow_api.py
[2024-08-01T04:20:29.054+0000] {processor.py:830} INFO - Processing file /home/airflow/.local/lib/python3.12/site-packages/airflow/example_dags/tutorial_taskflow_api.py for tasks to queue
[2024-08-01T04:20:29.057+0000] {logging_mixin.py:188} INFO - [2024-08-01T04:20:29.057+0000] {dagbag.py:545} INFO - Filling up the DagBag from /home/airflow/.local/lib/python3.12/site-packages/airflow/example_dags/tutorial_taskflow_api.py
[2024-08-01T04:20:29.066+0000] {processor.py:840} INFO - DAG(s) 'tutorial_taskflow_api' retrieved from /home/airflow/.local/lib/python3.12/site-packages/airflow/example_dags/tutorial_taskflow_api.py
[2024-08-01T04:20:29.190+0000] {logging_mixin.py:188} INFO - [2024-08-01T04:20:29.190+0000] {dag.py:3089} INFO - Sync 1 DAGs
[2024-08-01T04:20:29.204+0000] {logging_mixin.py:188} INFO - [2024-08-01T04:20:29.203+0000] {dag.py:3947} INFO - Setting next_dagrun for tutorial_taskflow_api to None, run_after=None
[2024-08-01T04:20:29.228+0000] {processor.py:183} INFO - Processing /home/airflow/.local/lib/python3.12/site-packages/airflow/example_dags/tutorial_taskflow_api.py took 0.181 seconds
[2024-08-01T04:20:59.590+0000] {processor.py:161} INFO - Started process (PID=156) to work on /home/airflow/.local/lib/python3.12/site-packages/airflow/example_dags/tutorial_taskflow_api.py
[2024-08-01T04:20:59.591+0000] {processor.py:830} INFO - Processing file /home/airflow/.local/lib/python3.12/site-packages/airflow/example_dags/tutorial_taskflow_api.py for tasks to queue
[2024-08-01T04:20:59.595+0000] {logging_mixin.py:188} INFO - [2024-08-01T04:20:59.594+0000] {dagbag.py:545} INFO - Filling up the DagBag from /home/airflow/.local/lib/python3.12/site-packages/airflow/example_dags/tutorial_taskflow_api.py
[2024-08-01T04:20:59.609+0000] {processor.py:840} INFO - DAG(s) 'tutorial_taskflow_api' retrieved from /home/airflow/.local/lib/python3.12/site-packages/airflow/example_dags/tutorial_taskflow_api.py
[2024-08-01T04:20:59.645+0000] {logging_mixin.py:188} INFO - [2024-08-01T04:20:59.645+0000] {dag.py:3089} INFO - Sync 1 DAGs
[2024-08-01T04:20:59.669+0000] {logging_mixin.py:188} INFO - [2024-08-01T04:20:59.668+0000] {dag.py:3947} INFO - Setting next_dagrun for tutorial_taskflow_api to None, run_after=None
[2024-08-01T04:20:59.703+0000] {processor.py:183} INFO - Processing /home/airflow/.local/lib/python3.12/site-packages/airflow/example_dags/tutorial_taskflow_api.py took 0.127 seconds
[2024-08-01T04:21:30.404+0000] {processor.py:161} INFO - Started process (PID=216) to work on /home/airflow/.local/lib/python3.12/site-packages/airflow/example_dags/tutorial_taskflow_api.py
[2024-08-01T04:21:30.406+0000] {processor.py:830} INFO - Processing file /home/airflow/.local/lib/python3.12/site-packages/airflow/example_dags/tutorial_taskflow_api.py for tasks to queue
[2024-08-01T04:21:30.408+0000] {logging_mixin.py:188} INFO - [2024-08-01T04:21:30.408+0000] {dagbag.py:545} INFO - Filling up the DagBag from /home/airflow/.local/lib/python3.12/site-packages/airflow/example_dags/tutorial_taskflow_api.py
[2024-08-01T04:21:30.416+0000] {processor.py:840} INFO - DAG(s) 'tutorial_taskflow_api' retrieved from /home/airflow/.local/lib/python3.12/site-packages/airflow/example_dags/tutorial_taskflow_api.py
[2024-08-01T04:21:30.441+0000] {logging_mixin.py:188} INFO - [2024-08-01T04:21:30.440+0000] {dag.py:3089} INFO - Sync 1 DAGs
[2024-08-01T04:21:30.463+0000] {logging_mixin.py:188} INFO - [2024-08-01T04:21:30.463+0000] {dag.py:3947} INFO - Setting next_dagrun for tutorial_taskflow_api to None, run_after=None
[2024-08-01T04:21:30.493+0000] {processor.py:183} INFO - Processing /home/airflow/.local/lib/python3.12/site-packages/airflow/example_dags/tutorial_taskflow_api.py took 0.096 seconds
[2024-08-01T04:22:00.917+0000] {processor.py:161} INFO - Started process (PID=276) to work on /home/airflow/.local/lib/python3.12/site-packages/airflow/example_dags/tutorial_taskflow_api.py
[2024-08-01T04:22:00.918+0000] {processor.py:830} INFO - Processing file /home/airflow/.local/lib/python3.12/site-packages/airflow/example_dags/tutorial_taskflow_api.py for tasks to queue
[2024-08-01T04:22:00.920+0000] {logging_mixin.py:188} INFO - [2024-08-01T04:22:00.919+0000] {dagbag.py:545} INFO - Filling up the DagBag from /home/airflow/.local/lib/python3.12/site-packages/airflow/example_dags/tutorial_taskflow_api.py
[2024-08-01T04:22:00.927+0000] {processor.py:840} INFO - DAG(s) 'tutorial_taskflow_api' retrieved from /home/airflow/.local/lib/python3.12/site-packages/airflow/example_dags/tutorial_taskflow_api.py
[2024-08-01T04:22:00.950+0000] {logging_mixin.py:188} INFO - [2024-08-01T04:22:00.949+0000] {dag.py:3089} INFO - Sync 1 DAGs
[2024-08-01T04:22:00.966+0000] {logging_mixin.py:188} INFO - [2024-08-01T04:22:00.966+0000] {dag.py:3947} INFO - Setting next_dagrun for tutorial_taskflow_api to None, run_after=None
[2024-08-01T04:22:00.991+0000] {processor.py:183} INFO - Processing /home/airflow/.local/lib/python3.12/site-packages/airflow/example_dags/tutorial_taskflow_api.py took 0.081 seconds
[2024-08-01T04:22:32.778+0000] {processor.py:161} INFO - Started process (PID=336) to work on /home/airflow/.local/lib/python3.12/site-packages/airflow/example_dags/tutorial_taskflow_api.py
[2024-08-01T04:22:32.779+0000] {processor.py:830} INFO - Processing file /home/airflow/.local/lib/python3.12/site-packages/airflow/example_dags/tutorial_taskflow_api.py for tasks to queue
[2024-08-01T04:22:32.782+0000] {logging_mixin.py:188} INFO - [2024-08-01T04:22:32.782+0000] {dagbag.py:545} INFO - Filling up the DagBag from /home/airflow/.local/lib/python3.12/site-packages/airflow/example_dags/tutorial_taskflow_api.py
[2024-08-01T04:22:32.791+0000] {processor.py:840} INFO - DAG(s) 'tutorial_taskflow_api' retrieved from /home/airflow/.local/lib/python3.12/site-packages/airflow/example_dags/tutorial_taskflow_api.py
[2024-08-01T04:22:32.829+0000] {logging_mixin.py:188} INFO - [2024-08-01T04:22:32.828+0000] {dag.py:3089} INFO - Sync 1 DAGs
[2024-08-01T04:22:32.850+0000] {logging_mixin.py:188} INFO - [2024-08-01T04:22:32.849+0000] {dag.py:3947} INFO - Setting next_dagrun for tutorial_taskflow_api to None, run_after=None
[2024-08-01T04:22:32.942+0000] {processor.py:183} INFO - Processing /home/airflow/.local/lib/python3.12/site-packages/airflow/example_dags/tutorial_taskflow_api.py took 0.172 seconds
[2024-08-01T04:23:03.234+0000] {processor.py:161} INFO - Started process (PID=396) to work on /home/airflow/.local/lib/python3.12/site-packages/airflow/example_dags/tutorial_taskflow_api.py
[2024-08-01T04:23:03.236+0000] {processor.py:830} INFO - Processing file /home/airflow/.local/lib/python3.12/site-packages/airflow/example_dags/tutorial_taskflow_api.py for tasks to queue
[2024-08-01T04:23:03.238+0000] {logging_mixin.py:188} INFO - [2024-08-01T04:23:03.238+0000] {dagbag.py:545} INFO - Filling up the DagBag from /home/airflow/.local/lib/python3.12/site-packages/airflow/example_dags/tutorial_taskflow_api.py
[2024-08-01T04:23:03.247+0000] {processor.py:840} INFO - DAG(s) 'tutorial_taskflow_api' retrieved from /home/airflow/.local/lib/python3.12/site-packages/airflow/example_dags/tutorial_taskflow_api.py
[2024-08-01T04:23:03.278+0000] {logging_mixin.py:188} INFO - [2024-08-01T04:23:03.277+0000] {dag.py:3089} INFO - Sync 1 DAGs
[2024-08-01T04:23:03.297+0000] {logging_mixin.py:188} INFO - [2024-08-01T04:23:03.297+0000] {dag.py:3947} INFO - Setting next_dagrun for tutorial_taskflow_api to None, run_after=None
[2024-08-01T04:23:03.329+0000] {processor.py:183} INFO - Processing /home/airflow/.local/lib/python3.12/site-packages/airflow/example_dags/tutorial_taskflow_api.py took 0.103 seconds
[2024-08-01T04:23:33.726+0000] {processor.py:161} INFO - Started process (PID=456) to work on /home/airflow/.local/lib/python3.12/site-packages/airflow/example_dags/tutorial_taskflow_api.py
[2024-08-01T04:23:33.727+0000] {processor.py:830} INFO - Processing file /home/airflow/.local/lib/python3.12/site-packages/airflow/example_dags/tutorial_taskflow_api.py for tasks to queue
[2024-08-01T04:23:33.729+0000] {logging_mixin.py:188} INFO - [2024-08-01T04:23:33.729+0000] {dagbag.py:545} INFO - Filling up the DagBag from /home/airflow/.local/lib/python3.12/site-packages/airflow/example_dags/tutorial_taskflow_api.py
[2024-08-01T04:23:33.737+0000] {processor.py:840} INFO - DAG(s) 'tutorial_taskflow_api' retrieved from /home/airflow/.local/lib/python3.12/site-packages/airflow/example_dags/tutorial_taskflow_api.py
[2024-08-01T04:23:33.763+0000] {logging_mixin.py:188} INFO - [2024-08-01T04:23:33.763+0000] {dag.py:3089} INFO - Sync 1 DAGs
[2024-08-01T04:23:33.781+0000] {logging_mixin.py:188} INFO - [2024-08-01T04:23:33.781+0000] {dag.py:3947} INFO - Setting next_dagrun for tutorial_taskflow_api to None, run_after=None
[2024-08-01T04:23:33.807+0000] {processor.py:183} INFO - Processing /home/airflow/.local/lib/python3.12/site-packages/airflow/example_dags/tutorial_taskflow_api.py took 0.089 seconds
