[2024-08-01T04:16:22.248+0000] {processor.py:161} INFO - Started process (PID=102) to work on /home/airflow/.local/lib/python3.12/site-packages/airflow/example_dags/tutorial.py
[2024-08-01T04:16:22.250+0000] {processor.py:830} INFO - Processing file /home/airflow/.local/lib/python3.12/site-packages/airflow/example_dags/tutorial.py for tasks to queue
[2024-08-01T04:16:22.252+0000] {logging_mixin.py:188} INFO - [2024-08-01T04:16:22.252+0000] {dagbag.py:545} INFO - Filling up the DagBag from /home/airflow/.local/lib/python3.12/site-packages/airflow/example_dags/tutorial.py
[2024-08-01T04:16:22.260+0000] {processor.py:840} INFO - DAG(s) 'tutorial' retrieved from /home/airflow/.local/lib/python3.12/site-packages/airflow/example_dags/tutorial.py
[2024-08-01T04:16:22.429+0000] {logging_mixin.py:188} INFO - [2024-08-01T04:16:22.428+0000] {override.py:1858} INFO - Created Permission View: can edit on DAG:tutorial
[2024-08-01T04:16:22.445+0000] {logging_mixin.py:188} INFO - [2024-08-01T04:16:22.445+0000] {override.py:1858} INFO - Created Permission View: can delete on DAG:tutorial
[2024-08-01T04:16:22.455+0000] {logging_mixin.py:188} INFO - [2024-08-01T04:16:22.455+0000] {override.py:1858} INFO - Created Permission View: can read on DAG:tutorial
[2024-08-01T04:16:22.457+0000] {logging_mixin.py:188} INFO - [2024-08-01T04:16:22.456+0000] {dag.py:3089} INFO - Sync 1 DAGs
[2024-08-01T04:16:22.474+0000] {logging_mixin.py:188} INFO - [2024-08-01T04:16:22.474+0000] {dag.py:3111} INFO - Creating ORM DAG for tutorial
[2024-08-01T04:16:22.491+0000] {logging_mixin.py:188} INFO - [2024-08-01T04:16:22.490+0000] {dag.py:3947} INFO - Setting next_dagrun for tutorial to 2024-07-31 00:00:00+00:00, run_after=2024-08-01 00:00:00+00:00
[2024-08-01T04:16:22.515+0000] {processor.py:183} INFO - Processing /home/airflow/.local/lib/python3.12/site-packages/airflow/example_dags/tutorial.py took 0.274 seconds
[2024-08-01T04:16:53.111+0000] {processor.py:161} INFO - Started process (PID=161) to work on /home/airflow/.local/lib/python3.12/site-packages/airflow/example_dags/tutorial.py
[2024-08-01T04:16:53.112+0000] {processor.py:830} INFO - Processing file /home/airflow/.local/lib/python3.12/site-packages/airflow/example_dags/tutorial.py for tasks to queue
[2024-08-01T04:16:53.114+0000] {logging_mixin.py:188} INFO - [2024-08-01T04:16:53.114+0000] {dagbag.py:545} INFO - Filling up the DagBag from /home/airflow/.local/lib/python3.12/site-packages/airflow/example_dags/tutorial.py
[2024-08-01T04:16:53.122+0000] {processor.py:840} INFO - DAG(s) 'tutorial' retrieved from /home/airflow/.local/lib/python3.12/site-packages/airflow/example_dags/tutorial.py
[2024-08-01T04:16:53.150+0000] {logging_mixin.py:188} INFO - [2024-08-01T04:16:53.149+0000] {dag.py:3089} INFO - Sync 1 DAGs
[2024-08-01T04:16:53.183+0000] {logging_mixin.py:188} INFO - [2024-08-01T04:16:53.182+0000] {dag.py:3947} INFO - Setting next_dagrun for tutorial to 2024-07-31 00:00:00+00:00, run_after=2024-08-01 00:00:00+00:00
[2024-08-01T04:16:53.217+0000] {processor.py:183} INFO - Processing /home/airflow/.local/lib/python3.12/site-packages/airflow/example_dags/tutorial.py took 0.115 seconds
[2024-08-01T04:17:23.843+0000] {processor.py:161} INFO - Started process (PID=220) to work on /home/airflow/.local/lib/python3.12/site-packages/airflow/example_dags/tutorial.py
[2024-08-01T04:17:23.844+0000] {processor.py:830} INFO - Processing file /home/airflow/.local/lib/python3.12/site-packages/airflow/example_dags/tutorial.py for tasks to queue
[2024-08-01T04:17:23.847+0000] {logging_mixin.py:188} INFO - [2024-08-01T04:17:23.846+0000] {dagbag.py:545} INFO - Filling up the DagBag from /home/airflow/.local/lib/python3.12/site-packages/airflow/example_dags/tutorial.py
[2024-08-01T04:17:23.854+0000] {processor.py:840} INFO - DAG(s) 'tutorial' retrieved from /home/airflow/.local/lib/python3.12/site-packages/airflow/example_dags/tutorial.py
[2024-08-01T04:17:23.880+0000] {logging_mixin.py:188} INFO - [2024-08-01T04:17:23.880+0000] {dag.py:3089} INFO - Sync 1 DAGs
[2024-08-01T04:17:23.912+0000] {logging_mixin.py:188} INFO - [2024-08-01T04:17:23.912+0000] {dag.py:3947} INFO - Setting next_dagrun for tutorial to 2024-07-31 00:00:00+00:00, run_after=2024-08-01 00:00:00+00:00
[2024-08-01T04:17:23.999+0000] {processor.py:183} INFO - Processing /home/airflow/.local/lib/python3.12/site-packages/airflow/example_dags/tutorial.py took 0.163 seconds
[2024-08-01T04:17:54.399+0000] {processor.py:161} INFO - Started process (PID=279) to work on /home/airflow/.local/lib/python3.12/site-packages/airflow/example_dags/tutorial.py
[2024-08-01T04:17:54.400+0000] {processor.py:830} INFO - Processing file /home/airflow/.local/lib/python3.12/site-packages/airflow/example_dags/tutorial.py for tasks to queue
[2024-08-01T04:17:54.403+0000] {logging_mixin.py:188} INFO - [2024-08-01T04:17:54.402+0000] {dagbag.py:545} INFO - Filling up the DagBag from /home/airflow/.local/lib/python3.12/site-packages/airflow/example_dags/tutorial.py
[2024-08-01T04:17:54.410+0000] {processor.py:840} INFO - DAG(s) 'tutorial' retrieved from /home/airflow/.local/lib/python3.12/site-packages/airflow/example_dags/tutorial.py
[2024-08-01T04:17:54.439+0000] {logging_mixin.py:188} INFO - [2024-08-01T04:17:54.439+0000] {dag.py:3089} INFO - Sync 1 DAGs
[2024-08-01T04:17:54.468+0000] {logging_mixin.py:188} INFO - [2024-08-01T04:17:54.467+0000] {dag.py:3947} INFO - Setting next_dagrun for tutorial to 2024-07-31 00:00:00+00:00, run_after=2024-08-01 00:00:00+00:00
[2024-08-01T04:17:54.490+0000] {processor.py:183} INFO - Processing /home/airflow/.local/lib/python3.12/site-packages/airflow/example_dags/tutorial.py took 0.097 seconds
[2024-08-01T04:18:24.991+0000] {processor.py:161} INFO - Started process (PID=338) to work on /home/airflow/.local/lib/python3.12/site-packages/airflow/example_dags/tutorial.py
[2024-08-01T04:18:24.992+0000] {processor.py:830} INFO - Processing file /home/airflow/.local/lib/python3.12/site-packages/airflow/example_dags/tutorial.py for tasks to queue
[2024-08-01T04:18:24.994+0000] {logging_mixin.py:188} INFO - [2024-08-01T04:18:24.994+0000] {dagbag.py:545} INFO - Filling up the DagBag from /home/airflow/.local/lib/python3.12/site-packages/airflow/example_dags/tutorial.py
[2024-08-01T04:18:25.001+0000] {processor.py:840} INFO - DAG(s) 'tutorial' retrieved from /home/airflow/.local/lib/python3.12/site-packages/airflow/example_dags/tutorial.py
[2024-08-01T04:18:25.028+0000] {logging_mixin.py:188} INFO - [2024-08-01T04:18:25.027+0000] {dag.py:3089} INFO - Sync 1 DAGs
[2024-08-01T04:18:25.058+0000] {logging_mixin.py:188} INFO - [2024-08-01T04:18:25.058+0000] {dag.py:3947} INFO - Setting next_dagrun for tutorial to 2024-07-31 00:00:00+00:00, run_after=2024-08-01 00:00:00+00:00
[2024-08-01T04:18:25.081+0000] {processor.py:183} INFO - Processing /home/airflow/.local/lib/python3.12/site-packages/airflow/example_dags/tutorial.py took 0.097 seconds
[2024-08-01T04:18:55.976+0000] {processor.py:161} INFO - Started process (PID=397) to work on /home/airflow/.local/lib/python3.12/site-packages/airflow/example_dags/tutorial.py
[2024-08-01T04:18:55.977+0000] {processor.py:830} INFO - Processing file /home/airflow/.local/lib/python3.12/site-packages/airflow/example_dags/tutorial.py for tasks to queue
[2024-08-01T04:18:55.979+0000] {logging_mixin.py:188} INFO - [2024-08-01T04:18:55.979+0000] {dagbag.py:545} INFO - Filling up the DagBag from /home/airflow/.local/lib/python3.12/site-packages/airflow/example_dags/tutorial.py
[2024-08-01T04:18:55.988+0000] {processor.py:840} INFO - DAG(s) 'tutorial' retrieved from /home/airflow/.local/lib/python3.12/site-packages/airflow/example_dags/tutorial.py
[2024-08-01T04:18:56.016+0000] {logging_mixin.py:188} INFO - [2024-08-01T04:18:56.015+0000] {dag.py:3089} INFO - Sync 1 DAGs
[2024-08-01T04:18:56.050+0000] {logging_mixin.py:188} INFO - [2024-08-01T04:18:56.050+0000] {dag.py:3947} INFO - Setting next_dagrun for tutorial to 2024-07-31 00:00:00+00:00, run_after=2024-08-01 00:00:00+00:00
[2024-08-01T04:18:56.077+0000] {processor.py:183} INFO - Processing /home/airflow/.local/lib/python3.12/site-packages/airflow/example_dags/tutorial.py took 0.108 seconds
[2024-08-01T04:20:29.265+0000] {processor.py:161} INFO - Started process (PID=97) to work on /home/airflow/.local/lib/python3.12/site-packages/airflow/example_dags/tutorial.py
[2024-08-01T04:20:29.266+0000] {processor.py:830} INFO - Processing file /home/airflow/.local/lib/python3.12/site-packages/airflow/example_dags/tutorial.py for tasks to queue
[2024-08-01T04:20:29.268+0000] {logging_mixin.py:188} INFO - [2024-08-01T04:20:29.268+0000] {dagbag.py:545} INFO - Filling up the DagBag from /home/airflow/.local/lib/python3.12/site-packages/airflow/example_dags/tutorial.py
[2024-08-01T04:20:29.276+0000] {processor.py:840} INFO - DAG(s) 'tutorial' retrieved from /home/airflow/.local/lib/python3.12/site-packages/airflow/example_dags/tutorial.py
[2024-08-01T04:20:29.391+0000] {logging_mixin.py:188} INFO - [2024-08-01T04:20:29.391+0000] {dag.py:3089} INFO - Sync 1 DAGs
[2024-08-01T04:20:29.418+0000] {logging_mixin.py:188} INFO - [2024-08-01T04:20:29.417+0000] {dag.py:3947} INFO - Setting next_dagrun for tutorial to 2024-07-31 00:00:00+00:00, run_after=2024-08-01 00:00:00+00:00
[2024-08-01T04:20:29.507+0000] {processor.py:183} INFO - Processing /home/airflow/.local/lib/python3.12/site-packages/airflow/example_dags/tutorial.py took 0.249 seconds
[2024-08-01T04:20:59.771+0000] {processor.py:161} INFO - Started process (PID=157) to work on /home/airflow/.local/lib/python3.12/site-packages/airflow/example_dags/tutorial.py
[2024-08-01T04:20:59.772+0000] {processor.py:830} INFO - Processing file /home/airflow/.local/lib/python3.12/site-packages/airflow/example_dags/tutorial.py for tasks to queue
[2024-08-01T04:20:59.776+0000] {logging_mixin.py:188} INFO - [2024-08-01T04:20:59.775+0000] {dagbag.py:545} INFO - Filling up the DagBag from /home/airflow/.local/lib/python3.12/site-packages/airflow/example_dags/tutorial.py
[2024-08-01T04:20:59.786+0000] {processor.py:840} INFO - DAG(s) 'tutorial' retrieved from /home/airflow/.local/lib/python3.12/site-packages/airflow/example_dags/tutorial.py
[2024-08-01T04:20:59.821+0000] {logging_mixin.py:188} INFO - [2024-08-01T04:20:59.820+0000] {dag.py:3089} INFO - Sync 1 DAGs
[2024-08-01T04:20:59.866+0000] {logging_mixin.py:188} INFO - [2024-08-01T04:20:59.866+0000] {dag.py:3947} INFO - Setting next_dagrun for tutorial to 2024-07-31 00:00:00+00:00, run_after=2024-08-01 00:00:00+00:00
[2024-08-01T04:20:59.965+0000] {processor.py:183} INFO - Processing /home/airflow/.local/lib/python3.12/site-packages/airflow/example_dags/tutorial.py took 0.204 seconds
[2024-08-01T04:21:30.540+0000] {processor.py:161} INFO - Started process (PID=217) to work on /home/airflow/.local/lib/python3.12/site-packages/airflow/example_dags/tutorial.py
[2024-08-01T04:21:30.541+0000] {processor.py:830} INFO - Processing file /home/airflow/.local/lib/python3.12/site-packages/airflow/example_dags/tutorial.py for tasks to queue
[2024-08-01T04:21:30.544+0000] {logging_mixin.py:188} INFO - [2024-08-01T04:21:30.543+0000] {dagbag.py:545} INFO - Filling up the DagBag from /home/airflow/.local/lib/python3.12/site-packages/airflow/example_dags/tutorial.py
[2024-08-01T04:21:30.550+0000] {processor.py:840} INFO - DAG(s) 'tutorial' retrieved from /home/airflow/.local/lib/python3.12/site-packages/airflow/example_dags/tutorial.py
[2024-08-01T04:21:30.577+0000] {logging_mixin.py:188} INFO - [2024-08-01T04:21:30.576+0000] {dag.py:3089} INFO - Sync 1 DAGs
[2024-08-01T04:21:30.606+0000] {logging_mixin.py:188} INFO - [2024-08-01T04:21:30.606+0000] {dag.py:3947} INFO - Setting next_dagrun for tutorial to 2024-07-31 00:00:00+00:00, run_after=2024-08-01 00:00:00+00:00
[2024-08-01T04:21:30.695+0000] {processor.py:183} INFO - Processing /home/airflow/.local/lib/python3.12/site-packages/airflow/example_dags/tutorial.py took 0.162 seconds
[2024-08-01T04:22:00.984+0000] {processor.py:161} INFO - Started process (PID=277) to work on /home/airflow/.local/lib/python3.12/site-packages/airflow/example_dags/tutorial.py
[2024-08-01T04:22:00.985+0000] {processor.py:830} INFO - Processing file /home/airflow/.local/lib/python3.12/site-packages/airflow/example_dags/tutorial.py for tasks to queue
[2024-08-01T04:22:00.987+0000] {logging_mixin.py:188} INFO - [2024-08-01T04:22:00.987+0000] {dagbag.py:545} INFO - Filling up the DagBag from /home/airflow/.local/lib/python3.12/site-packages/airflow/example_dags/tutorial.py
[2024-08-01T04:22:00.993+0000] {processor.py:840} INFO - DAG(s) 'tutorial' retrieved from /home/airflow/.local/lib/python3.12/site-packages/airflow/example_dags/tutorial.py
[2024-08-01T04:22:01.016+0000] {logging_mixin.py:188} INFO - [2024-08-01T04:22:01.015+0000] {dag.py:3089} INFO - Sync 1 DAGs
[2024-08-01T04:22:01.040+0000] {logging_mixin.py:188} INFO - [2024-08-01T04:22:01.040+0000] {dag.py:3947} INFO - Setting next_dagrun for tutorial to 2024-07-31 00:00:00+00:00, run_after=2024-08-01 00:00:00+00:00
[2024-08-01T04:22:01.060+0000] {processor.py:183} INFO - Processing /home/airflow/.local/lib/python3.12/site-packages/airflow/example_dags/tutorial.py took 0.082 seconds
[2024-08-01T04:22:32.782+0000] {processor.py:161} INFO - Started process (PID=337) to work on /home/airflow/.local/lib/python3.12/site-packages/airflow/example_dags/tutorial.py
[2024-08-01T04:22:32.783+0000] {processor.py:830} INFO - Processing file /home/airflow/.local/lib/python3.12/site-packages/airflow/example_dags/tutorial.py for tasks to queue
[2024-08-01T04:22:32.785+0000] {logging_mixin.py:188} INFO - [2024-08-01T04:22:32.785+0000] {dagbag.py:545} INFO - Filling up the DagBag from /home/airflow/.local/lib/python3.12/site-packages/airflow/example_dags/tutorial.py
[2024-08-01T04:22:32.794+0000] {processor.py:840} INFO - DAG(s) 'tutorial' retrieved from /home/airflow/.local/lib/python3.12/site-packages/airflow/example_dags/tutorial.py
[2024-08-01T04:22:32.826+0000] {logging_mixin.py:188} INFO - [2024-08-01T04:22:32.826+0000] {dag.py:3089} INFO - Sync 1 DAGs
[2024-08-01T04:22:32.865+0000] {logging_mixin.py:188} INFO - [2024-08-01T04:22:32.864+0000] {dag.py:3947} INFO - Setting next_dagrun for tutorial to 2024-07-31 00:00:00+00:00, run_after=2024-08-01 00:00:00+00:00
[2024-08-01T04:22:32.944+0000] {processor.py:183} INFO - Processing /home/airflow/.local/lib/python3.12/site-packages/airflow/example_dags/tutorial.py took 0.172 seconds
[2024-08-01T04:23:03.296+0000] {processor.py:161} INFO - Started process (PID=397) to work on /home/airflow/.local/lib/python3.12/site-packages/airflow/example_dags/tutorial.py
[2024-08-01T04:23:03.297+0000] {processor.py:830} INFO - Processing file /home/airflow/.local/lib/python3.12/site-packages/airflow/example_dags/tutorial.py for tasks to queue
[2024-08-01T04:23:03.299+0000] {logging_mixin.py:188} INFO - [2024-08-01T04:23:03.298+0000] {dagbag.py:545} INFO - Filling up the DagBag from /home/airflow/.local/lib/python3.12/site-packages/airflow/example_dags/tutorial.py
[2024-08-01T04:23:03.306+0000] {processor.py:840} INFO - DAG(s) 'tutorial' retrieved from /home/airflow/.local/lib/python3.12/site-packages/airflow/example_dags/tutorial.py
[2024-08-01T04:23:03.339+0000] {logging_mixin.py:188} INFO - [2024-08-01T04:23:03.339+0000] {dag.py:3089} INFO - Sync 1 DAGs
[2024-08-01T04:23:03.379+0000] {logging_mixin.py:188} INFO - [2024-08-01T04:23:03.379+0000] {dag.py:3947} INFO - Setting next_dagrun for tutorial to 2024-07-31 00:00:00+00:00, run_after=2024-08-01 00:00:00+00:00
[2024-08-01T04:23:03.405+0000] {processor.py:183} INFO - Processing /home/airflow/.local/lib/python3.12/site-packages/airflow/example_dags/tutorial.py took 0.117 seconds
[2024-08-01T04:23:33.796+0000] {processor.py:161} INFO - Started process (PID=457) to work on /home/airflow/.local/lib/python3.12/site-packages/airflow/example_dags/tutorial.py
[2024-08-01T04:23:33.797+0000] {processor.py:830} INFO - Processing file /home/airflow/.local/lib/python3.12/site-packages/airflow/example_dags/tutorial.py for tasks to queue
[2024-08-01T04:23:33.800+0000] {logging_mixin.py:188} INFO - [2024-08-01T04:23:33.799+0000] {dagbag.py:545} INFO - Filling up the DagBag from /home/airflow/.local/lib/python3.12/site-packages/airflow/example_dags/tutorial.py
[2024-08-01T04:23:33.808+0000] {processor.py:840} INFO - DAG(s) 'tutorial' retrieved from /home/airflow/.local/lib/python3.12/site-packages/airflow/example_dags/tutorial.py
[2024-08-01T04:23:33.838+0000] {logging_mixin.py:188} INFO - [2024-08-01T04:23:33.837+0000] {dag.py:3089} INFO - Sync 1 DAGs
[2024-08-01T04:23:33.875+0000] {logging_mixin.py:188} INFO - [2024-08-01T04:23:33.874+0000] {dag.py:3947} INFO - Setting next_dagrun for tutorial to 2024-07-31 00:00:00+00:00, run_after=2024-08-01 00:00:00+00:00
[2024-08-01T04:23:33.899+0000] {processor.py:183} INFO - Processing /home/airflow/.local/lib/python3.12/site-packages/airflow/example_dags/tutorial.py took 0.111 seconds
