[2024-08-01T04:16:17.932+0000] {processor.py:161} INFO - Started process (PID=69) to work on /home/airflow/.local/lib/python3.12/site-packages/airflow/example_dags/tutorial_objectstorage.py
[2024-08-01T04:16:17.934+0000] {processor.py:830} INFO - Processing file /home/airflow/.local/lib/python3.12/site-packages/airflow/example_dags/tutorial_objectstorage.py for tasks to queue
[2024-08-01T04:16:17.936+0000] {logging_mixin.py:188} INFO - [2024-08-01T04:16:17.936+0000] {dagbag.py:545} INFO - Filling up the DagBag from /home/airflow/.local/lib/python3.12/site-packages/airflow/example_dags/tutorial_objectstorage.py
[2024-08-01T04:16:17.949+0000] {processor.py:840} INFO - DAG(s) 'tutorial_objectstorage' retrieved from /home/airflow/.local/lib/python3.12/site-packages/airflow/example_dags/tutorial_objectstorage.py
[2024-08-01T04:16:18.061+0000] {logging_mixin.py:188} INFO - [2024-08-01T04:16:18.061+0000] {override.py:1858} INFO - Created Permission View: can edit on DAG:tutorial_objectstorage
[2024-08-01T04:16:18.074+0000] {logging_mixin.py:188} INFO - [2024-08-01T04:16:18.073+0000] {override.py:1858} INFO - Created Permission View: can delete on DAG:tutorial_objectstorage
[2024-08-01T04:16:18.082+0000] {logging_mixin.py:188} INFO - [2024-08-01T04:16:18.081+0000] {override.py:1858} INFO - Created Permission View: can read on DAG:tutorial_objectstorage
[2024-08-01T04:16:18.082+0000] {logging_mixin.py:188} INFO - [2024-08-01T04:16:18.082+0000] {dag.py:3089} INFO - Sync 1 DAGs
[2024-08-01T04:16:18.095+0000] {logging_mixin.py:188} INFO - [2024-08-01T04:16:18.094+0000] {dag.py:3111} INFO - Creating ORM DAG for tutorial_objectstorage
[2024-08-01T04:16:18.096+0000] {logging_mixin.py:188} INFO - [2024-08-01T04:16:18.096+0000] {dag.py:3947} INFO - Setting next_dagrun for tutorial_objectstorage to None, run_after=None
[2024-08-01T04:16:18.114+0000] {processor.py:183} INFO - Processing /home/airflow/.local/lib/python3.12/site-packages/airflow/example_dags/tutorial_objectstorage.py took 0.189 seconds
[2024-08-01T04:16:48.261+0000] {processor.py:161} INFO - Started process (PID=128) to work on /home/airflow/.local/lib/python3.12/site-packages/airflow/example_dags/tutorial_objectstorage.py
[2024-08-01T04:16:48.263+0000] {processor.py:830} INFO - Processing file /home/airflow/.local/lib/python3.12/site-packages/airflow/example_dags/tutorial_objectstorage.py for tasks to queue
[2024-08-01T04:16:48.266+0000] {logging_mixin.py:188} INFO - [2024-08-01T04:16:48.265+0000] {dagbag.py:545} INFO - Filling up the DagBag from /home/airflow/.local/lib/python3.12/site-packages/airflow/example_dags/tutorial_objectstorage.py
[2024-08-01T04:16:48.281+0000] {processor.py:840} INFO - DAG(s) 'tutorial_objectstorage' retrieved from /home/airflow/.local/lib/python3.12/site-packages/airflow/example_dags/tutorial_objectstorage.py
[2024-08-01T04:16:48.315+0000] {logging_mixin.py:188} INFO - [2024-08-01T04:16:48.314+0000] {dag.py:3089} INFO - Sync 1 DAGs
[2024-08-01T04:16:48.338+0000] {logging_mixin.py:188} INFO - [2024-08-01T04:16:48.337+0000] {dag.py:3947} INFO - Setting next_dagrun for tutorial_objectstorage to None, run_after=None
[2024-08-01T04:16:48.371+0000] {processor.py:183} INFO - Processing /home/airflow/.local/lib/python3.12/site-packages/airflow/example_dags/tutorial_objectstorage.py took 0.120 seconds
[2024-08-01T04:17:18.838+0000] {processor.py:161} INFO - Started process (PID=187) to work on /home/airflow/.local/lib/python3.12/site-packages/airflow/example_dags/tutorial_objectstorage.py
[2024-08-01T04:17:18.839+0000] {processor.py:830} INFO - Processing file /home/airflow/.local/lib/python3.12/site-packages/airflow/example_dags/tutorial_objectstorage.py for tasks to queue
[2024-08-01T04:17:18.841+0000] {logging_mixin.py:188} INFO - [2024-08-01T04:17:18.841+0000] {dagbag.py:545} INFO - Filling up the DagBag from /home/airflow/.local/lib/python3.12/site-packages/airflow/example_dags/tutorial_objectstorage.py
[2024-08-01T04:17:18.850+0000] {processor.py:840} INFO - DAG(s) 'tutorial_objectstorage' retrieved from /home/airflow/.local/lib/python3.12/site-packages/airflow/example_dags/tutorial_objectstorage.py
[2024-08-01T04:17:18.877+0000] {logging_mixin.py:188} INFO - [2024-08-01T04:17:18.877+0000] {dag.py:3089} INFO - Sync 1 DAGs
[2024-08-01T04:17:18.896+0000] {logging_mixin.py:188} INFO - [2024-08-01T04:17:18.895+0000] {dag.py:3947} INFO - Setting next_dagrun for tutorial_objectstorage to None, run_after=None
[2024-08-01T04:17:18.984+0000] {processor.py:183} INFO - Processing /home/airflow/.local/lib/python3.12/site-packages/airflow/example_dags/tutorial_objectstorage.py took 0.154 seconds
[2024-08-01T04:17:49.246+0000] {processor.py:161} INFO - Started process (PID=246) to work on /home/airflow/.local/lib/python3.12/site-packages/airflow/example_dags/tutorial_objectstorage.py
[2024-08-01T04:17:49.247+0000] {processor.py:830} INFO - Processing file /home/airflow/.local/lib/python3.12/site-packages/airflow/example_dags/tutorial_objectstorage.py for tasks to queue
[2024-08-01T04:17:49.249+0000] {logging_mixin.py:188} INFO - [2024-08-01T04:17:49.249+0000] {dagbag.py:545} INFO - Filling up the DagBag from /home/airflow/.local/lib/python3.12/site-packages/airflow/example_dags/tutorial_objectstorage.py
[2024-08-01T04:17:49.258+0000] {processor.py:840} INFO - DAG(s) 'tutorial_objectstorage' retrieved from /home/airflow/.local/lib/python3.12/site-packages/airflow/example_dags/tutorial_objectstorage.py
[2024-08-01T04:17:49.282+0000] {logging_mixin.py:188} INFO - [2024-08-01T04:17:49.282+0000] {dag.py:3089} INFO - Sync 1 DAGs
[2024-08-01T04:17:49.300+0000] {logging_mixin.py:188} INFO - [2024-08-01T04:17:49.299+0000] {dag.py:3947} INFO - Setting next_dagrun for tutorial_objectstorage to None, run_after=None
[2024-08-01T04:17:49.323+0000] {processor.py:183} INFO - Processing /home/airflow/.local/lib/python3.12/site-packages/airflow/example_dags/tutorial_objectstorage.py took 0.084 seconds
[2024-08-01T04:18:19.540+0000] {processor.py:161} INFO - Started process (PID=305) to work on /home/airflow/.local/lib/python3.12/site-packages/airflow/example_dags/tutorial_objectstorage.py
[2024-08-01T04:18:19.541+0000] {processor.py:830} INFO - Processing file /home/airflow/.local/lib/python3.12/site-packages/airflow/example_dags/tutorial_objectstorage.py for tasks to queue
[2024-08-01T04:18:19.543+0000] {logging_mixin.py:188} INFO - [2024-08-01T04:18:19.542+0000] {dagbag.py:545} INFO - Filling up the DagBag from /home/airflow/.local/lib/python3.12/site-packages/airflow/example_dags/tutorial_objectstorage.py
[2024-08-01T04:18:19.551+0000] {processor.py:840} INFO - DAG(s) 'tutorial_objectstorage' retrieved from /home/airflow/.local/lib/python3.12/site-packages/airflow/example_dags/tutorial_objectstorage.py
[2024-08-01T04:18:19.575+0000] {logging_mixin.py:188} INFO - [2024-08-01T04:18:19.575+0000] {dag.py:3089} INFO - Sync 1 DAGs
[2024-08-01T04:18:19.592+0000] {logging_mixin.py:188} INFO - [2024-08-01T04:18:19.592+0000] {dag.py:3947} INFO - Setting next_dagrun for tutorial_objectstorage to None, run_after=None
[2024-08-01T04:18:19.621+0000] {processor.py:183} INFO - Processing /home/airflow/.local/lib/python3.12/site-packages/airflow/example_dags/tutorial_objectstorage.py took 0.088 seconds
[2024-08-01T04:18:50.505+0000] {processor.py:161} INFO - Started process (PID=370) to work on /home/airflow/.local/lib/python3.12/site-packages/airflow/example_dags/tutorial_objectstorage.py
[2024-08-01T04:18:50.507+0000] {processor.py:830} INFO - Processing file /home/airflow/.local/lib/python3.12/site-packages/airflow/example_dags/tutorial_objectstorage.py for tasks to queue
[2024-08-01T04:18:50.510+0000] {logging_mixin.py:188} INFO - [2024-08-01T04:18:50.509+0000] {dagbag.py:545} INFO - Filling up the DagBag from /home/airflow/.local/lib/python3.12/site-packages/airflow/example_dags/tutorial_objectstorage.py
[2024-08-01T04:18:50.519+0000] {processor.py:840} INFO - DAG(s) 'tutorial_objectstorage' retrieved from /home/airflow/.local/lib/python3.12/site-packages/airflow/example_dags/tutorial_objectstorage.py
[2024-08-01T04:18:50.549+0000] {logging_mixin.py:188} INFO - [2024-08-01T04:18:50.549+0000] {dag.py:3089} INFO - Sync 1 DAGs
[2024-08-01T04:18:50.566+0000] {logging_mixin.py:188} INFO - [2024-08-01T04:18:50.566+0000] {dag.py:3947} INFO - Setting next_dagrun for tutorial_objectstorage to None, run_after=None
[2024-08-01T04:18:50.590+0000] {processor.py:183} INFO - Processing /home/airflow/.local/lib/python3.12/site-packages/airflow/example_dags/tutorial_objectstorage.py took 0.094 seconds
[2024-08-01T04:19:20.713+0000] {processor.py:161} INFO - Started process (PID=429) to work on /home/airflow/.local/lib/python3.12/site-packages/airflow/example_dags/tutorial_objectstorage.py
[2024-08-01T04:19:20.714+0000] {processor.py:830} INFO - Processing file /home/airflow/.local/lib/python3.12/site-packages/airflow/example_dags/tutorial_objectstorage.py for tasks to queue
[2024-08-01T04:19:20.716+0000] {logging_mixin.py:188} INFO - [2024-08-01T04:19:20.715+0000] {dagbag.py:545} INFO - Filling up the DagBag from /home/airflow/.local/lib/python3.12/site-packages/airflow/example_dags/tutorial_objectstorage.py
[2024-08-01T04:19:20.723+0000] {processor.py:840} INFO - DAG(s) 'tutorial_objectstorage' retrieved from /home/airflow/.local/lib/python3.12/site-packages/airflow/example_dags/tutorial_objectstorage.py
[2024-08-01T04:19:20.748+0000] {logging_mixin.py:188} INFO - [2024-08-01T04:19:20.748+0000] {dag.py:3089} INFO - Sync 1 DAGs
[2024-08-01T04:19:20.765+0000] {logging_mixin.py:188} INFO - [2024-08-01T04:19:20.764+0000] {dag.py:3947} INFO - Setting next_dagrun for tutorial_objectstorage to None, run_after=None
[2024-08-01T04:19:20.853+0000] {processor.py:183} INFO - Processing /home/airflow/.local/lib/python3.12/site-packages/airflow/example_dags/tutorial_objectstorage.py took 0.147 seconds
[2024-08-01T04:20:25.372+0000] {processor.py:161} INFO - Started process (PID=70) to work on /home/airflow/.local/lib/python3.12/site-packages/airflow/example_dags/tutorial_objectstorage.py
[2024-08-01T04:20:25.373+0000] {processor.py:830} INFO - Processing file /home/airflow/.local/lib/python3.12/site-packages/airflow/example_dags/tutorial_objectstorage.py for tasks to queue
[2024-08-01T04:20:25.376+0000] {logging_mixin.py:188} INFO - [2024-08-01T04:20:25.375+0000] {dagbag.py:545} INFO - Filling up the DagBag from /home/airflow/.local/lib/python3.12/site-packages/airflow/example_dags/tutorial_objectstorage.py
[2024-08-01T04:20:25.386+0000] {processor.py:840} INFO - DAG(s) 'tutorial_objectstorage' retrieved from /home/airflow/.local/lib/python3.12/site-packages/airflow/example_dags/tutorial_objectstorage.py
[2024-08-01T04:20:25.511+0000] {logging_mixin.py:188} INFO - [2024-08-01T04:20:25.511+0000] {dag.py:3089} INFO - Sync 1 DAGs
[2024-08-01T04:20:25.524+0000] {logging_mixin.py:188} INFO - [2024-08-01T04:20:25.524+0000] {dag.py:3947} INFO - Setting next_dagrun for tutorial_objectstorage to None, run_after=None
[2024-08-01T04:20:25.548+0000] {processor.py:183} INFO - Processing /home/airflow/.local/lib/python3.12/site-packages/airflow/example_dags/tutorial_objectstorage.py took 0.182 seconds
[2024-08-01T04:20:55.610+0000] {processor.py:161} INFO - Started process (PID=130) to work on /home/airflow/.local/lib/python3.12/site-packages/airflow/example_dags/tutorial_objectstorage.py
[2024-08-01T04:20:55.611+0000] {processor.py:830} INFO - Processing file /home/airflow/.local/lib/python3.12/site-packages/airflow/example_dags/tutorial_objectstorage.py for tasks to queue
[2024-08-01T04:20:55.613+0000] {logging_mixin.py:188} INFO - [2024-08-01T04:20:55.612+0000] {dagbag.py:545} INFO - Filling up the DagBag from /home/airflow/.local/lib/python3.12/site-packages/airflow/example_dags/tutorial_objectstorage.py
[2024-08-01T04:20:55.621+0000] {processor.py:840} INFO - DAG(s) 'tutorial_objectstorage' retrieved from /home/airflow/.local/lib/python3.12/site-packages/airflow/example_dags/tutorial_objectstorage.py
[2024-08-01T04:20:55.649+0000] {logging_mixin.py:188} INFO - [2024-08-01T04:20:55.648+0000] {dag.py:3089} INFO - Sync 1 DAGs
[2024-08-01T04:20:55.665+0000] {logging_mixin.py:188} INFO - [2024-08-01T04:20:55.665+0000] {dag.py:3947} INFO - Setting next_dagrun for tutorial_objectstorage to None, run_after=None
[2024-08-01T04:20:55.690+0000] {processor.py:183} INFO - Processing /home/airflow/.local/lib/python3.12/site-packages/airflow/example_dags/tutorial_objectstorage.py took 0.087 seconds
[2024-08-01T04:21:26.009+0000] {processor.py:161} INFO - Started process (PID=190) to work on /home/airflow/.local/lib/python3.12/site-packages/airflow/example_dags/tutorial_objectstorage.py
[2024-08-01T04:21:26.010+0000] {processor.py:830} INFO - Processing file /home/airflow/.local/lib/python3.12/site-packages/airflow/example_dags/tutorial_objectstorage.py for tasks to queue
[2024-08-01T04:21:26.012+0000] {logging_mixin.py:188} INFO - [2024-08-01T04:21:26.011+0000] {dagbag.py:545} INFO - Filling up the DagBag from /home/airflow/.local/lib/python3.12/site-packages/airflow/example_dags/tutorial_objectstorage.py
[2024-08-01T04:21:26.023+0000] {processor.py:840} INFO - DAG(s) 'tutorial_objectstorage' retrieved from /home/airflow/.local/lib/python3.12/site-packages/airflow/example_dags/tutorial_objectstorage.py
[2024-08-01T04:21:26.051+0000] {logging_mixin.py:188} INFO - [2024-08-01T04:21:26.050+0000] {dag.py:3089} INFO - Sync 1 DAGs
[2024-08-01T04:21:26.072+0000] {logging_mixin.py:188} INFO - [2024-08-01T04:21:26.072+0000] {dag.py:3947} INFO - Setting next_dagrun for tutorial_objectstorage to None, run_after=None
[2024-08-01T04:21:26.158+0000] {processor.py:183} INFO - Processing /home/airflow/.local/lib/python3.12/site-packages/airflow/example_dags/tutorial_objectstorage.py took 0.158 seconds
[2024-08-01T04:21:56.412+0000] {processor.py:161} INFO - Started process (PID=250) to work on /home/airflow/.local/lib/python3.12/site-packages/airflow/example_dags/tutorial_objectstorage.py
[2024-08-01T04:21:56.413+0000] {processor.py:830} INFO - Processing file /home/airflow/.local/lib/python3.12/site-packages/airflow/example_dags/tutorial_objectstorage.py for tasks to queue
[2024-08-01T04:21:56.416+0000] {logging_mixin.py:188} INFO - [2024-08-01T04:21:56.415+0000] {dagbag.py:545} INFO - Filling up the DagBag from /home/airflow/.local/lib/python3.12/site-packages/airflow/example_dags/tutorial_objectstorage.py
[2024-08-01T04:21:56.424+0000] {processor.py:840} INFO - DAG(s) 'tutorial_objectstorage' retrieved from /home/airflow/.local/lib/python3.12/site-packages/airflow/example_dags/tutorial_objectstorage.py
[2024-08-01T04:21:56.449+0000] {logging_mixin.py:188} INFO - [2024-08-01T04:21:56.449+0000] {dag.py:3089} INFO - Sync 1 DAGs
[2024-08-01T04:21:56.466+0000] {logging_mixin.py:188} INFO - [2024-08-01T04:21:56.466+0000] {dag.py:3947} INFO - Setting next_dagrun for tutorial_objectstorage to None, run_after=None
[2024-08-01T04:21:56.491+0000] {processor.py:183} INFO - Processing /home/airflow/.local/lib/python3.12/site-packages/airflow/example_dags/tutorial_objectstorage.py took 0.085 seconds
[2024-08-01T04:22:26.727+0000] {processor.py:161} INFO - Started process (PID=310) to work on /home/airflow/.local/lib/python3.12/site-packages/airflow/example_dags/tutorial_objectstorage.py
[2024-08-01T04:22:26.728+0000] {processor.py:830} INFO - Processing file /home/airflow/.local/lib/python3.12/site-packages/airflow/example_dags/tutorial_objectstorage.py for tasks to queue
[2024-08-01T04:22:26.730+0000] {logging_mixin.py:188} INFO - [2024-08-01T04:22:26.730+0000] {dagbag.py:545} INFO - Filling up the DagBag from /home/airflow/.local/lib/python3.12/site-packages/airflow/example_dags/tutorial_objectstorage.py
[2024-08-01T04:22:26.739+0000] {processor.py:840} INFO - DAG(s) 'tutorial_objectstorage' retrieved from /home/airflow/.local/lib/python3.12/site-packages/airflow/example_dags/tutorial_objectstorage.py
[2024-08-01T04:22:26.764+0000] {logging_mixin.py:188} INFO - [2024-08-01T04:22:26.764+0000] {dag.py:3089} INFO - Sync 1 DAGs
[2024-08-01T04:22:26.786+0000] {logging_mixin.py:188} INFO - [2024-08-01T04:22:26.786+0000] {dag.py:3947} INFO - Setting next_dagrun for tutorial_objectstorage to None, run_after=None
[2024-08-01T04:22:26.811+0000] {processor.py:183} INFO - Processing /home/airflow/.local/lib/python3.12/site-packages/airflow/example_dags/tutorial_objectstorage.py took 0.092 seconds
[2024-08-01T04:22:57.478+0000] {processor.py:161} INFO - Started process (PID=370) to work on /home/airflow/.local/lib/python3.12/site-packages/airflow/example_dags/tutorial_objectstorage.py
[2024-08-01T04:22:57.480+0000] {processor.py:830} INFO - Processing file /home/airflow/.local/lib/python3.12/site-packages/airflow/example_dags/tutorial_objectstorage.py for tasks to queue
[2024-08-01T04:22:57.482+0000] {logging_mixin.py:188} INFO - [2024-08-01T04:22:57.482+0000] {dagbag.py:545} INFO - Filling up the DagBag from /home/airflow/.local/lib/python3.12/site-packages/airflow/example_dags/tutorial_objectstorage.py
[2024-08-01T04:22:57.491+0000] {processor.py:840} INFO - DAG(s) 'tutorial_objectstorage' retrieved from /home/airflow/.local/lib/python3.12/site-packages/airflow/example_dags/tutorial_objectstorage.py
[2024-08-01T04:22:57.518+0000] {logging_mixin.py:188} INFO - [2024-08-01T04:22:57.517+0000] {dag.py:3089} INFO - Sync 1 DAGs
[2024-08-01T04:22:57.535+0000] {logging_mixin.py:188} INFO - [2024-08-01T04:22:57.535+0000] {dag.py:3947} INFO - Setting next_dagrun for tutorial_objectstorage to None, run_after=None
[2024-08-01T04:22:57.625+0000] {processor.py:183} INFO - Processing /home/airflow/.local/lib/python3.12/site-packages/airflow/example_dags/tutorial_objectstorage.py took 0.156 seconds
[2024-08-01T04:23:28.536+0000] {processor.py:161} INFO - Started process (PID=430) to work on /home/airflow/.local/lib/python3.12/site-packages/airflow/example_dags/tutorial_objectstorage.py
[2024-08-01T04:23:28.537+0000] {processor.py:830} INFO - Processing file /home/airflow/.local/lib/python3.12/site-packages/airflow/example_dags/tutorial_objectstorage.py for tasks to queue
[2024-08-01T04:23:28.539+0000] {logging_mixin.py:188} INFO - [2024-08-01T04:23:28.538+0000] {dagbag.py:545} INFO - Filling up the DagBag from /home/airflow/.local/lib/python3.12/site-packages/airflow/example_dags/tutorial_objectstorage.py
[2024-08-01T04:23:28.549+0000] {processor.py:840} INFO - DAG(s) 'tutorial_objectstorage' retrieved from /home/airflow/.local/lib/python3.12/site-packages/airflow/example_dags/tutorial_objectstorage.py
[2024-08-01T04:23:28.574+0000] {logging_mixin.py:188} INFO - [2024-08-01T04:23:28.574+0000] {dag.py:3089} INFO - Sync 1 DAGs
[2024-08-01T04:23:28.592+0000] {logging_mixin.py:188} INFO - [2024-08-01T04:23:28.592+0000] {dag.py:3947} INFO - Setting next_dagrun for tutorial_objectstorage to None, run_after=None
[2024-08-01T04:23:28.681+0000] {processor.py:183} INFO - Processing /home/airflow/.local/lib/python3.12/site-packages/airflow/example_dags/tutorial_objectstorage.py took 0.153 seconds
